 -0.0672285035
 -0.0672285035
 -0.0672285035
 -0.0672285035
 -0.0672285035
 -0.241348103
 -0.499013156
 -0.245627895
 -0.179190919
 -0.154028907
 -0.0565714203
  0.22622712
 -0.0337938145
  0.177113459
 -0.0216415059
  0.110128619
  0.229819104
  0.126538441
  0.00897764508
  0.186867759
  0.0370067917
  0.144054681
 -0.213379011
 -0.188664779
 -0.508267224
 -0.176758572
 -0.452402353
 -0.660000086
 -0.180943429
 -0.848095298
 -0.849687457
 -0.652216434
 -0.943953514
 -0.745857716
 -0.924599826
 -0.815960646
 -0.255725831
 -1.11809182
 -0.182095259
 -0.812313259
  0.975588083
  0.0673913211
  0.852156758
  0.612807155
  0.77701056
  0.338674039
  0.587989628
  0.284273893
  0.372410417
  0.4374924
  0.22021617
 -0.0108743384
  0.197545037
 -0.0314545557
 -0.299634039
 -0.10565529
  0.18083334
  0.0177566558
 -0.176551744
 -0.291607678
 -0.523015797
 -0.579285681
 -0.44613722
 -1.10123074
 -0.410598397
 -0.790083885
 -0.0504231937
 -0.36819163
  0.0662618876
  0.14766404
  0.0504641309
  0.146812946
  0.30647561
  1.38958347
  0.51205647
  1.05695653
  0.0545348749
  0.663428664
  1.50937521
  1.08931506
  0.780799925
  1.84749985
  0.93305546
  1.94428575
  1.54769242
  2.02666688
  0.811200023
  0.711818218
  1.06999993
  0.825306118
 -0.0672285035
 -0.0982353017
 -0.0672285035
 -0.872857153
 -1.17999995
 -0.756666839
  0.255000025
 -0.185384646
 -0.161944464
 -0.0335937403
  0.407607317
  0.518333375
 -0.842857122
  0.0282352697
  0.19600001
  1.05749989
  0.878571451
  0.600270271
  0.873296738
  0.53333348
  0.351774216
 -0.187575758
  0.632297337
  0.113166675
  1.24821413
 -0.151231542
  0.233043462
  0.198589161
  0.462631583
 -0.519734383
 -0.065907307
  0.35535714
  0.274771512
 -0.0305952467
  0.413867801
  0.3603293
  1.0467999
 -0.0979208499
  0.835619688
  0.244479597
 -0.134000033
 -0.0200869609
 -0.228200004
 -0.3638919
 -0.778526783
 -0.670830488
 -2.01666665
 -0.970486939
 -3.46000004
 -0.875053883
 -0.0672285035
 -0.972554922
 -0.829999983
 -0.966982424
 -1.02509975
 -0.804121077
 -1.15128207
 -1.02197301
 -0.961279154
 -0.481545419
 -0.691188097
  0.356071442
  0.149848476
  0.812695861
  0.455245852
  0.760737836
  1.00390613
  0.776934445
  0.841110826
  0.768520653
  0.903203964
  0.340851039
  0.987047732
  0.988769174
  1.09451616
  1.03109372
  0.922381043
  0.717558324
  0.142580643
  0.678611219
  0.324210465
  0.792464614
  0.319999993
  0.754734039
  0.559050739
  0.309344321
  0.683529615
  0.369249046
  0.507401526
  0.388914436
  0.12216448
 -0.0599470809
 -0.283557594
 -0.0820677206
 -0.0628985465
 -0.356392533
 -0.331785679
 -0.370945632
 -0.649028599
 -0.682230055
 -1.51636362
 -0.244245902
 -0.326666683
 -0.381360918
 -0.269999951
  0.0290102325
 -0.0027055766
  0.0333933905
 -0.709666669
 -0.845576942
 -1.33681834
 -1.04111123
 -0.453571409
 -0.352857172
  0.0338461474
  0.0165294223
  0.363842696
 -0.818461478
  0.836264431
  0.99000001
  0.486198872
  0.0199999958
  0.233275846
 -0.43274194
  0.110609785
 -0.254087627
 -0.67698282
 -0.583949804
 -0.647058845
  0.0945587903
 -0.923307121
  0.0711971894
 -0.0750617385
  0.0152083412
 -0.290853649
 -0.336223453
  0.0424686223
 -0.311045229
 -0.56700623
 -0.876790524
 -0.251012623
 -0.269574493
 -0.127414614
 -0.118989922
 -0.781922996
 -0.114243828
 -0.876823425
 -0.273613036
 -1.10050499
 -0.671935499
 -0.326428592
 -0.534481168
 -0.269090861
 -0.174700618
  0.146440297
  0.156004697
  0.224424079
  0.289196998
  0.568533838
  0.628127456
  0.69985503
  0.6286906
  0.861558318
  0.698632061
  0.662204266
  0.627594233
  0.606275499
  0.037199989
  0.392027557
  0.0931666717
  0.250181764
  0.13237679
  0.256516635
 -0.100886822
  0.276530206
 -0.245819151
  0.0410511978
 -0.649749041
 -1.18260872
 -0.822315335
 -1.53571451
 -1.01129055
 -1.0142858
 -0.86629045
 -1.0948863
 -0.856145442
 -0.73096925
 -1.49727249
 -0.419666588
 -2.12181807
 -0.100062631
 -1.34333336
  1.17192316
  0.235454544
  0.550344884
  0.318273783
  0.276969671
  0.86693579
  0.997799814
  1.15025997
  0.821896434
  0.897164285
  0.530411005
  0.56865871
  0.373245001
  0.100631066
  0.0210031439
  0.250030041
 -0.0124250064
  0.165118352
 -0.0562367849
  0.712485969
 -0.194086835
 -0.141406253
  0.0981213897
  0.179516122
 -0.0303525589
 -0.313407838
 -0.411263645
 -0.572456896
 -0.32809186
 -0.572822571
 -0.389760137
 -0.209163934
 -0.568785608
  0.287065268
 -0.0223178808
  0.719268382
  0.908235371
  0.641634643
  0.662790835
  0.26191178
  0.573086441
 -0.266097456
  0.290762722
  0.168268412
  0.318629712
  0.181581423
  0.652669609
  0.809708059
  1.05421054
  0.97326082
  0.66182816
  0.77552402
  0.52048552
  0.624758661
  0.0176027324
  1.07569873
  0.28270492
  0.73757261
  0.475399822
  0.108333327
  0.253211409
  0.0513807498
 -0.420190454
 -0.139472097
 -0.12751244
 -0.365852892
 -0.0598558113
 -0.0392631963
  0.195359632
 -0.137330934
  0.570283592
  0.201061934
 -0.117749974
 -0.202170402
 -0.551034451
 -0.290617257
 -0.717790186
 -0.447736055
 -0.716287494
 -0.160315275
 -0.26395154
 -0.330383599
 -0.465846717
 -1.06000006
 -1.27375007
 -0.964999974
 -1.70222223
 -1.06499994
 -1.17588234
 -0.967931211
 -1.25574982
 -0.956071377
 -0.833103538
 -1.10972977
 -0.996633708
 -1.02831769
 -0.684234262
 -0.698910773
 -0.42207551
 -0.230478421
 -0.0132509535
 -0.380339921
  0.315610409
  0.0511067174
  0.327915579
  0.655681849
  0.657289088
  0.507882357
  0.133930609
  0.300526351
  0.239066616
  0.386762291
  0.163808063
  0.225617662
  0.242577285
  0.541600049
  0.418897688
  0.688522637
  0.362212956
  0.12934579
 -0.386859357
 -0.290932178
 -0.743416548
 -0.328609109
 -0.183333293
  0.588818133
 -0.139685869
 -0.155285686
 -0.328996032
 -1.0150001
 -0.993636489
 -0.926000118
  1.45333338
  0.23777777
  0.636666715
 -0.606025457
  0.0349999964
 -0.526202619
 -0.677805066
 -0.451407015
 -0.353066653
  0.0895323679
  0.099545449
  0.166621283
  1.0027535
  0.606958687
  0.744810104
 -0.360434741
 -0.173333332
 -0.617575765
 -0.359999985
  0.382500023
 -0.45290333
  0.67627126
  0.28432107
  0.858872235
  0.207528546
  0.400119722
 -0.231000021
 -0.708823621
 -0.510551274
 -0.517419398
 -0.548972547
 -0.682307363
 -0.671305537
  0.638800025
  0.957894683
  0.6057446
 -0.217333347
  0.471858919
  0.155510217
  0.4658553
  0.0279587545
  0.209046245
  0.645555615
  0.575462997
  0.830078185
  0.551674664
  2.54200006
  0.601952314
 -0.0672285035
 -0.104074061
  0.230000004
 -0.0215979442
 -0.216713816
 -0.85390991
  0.00603052601
 -0.852856934
 -0.714152515
 -0.757142842
 -1.43571436
 -0.897777796
 -1.37
 -1.61374998
 -0.786000073
 -0.808095396
 -0.720800042
 -1.07133329
 -0.86112237
 -0.720053732
 -0.816091001
 -0.57817179
 -0.697892547
 -0.589056909
 -0.625621259
 -0.111939698
  0.392021298
  0.618405759
  0.438606679
  0.983482957
  0.353577912
  0.69521755
  0.0647875294
  0.1951579
 -0.362356544
 -0.21828641
 -0.0677742213
 -0.204490155
 -0.464883506
 -0.114469819
 -0.379045725
 -0.27706635
 -0.0585897528
 -0.555524647
  0.341886103
 -0.510406673
  0.570196807
 -0.193003237
 -0.0128494501
  0.446231872
  0.0416460931
  0.823857307
  0.136593729
  0.407744348
 -0.15077205
 -0.0326573439
 -0.234925881
 -0.119561717
 -0.895176768
 -0.0568986163
  1.61750007
  0.273868144
  0.164999992
  0.183699474
  0.339444429
  0.281683177
  0.231267229
  0.332005501
  0.569193542
  0.620940149
  0.41971314
  0.314101577
  1.26314282
  0.90370357
  0.754374981
  0.939090788
  0.567199945
  0.901777804
  0.89649713
  0.515937626
  0.368633032
  0.28630954
  0.0942236111
 -0.168167457
 -0.524630606
 -0.597860277
 -0.909453094
 -0.740368962
 -0.903825104
 -0.67700696
 -0.638743639
 -0.754802704
 -0.929922521
 -0.820296168
 -1.17879319
 -0.811912239
 -0.827763319
 -0.479922771
 -0.794099987
 -0.349166512
 -0.720174134
 -0.0662500262
 -0.754634023
 -0.169863522
 -0.64811492
 -0.0661764964
 -0.602499843
 -0.199977964
 -0.528521121
 -0.17112729
 -0.647812188
 -0.473229289
 -0.663051903
 -0.659693718
 -0.721129954
 -0.755699158
 -0.31097281
  0.0982802436
 -0.994999886
 -0.356311947
 -1.54090893
 -0.502820492
 -1.20448279
 -0.926666796
 -0.808378398
 -0.720969141
 -0.388618112
 -1.03107142
 -0.308975041
 -1.52894747
 -0.677727342
 -0.579999983
  1.2650001
  0.715000033
  0.342500001
  0.893906355
  0.655238032
 -0.525555611
  0.587321401
  0.260357112
  0.0732843205
 -0.371868044
 -0.00900709163
 -0.0135611864
  0.133953497
  0.890952408
  0.661237121
  0.626279175
  0.500616252
  0.384166718
  0.737679899
  0.335534811
  0.65176475
  0.856838286
  1.39230764
  1.09452379
  1.44923079
  1.74571431
  1.94833326
  2.24142861
  1.4425
  1.48307693
  1.46599996
  0.891481638
  0.962692261
  0.184927538
  1.10833323
  0.542868733
  0.274210542
 -0.447578818
 -0.0629999638
 -0.486075968
 -0.539772034
 -0.351759344
 -0.655193806
 -0.725031435
 -0.75872165
 -0.964271903
 -0.660737813
 -0.825087011
 -0.77825892
 -0.717410743
 -0.760941565
 -0.591788709
 -0.829414725
 -0.745944142
 -0.872268915
 -0.316171765
 -0.631567597
 -0.362669021
 -0.305498421
 -0.290963024
  0.0297379736
  0.0565724373
  0.196328774
  0.275501609
 -0.128660306
  0.116422266
  0.231974766
  0.431697369
  0.293811679
  0.527880132
 -0.288731366
  0.239775762
 -0.0672285035
  0.128250033
 -0.0672285035
  0.16195789
 -0.0672285035
  0.32488507
  0.332181841
  0.46589604
  0.513796747
  0.39045313
 -0.0383494832
 -0.114117689
  0.03876983
 -0.0755657628
 -0.126876846
  0.0280924924
  0.129578933
  0.306408435
  0.454297751
  0.388296783
  0.39007169
  0.453262985
  0.464848489
  0.237565219
  0.143777788
 -0.325084656
 -1.01714289
 -0.792543173
 -0.761473715
 -0.994043887
 -0.375499994
 -0.74519062
 -0.105380826
 -0.272707582
 -0.814583302
  0.294265449
  0.101590902
  0.427200109
  0.131481498
  0.496755689
  0.459872693
  0.529166877
  0.362642616
  0.445794761
  0.569382071
  0.761315823
  0.780736804
  0.298322916
  0.171685427
 -0.509333372
 -0.657884538
 -0.652217865
 -0.927402198
 -0.684148073
 -0.830762088
 -0.569211781
 -0.87952137
 -0.882108212
 -0.788856089
 -0.626752436
 -0.754321992
 -0.353854209
 -0.750415087
 -0.0454799756
 -0.278400064
  0.019395709
  0.0731135532
  0.161255434
  0.143625915
  0.816639662
  0.232991904
  0.72388041
  0.444695204
  0.328914732
 -0.0351595506
  0.0413615145
 -0.28990382
 -0.334604502
 -0.0499234237
 -0.610681832
  0.404237211
  0.323548377
  0.766454637
  0.088979587
 -0.121940315
  0.0739819035
  0.284925401
  0.173253
  0.253021568
  0.179177448
  0.639854789
  0.747697413
  0.922760665
  0.542436004
  0.630062461
 -0.306166679
  0.281829298
 -0.149419099
 -0.0119999936
 -0.176979899
  0.222015113
  0.284373313
  0.288583934
  0.637511253
  0.40732345
  0.305330247
  0.0828440115
  0.264303803
 -0.290321171
 -0.0241424795
 -0.387435287
 -0.373812705
 -0.108199373
 -0.136495724
 -0.0589637309
  0.164197966
 -0.638444602
  0.291766256
  0.149305552
  0.778224945
  0.965999961
  0.721954107
  0.0957499966
  0.41463846
 -0.344499975
  0.0504416376
 -0.0360294282
  0.0224770643
 -0.0749029443
 -0.267620385
 -1.35826099
 -0.0842930824
 -0.136315778
 -0.607732534
 -0.358750105
 -0.675582707
 -0.526703179
 -0.613487303
 -0.236537233
 -0.74636054
  0.0142597333
 -0.547432303
  0.230108753
 -0.0202221982
 -0.124969192
  0.196851343
 -0.217073739
  0.172576502
 -0.137365848
  0.202610657
  0.242425069
  0.299187928
  0.166710556
  0.125797868
  0.232782573
 -0.259184808
  0.473972172
 -0.0833333358
 -1.14692318
 -0.320340842
  0.631111085
  0.331089109
 -0.306571454
  0.365352899
 -0.313962311
  0.657500088
 -0.0960789621
  0.144904763
 -0.138524503
  0.0650627688
 -0.0496551692
  0.101085834
  0.113938607
  0.181525469
 -0.100524805
  0.0259686019
 -0.0920343623
 -0.0395175479
  1.15750003
  0.0237909835
  0.539999962
  0.151050493
 -0.406666726
  0.162546203
 -0.343573689
 -0.455497116
 -0.194011524
  0.131025612
 -0.281353682
  0.302371174
 -0.0765654147
  0.242142811
  0.00821429398
 -0.127041355
  0.100552283
 -0.0764320418
 -0.0692494139
 -0.251682222
  0.115999989
  0.117831022
  0.120981447
 -0.125927269
  0.183929443
  0.37359786
  0.86028862
  0.785529554
  0.884666443
  0.630794525
  0.847319663
  0.252214283
  0.80680716
  0.750944912
  0.57037425
  0.742393196
  0.640423298
  0.252644628
  0.140456602
  0.357389569
  0.04162791
 -0.237574369
 -0.69898212
 -0.444294423
 -0.893405497
 -0.392458022
 -0.700264335
 -0.59235543
 -0.675770223
 -0.764078081
 -1.18590176
 -0.950625181
 -1.480811
 -1.14236856
 -1.35199976
 -0.806416512
 -2.39857125
 -0.879366219
 -1.06083333
 -0.859875083
 -1.03230774
 -0.770658493
 -1.03468263
 -0.997118652
 -1.19194424
 -0.833407283
 -1.24088883
 -0.877463818
 -0.794444501
 -0.925971806
 -0.633369684
 -0.801324368
 -0.504033744
 -0.273548543
  0.0505208224
 -0.146314397
  0.190257221
  0.223512813
  0.345329493
 -0.131963536
  0.652955651
  0.212336391
  0.667787492
  0.172956228
  0.844897807
  0.213097781
 -0.110392168
  0.156894445
  0.289259315
  0.214857176
  0.25506407
  0.1801112
 -0.191164449
 -0.2620911
 -0.00930851884
  0.00696295127
 -0.270721853
 -0.0215172283
 -0.366508484
 -0.274827451
 -0.170746222
 -0.0711280927
 -0.428601325
 -0.382650077
 -0.0563636199
  0.0285845976
  0.0792712495
  0.430333316
 -0.164622828
  0.285226285
  0.161680311
  0.179959223
  0.424497306
  0.298059732
  0.323050827
  0.0789067522
  0.327371836
 -0.153041989
  0.227518052
 -0.297571748
 -0.288968503
 -0.536987424
 -0.684999943
 -0.730789363
 -0.722325563
 -0.961657763
 -0.818597376
 -0.701230645
 -0.733321309
 -0.515663564
 -0.607411385
  0.269029111
 -0.510825038
 -0.377714187
 -0.167393446
  0.308064491
  0.157934144
  0.378269196
  0.0344475135
  0.545418382
  0.112597018
  0.083721973
 -0.0833967105
 -0.287338018
  0.011071424
 -0.110783771
 -0.277690232
 -0.00708860485
 -0.385710269
 -0.286379158
 -0.100707054
 -0.0811688378
 -0.235978529
 -0.410756469
 -0.100505941
  0.019030096
 -0.051300019
 -0.289922655
 -0.553144753
 -0.18963477
 -0.642620623
 -0.112733811
 -0.275133401
 -0.288415641
  0.201168388
  0.0501863398
  0.746565759
  0.708823502
  0.896296263
  0.649078846
  1.75437498
  1.02940297
  0.732666731
  0.747726977
  0.653333306
  0.593518674
  1.21854162
  0.699518204
  0.574418485
  0.0562015511
  0.019473685
 -0.571219683
 -0.387888402
 -0.886150539
 -0.5816136
 -0.900000036
 -0.718783379
 -0.800929248
 -0.793765366
 -0.737949431
 -0.698408246
 -0.385250986
 -0.63220948
  0.0483882762
 -0.0640991628
  0.262610972
 -0.0500796586
  0.0703251958
  0.0107352836
 -0.117839031
 -0.487048507
 -0.0640000179
 -0.606975555
 -0.292545527
 -0.42645663
 -1.05805564
 -0.369242013
 -0.562444448
 -0.827499986
 -0.639714241
 -0.595182538
 -0.494051963
 -0.559931219
 -0.0801621228
 -0.387436986
 -0.0299180485
 -0.112784073
 -0.0113184089
 -0.168974236
  0.0460385382
  0.254084498
  0.106437236
  0.132000014
  0.113204889
  0.566315889
 -0.208671525
  0.678601027
 -0.0811940506
  0.0842857212
  0.130866662
  0.647500038
  0.748385191
  0.692153931
  0.825286448
  0.839379907
  0.791969836
  0.654999971
  0.726807117
  0.684973836
  0.625862062
  0.639128983
  0.763546884
  0.742723286
  0.70117116
  0.674267828
  0.249796987
  1.02820492
  0.0998447239
  0.792611897
  0.142484844
  0.177882358
 -0.0244917348
  0.0415635109
 -0.47612235
 -0.167559281
 -0.28623724
 -0.504350603
 -0.47260657
 -0.366614997
 -0.651512265
 -0.340568781
 -1.06902111
 -0.43482396
 -0.766845882
 -0.253073096
 -0.772154927
 -0.246479198
 -0.286991209
  0.150723532
 -0.275770873
 -0.116778508
 -0.311216533
 -0.397787571
 -0.556164682
 -0.745316684
 -0.062585406
 -0.299808949
  0.0858606324
 -0.456551641
 -0.09622702
 -0.449448556
 -0.0931208879
 -0.20559147
  0.198927402
  0.210141346
  0.164171293
  0.110465124
  0.185710117
  0.262491494
  0.146898896
 -0.022392014
  0.195306122
  0.0934519395
  0.313233912
 -0.0291304514
  0.374235004
  0.169402167
  0.0531168655
  0.274252921
 -1.17057145
  0.560925484
 -0.272368401
  0.0824489966
 -0.208250016
  0.00153153169
  0.0525675565
 -0.407194972
  0.227718875
  0.412038177
  0.804091036
  0.0193892717
  0.324649096
  0.108799964
  0.517652988
  0.0718735307
  0.125055388
  0.178276613
  0.231793135
  0.405945987
  0.132581413
  0.140650898
  0.344745427
  0.0956232026
  0.410319835
  0.171227679
  0.252455592
 -0.34292075
  0.0274875443
 -0.445654154
 -0.297023863
 -0.809192181
 -0.528938353
 -0.893979192
 -0.509274006
 -0.547329426
 -0.0780242234
  0.536428571
  0.0895535648
  0.603790343
  0.177828401
  0.734518588
  0.538087726
  0.746976793
  0.304078847
  0.12891303
 -0.087611936
  0.0570673123
 -0.0523755848
 -0.518588126
 -0.0230227299
 -0.869185269
 -0.89122808
 -0.993313432
 -1.07387769
 -0.911854029
 -1.24255311
 -0.480652273
 -1.0453763
 -0.38520816
 -1.12659323
 -0.501411378
 -0.777942836
 -0.238103971
 -0.483467907
 -0.07799422
 -0.251380086
 -0.0522832721
 -0.155564457
 -0.320274323
  0.567048311
  0.272513986
  0.491306871
  0.07535135
  0.140246913
  0.310083061
  0.00916665513
  0.243674606
  0.088200897
  0.0987002552
 -0.108796775
 -0.329290032
  0.0374174081
  0.0991449729
 -0.211441904
 -0.081568636
  0.380388349
  0.514371932
  0.384923011
  0.091044791
  0.134889856
 -0.067268528
 -0.153432772
 -0.0700860322
 -0.628804326
 -0.307316482
 -0.408039987
 -0.508345127
 -0.492279857
 -0.49384141
 -0.473361075
 -0.498704046
 -0.730705559
 -0.675878227
 -0.505898952
 -0.353317469
 -0.63639456
 -0.557702482
 -0.294391155
 -0.507944703
 -0.170557633
  0.122444451
 -0.219227239
  0.205039069
  0.315158337
  0.374403954
  0.819583237
  0.873147011
  0.517983198
  0.889369845
  0.887599945
  1.4135294
  0.777452886
  0.37499997
  0.336057693
  0.835999966
  0.657243371
  0.874354959
  0.518774748
  0.400924355
  0.362882882
  0.356756777
  0.142522946
  0.0057681324
 -0.862096906
 -0.630090117
 -1.26499987
 -0.857727289
 -1.01658523
 -0.892116427
 -0.690901518
 -0.958377063
 -0.459915757
 -1.03282368
 -0.186747193
 -0.684261203
 -0.0258405022
  0.166250005
  0.186681688
  0.528922081
  0.58408761
  0.596519828
  1.41586196
  0.937841594
  1.42250001
  0.885939717
  1.17320025
  0.760708809
  0.885333359
  0.334566534
  0.767525911
  0.302031219
  0.713299453
  0.318912596
  0.148218364
  0.197717413
 -0.20708105
  0.161207363
  0.195538461
  0.587746501
  0.295650005
  0.790740609
  0.97494936
  1.05687511
  1.14545465
  0.892368615
  0.833809614
  1.12152553
  0.737888992
  0.778721213
  0.797010899
  0.405056268
  0.563515961
  0.147003621
 -0.190937534
 -0.536666751
 -0.665378153
 -0.286553442
 -0.221000031
 -0.35232985
 -0.14942196
  0.0908192098
 -0.475771397
 -0.37257728
 -0.737389445
 -1.17818201
 -0.931117296
 -1.10479438
 -0.841818333
 -0.980833232
 -0.873041272
 -0.912871897
 -0.707051218
 -1.34863615
 -0.601587176
 -0.803912938
  0.411944509
 -0.0911110863
  0.305238098
 -0.0314953141
  0.236826137
 -0.225368574
 -0.0673942044
 -0.238749892
 -0.234155864
  0.00144736562
 -0.359977573
 -0.167809397
 -0.0594397895
  0.0895636231
  0.525133491
 -0.252723753
  0.310982883
 -0.266760975
 -0.0809497014
 -0.57672292
 -0.0178803056
 -0.267472178
 -0.420596927
 -0.725636363
 -0.330138803
 -0.708135426
 -0.370789409
 -0.411900014
 -0.318175733
 -0.252737761
 -0.329933614
 -0.18020317
 -0.121645585
 -0.292854011
 -0.843373418
 -0.415393382
  0.129729748
  0.326821238
  0.162500039
  0.270804584
  0.423272669
 -0.0705464482
  0.189645737
  0.0260550268
  0.328246623
 -0.0211294759
  0.188720137
 -0.152983144
 -0.164399952
 -0.950701654
 -0.896639943
 -1.53900015
 -1.24795187
 -1.29352939
 -1.63249981
 -1.54136348
 -1.87666667
 -1.94571424
 -3.25
 -1.47000015
  0.430000007
 -0.396666646
  0.126666665
 -0.494792312
  0.21563217
 -0.0911025777
  0.0790612027
 -0.0268232822
  0.0344789065
  0.106906325
 -0.330743551
  0.155486703
 -0.150078937
 -0.337571234
 -0.156301036
 -0.207929507
  0.051625248
 -0.369552106
  0.0642114952
 -0.238209978
 -0.174712539
  0.0669536367
 -0.0504460298
  0.44290331
 -0.117412522
 -0.341979235
 -0.161265761
  0.128484845
 -0.0694105998
 -0.335714251
 -0.14979288
 -0.0412628129
  0.192372903
 -0.512478054
  0.120504439
 -0.230167404
 -0.174385294
  0.138285697
 -0.089863658
 -0.157609805
 -0.250428259
  0.146149457
 -0.673523366
 -0.688369513
 -0.689016163
 -0.911199927
 -0.989807785
 -1.32099986
 -1.25580239
 -1.70545459
 -1.18760002
 -1.20869565
 -0.928738832
 -0.836216152
 -0.580155075
 -0.636157215
 -0.316922873
 -0.554080367
 -0.0518724248
 -0.283090562
  0.299366176
 -0.196333215
  0.535658956
  0.489098668
  1.02291334
  0.657532454
  1.09788907
  0.687584281
  0.816747069
  0.572735846
  0.584297657
  1.06435645
  0.678977251
  0.689126074
  0.622446477
  0.12545453
  0.454672366
  0.111960784
  0.0541610643
 -0.264064908
 -0.128759459
 -0.797623992
 -0.49694851
 -0.485771954
  0.438505769
 -0.287394524
  0.218068182
 -0.298799992
 -0.0753332898
 -0.226304859
 -0.401892841
 -0.319146842
 -0.156073794
 -0.126089603
 -0.537765145
 -0.5392524
 -0.899793804
 -0.644263864
 -0.661636233
 -0.783333421
 -0.803888798
 -0.923029006
 -0.749781311
 -1.15891087
 -1.24559987
 -0.925811887
 -1.52928579
 -1.17808199
  0.955000043
 -1.26967394
 -0.118888892
 -0.600491881
 -0.100674704
 -1.02533329
 -0.403863609
 -0.773608088
 -0.546490073
 -0.798208773
 -0.753788412
 -1.07827961
 -0.648825347
 -1.4195745
 -0.70857656
 -1.37791669
 -0.595251381
 -1.07104635
 -0.425967216
 -0.51020211
 -0.282634109
 -0.202422827
 -0.558259189
 -1.01290321
 -0.790976822
 -1.11500013
 -1.04127395
 -1.11108088
 -1.10391021
 -1.06040812
 -0.820201337
 -1.01071417
 -0.601225317
 -0.684705794
 -0.295970887
 -0.883623183
 -0.418989301
 -0.610545456
 -0.0608580038
 -0.411666781
  0.0129305217
 -0.182226673
  0.0910946876
 -0.397748232
  0.264858633
 -0.215157315
  0.333175659
  0.128007233
  0.369166613
  0.708333373
  0.35234037
  0.529664814
  0.39227277
  0.335210532
  0.129698783
  0.28484115
  0.0710103735
  0.581176519
 -0.369125843
 -0.353448331
 -1.02377796
 -1.96599996
 -0.795357287
 -1.43454552
 -0.894666672
 -1.22916663
 -0.936632276
