 
                    undefined value =  -0.99999E+05
                   x dimension type =   0
                   y dimension type =   1
                   x dimension size =   385
                   y dimension size =   190
           uniform grid spacing in x ?  1
           uniform grid spacing in y ?  0
             x world coor beginning  =   0.0000E+00
                                  dx =   0.9375E+00
             y world coor beginning  =   0.0000E+00
                                  dy =  -0.9990E+03
0input field from GrADS     k=  0 iskip= 4
      1     9    17    25    33    41    49    57    65    73    81    89    97   105   113   121   129   137   145   153   161   169   177   185   193   201   209   217   225   233   241   249   257   265   273   281   289   297   305   313
 189  1  1  1  1  1  1  1  1  1  1  1  1  1  1  1  1  1  1  1  1  1  1  1  1  1  1  1  1  1  1  1  1  1  1  1  1  1  1  1  1  1  1  1  1  1  1  1  1  1  1  1  1  1  1  1  1  1  1  1  1  1  1  1  1  1  1  1  1  1  1  1  1  1  1  1  1  1  1  1  1189
 185  1  1  1  1  1  1  1  1  1  1  1  1  1  1  1  1  1  1  1  1  1  1  1  1  1  1  1  1  1  1  1  1  1  1  1  1  1  1  1  1  1  1  1  1  1  1  1  1  1  1  1  1  1  1  1  0  0  0  0  0  0  0  0  0  0  0  0  0  0  0  0  0  0  0  0  0  0  0  0  0185
 181  2  2  2  2  2  2  2  2  2  2  2  2  2  1  1  1  1  1  1  1  1  1  1  1  1  1  1  0  0  0  0  0  0  0  0  0  0  0  0  0  0  0  0  0  0  0  0  0  0  0  0  0  0  0  0  0  0  0  0  0  0  0  0  0  0  0  0  0  0  0  0  0  0  0  0  0  0  0  0  0181
 177  3  4  4  3  3  3  2  2  2  2  2  2  3  2  2  2  2  2  1  1  1  1  1  1  1  1  1  1  1  0  0  0  0  0  0  0  0  0  0  0  0  0  0  0  0  0  0  0  0  0  0  0  0  0  0  0  1  1  1  1  0  0  0  0  0  0  0  0  0  0  0  0  0  0  0  0  1  1  1  1177
 173  3  3  3  4  4  4  4  4  3  3  3  2  3  3  3  2  1  1  1  1  1  1  1  1  1  1  1  1  0  0  0  0  0  0  0  0  0  0  0  0  0  0  0  0  0  0  0  0  0  0  0  0  1  0  0  0  1  1  1  1  1  1  1  1  1  0  0  0  0  0  1  0  0  0  0  0  0  1  1  1173
 169  3  3  4  4  4  3  1  1  1  2  2  2  3  3  2  2  1  1  1  1  1  1  1  1  1  1  0  0  0  0  0  0  0  0  0  0  0  0  0  0  0  0  0  0  0  0  0  0  1  1  1  1  1  0  1  1  0  1  1  1  1  1  1  1  1  1  0  0  0  0  0  0  0  0  0  0  0  0  0  0169
 165  3  3  4  3  2  2  2  2  1  1  2  2  2  2  1  2  2  1  1  1  1  1  1  1  1  1  1  0  0  0  0  0  0  0  0  0  0  0  0  0  0  0  0  0  0  0  1  1  1  1  1  1  1  1  1  1  1  1  1  1  1  1  1  1  1  1  1  1  1  1  1  1  0  0  0  1  1  1  0  1165
 161  4  4  4  2  2  1  2  2  2  2  1  1  2  2  2  2  2  1  2  1  1  2  1  2  1  1  1  1  1  1  1  1  1  1  0  0  0  0  0  0  0  1  2  2  1  1  2  3  3  2  2  2  1  2  2  2  1  3  2  1  1  2  1  1  1  1  1  1  1  1  1  1  1  1  1  1  1  1  1  2161
 157  3  4  4  2  3  2  2  2  1  2  2  2  2  2  2  2  2  2  2  2  2  2  2  2  2  2  2  1  1  1  1  1  1  1  0  0  0  1  2  2  2  2  1  3  3  3  3  3  2  2  2  2  3  3  3  7  5  5  5  8 10  3  2  1  1  1  1  1  1  1  1  1  1  1  1  1  1  2  2  3157
 153  3  3  4  4  3  2  2  2  3  3  3  3  2  2  3  2  1  1  1  1  1  1  2  3  2  3  1  1  1  1  0  0  0  0  0  0  1  2  2  3  3  2  2  5  4  3  3  3  2  3  2  3  3  3  4  3  4  4  4  5  8 13  6  2  2  1  1  1  1  1  1  1  1  2  2  2  2  2  2  2153
 149  3  3  3  4  3  3  3  3  2  3  2  2  2  2  2  1  1  1  1  1  1  0  2  2  0  1  1  0  0  1  1  0  0  0  0  1  1  2  3  3  4  5  4  3  3  4  4  4  4  3  3  3  4  3  3  4  4  5  5  5  6  7  9  4  1  1  1  1  1  1  1  1  1  2  1  2  2  2  2  2149
 145  2  4  4  4  3  2  3  3  2  2  2  3  2  1  1  1  1  1  1  1  0  1  1  0  1  0  0  0  0  0  0  0  1  1  1  1  1  2  4  4  4  5  4  4  5  4  5  5  5  5  4  5  5  5  5  5  6  6  6  6  5  6  6  8  2  2  1  1  1  1  1  1  2  2  2  2  3  2  2  3145
 141  4  4  5  4  2  7  3  2  2  1  1  3  1  1  1  1  1  0  1  2  1  1  0  1  0  0  0  0  0  0  0  0  0  1  1  2  2  5  3  3  5  5  5  6  6  5  5  5  6  7  7  7  6  6  6  7  8  7  7  6  5  6  6  8  2  2  1  1  1  1  1  1  1  1  2  3  3  2  4  4141
 137  1  3  2  3  3  6  3  5  3  1  3  3  2  2  1  1  0  1  4  2  1  0  0  0  0  1  1  0  0  0  0  0  0  1  1  3  3  6  5  8  6  7  6  7  8  9 10  9  8  7  8  7  6  6  7  7  9  8  7  6  7  6  5  7  4  1  1  1  1  1  1  1  1  1  2  3  3  5  7  7137
 133  2  1  1  1  2  3  3  2  3  3  3  1  2  1  1  0  1  1  3  4  3  1  0  0  0  0  0  0  1  1  1  1  1  3  2  3  5  4  7  7  8  9  9  8  8  8  8  8  7  6  6  6  6  6  6  7  7  8  7  6  5  4  3  2  2  1  2  1  2  2  1  2  2  3  4  4  5  7  8  8133
 129  1  0  0  0  0  2  0  1  1  2  0  0  0  2  1  1  1  1  1  1  0  3  0  0  0  1  1  1  1  1  1  3  4  6  5  4  6  6  6  7  7  6  7  7  7  6  5  5  5  5  5  4  4  5  5  6  5  5  4  6  4  3  2  2  1  1  1  1  2  3  3  4  4  4  6  7  7  6  7  6129
 125  0  0  0  0  0  0  0  0  0  0  0  0  1  2  2  1  0  0  0  0  0  1  1  1  2  1  2  1  4  4  4  5  5  6  5  5  5  5  5  5  8  7  5  5  4  3  3  3  2  2  2  2  3  3  3  3  3  3  5  3  2  2  1  1  1  1  2  2  1  2  4  7  8  7  7 10  8  7  5  6125
 121  0  0  0  0  0  0  0  0  0  0  0  0  1  1  1  1  1  1  0  0  0  0  1  1  1  3  1  2  3  2  3  3  3  4  5  4  4  4  4  4  3  4  3  3  3  2  1  1  1  1  1  1  1  1  1  1  1  2  3  1  2  1  1  1  0  0  1  1  2  2  5  5  7 11  9  7  4  4  5  3121
 117  0  0  0  0  0  0  0  0  0  0  0  0  0  0  0  0  0  0  0  0  0  0  1  1  0  0  0  0  1  1  1  2  3  4  4  3  3  5  3  2  2  1  2  2  1  1  1  1  1  1  1  1  0  0  1  1  2  1  1  3  2  2  1  0  0  1  1  1  3  4  6  5  2 11  5  3  3  2  2  2117
 113  0  0  0  0  0  0  0  0  0  0  0  0  0  0  1  0  0  0  0  0  0  0  1  3  0  0  0  0  0  2  2  0  0  6  4  3  3  5  3  2  1  2  2  2  2  1  2  1  1  1  1  1  1  1  1  1  2  1  1  1  2  1  0  1  2  4  5  5  7  9  2  1  2  8  6  1  2  1  2  2113
 109  0  0  0  0  0  0  0  0  0  0  0  0  0  0  1  0  1  0  0  0  1  1  1  2  1  0  0  0  0  1  2  1  0  7  6  4  3  4  3  3  2  2  1  1  1  2  3  2  3  1  0  0  0  0  1  1  1  1  2  1  0  1  2  4  6  7  5  5  7  3  1  0  0  0  6  2  0  1  2  2109
 105  0  0  0  0  0  0  0  0  0  0  1  1  2  0  2  2  2  2  1  0  1  1  3  2  1  0  0  2  1  9  5  4  3  1  8  6  6  5  4  5  6  6  5  2  2  1  2  2  4  3  2  2  3  5  6  2  5  7  6  4  5  5  8  7  8  6  5  5  5  4  3  2  1  1  3  4  1  1  0  0105
 101  0  1  2  0  1  0  0  0  0  0  1  1  0  0  3  3  3  2  1  1  1  2  4  7  6  3  5  3  5  9  9  4  5  5  7  7  6  3  3  4  4  4  5  5  4  6  4  5  5 11 16 24 19 15 16 15 19 19 13  8  8  8  8  7  6  8  6  6  4  4  4  6  6  4  7  5  4  0  3  1101
  97  1  1  3  6  2  3  3  1  3  2  1  1  1  1  2  5  3  2  2  2  3  3  6  8  5  5  6  3  7  6  7  4  9  8  6  7  2  1  2  4  4  4  5  7  8  8  8  8 10 10  7 12 12 14 10 11 13 12 12  5  4  3  3  2  1  1  1  1  2  2  2  2  4  4  6  6  1  2  4  1 97
  93  2  3  3 12  8  6 10  5  5  2  1  1  0  1  2  5  4  5  6  5  7  7  8  9  9 10 13 12  6  6  8 11 14  5 12  5  3  6 12 27 13 14 14 18 17 18 21 21 18 18 16 14 14 16 15 11 13 11 14 14  8  5  4  3  2  2  2  2  2  3  3  3  2  1  2  8  8  5  4  3 93
  89  1  1  2  2  7  7  6  5  5  3  4  2  1  4  6  7 10 12  8  9 11 13 16 12 11 10 10 12  6  5  4 18 12 10 12 10  6  3 17 14 18 14 15 18 24 23 23 26 23 25 23 21 21 24 19 17 19 14 11  4  4  3  2  2  2  2  1  1  1  1  1  2  1  2  1  6  7  6  5  4 89
  85  0  0  1  1  8  9  6  6  4  5  6  2  1  5  8 10  8  9 10 11 11 12 12 10  7  7  9 14 16 11  5  8  5  4  6 10  7  3  6  2  6  7  5  6 10 12 13 13 11 12 13 14 15 17 17 14 17 12 14  7  4  3  2  1  1  0  0  0  0  1  1  1  0  0  0  0  3  9  4  6 85
  81  0  0  0  1 11  7  5  4  5  5  5  4 11 15 10  8  6  7  8  8 11  9  9 11  6  7  7 11  8  6  5  2  2  2  1  7  5  6  3  9  5  5  7  8  6  7  5  4  6  7  9 10  9 13 12 14 13 13 10  6  5  4  3  2  1  1  0  0  0  0  0  0  0  0  0  0  4 22  5  9 81
  77  0  0  0  1  3  2  2  2  2  2  2  2 11  7  9  5  3  5  8  5  5  3  3  4  4  3  4  7  4  1  2  0  0  2  1  1  3  3  2  3  2  4  4  2  2  2  1  1  1  3  4  5  8  6  4  4  9  9  8  8  6  6  6  5  2  1  1  0  0  0  0  0  0  0  0  0  0  0  6  2 77
  73  0  0  0  0  1  2  2  1  1  1  1  2  2 11  4  3  3  2  8  4  6  1  1  1  2  2  7  4  3  0  0  0  0  0  1  1  2  1  0  1  4  4  5  3  2  5  1  1  1  2  4  4  4  6  2  2  4  9  7  7 10  6  6  6  6  4  2  1  1  1  0  0  0  0  0  0  0  0  5  9 73
  69  0  0  0  0  0  0  1  1  6  2  2  1  1  3  4  4  4  3  3  2  4  2  1  2  1  3  2  2  3  1  0  1  1  1  0  0  0  1  1  1  3  2  1  2  3  2  2  2  3  2  2  5  8  5  4  3  4  5  7  7  9  8  9  6  9  8  5  3  2  1  0  0  0  0  0  0  0  0  2  2 69
  65  1  0  0  0  0  0  0  1  7  4  2  2  2  2  1  2  2  1  2  3  2  2  2  1  1  2  2  2  3  2  0  1  1  1  1  1  0  0  1  2  1  2  2  1  1  1  1  1  1  1  2  2  2  4  4  2  1  3  3  4  4  4  5  6 10  6  5  4  3  2  1  1  1  0  0  0  0  0  5  4 65
  61  1  1  0  0  0  1  1  3  3  2  2  2  3  3  3  2  2  2  1  1  2  2  2  2  1  1  1  0  1  1  0  1  1  1  1  1  1  1  1  2  2  2  2  3  1  1  1  1  1  1  3  2  3  2  5  3  2  2  3  2  3  2  3  3  5  5  4  3  4  4  3  2  1  1  1  0  0  0  2  4 61
  57  3  2  1  2  1  2  2  2  2  4  3  2  2  2  3  3  2  3  2  1  1  2  2  2  1  2  1  1  1  1  1  1  1  2  2  2  1  1  2  2  2  1  3  3  2  2  2  2  2  2  2  3  3  2  3  5  4  3  2  4  2  2  3  1  3  5  6  4  4  3  3  3  2  2  1  1  0  2  2  4 57
  53  3  3  3  2  1  1  1  2  3  4  4  4  4  3  3  3  4  3  3  3  3  2  2  2  2  2  2  1  1  2  1  2  2  2  3  3  2  1  2  2  1  2  3  3  2  2  3  3  3  3  3  2  3  3  3  3  4  3  3  3  3  3  3  3  4  4  4  4  4  3  2  2  2  2  1  1  2  2  0  1 53
  49  4  4  4  3  3  3  3  3  3  4  4  4  4  5  4  3  3  3  3  3  3  4  4  3  3  3  3  3  3  3  2  2  2  3  2  2  2  2  2  3  2  2  3  3  4  9  3  2  2  3  3  3  3  3  3  3  3  3  3  3  4  3  3  3  4  3  4  3  4  4  4  4  3  3  2  2  4  4  0  1 49
  45  3  3  3  4  4  3  4  4  4  4  5  4  4  4  5  5  4  4  4  4  4  4  5  4  4  3  3  3  3  3  3  3  3  3  4  4  4  3  2  2  2  3  3  3  4  4  4  2  3  3  3  4  3  4  3  3  3  3  3  3  4  4  4  4  3  3  3  3  4  4  4  4  4  3  3  4 15  1  1  1 45
  41  3  3  3  3  2  3  3  3  3  3  3  3  4  3  3  4  4  4  4  4  4  4  3  3  4  4  4  3  3  3  3  3  3  3  4  4  4  3  3  3  3  3  3  3  3  3  3  3  3  3  3  4  4  4  3  4  4  5  4  4  4  3  3  3  3  3  3  3  3  3  3  4  4  3  3  4 13  4  3  3 41
  37  2  3  3  3  3  2  2  2  2  3  3  3  3  3  3  3  3  3  3  3  3  3  2  2  3  3  3  3  3  3  3  4  3  3  3  3  4  3  3  3  3  3  3  3  3  3  2  2  3  3  3  3  3  3  3  2  3  2  4  3  2  2  2  2  2  2  2  2  2  3  3  3  3  4  4  4  4  8  4  4 37
  33  2  2  2  2  2  2  2  3  3  3  3  2  2  2  2  2  2  2  2  2  2  2  2  2  2  2  2  2  2  3  3  3  3  3  3  3  3  3  3  3  3  3  3  3  3  3  3  3  2  2  2  2  2  3  2  2  2  3  2  2  2  2  2  2  2  2  2  2  2  2  2  2  2  3  3  3  3  3  3  3 33
  29  2  2  2  2  2  2  2  2  2  2  2  2  2  2  2  1  1  1  1  2  2  1  1  2  2  2  2  2  2  3  3  3  3  3  3  3  3  3  3  2  3  3  3  2  2  2  2  2  2  2  2  2  2  2  2  2  2  2  2  2  2  2  2  2  2  2  2  2  1  2  2  2  2  2  2  2  2  3  3  3 29
  25  1  1  1  1  1  2  1  1  1  2  2  1  1  1  2  1  1  1  0  1  1  1  1  1  2  2  1  2  3  2  3  3  2  3  2  2  2  2  2  2  2  2  3  2  2  2  2  2  2  2  2  2  2  2  2  2  2  2  2  2  2  2  2  2  2  2  2  2  2  1  2  2  1  1  1  1  2  2  3  4 25
  21  1  1  1  1  1  1  1  0  0  1  1  0  0  0  0  0  0  1  1  0  1  1  1  1  0  1  1  1  1  1  1  1  1  0  0  0  0  0  0  0  0  1  1  1  1  2  2  3  3  2  2  2  2  2  2  1  2  2  2  2  2  2  1  1  1  1  1  1  1  2  2  1  1  1  1  1  1  1  1  3 21
  17  0  0  0  0  0  0  0  0  0  0  0  0  0  0  0  0  0  0  0  0  0  0  0  0  0  0  0  0  0  0  0  0  0  0  0  0  0  0  0  0  0  0  0  0  1  1  1  1  1  1  2  1  1  1  1  2  2  2  2  2  2  2  2  2  2  2  2  1  1  1  1  1  1  1  1  1  1  1  2  2 17
  13  0  0  0  0  0  0  0  0  0  0  0  0  0  0  0  0  0  0  0  0  0  0  0  0  0  0  0  0  0  0  0  0  0  0  0  0  0  0  0  0  0  0  1  1  0  0  0  0  0  0  1  1  1  1  1  1  2  1  1  1  1  0  0  0  0  0  1  1  1  1  1  1  1  1  1  0  0  1  1  1 13
   9  0  0  0  0  0  0  0  0  0  0  0  0  0  0  0  0  0  0  0  0  0  0  0  0  0  0  0  0  0  0  0  0  0  0  0  0  0  0  0  0  0  0  0  0  0  0  0  0  0  0  1  1  1  1  0  0  0  0  0  0  0  0  0  0  1  1  1  1  1  1  0  0  0  0  0  0  0  0  0  0  9
   5  0  0  0  0  0  0  0  0  0  0  0  0  0  0  0  0  0  0  0  0  0  0  0  0  0  0  0  0  0  0  0  0  0  0  0  0  0  0  0  0  0  0  0  0  0  0  0  1  1  1  1  1  1  1  0  0  0  0  0  1  1  1  1  1  1  1  1  1  0  0  0  0  0  0  0  0  0  0  0  0  5
   1  0  0  0  0  0  0  0  0  0  0  0  0  0  0  0  0  0  0  0  0  0  0  0  0  0  0  0  0  0  0  0  0  0  0  0  0  0  0  0  0  0  0  0  0  0  0  0  0  0  0  0  0  0  0  0  0  0  0  0  0  0  0  0  0  0  0  0  0  0  0  0  0  0  0  0  0  0  0  0  0  1
  0.  0.9375  1.875  2.8125  3.75  4.6875  5.625  6.5625  7.5  8.4375  9.375
  10.3125  11.25  12.1875  13.125  14.0625  15.  15.9375  16.875  17.8125
  18.75  19.6875  20.625  21.5625  22.5  23.4375  24.375  25.3125  26.25
  27.1875  28.125  29.0625  30.  30.9375  31.875  32.8125  33.75  34.6875
  35.625  36.5625  37.5  38.4375  39.375  40.3125  41.25  42.1875  43.125
  44.0625  45.  45.9375  46.875  47.8125  48.75  49.6875  50.625  51.5625  52.5
  53.4375  54.375  55.3125  56.25  57.1875  58.125  59.0625  60.  60.9375
  61.875  62.8125  63.75  64.6875  65.625  66.5625  67.5  68.4375  69.375
  70.3125  71.25  72.1875  73.125  74.0625  75.  75.9375  76.875  77.8125
  78.75  79.6875  80.625  81.5625  82.5  83.4375  84.375  85.3125  86.25
  87.1875  88.125  89.0625  90.  90.9375  91.875  92.8125  93.75  94.6875
  95.625  96.5625  97.5  98.4375  99.375  100.3125  101.25  102.1875  103.125
  104.0625  105.  105.9375  106.875  107.8125  108.75  109.6875  110.625
  111.5625  112.5  113.4375  114.375  115.3125  116.25  117.1875  118.125
  119.0625  120.  120.9375  121.875  122.8125  123.75  124.6875  125.625
  126.5625  127.5  128.4375  129.375  130.3125  131.25  132.1875  133.125
  134.0625  135.  135.9375  136.875  137.8125  138.75  139.6875  140.625
  141.5625  142.5  143.4375  144.375  145.3125  146.25  147.1875  148.125
  149.0625  150.  150.9375  151.875  152.8125  153.75  154.6875  155.625
  156.5625  157.5  158.4375  159.375  160.3125  161.25  162.1875  163.125
  164.0625  165.  165.9375  166.875  167.8125  168.75  169.6875  170.625
  171.5625  172.5  173.4375  174.375  175.3125  176.25  177.1875  178.125
  179.0625  180.  180.9375  181.875  182.8125  183.75  184.6875  185.625
  186.5625  187.5  188.4375  189.375  190.3125  191.25  192.1875  193.125
  194.0625  195.  195.9375  196.875  197.8125  198.75  199.6875  200.625
  201.5625  202.5  203.4375  204.375  205.3125  206.25  207.1875  208.125
  209.0625  210.  210.9375  211.875  212.8125  213.75  214.6875  215.625
  216.5625  217.5  218.4375  219.375  220.3125  221.25  222.1875  223.125
  224.0625  225.  225.9375  226.875  227.8125  228.75  229.6875  230.625
  231.5625  232.5  233.4375  234.375  235.3125  236.25  237.1875  238.125
  239.0625  240.  240.9375  241.875  242.8125  243.75  244.6875  245.625
  246.5625  247.5  248.4375  249.375  250.3125  251.25  252.1875  253.125
  254.0625  255.  255.9375  256.875  257.8125  258.75  259.6875  260.625
  261.5625  262.5  263.4375  264.375  265.3125  266.25  267.1875  268.125
  269.0625  270.  270.9375  271.875  272.8125  273.75  274.6875  275.625
  276.5625  277.5  278.4375  279.375  280.3125  281.25  282.1875  283.125
  284.0625  285.  285.9375  286.875  287.8125  288.75  289.6875  290.625
  291.5625  292.5  293.4375  294.375  295.3125  296.25  297.1875  298.125
  299.0625  300.  300.9375  301.875  302.8125  303.75  304.6875  305.625
  306.5625  307.5  308.4375  309.375  310.3125  311.25  312.1875  313.125
  314.0625  315.  315.9375  316.875  317.8125  318.75  319.6875  320.625
  321.5625  322.5  323.4375  324.375  325.3125  326.25  327.1875  328.125
  329.0625  330.  330.9375  331.875  332.8125  333.75  334.6875  335.625
  336.5625  337.5  338.4375  339.375  340.3125  341.25  342.1875  343.125
  344.0625  345.  345.9375  346.875  347.8125  348.75  349.6875  350.625
  351.5625  352.5  353.4375  354.375  355.3125  356.25  357.1875  358.125
  359.0625  360.
 -89.2770004 -88.3399963 -87.3970032 -86.4540024 -85.5090027 -84.5650024
 -83.6200027 -82.6760025 -81.7310028 -80.7860031 -79.8410034 -78.8970032
 -77.9520035 -77.0070038 -76.0619965 -75.1169968 -74.1729965 -73.2279968
 -72.2829971 -71.3379974 -70.3929977 -69.447998 -68.5029984 -67.5589981
 -66.6139984 -65.6689987 -64.723999 -63.7789993 -62.8339996 -61.8889999
 -60.9449997 -60. -59.0550003 -58.1100006 -57.1650009 -56.2200012 -55.2750015
 -54.3300018 -53.3860016 -52.4410019 -51.4959984 -50.5509987 -49.605999
 -48.6609993 -47.7159996 -46.7709999 -45.8269997 -44.882 -43.9370003
 -42.9920006 -42.0470009 -41.1020012 -40.1570015 -39.2120018 -38.2680016
 -37.3230019 -36.3779984 -35.4329987 -34.487999 -33.5429993 -32.5979996
 -31.6529999 -30.7089996 -29.7639999 -28.8190002 -27.8740005 -26.9290009
 -25.9839993 -25.0389996 -24.0939999 -23.1499996 -22.2049999 -21.2600002
 -20.3150005 -19.3700008 -18.4249992 -17.4799995 -16.5349998 -15.5900002
 -14.6459999 -13.7010002 -12.7559996 -11.8109999 -10.8660002 -9.92099953
 -8.97599983 -8.03100014 -7.08699989 -6.1420002 -5.19700003 -4.25199986
 -3.30699992 -2.36199999 -1.41700006 -0.472000003  0.472000003  1.41700006
  2.36199999  3.30699992  4.25199986  5.19700003  6.1420002  7.08699989
  8.03100014  8.97599983  9.92099953  10.8660002  11.8109999  12.7559996
  13.7010002  14.6459999  15.5900002  16.5349998  17.4799995  18.4249992
  19.3700008  20.3150005  21.2600002  22.2049999  23.1499996  24.0939999
  25.0389996  25.9839993  26.9290009  27.8740005  28.8190002  29.7639999
  30.7089996  31.6529999  32.5979996  33.5429993  34.487999  35.4329987
  36.3779984  37.3230019  38.2680016  39.2120018  40.1570015  41.1020012
  42.0470009  42.9920006  43.9370003  44.882  45.8269997  46.7709999
  47.7159996  48.6609993  49.605999  50.5509987  51.4959984  52.4410019
  53.3860016  54.3300018  55.2750015  56.2200012  57.1650009  58.1100006
  59.0550003  60.  60.9449997  61.8889999  62.8339996  63.7789993  64.723999
  65.6689987  66.6139984  67.5589981  68.5029984  69.447998  70.3929977
  71.3379974  72.2829971  73.2279968  74.1729965  75.1169968  76.0619965
  77.0070038  77.9520035  78.8970032  79.8410034  80.7860031  81.7310028
  82.6760025  83.6200027  84.5650024  85.5090027  86.4540024  87.3970032
  88.3399963  89.2770004
 cyclicxi:  T T
 input grid x boundaries
 -0.46875  0.46875  1.40625  2.34375  3.28125  4.21875  5.15625  6.09375
  7.03125  7.96875  8.90625  9.84375  10.78125  11.71875  12.65625  13.59375
  14.53125  15.46875  16.40625  17.34375  18.28125  19.21875  20.15625
  21.09375  22.03125  22.96875  23.90625  24.84375  25.78125  26.71875
  27.65625  28.59375  29.53125  30.46875  31.40625  32.34375  33.28125
  34.21875  35.15625  36.09375  37.03125  37.96875  38.90625  39.84375
  40.78125  41.71875  42.65625  43.59375  44.53125  45.46875  46.40625
  47.34375  48.28125  49.21875  50.15625  51.09375  52.03125  52.96875
  53.90625  54.84375  55.78125  56.71875  57.65625  58.59375  59.53125
  60.46875  61.40625  62.34375  63.28125  64.21875  65.15625  66.09375
  67.03125  67.96875  68.90625  69.84375  70.78125  71.71875  72.65625
  73.59375  74.53125  75.46875  76.40625  77.34375  78.28125  79.21875
  80.15625  81.09375  82.03125  82.96875  83.90625  84.84375  85.78125
  86.71875  87.65625  88.59375  89.53125  90.46875  91.40625  92.34375
  93.28125  94.21875  95.15625  96.09375  97.03125  97.96875  98.90625
  99.84375  100.78125  101.71875  102.65625  103.59375  104.53125  105.46875
  106.40625  107.34375  108.28125  109.21875  110.15625  111.09375  112.03125
  112.96875  113.90625  114.84375  115.78125  116.71875  117.65625  118.59375
  119.53125  120.46875  121.40625  122.34375  123.28125  124.21875  125.15625
  126.09375  127.03125  127.96875  128.90625  129.84375  130.78125  131.71875
  132.65625  133.59375  134.53125  135.46875  136.40625  137.34375  138.28125
  139.21875  140.15625  141.09375  142.03125  142.96875  143.90625  144.84375
  145.78125  146.71875  147.65625  148.59375  149.53125  150.46875  151.40625
  152.34375  153.28125  154.21875  155.15625  156.09375  157.03125  157.96875
  158.90625  159.84375  160.78125  161.71875  162.65625  163.59375  164.53125
  165.46875  166.40625  167.34375  168.28125  169.21875  170.15625  171.09375
  172.03125  172.96875  173.90625  174.84375  175.78125  176.71875  177.65625
  178.59375  179.53125  180.46875  181.40625  182.34375  183.28125  184.21875
  185.15625  186.09375  187.03125  187.96875  188.90625  189.84375  190.78125
  191.71875  192.65625  193.59375  194.53125  195.46875  196.40625  197.34375
  198.28125  199.21875  200.15625  201.09375  202.03125  202.96875  203.90625
  204.84375  205.78125  206.71875  207.65625  208.59375  209.53125  210.46875
  211.40625  212.34375  213.28125  214.21875  215.15625  216.09375  217.03125
  217.96875  218.90625  219.84375  220.78125  221.71875  222.65625  223.59375
  224.53125  225.46875  226.40625  227.34375  228.28125  229.21875  230.15625
  231.09375  232.03125  232.96875  233.90625  234.84375  235.78125  236.71875
  237.65625  238.59375  239.53125  240.46875  241.40625  242.34375  243.28125
  244.21875  245.15625  246.09375  247.03125  247.96875  248.90625  249.84375
  250.78125  251.71875  252.65625  253.59375  254.53125  255.46875  256.40625
  257.34375  258.28125  259.21875  260.15625  261.09375  262.03125  262.96875
  263.90625  264.84375  265.78125  266.71875  267.65625  268.59375  269.53125
  270.46875  271.40625  272.34375  273.28125  274.21875  275.15625  276.09375
  277.03125  277.96875  278.90625  279.84375  280.78125  281.71875  282.65625
  283.59375  284.53125  285.46875  286.40625  287.34375  288.28125  289.21875
  290.15625  291.09375  292.03125  292.96875  293.90625  294.84375  295.78125
  296.71875  297.65625  298.59375  299.53125  300.46875  301.40625  302.34375
  303.28125  304.21875  305.15625  306.09375  307.03125  307.96875  308.90625
  309.84375  310.78125  311.71875  312.65625  313.59375  314.53125  315.46875
  316.40625  317.34375  318.28125  319.21875  320.15625  321.09375  322.03125
  322.96875  323.90625  324.84375  325.78125  326.71875  327.65625  328.59375
  329.53125  330.46875  331.40625  332.34375  333.28125  334.21875  335.15625
  336.09375  337.03125  337.96875  338.90625  339.84375  340.78125  341.71875
  342.65625  343.59375  344.53125  345.46875  346.40625  347.34375  348.28125
  349.21875  350.15625  351.09375  352.03125  352.96875  353.90625  354.84375
  355.78125  356.71875  357.65625  358.59375  359.53125
 input grid y boundaries
 -89.7454987 -88.8085022 -87.8684998 -86.9255066 -85.9815063 -85.0370026
 -84.0924988 -83.1480026 -82.2035065 -81.2584991 -80.3135071 -79.3690033
 -78.4244995 -77.4795074 -76.5345001 -75.5894928 -74.6449966 -73.7005005
 -72.7554932 -71.8105011 -70.8654938 -69.9205017 -68.9754944 -68.0309982
 -67.0865021 -66.1414948 -65.1965027 -64.2514954 -63.3064995 -62.3614998
 -61.4169998 -60.4724998 -59.5275002 -58.5825005 -57.6375008 -56.6925011
 -55.7475014 -54.8025017 -53.8580017 -52.9135017 -51.9684982 -51.0234985
 -50.0784988 -49.1334991 -48.1884995 -47.2434998 -46.2989998 -45.3544998
 -44.4095001 -43.4645004 -42.5195007 -41.574501 -40.6295013 -39.6845016
 -38.7400017 -37.7955017 -36.850502 -35.9054985 -34.9604988 -34.0154991
 -33.0704994 -32.1254997 -31.1809998 -30.2364998 -29.2915001 -28.3465004
 -27.4015007 -26.456501 -25.5114994 -24.5664997 -23.6219997 -22.6774998
 -21.7325001 -20.7875004 -19.8425007 -18.8974991 -17.9524994 -17.0074997
 -16.0625 -15.118 -14.1735001 -13.2285004 -12.2834997 -11.3385 -10.3934994
 -9.44849968 -8.50349998 -7.55900002 -6.61450005 -5.66950035 -4.7244997
 -3.77950001 -2.83449984 -1.88950002 -0.944500029  0.  0.944500029  1.88950002
  2.83449984  3.77950001  4.7244997  5.66950035  6.61450005  7.55900002
  8.50349998  9.44849968  10.3934994  11.3385  12.2834997  13.2285004
  14.1735001  15.118  16.0625  17.0074997  17.9524994  18.8974991  19.8425007
  20.7875004  21.7325001  22.6774998  23.6219997  24.5664997  25.5114994
  26.456501  27.4015007  28.3465004  29.2915001  30.2364998  31.1809998
  32.1254997  33.0704994  34.0154991  34.9604988  35.9054985  36.850502
  37.7955017  38.7400017  39.6845016  40.6295013  41.574501  42.5195007
  43.4645004  44.4095001  45.3544998  46.2989998  47.2434998  48.1884995
  49.1334991  50.0784988  51.0234985  51.9684982  52.9135017  53.8580017
  54.8025017  55.7475014  56.6925011  57.6375008  58.5825005  59.5275002
  60.4724998  61.4169998  62.3614998  63.3064995  64.2514954  65.1965027
  66.1414948  67.0865021  68.0309982  68.9754944  69.9205017  70.8654938
  71.8105011  72.7554932  73.7005005  74.6449966  75.5894928  76.5345001
  77.4795074  78.4244995  79.3690033  80.3135071  81.2584991  82.2035065
  83.1480026  84.0924988  85.0370026  85.9815063  86.9255066  87.8684998
  88.8085022  89.7454987
 iout_grid_type =  1
 iregrid_method =  1
          dxout =   2.
          dyout =   2.
           vote =  F
         bessel =  F
  rmin_vote_max =   0.5
  rmin_vote_min =   0.5
    rlonbeg_set =  -999.
    rlatbeg_set =  -999.
  
 iout_grid_type=1
 i=   0.  359.0625 -89.2770004  89.2770004
 o=   0.  358. -90.  90.
 nio,njo =  180 91
 output grid x boundaries
  i =  1 xout =   359. gxout =   383.433319
  i =  2 xout =   361. gxout =   1.56666672
  i =  3 xout =   363. gxout =   3.70000005
  i =  4 xout =   365. gxout =   5.83333349
  i =  5 xout =   367. gxout =   7.9666667
  i =  6 xout =   369. gxout =   10.1000004
  i =  7 xout =   371. gxout =   12.2333336
  i =  8 xout =   373. gxout =   14.3666668
  i =  9 xout =   375. gxout =   16.5
  i =  10 xout =   377. gxout =   18.6333332
  i =  11 xout =   379. gxout =   20.7666664
  i =  12 xout =   381. gxout =   22.8999996
  i =  13 xout =   383. gxout =   25.0333328
  i =  14 xout =   385. gxout =   27.166666
  i =  15 xout =   387. gxout =   29.2999992
  i =  16 xout =   389. gxout =   31.4333324
  i =  17 xout =   391. gxout =   33.5666656
  i =  18 xout =   393. gxout =   35.7000008
  i =  19 xout =   395. gxout =   37.8333321
  i =  20 xout =   397. gxout =   39.9666672
  i =  21 xout =   399. gxout =   42.0999985
  i =  22 xout =   401. gxout =   44.2333336
  i =  23 xout =   403. gxout =   46.3666649
  i =  24 xout =   405. gxout =   48.5
  i =  25 xout =   407. gxout =   50.6333351
  i =  26 xout =   409. gxout =   52.7666664
  i =  27 xout =   411. gxout =   54.9000015
  i =  28 xout =   413. gxout =   57.0333328
  i =  29 xout =   415. gxout =   59.1666679
  i =  30 xout =   417. gxout =   61.2999992
  i =  31 xout =   419. gxout =   63.4333344
  i =  32 xout =   421. gxout =   65.5666656
  i =  33 xout =   423. gxout =   67.6999969
  i =  34 xout =   425. gxout =   69.8333359
  i =  35 xout =   427. gxout =   71.9666672
  i =  36 xout =   429. gxout =   74.0999985
  i =  37 xout =   431. gxout =   76.2333298
  i =  38 xout =   433. gxout =   78.3666687
  i =  39 xout =   435. gxout =   80.5
  i =  40 xout =   437. gxout =   82.6333313
  i =  41 xout =   439. gxout =   84.7666702
  i =  42 xout =   441. gxout =   86.9000015
  i =  43 xout =   443. gxout =   89.0333328
  i =  44 xout =   445. gxout =   91.1666641
  i =  45 xout =   447. gxout =   93.3000031
  i =  46 xout =   449. gxout =   95.4333344
  i =  47 xout =   451. gxout =   97.5666656
  i =  48 xout =   453. gxout =   99.6999969
  i =  49 xout =   455. gxout =   101.833336
  i =  50 xout =   457. gxout =   103.966667
  i =  51 xout =   459. gxout =   106.099998
  i =  52 xout =   461. gxout =   108.23333
  i =  53 xout =   463. gxout =   110.366669
  i =  54 xout =   465. gxout =   112.5
  i =  55 xout =   467. gxout =   114.633331
  i =  56 xout =   469. gxout =   116.76667
  i =  57 xout =   471. gxout =   118.900002
  i =  58 xout =   473. gxout =   121.033333
  i =  59 xout =   475. gxout =   123.166664
  i =  60 xout =   477. gxout =   125.300003
  i =  61 xout =   479. gxout =   127.433334
  i =  62 xout =   481. gxout =   129.566666
  i =  63 xout =   483. gxout =   131.699997
  i =  64 xout =   485. gxout =   133.833328
  i =  65 xout =   487. gxout =   135.96666
  i =  66 xout =   489. gxout =   138.100006
  i =  67 xout =   491. gxout =   140.233337
  i =  68 xout =   493. gxout =   142.366669
  i =  69 xout =   495. gxout =   144.5
  i =  70 xout =   497. gxout =   146.633331
  i =  71 xout =   499. gxout =   148.766663
  i =  72 xout =   501. gxout =   150.899994
  i =  73 xout =   503. gxout =   153.03334
  i =  74 xout =   505. gxout =   155.166672
  i =  75 xout =   507. gxout =   157.300003
  i =  76 xout =   509. gxout =   159.433334
  i =  77 xout =   511. gxout =   161.566666
  i =  78 xout =   513. gxout =   163.699997
  i =  79 xout =   515. gxout =   165.833328
  i =  80 xout =   517. gxout =   167.96666
  i =  81 xout =   519. gxout =   170.100006
  i =  82 xout =   521. gxout =   172.233337
  i =  83 xout =   523. gxout =   174.366669
  i =  84 xout =   525. gxout =   176.5
  i =  85 xout =   527. gxout =   178.633331
  i =  86 xout =   529. gxout =   180.766663
  i =  87 xout =   531. gxout =   182.899994
  i =  88 xout =   533. gxout =   185.03334
  i =  89 xout =   535. gxout =   187.166672
  i =  90 xout =   537. gxout =   189.300003
  i =  91 xout =   539. gxout =   191.433334
  i =  92 xout =   541. gxout =   193.566666
  i =  93 xout =   543. gxout =   195.699997
  i =  94 xout =   545. gxout =   197.833328
  i =  95 xout =   547. gxout =   199.96666
  i =  96 xout =   549. gxout =   202.100006
  i =  97 xout =   551. gxout =   204.233337
  i =  98 xout =   553. gxout =   206.366669
  i =  99 xout =   555. gxout =   208.5
  i =  100 xout =   557. gxout =   210.633331
  i =  101 xout =   559. gxout =   212.766663
  i =  102 xout =   561. gxout =   214.899994
  i =  103 xout =   563. gxout =   217.03334
  i =  104 xout =   565. gxout =   219.166672
  i =  105 xout =   567. gxout =   221.300003
  i =  106 xout =   569. gxout =   223.433334
  i =  107 xout =   571. gxout =   225.566666
  i =  108 xout =   573. gxout =   227.699997
  i =  109 xout =   575. gxout =   229.833328
  i =  110 xout =   577. gxout =   231.96666
  i =  111 xout =   579. gxout =   234.100006
  i =  112 xout =   581. gxout =   236.233337
  i =  113 xout =   583. gxout =   238.366669
  i =  114 xout =   585. gxout =   240.5
  i =  115 xout =   587. gxout =   242.633331
  i =  116 xout =   589. gxout =   244.766663
  i =  117 xout =   591. gxout =   246.899994
  i =  118 xout =   593. gxout =   249.03334
  i =  119 xout =   595. gxout =   251.166672
  i =  120 xout =   597. gxout =   253.300003
  i =  121 xout =   599. gxout =   255.433334
  i =  122 xout =   601. gxout =   257.566681
  i =  123 xout =   603. gxout =   259.700012
  i =  124 xout =   605. gxout =   261.833344
  i =  125 xout =   607. gxout =   263.966675
  i =  126 xout =   609. gxout =   266.100006
  i =  127 xout =   611. gxout =   268.233337
  i =  128 xout =   613. gxout =   270.366669
  i =  129 xout =   615. gxout =   272.5
  i =  130 xout =   617. gxout =   274.633331
  i =  131 xout =   619. gxout =   276.766663
  i =  132 xout =   621. gxout =   278.899994
  i =  133 xout =   623. gxout =   281.033325
  i =  134 xout =   625. gxout =   283.166656
  i =  135 xout =   627. gxout =   285.299988
  i =  136 xout =   629. gxout =   287.433319
  i =  137 xout =   631. gxout =   289.566681
  i =  138 xout =   633. gxout =   291.700012
  i =  139 xout =   635. gxout =   293.833344
  i =  140 xout =   637. gxout =   295.966675
  i =  141 xout =   639. gxout =   298.100006
  i =  142 xout =   641. gxout =   300.233337
  i =  143 xout =   643. gxout =   302.366669
  i =  144 xout =   645. gxout =   304.5
  i =  145 xout =   647. gxout =   306.633331
  i =  146 xout =   649. gxout =   308.766663
  i =  147 xout =   651. gxout =   310.899994
  i =  148 xout =   653. gxout =   313.033325
  i =  149 xout =   655. gxout =   315.166656
  i =  150 xout =   657. gxout =   317.299988
  i =  151 xout =   659. gxout =   319.433319
  i =  152 xout =   661. gxout =   321.566681
  i =  153 xout =   663. gxout =   323.700012
  i =  154 xout =   665. gxout =   325.833344
  i =  155 xout =   667. gxout =   327.966675
  i =  156 xout =   669. gxout =   330.100006
  i =  157 xout =   671. gxout =   332.233337
  i =  158 xout =   673. gxout =   334.366669
  i =  159 xout =   675. gxout =   336.5
  i =  160 xout =   677. gxout =   338.633331
  i =  161 xout =   679. gxout =   340.766663
  i =  162 xout =   681. gxout =   342.899994
  i =  163 xout =   683. gxout =   345.033325
  i =  164 xout =   685. gxout =   347.166656
  i =  165 xout =   687. gxout =   349.299988
  i =  166 xout =   689. gxout =   351.433319
  i =  167 xout =   691. gxout =   353.566681
  i =  168 xout =   693. gxout =   355.700012
  i =  169 xout =   695. gxout =   357.833344
  i =  170 xout =   697. gxout =   359.966675
  i =  171 xout =   699. gxout =   362.100006
  i =  172 xout =   701. gxout =   364.233337
  i =  173 xout =   703. gxout =   366.366669
  i =  174 xout =   705. gxout =   368.5
  i =  175 xout =   707. gxout =   370.633331
  i =  176 xout =   709. gxout =   372.766663
  i =  177 xout =   711. gxout =   374.899994
  i =  178 xout =   713. gxout =   377.033325
  i =  179 xout =   715. gxout =   379.166656
  i =  180 xout =   717. gxout =   381.299988
  i =  181 xout =   719. gxout =   383.433319
 output grid y boundaries
  j =  1 yout =  -90. gyout =   0.
  j =  2 yout =  -89. gyout =   0.795625925
  j =  3 yout =  -87. gyout =   2.92100334
  j =  4 yout =  -85. gyout =   5.03917694
  j =  5 yout =  -83. gyout =   7.15670013
  j =  6 yout =  -81. gyout =   9.27354622
  j =  7 yout =  -79. gyout =   11.3906851
  j =  8 yout =  -77. gyout =   13.507411
  j =  9 yout =  -75. gyout =   15.624135
  j =  10 yout =  -73. gyout =   17.7412643
  j =  11 yout =  -71. gyout =   19.857666
  j =  12 yout =  -69. gyout =   21.9740677
  j =  13 yout =  -67. gyout =   24.0915356
  j =  14 yout =  -65. gyout =   26.2079372
  j =  15 yout =  -63. gyout =   28.3243389
  j =  16 yout =  -61. gyout =   30.4415035
  j =  17 yout =  -59. gyout =   32.5582008
  j =  18 yout =  -57. gyout =   34.6746025
  j =  19 yout =  -55. gyout =   36.791008
  j =  20 yout =  -53. gyout =   38.9084206
  j =  21 yout =  -51. gyout =   41.024868
  j =  22 yout =  -49. gyout =   43.1412697
  j =  23 yout =  -47. gyout =   45.2578087
  j =  24 yout =  -45. gyout =   47.3751335
  j =  25 yout =  -43. gyout =   49.4915352
  j =  26 yout =  -41. gyout =   51.6079369
  j =  27 yout =  -39. gyout =   53.7247238
  j =  28 yout =  -37. gyout =   55.8418007
  j =  29 yout =  -35. gyout =   57.9581985
  j =  30 yout =  -33. gyout =   60.074604
  j =  31 yout =  -31. gyout =   62.1916351
  j =  32 yout =  -29. gyout =   64.3084641
  j =  33 yout =  -27. gyout =   66.4248657
  j =  34 yout =  -25. gyout =   68.5412674
  j =  35 yout =  -23. gyout =   70.6585464
  j =  36 yout =  -21. gyout =   72.7751312
  j =  37 yout =  -19. gyout =   74.8915329
  j =  38 yout =  -17. gyout =   77.0079346
  j =  39 yout =  -15. gyout =   79.1249313
  j =  40 yout =  -13. gyout =   81.2417984
  j =  41 yout =  -11. gyout =   83.3582001
  j =  42 yout =  -9. gyout =   85.4746017
  j =  43 yout =  -7. gyout =   87.5918503
  j =  44 yout =  -5. gyout =   89.7084656
  j =  45 yout =  -3. gyout =   91.8248672
  j =  46 yout =  -1. gyout =   93.9412689
  j =  47 yout =   1. gyout =   96.0587311
  j =  48 yout =   3. gyout =   98.1751328
  j =  49 yout =   5. gyout =   100.291534
  j =  50 yout =   7. gyout =   102.40815
  j =  51 yout =   9. gyout =   104.525398
  j =  52 yout =   11. gyout =   106.6418
  j =  53 yout =   13. gyout =   108.758202
  j =  54 yout =   15. gyout =   110.875069
  j =  55 yout =   17. gyout =   112.992065
  j =  56 yout =   19. gyout =   115.108467
  j =  57 yout =   21. gyout =   117.224869
  j =  58 yout =   23. gyout =   119.341454
  j =  59 yout =   25. gyout =   121.458733
  j =  60 yout =   27. gyout =   123.575134
  j =  61 yout =   29. gyout =   125.691536
  j =  62 yout =   31. gyout =   127.808365
  j =  63 yout =   33. gyout =   129.9254
  j =  64 yout =   35. gyout =   132.041794
  j =  65 yout =   37. gyout =   134.158203
  j =  66 yout =   39. gyout =   136.275269
  j =  67 yout =   41. gyout =   138.392059
  j =  68 yout =   43. gyout =   140.508469
  j =  69 yout =   45. gyout =   142.624863
  j =  70 yout =   47. gyout =   144.742188
  j =  71 yout =   49. gyout =   146.858734
  j =  72 yout =   51. gyout =   148.975128
  j =  73 yout =   53. gyout =   151.091583
  j =  74 yout =   55. gyout =   153.209
  j =  75 yout =   57. gyout =   155.325394
  j =  76 yout =   59. gyout =   157.441803
  j =  77 yout =   61. gyout =   159.558502
  j =  78 yout =   63. gyout =   161.675659
  j =  79 yout =   65. gyout =   163.792068
  j =  80 yout =   67. gyout =   165.908463
  j =  81 yout =   69. gyout =   168.025925
  j =  82 yout =   71. gyout =   170.142334
  j =  83 yout =   73. gyout =   172.258728
  j =  84 yout =   75. gyout =   174.37587
  j =  85 yout =   77. gyout =   176.492584
  j =  86 yout =   79. gyout =   178.609314
  j =  87 yout =   81. gyout =   180.726456
  j =  88 yout =   83. gyout =   182.843307
  j =  89 yout =   85. gyout =   184.960831
  j =  90 yout =   87. gyout =   187.078995
  j =  91 yout =   89. gyout =   189.204376
  j =  92 yout =   90. gyout =   190.
0fld_out                    k=  0 iskip= 4
      1     9    17    25    33    41    49    57    65    73    81    89    97   105   113   121   129   137   145   153   161   169   177
  89  1  1  1  1  1  1  1  1  1  1  1  1  1  1  1  1  1  1  1  1  1  1  1  1  1  1  1  0  0  0  0  0  0  0  0  0  0  0  0  0  0  0  1  1  1 89
  85  3  3  3  2  2  2  2  2  2  1  1  1  1  0  0  0  0  0  0  0  0  0  0  0  0  0  0  1  0  0  0  0  0  0  0  0  0  0  0  0  0  0  0  1  1 85
  81  3  4  3  2  2  2  3  2  2  1  1  1  0  0  0  0  0  0  0  0  0  0  0  1  1  1  1  1  1  1  1  0  0  0  0  0  0  0  1  1  0  1  3  3  3 81
  77  4  3  2  2  2  1  2  2  1  1  2  2  1  1  1  1  0  0  0  1  2  1  3  2  2  2  2  3  1  2  1  1  1  1  1  1  1  2  2  1  9  5  4  5  4 77
  73  3  4  3  2  3  3  2  2  1  1  1  3  2  1  0  0  0  1  2  3  4  3  3  2  3  3  4  4  7  9  2  1  1  1  2  2  2  2  4  4  5  5  5  5  3 73
  69  3  4  3  3  2  2  1  1  1  1  1  0  0  0  0  1  1  2  4  4  4  4  5  5  5  5  5  6  5  6  3  1  1  1  2  2  2  3  4  5  7  7  7  5  4 69
  65  1  3  3  4  2  3  3  1  1  2  0  1  1  0  0  1  1  6  7  6  7 10  9  7  6  7  8  8  6  4  4  1  1  1  2  3  6  8  9  8  7  5  5  5  6 65
  61  0  0  0  0  0  0  2  1  0  0  2  0  1  3  2  4  5  5  6  7  6  4  4  3  3  5  4  4  4  2  1  1  1  4  6  8  7  5  5  5  4  2  3  2  2 61
  57  0  0  0  0  0  0  1  0  0  0  1  1  0  1  2  2  4  4  4  4  2  1  1  1  1  0  1  2  2  0  0  0  3  6  6  5  3  2  2  2  1  1  0  0  0 57
  53  0  0  0  0  0  1  1  0  0  0  0  2  0  0  1  0  5  3  3  2  2  2  1  1  0  1  1  2  1  1  5  6  7  1  1  2  1  2  1  1  2  1  0  0  0 53
  49  1  1  0  0  0  1  0  2  2  0  2  6  3  3  7  4  7  5  4  5  6  5  4  9 18 13 13 14  8  9  8  7  5  5  4  9  1  1  2  4  5  5  3  2  3 49
  45  2  3  5  7  2  2  1  4  5  5  6  8  9  6  9 13 12  5 15 12 15 17 19 19 14 15 11 14  8  4  2  2  2  3  1  6  4  2  3  4  5  5  5  4  2 45
  41  0  1  7  6  6  3  4 10  8 11 12  9  8 15  6  6  7  5  7  6  6 12 13 12 15 18 15 13  5  2  1  0  0  1  0  0 12  6  7  8  8  8  2  1  0 41
  37  0  0  2  1  4  2  9  4  4  5  2  5  3  6  1  0  1  3  2  4  4  1  1  3  5  5  4  7  6  6  3  2  0  0  0  0  0  6  5  6  7  9  3  1  0 37
  33  0  0  1  1  4  1  3  2  2  3  2  2  1  3  0  1  1  0  1  2  1  1  2  2  4  5  3  4  7  9  9  4  2  1  0  0  0  4  2  4  5  4  4  3  1 33
  29  2  1  1  2  3  2  3  2  2  1  2  2  1  1  1  2  1  1  1  2  3  1  2  1  2  3  3  2  2  2  5  4  3  3  1  1  0  4  6  3  4  4  5  5  4 29
  25  3  3  2  2  3  4  4  3  3  3  3  3  3  2  2  2  2  2  2  2  3  3  2  3  3  3  3  3  3  3  4  4  4  3  2  2  6  1  2  5  4  3  3  3  3 25
  21  3  3  3  3  3  4  3  4  4  4  4  4  3  3  3  3  4  4  3  3  3  3  3  2  4  3  4  4  4  4  3  3  3  3  3  4  5  2  3  3  3  4  5  4  3 21
  17  2  2  2  3  3  3  3  2  2  2  2  2  2  3  3  3  3  3  3  3  3  3  3  2  2  3  2  2  2  2  2  2  2  2  3  3  3  3  3  3  3  3  2  2  2 17
  13  2  2  2  1  1  2  1  1  1  1  1  2  2  3  3  2  3  2  2  2  2  2  2  2  2  2  2  2  2  2  2  2  2  2  1  1  2  4  2  2  2  2  2  2  2 13
   9  0  0  0  0  0  0  0  0  0  0  0  0  0  0  0  0  0  0  0  0  0  1  1  2  1  1  2  2  2  2  2  2  1  1  1  1  1  2  1  1  1  1  1  0  0  9
   5  0  0  0  0  0  0  0  0  0  0  0  0  0  0  0  0  0  0  0  0  0  0  0  0  1  0  1  1  0  0  1  1  1  0  0  0  0  0  0  0  0  1  1  0  0  5
   1  0  0  0  0  0  0  0  0  0  0  0  0  0  0  0  0  0  0  0  0  0  0  0  0  0  0  0  0  0  0  0  0  0  0  0  0  0  0  0  0  0  0  0  0  0  1
