 for unit=12,it=          45
 for unit=12,it=          46
 for unit=12,it=          47
 for unit=12,it=          48
 for unit=12,it=          49
 for unit=12,it=          50
 for unit=12,it=          51
 for unit=12,it=          52
 for unit=12,it=          53
 for unit=12,it=          54
 for unit=12,it=          55
 for unit=12,it=          56
 for unit=12,it=          57
 for unit=12,it=          58
 for unit=12,it=          59
 for unit=12,it=          60
 for unit=12,it=          61
 for unit=12,it=          62
 for unit=12,it=          63
 for unit=12,it=          64
 time length of psi200 data =          20
 for unit=12,it=          97
 for unit=12,it=          98
 for unit=12,it=          99
 for unit=12,it=         100
 for unit=12,it=         101
 for unit=12,it=         102
 for unit=12,it=         103
 for unit=12,it=         104
 for unit=12,it=         105
 for unit=12,it=         106
 for unit=12,it=         107
 for unit=12,it=         108
 for unit=12,it=         109
 for unit=12,it=         110
 for unit=12,it=         111
 for unit=12,it=         112
 for unit=12,it=         113
 for unit=12,it=         114
 for unit=12,it=         115
 for unit=12,it=         116
 time length of psi200 data =          40
 for unit=12,it=         149
 for unit=12,it=         150
 for unit=12,it=         151
 for unit=12,it=         152
 for unit=12,it=         153
 for unit=12,it=         154
 for unit=12,it=         155
 for unit=12,it=         156
 for unit=12,it=         157
 for unit=12,it=         158
 for unit=12,it=         159
 for unit=12,it=         160
 for unit=12,it=         161
 for unit=12,it=         162
 for unit=12,it=         163
 for unit=12,it=         164
 for unit=12,it=         165
 for unit=12,it=         166
 for unit=12,it=         167
 for unit=12,it=         168
 time length of psi200 data =          60
 for unit=12,it=         201
 for unit=12,it=         202
 for unit=12,it=         203
 for unit=12,it=         204
 for unit=12,it=         205
 for unit=12,it=         206
 for unit=12,it=         207
 for unit=12,it=         208
 for unit=12,it=         209
 for unit=12,it=         210
 for unit=12,it=         211
 for unit=12,it=         212
 for unit=12,it=         213
 for unit=12,it=         214
 for unit=12,it=         215
 for unit=12,it=         216
 for unit=12,it=         217
 for unit=12,it=         218
 for unit=12,it=         219
 for unit=12,it=         220
 time length of psi200 data =          80
 for unit=12,it=         253
 for unit=12,it=         254
 for unit=12,it=         255
 for unit=12,it=         256
 for unit=12,it=         257
 for unit=12,it=         258
 for unit=12,it=         259
 for unit=12,it=         260
 for unit=12,it=         261
 for unit=12,it=         262
 for unit=12,it=         263
 for unit=12,it=         264
 for unit=12,it=         265
 for unit=12,it=         266
 for unit=12,it=         267
 for unit=12,it=         268
 for unit=12,it=         269
 for unit=12,it=         270
 for unit=12,it=         271
 for unit=12,it=         272
 time length of psi200 data =         100
 for unit=12,it=         305
 for unit=12,it=         306
 for unit=12,it=         307
 for unit=12,it=         308
 for unit=12,it=         309
 for unit=12,it=         310
 for unit=12,it=         311
 for unit=12,it=         312
 for unit=12,it=         313
 for unit=12,it=         314
 for unit=12,it=         315
 for unit=12,it=         316
 for unit=12,it=         317
 for unit=12,it=         318
 for unit=12,it=         319
 for unit=12,it=         320
 for unit=12,it=         321
 for unit=12,it=         322
 for unit=12,it=         323
 for unit=12,it=         324
 time length of psi200 data =         120
 for unit=12,it=         357
 for unit=12,it=         358
 for unit=12,it=         359
 for unit=12,it=         360
 for unit=12,it=         361
 for unit=12,it=         362
 for unit=12,it=         363
 for unit=12,it=         364
 for unit=12,it=         365
 for unit=12,it=         366
 for unit=12,it=         367
 for unit=12,it=         368
 for unit=12,it=         369
 for unit=12,it=         370
 for unit=12,it=         371
 for unit=12,it=         372
 for unit=12,it=         373
 for unit=12,it=         374
 for unit=12,it=         375
 for unit=12,it=         376
 time length of psi200 data =         140
 for unit=12,it=         409
 for unit=12,it=         410
 for unit=12,it=         411
 for unit=12,it=         412
 for unit=12,it=         413
 for unit=12,it=         414
 for unit=12,it=         415
 for unit=12,it=         416
 for unit=12,it=         417
 for unit=12,it=         418
 for unit=12,it=         419
 for unit=12,it=         420
 for unit=12,it=         421
 for unit=12,it=         422
 for unit=12,it=         423
 for unit=12,it=         424
 for unit=12,it=         425
 for unit=12,it=         426
 for unit=12,it=         427
 for unit=12,it=         428
 time length of psi200 data =         160
 for unit=12,it=         461
 for unit=12,it=         462
 for unit=12,it=         463
 for unit=12,it=         464
 for unit=12,it=         465
 for unit=12,it=         466
 for unit=12,it=         467
 for unit=12,it=         468
 for unit=12,it=         469
 for unit=12,it=         470
 for unit=12,it=         471
 for unit=12,it=         472
 for unit=12,it=         473
 for unit=12,it=         474
 for unit=12,it=         475
 for unit=12,it=         476
 for unit=12,it=         477
 for unit=12,it=         478
 for unit=12,it=         479
 for unit=12,it=         480
 time length of psi200 data =         180
 for unit=12,it=         513
 for unit=12,it=         514
 for unit=12,it=         515
 for unit=12,it=         516
 for unit=12,it=         517
 for unit=12,it=         518
 for unit=12,it=         519
 for unit=12,it=         520
 for unit=12,it=         521
 for unit=12,it=         522
 for unit=12,it=         523
 for unit=12,it=         524
 for unit=12,it=         525
 for unit=12,it=         526
 for unit=12,it=         527
 for unit=12,it=         528
 for unit=12,it=         529
 for unit=12,it=         530
 for unit=12,it=         531
 for unit=12,it=         532
 time length of psi200 data =         200
 for unit=12,it=         565
 for unit=12,it=         566
 for unit=12,it=         567
 for unit=12,it=         568
 for unit=12,it=         569
 for unit=12,it=         570
 for unit=12,it=         571
 for unit=12,it=         572
 for unit=12,it=         573
 for unit=12,it=         574
 for unit=12,it=         575
 for unit=12,it=         576
 for unit=12,it=         577
 for unit=12,it=         578
 for unit=12,it=         579
 for unit=12,it=         580
 for unit=12,it=         581
 for unit=12,it=         582
 for unit=12,it=         583
 for unit=12,it=         584
 time length of psi200 data =         220
 for unit=12,it=         617
 for unit=12,it=         618
 for unit=12,it=         619
 for unit=12,it=         620
 for unit=12,it=         621
 for unit=12,it=         622
 for unit=12,it=         623
 for unit=12,it=         624
 for unit=12,it=         625
 for unit=12,it=         626
 for unit=12,it=         627
 for unit=12,it=         628
 for unit=12,it=         629
 for unit=12,it=         630
 for unit=12,it=         631
 for unit=12,it=         632
 for unit=12,it=         633
 for unit=12,it=         634
 for unit=12,it=         635
 for unit=12,it=         636
 time length of psi200 data =         240
 for unit=12,it=         669
 for unit=12,it=         670
 for unit=12,it=         671
 for unit=12,it=         672
 for unit=12,it=         673
 for unit=12,it=         674
 for unit=12,it=         675
 for unit=12,it=         676
 for unit=12,it=         677
 for unit=12,it=         678
 for unit=12,it=         679
 for unit=12,it=         680
 for unit=12,it=         681
 for unit=12,it=         682
 for unit=12,it=         683
 for unit=12,it=         684
 for unit=12,it=         685
 for unit=12,it=         686
 for unit=12,it=         687
 for unit=12,it=         688
 time length of psi200 data =         260
 for unit=12,it=         721
 for unit=12,it=         722
 for unit=12,it=         723
 for unit=12,it=         724
 for unit=12,it=         725
 for unit=12,it=         726
 for unit=12,it=         727
 for unit=12,it=         728
 for unit=12,it=         729
 for unit=12,it=         730
 for unit=12,it=         731
 for unit=12,it=         732
 for unit=12,it=         733
 for unit=12,it=         734
 for unit=12,it=         735
 for unit=12,it=         736
 for unit=12,it=         737
 for unit=12,it=         738
 for unit=12,it=         739
 for unit=12,it=         740
 time length of psi200 data =         280
 for unit=12,it=         773
 for unit=12,it=         774
 for unit=12,it=         775
 for unit=12,it=         776
 for unit=12,it=         777
 for unit=12,it=         778
 for unit=12,it=         779
 for unit=12,it=         780
 for unit=12,it=         781
 for unit=12,it=         782
 for unit=12,it=         783
 for unit=12,it=         784
 for unit=12,it=         785
 for unit=12,it=         786
 for unit=12,it=         787
 for unit=12,it=         788
 for unit=12,it=         789
 for unit=12,it=         790
 for unit=12,it=         791
 for unit=12,it=         792
 time length of psi200 data =         300
 for unit=12,it=         825
 for unit=12,it=         826
 for unit=12,it=         827
 for unit=12,it=         828
 for unit=12,it=         829
 for unit=12,it=         830
 for unit=12,it=         831
 for unit=12,it=         832
 for unit=12,it=         833
 for unit=12,it=         834
 for unit=12,it=         835
 for unit=12,it=         836
 for unit=12,it=         837
 for unit=12,it=         838
 for unit=12,it=         839
 for unit=12,it=         840
 for unit=12,it=         841
 for unit=12,it=         842
 for unit=12,it=         843
 for unit=12,it=         844
 time length of psi200 data =         320
 for unit=12,it=         877
 for unit=12,it=         878
 for unit=12,it=         879
 for unit=12,it=         880
 for unit=12,it=         881
 for unit=12,it=         882
 for unit=12,it=         883
 for unit=12,it=         884
 for unit=12,it=         885
 for unit=12,it=         886
 for unit=12,it=         887
 for unit=12,it=         888
 for unit=12,it=         889
 for unit=12,it=         890
 for unit=12,it=         891
 for unit=12,it=         892
 for unit=12,it=         893
 for unit=12,it=         894
 for unit=12,it=         895
 for unit=12,it=         896
 time length of psi200 data =         340
 for unit=12,it=         929
 for unit=12,it=         930
 for unit=12,it=         931
 for unit=12,it=         932
 for unit=12,it=         933
 for unit=12,it=         934
 for unit=12,it=         935
 for unit=12,it=         936
 for unit=12,it=         937
 for unit=12,it=         938
 for unit=12,it=         939
 for unit=12,it=         940
 for unit=12,it=         941
 for unit=12,it=         942
 for unit=12,it=         943
 for unit=12,it=         944
 for unit=12,it=         945
 for unit=12,it=         946
 for unit=12,it=         947
 for unit=12,it=         948
 time length of psi200 data =         360
 for unit=12,it=         981
 for unit=12,it=         982
 for unit=12,it=         983
 for unit=12,it=         984
 for unit=12,it=         985
 for unit=12,it=         986
 for unit=12,it=         987
 for unit=12,it=         988
 for unit=12,it=         989
 for unit=12,it=         990
 for unit=12,it=         991
 for unit=12,it=         992
 for unit=12,it=         993
 for unit=12,it=         994
 for unit=12,it=         995
 for unit=12,it=         996
 for unit=12,it=         997
 for unit=12,it=         998
 for unit=12,it=         999
 for unit=12,it=        1000
 time length of psi200 data =         380
 for unit=12,it=        1033
 for unit=12,it=        1034
 for unit=12,it=        1035
 for unit=12,it=        1036
 for unit=12,it=        1037
 for unit=12,it=        1038
 for unit=12,it=        1039
 for unit=12,it=        1040
 for unit=12,it=        1041
 for unit=12,it=        1042
 for unit=12,it=        1043
 for unit=12,it=        1044
 for unit=12,it=        1045
 for unit=12,it=        1046
 for unit=12,it=        1047
 for unit=12,it=        1048
 for unit=12,it=        1049
 for unit=12,it=        1050
 for unit=12,it=        1051
 for unit=12,it=        1052
 time length of psi200 data =         400
 for unit=12,it=        1085
 for unit=12,it=        1086
 for unit=12,it=        1087
 for unit=12,it=        1088
 for unit=12,it=        1089
 for unit=12,it=        1090
 for unit=12,it=        1091
 for unit=12,it=        1092
 for unit=12,it=        1093
 for unit=12,it=        1094
 for unit=12,it=        1095
 for unit=12,it=        1096
 for unit=12,it=        1097
 for unit=12,it=        1098
 for unit=12,it=        1099
 for unit=12,it=        1100
 for unit=12,it=        1101
 for unit=12,it=        1102
 for unit=12,it=        1103
 for unit=12,it=        1104
 time length of psi200 data =         420
 for unit=12,it=        1137
 for unit=12,it=        1138
 for unit=12,it=        1139
 for unit=12,it=        1140
 for unit=12,it=        1141
 for unit=12,it=        1142
 for unit=12,it=        1143
 for unit=12,it=        1144
 for unit=12,it=        1145
 for unit=12,it=        1146
 for unit=12,it=        1147
 for unit=12,it=        1148
 for unit=12,it=        1149
 for unit=12,it=        1150
 for unit=12,it=        1151
 for unit=12,it=        1152
 for unit=12,it=        1153
 for unit=12,it=        1154
 for unit=12,it=        1155
 for unit=12,it=        1156
 time length of psi200 data =         440
 for unit=12,it=        1189
 for unit=12,it=        1190
 for unit=12,it=        1191
 for unit=12,it=        1192
 for unit=12,it=        1193
 for unit=12,it=        1194
 for unit=12,it=        1195
 for unit=12,it=        1196
 for unit=12,it=        1197
 for unit=12,it=        1198
 for unit=12,it=        1199
 for unit=12,it=        1200
 for unit=12,it=        1201
 for unit=12,it=        1202
 for unit=12,it=        1203
 for unit=12,it=        1204
 for unit=12,it=        1205
 for unit=12,it=        1206
 for unit=12,it=        1207
 for unit=12,it=        1208
 time length of psi200 data =         460
 for unit=12,it=        1241
 for unit=12,it=        1242
 for unit=12,it=        1243
 for unit=12,it=        1244
 for unit=12,it=        1245
 for unit=12,it=        1246
 for unit=12,it=        1247
 for unit=12,it=        1248
 for unit=12,it=        1249
 for unit=12,it=        1250
 for unit=12,it=        1251
 for unit=12,it=        1252
 for unit=12,it=        1253
 for unit=12,it=        1254
 for unit=12,it=        1255
 for unit=12,it=        1256
 for unit=12,it=        1257
 for unit=12,it=        1258
 for unit=12,it=        1259
 for unit=12,it=        1260
 time length of psi200 data =         480
 for unit=12,it=        1293
 for unit=12,it=        1294
 for unit=12,it=        1295
 for unit=12,it=        1296
 for unit=12,it=        1297
 for unit=12,it=        1298
 for unit=12,it=        1299
 for unit=12,it=        1300
 for unit=12,it=        1301
 for unit=12,it=        1302
 for unit=12,it=        1303
 for unit=12,it=        1304
 for unit=12,it=        1305
 for unit=12,it=        1306
 for unit=12,it=        1307
 for unit=12,it=        1308
 for unit=12,it=        1309
 for unit=12,it=        1310
 for unit=12,it=        1311
 for unit=12,it=        1312
 time length of psi200 data =         500
 for unit=12,it=        1345
 for unit=12,it=        1346
 for unit=12,it=        1347
 for unit=12,it=        1348
 for unit=12,it=        1349
 for unit=12,it=        1350
 for unit=12,it=        1351
 for unit=12,it=        1352
 for unit=12,it=        1353
 for unit=12,it=        1354
 for unit=12,it=        1355
 for unit=12,it=        1356
 for unit=12,it=        1357
 for unit=12,it=        1358
 for unit=12,it=        1359
 for unit=12,it=        1360
 for unit=12,it=        1361
 for unit=12,it=        1362
 for unit=12,it=        1363
 for unit=12,it=        1364
 time length of psi200 data =         520
 for unit=12,it=        1397
 for unit=12,it=        1398
 for unit=12,it=        1399
 for unit=12,it=        1400
 for unit=12,it=        1401
 for unit=12,it=        1402
 for unit=12,it=        1403
 for unit=12,it=        1404
 for unit=12,it=        1405
 for unit=12,it=        1406
 for unit=12,it=        1407
 for unit=12,it=        1408
 for unit=12,it=        1409
 for unit=12,it=        1410
 for unit=12,it=        1411
 for unit=12,it=        1412
 for unit=12,it=        1413
 for unit=12,it=        1414
 for unit=12,it=        1415
 for unit=12,it=        1416
 time length of psi200 data =         540
 for unit=12,it=        1449
 for unit=12,it=        1450
 for unit=12,it=        1451
 for unit=12,it=        1452
 for unit=12,it=        1453
 for unit=12,it=        1454
 for unit=12,it=        1455
 for unit=12,it=        1456
 for unit=12,it=        1457
 for unit=12,it=        1458
 for unit=12,it=        1459
 for unit=12,it=        1460
 for unit=12,it=        1461
 for unit=12,it=        1462
 for unit=12,it=        1463
 for unit=12,it=        1464
 for unit=12,it=        1465
 for unit=12,it=        1466
 for unit=12,it=        1467
 for unit=12,it=        1468
 time length of psi200 data =         560
 for unit=12,it=        1501
 for unit=12,it=        1502
 for unit=12,it=        1503
 for unit=12,it=        1504
 for unit=12,it=        1505
 for unit=12,it=        1506
 for unit=12,it=        1507
 for unit=12,it=        1508
 for unit=12,it=        1509
 for unit=12,it=        1510
 for unit=12,it=        1511
 for unit=12,it=        1512
 for unit=12,it=        1513
 for unit=12,it=        1514
 for unit=12,it=        1515
 for unit=12,it=        1516
 for unit=12,it=        1517
 for unit=12,it=        1518
 for unit=12,it=        1519
 for unit=12,it=        1520
 time length of psi200 data =         580
 for unit=12,it=        1553
 for unit=12,it=        1554
 for unit=12,it=        1555
 for unit=12,it=        1556
 for unit=12,it=        1557
 for unit=12,it=        1558
 for unit=12,it=        1559
 for unit=12,it=        1560
 for unit=12,it=        1561
 for unit=12,it=        1562
 for unit=12,it=        1563
 for unit=12,it=        1564
 for unit=12,it=        1565
 for unit=12,it=        1566
 for unit=12,it=        1567
 for unit=12,it=        1568
 for unit=12,it=        1569
 for unit=12,it=        1570
 for unit=12,it=        1571
 for unit=12,it=        1572
 time length of psi200 data =         600
 for unit=12,it=        1605
 for unit=12,it=        1606
 for unit=12,it=        1607
 for unit=12,it=        1608
 for unit=12,it=        1609
 for unit=12,it=        1610
 for unit=12,it=        1611
 for unit=12,it=        1612
 for unit=12,it=        1613
 for unit=12,it=        1614
 for unit=12,it=        1615
 for unit=12,it=        1616
 for unit=12,it=        1617
 for unit=12,it=        1618
 for unit=12,it=        1619
 for unit=12,it=        1620
 for unit=12,it=        1621
 for unit=12,it=        1622
 for unit=12,it=        1623
 for unit=12,it=        1624
 time length of psi200 data =         620
 for unit=12,it=        1657
 for unit=12,it=        1658
 for unit=12,it=        1659
 for unit=12,it=        1660
 for unit=12,it=        1661
 for unit=12,it=        1662
 for unit=12,it=        1663
 for unit=12,it=        1664
 for unit=12,it=        1665
 for unit=12,it=        1666
 for unit=12,it=        1667
 for unit=12,it=        1668
 for unit=12,it=        1669
 for unit=12,it=        1670
 for unit=12,it=        1671
 for unit=12,it=        1672
 for unit=12,it=        1673
 for unit=12,it=        1674
 for unit=12,it=        1675
 for unit=12,it=        1676
 time length of psi200 data =         640
 for unit=12,it=        1709
 for unit=12,it=        1710
 for unit=12,it=        1711
 for unit=12,it=        1712
 for unit=12,it=        1713
 for unit=12,it=        1714
 for unit=12,it=        1715
 for unit=12,it=        1716
 for unit=12,it=        1717
 for unit=12,it=        1718
 for unit=12,it=        1719
 for unit=12,it=        1720
 for unit=12,it=        1721
 for unit=12,it=        1722
 for unit=12,it=        1723
 for unit=12,it=        1724
 for unit=12,it=        1725
 for unit=12,it=        1726
 for unit=12,it=        1727
 for unit=12,it=        1728
 time length of psi200 data =         660
 for unit=12,it=        1761
 for unit=12,it=        1762
 for unit=12,it=        1763
 for unit=12,it=        1764
 for unit=12,it=        1765
 for unit=12,it=        1766
 for unit=12,it=        1767
 for unit=12,it=        1768
 for unit=12,it=        1769
 for unit=12,it=        1770
 for unit=12,it=        1771
 for unit=12,it=        1772
 for unit=12,it=        1773
 for unit=12,it=        1774
 for unit=12,it=        1775
 for unit=12,it=        1776
 for unit=12,it=        1777
 for unit=12,it=        1778
 for unit=12,it=        1779
 for unit=12,it=        1780
 time length of psi200 data =         680
 for unit=12,it=        1813
 for unit=12,it=        1814
 for unit=12,it=        1815
 for unit=12,it=        1816
 for unit=12,it=        1817
 for unit=12,it=        1818
 for unit=12,it=        1819
 for unit=12,it=        1820
 for unit=12,it=        1821
 for unit=12,it=        1822
 for unit=12,it=        1823
 for unit=12,it=        1824
 for unit=12,it=        1825
 for unit=12,it=        1826
 for unit=12,it=        1827
 for unit=12,it=        1828
 for unit=12,it=        1829
 for unit=12,it=        1830
 for unit=12,it=        1831
 for unit=12,it=        1832
 time length of psi200 data =         700
 time length of t2m data =          17
 time length of t2m data =          34
 time length of t2m data =          51
 time length of t2m data =          68
 time length of t2m data =          85
 time length of t2m data =         102
 time length of t2m data =         119
 time length of t2m data =         136
 time length of t2m data =         153
 time length of t2m data =         170
 time length of t2m data =         187
 time length of t2m data =         204
 time length of t2m data =         221
 time length of t2m data =         238
 time length of t2m data =         255
 time length of t2m data =         272
 time length of t2m data =         289
 time length of t2m data =         306
 time length of t2m data =         323
 time length of t2m data =         340
 time length of t2m data =         357
 time length of t2m data =         374
 time length of t2m data =         391
 time length of t2m data =         408
 time length of t2m data =         425
 time length of t2m data =         442
 time length of t2m data =         459
 time length of t2m data =         476
 time length of t2m data =         493
 time length of t2m data =         510
 time length of t2m data =         527
 time length of t2m data =         544
 time length of t2m data =         561
 time length of t2m data =         578
 time length of t2m data =         595
 length of input data to EOF calculation=         455
 eval=
  0.2251  0.0711  0.0610  0.0543  0.0508  0.0380
  0.0332  0.0311  0.0270  0.0260  0.0251  0.0224
  0.0200  0.0181  0.0162  0.0157  0.0141  0.0137
  0.0135  0.0115  0.0110  0.0107  0.0093  0.0088
  0.0083  0.0076  0.0073  0.0065  0.0064  0.0060
  0.0059  0.0052  0.0051  0.0049  0.0046  0.0045
  0.0044  0.0041  0.0038  0.0036  0.0034  0.0034
  0.0031  0.0029  0.0029  0.0027  0.0026  0.0024
  0.0024  0.0022  0.0021  0.0020  0.0019  0.0018
  0.0017  0.0017  0.0016  0.0015  0.0015  0.0014
  0.0014  0.0013  0.0013  0.0013  0.0012  0.0011
  0.0011  0.0010  0.0010  0.0010  0.0009  0.0009
  0.0009  0.0008  0.0008  0.0008  0.0007  0.0007
  0.0007  0.0006  0.0006  0.0006  0.0006  0.0006
  0.0005  0.0005  0.0005  0.0005  0.0004  0.0004
  0.0004  0.0004  0.0004  0.0004  0.0004  0.0004
  0.0003  0.0003  0.0003  0.0003  0.0003  0.0003
  0.0003  0.0003  0.0003  0.0003  0.0002  0.0002
  0.0002  0.0002  0.0002  0.0002  0.0002  0.0002
  0.0002  0.0002  0.0002  0.0002  0.0002  0.0002
  0.0002  0.0001  0.0001  0.0001  0.0001  0.0001
  0.0001  0.0001  0.0001  0.0001  0.0001  0.0001
  0.0001  0.0001  0.0001  0.0001  0.0001  0.0001
  0.0001  0.0001  0.0001  0.0001  0.0001  0.0001
  0.0001  0.0001  0.0001  0.0001  0.0001  0.0001
  0.0001  0.0001  0.0001  0.0001  0.0001  0.0001
  0.0001  0.0001  0.0001  0.0001  0.0001  0.0000
  0.0000  0.0000  0.0000  0.0000  0.0000  0.0000
  0.0000  0.0000  0.0000  0.0000  0.0000  0.0000
  0.0000  0.0000  0.0000  0.0000  0.0000  0.0000
  0.0000  0.0000  0.0000  0.0000  0.0000  0.0000
  0.0000  0.0000  0.0000  0.0000  0.0000  0.0000
  0.0000  0.0000  0.0000  0.0000  0.0000  0.0000
  0.0000  0.0000  0.0000  0.0000  0.0000  0.0000
  0.0000  0.0000  0.0000  0.0000  0.0000  0.0000
  0.0000  0.0000  0.0000  0.0000  0.0000  0.0000
  0.0000  0.0000  0.0000  0.0000  0.0000  0.0000
  0.0000  0.0000  0.0000  0.0000  0.0000  0.0000
  0.0000  0.0000  0.0000  0.0000  0.0000  0.0000
  0.0000  0.0000  0.0000  0.0000  0.0000  0.0000
  0.0000  0.0000  0.0000  0.0000  0.0000  0.0000
  0.0000  0.0000  0.0000  0.0000  0.0000  0.0000
  0.0000  0.0000  0.0000  0.0000  0.0000  0.0000
  0.0000  0.0000  0.0000  0.0000  0.0000  0.0000
  0.0000  0.0000  0.0000  0.0000  0.0000  0.0000
  0.0000  0.0000  0.0000  0.0000  0.0000  0.0000
  0.0000  0.0000  0.0000  0.0000  0.0000  0.0000
  0.0000  0.0000  0.0000  0.0000  0.0000  0.0000
  0.0000  0.0000  0.0000  0.0000  0.0000  0.0000
  0.0000  0.0000  0.0000  0.0000  0.0000  0.0000
  0.0000  0.0000  0.0000  0.0000  0.0000  0.0000
  0.0000  0.0000  0.0000  0.0000  0.0000  0.0000
  0.0000  0.0000  0.0000  0.0000  0.0000  0.0000
  0.0000  0.0000  0.0000  0.0000  0.0000  0.0000
  0.0000  0.0000  0.0000  0.0000  0.0000  0.0000
  0.0000  0.0000  0.0000  0.0000  0.0000  0.0000
  0.0000  0.0000  0.0000  0.0000  0.0000  0.0000
  0.0000  0.0000  0.0000  0.0000  0.0000  0.0000
  0.0000  0.0000  0.0000  0.0000  0.0000  0.0000
  0.0000  0.0000  0.0000  0.0000  0.0000  0.0000
  0.0000  0.0000  0.0000  0.0000  0.0000  0.0000
  0.0000  0.0000  0.0000  0.0000  0.0000  0.0000
  0.0000  0.0000  0.0000  0.0000  0.0000  0.0000
  0.0000  0.0000  0.0000  0.0000  0.0000  0.0000
  0.0000  0.0000  0.0000  0.0000  0.0000  0.0000
  0.0000  0.0000  0.0000  0.0000  0.0000  0.0000
  0.0000  0.0000  0.0000  0.0000  0.0000  0.0000
  0.0000  0.0000  0.0000  0.0000  0.0000  0.0000
  0.0000  0.0000  0.0000  0.0000  0.0000  0.0000
  0.0000  0.0000  0.0000  0.0000  0.0000  0.0000
  0.0000  0.0000  0.0000  0.0000  0.0000  0.0000
  0.0000  0.0000  0.0000  0.0000  0.0000  0.0000
  0.0000  0.0000  0.0000  0.0000  0.0000  0.0000
  0.0000  0.0000  0.0000  0.0000  0.0000  0.0000
  0.0000  0.0000  0.0000 -0.0000 -0.0000 -0.0000
 -0.0000 -0.0000 -0.0000 -0.0000 -0.0000
 target season=           1 alphas=  0.42724964    
 target season=           1 alphas=  0.44055647    
 target season=           1 alphas=  0.54722518    
 target season=           1 alphas=  0.51538026    
 target season=           1 alphas=  0.48784560    
 target season=           1 alphas=  0.60159540    
 target season=           1 alphas=  0.57050627    
 target season=           1 alphas=  0.54323423    
 target season=           1 alphas=  0.51908076    
 target season=           1 alphas=  0.49749666    
 target season=           1 alphas=  0.54265416    
 target season=           1 alphas=  0.51621157    
 target season=           1 alphas=  0.49306011    
 target season=           1 alphas=  0.55197227    
 target season=           1 alphas=  0.52849597    
 target season=           1 alphas=  0.50784969    
 target season=           1 alphas=  0.48947412    
 target season=           1 alphas=  0.55209023    
 target season=           1 alphas=  0.52955633    
 target season=           1 alphas=  0.50958508    
 target season=           1 alphas=  0.49167848    
 target season=           1 alphas=  0.48309374    
 target season=           1 alphas=  0.44718611    
 target season=           1 alphas=  0.45687461    
 target season=           1 alphas=  0.51085883    
 target season=           1 alphas=  0.48806611    
 target season=           1 alphas=  0.52585906    
 target season=           1 alphas=  0.50102425    
 target season=           1 alphas=  0.47901300    
 target season=           1 alphas=  0.49897328    
 target season=           2 alphas=  0.36835447    
 target season=           2 alphas=  0.42577061    
 target season=           2 alphas=  0.42680231    
 target season=           2 alphas=  0.49162629    
 target season=           2 alphas=  0.55679196    
 target season=           2 alphas=  0.53316396    
 target season=           2 alphas=  0.51210862    
 target season=           2 alphas=  0.49315158    
 target season=           2 alphas=  0.46757838    
 target season=           2 alphas=  0.53143239    
 target season=           2 alphas=  0.50224763    
 target season=           2 alphas=  0.47695720    
 target season=           2 alphas=  0.52875775    
 target season=           2 alphas=  0.50375521    
 target season=           2 alphas=  0.48169425    
 target season=           2 alphas=  0.40485597    
 target season=           2 alphas=  0.41621134    
 target season=           2 alphas=  0.44623852    
 target season=           2 alphas=  0.53923494    
 target season=           2 alphas=  0.51718777    
 target season=           2 alphas=  0.49740565    
 target season=           2 alphas=  0.52206147    
 target season=           2 alphas=  0.49981934    
 target season=           3 alphas=  0.35996446    
 target season=           3 alphas=  0.42431536    
 target season=           3 alphas=  0.47230190    
 target season=           3 alphas=  0.41668132    
 target season=           3 alphas=  0.43664190    
 target season=           3 alphas=  0.42308912    
 target season=           3 alphas=  0.47334066    
 target season=           3 alphas=  0.56370395    
 target season=           3 alphas=  0.53627306    
 target season=           3 alphas=  0.51230252    
 target season=           3 alphas=  0.49110228    
 target season=           3 alphas=  0.63365668    
 target season=           3 alphas=  0.60073966    
 target season=           3 alphas=  0.57204640    
 target season=           3 alphas=  0.54675275    
 target season=           3 alphas=  0.52424335    
 target season=           3 alphas=  0.50404435    
 target season=           3 alphas=  0.48578304    
 target season=           3 alphas=  0.54427052    
 target season=           3 alphas=  0.52043843    
 target season=           3 alphas=  0.49923313    
 target season=           3 alphas=  0.53910398    
 target season=           3 alphas=  0.51906395    
 target season=           3 alphas=  0.50095385    
 target season=           3 alphas=  0.48446649    
 target season=           3 alphas=  0.47711062    
 target season=           3 alphas=  0.52909946    
 target season=           3 alphas=  0.50407720    
 target season=           3 alphas=  0.48225656    
 target season=           4 alphas=  0.37741631    
 target season=           4 alphas=  0.45742124    
 target season=           4 alphas=  0.44090864    
 target season=           4 alphas=  0.49223346    
 target season=           4 alphas=  0.49510381    
 target season=           4 alphas=  0.56594712    
 target season=           4 alphas=  0.54068857    
 target season=           4 alphas=  0.51806855    
 target season=           4 alphas=  0.49767041    
 target season=           4 alphas=  0.58286220    
 target season=           4 alphas=  0.55603689    
 target season=           4 alphas=  0.53252137    
 target season=           4 alphas=  0.51165974    
 target season=           4 alphas=  0.49296582    
 target season=           4 alphas=  0.52337438    
 target season=           4 alphas=  0.50499558    
 target season=           4 alphas=  0.48863667    
 target season=           4 alphas=  0.47924721    
 target season=           4 alphas=  0.47774890    
 target season=           4 alphas=  0.50629628    
 target season=           4 alphas=  0.48763755    
 target season=           4 alphas=  0.56530070    
 target season=           4 alphas=  0.53995878    
 target season=           4 alphas=  0.51783633    
 target season=           4 alphas=  0.49828634    
 target season=           4 alphas=  0.58303231    
 target season=           4 alphas=  0.55675030    
 target season=           4 alphas=  0.53376555    
 target season=           4 alphas=  0.51336581    
 target season=           4 alphas=  0.49509308    
 target season=           5 alphas=  0.35010344    
 target season=           5 alphas=  0.31890231    
 target season=           5 alphas=  0.33313748    
 target season=           5 alphas=  0.41225767    
 target season=           5 alphas=  0.51694709    
 target season=           5 alphas=  0.49062091    
 target season=           5 alphas=  0.51386225    
 target season=           5 alphas=  0.49146786    
 target season=           5 alphas=  0.53292686    
 target season=           5 alphas=  0.50694168    
 target season=           5 alphas=  0.48415512    
 target season=           5 alphas=  0.55750531    
 target season=           5 alphas=  0.52767497    
 target season=           5 alphas=  0.50174797    
 target season=           5 alphas=  0.47893593    
 target season=           5 alphas=  0.38834319    
 target season=           5 alphas=  0.36493754    
 target season=           5 alphas=  0.38647306    
 target season=           5 alphas=  0.51535261    
 target season=           5 alphas=  0.49321657    
 target season=           5 alphas=  0.47903872    
 target season=           6 alphas=  0.29889715    
 target season=           6 alphas=  0.30131534    
 target season=           6 alphas=  0.31895807    
 target season=           6 alphas=  0.46844625    
 target season=           6 alphas=  0.54183924    
 target season=           6 alphas=  0.51322347    
 target season=           6 alphas=  0.48791030    
 target season=           6 alphas=  0.53008497    
 target season=           6 alphas=  0.50521690    
 target season=           6 alphas=  0.48311856    
 target season=           6 alphas=  0.53140873    
 target season=           6 alphas=  0.50358105    
 target season=           6 alphas=  0.48010507    
 target season=           6 alphas=  0.39344430    
 target season=           6 alphas=  0.39876774    
 target season=           6 alphas=  0.44420418    
 target season=           6 alphas=  0.53393829    
 target season=           6 alphas=  0.50506616    
 target season=           6 alphas=  0.47998115    
 target season=           6 alphas=  0.55712754    
 target season=           6 alphas=  0.53516084    
 target season=           6 alphas=  0.51543528    
 target season=           6 alphas=  0.49757814    
 target season=           6 alphas=  0.63333488    
 target season=           6 alphas=  0.60384005    
 target season=           6 alphas=  0.57790124    
 target season=           6 alphas=  0.55486059    
 target season=           6 alphas=  0.53420305    
 target season=           6 alphas=  0.51554781    
 target season=           6 alphas=  0.49858046    
 target season=           7 alphas=  0.52390432    
 target season=           7 alphas=  0.50202823    
 target season=           7 alphas=  0.48236212    
 target season=           7 alphas=  0.50111973    
 target season=           7 alphas=  0.48248109    
 target season=           7 alphas=  0.46818969    
 target season=           7 alphas=  0.41981056    
 target season=           7 alphas=  0.43064016    
 target season=           7 alphas=  0.41856948    
 target season=           7 alphas=  0.40972349    
 target season=           7 alphas=  0.39392859    
 target season=           7 alphas=  0.34425381    
 target season=           7 alphas=  0.35124955    
 target season=           7 alphas=  0.41102374    
 target season=           7 alphas=  0.48538402    
 target season=           7 alphas=  0.46137872    
 target season=           8 alphas=  0.42398527    
 target season=           8 alphas=  0.40529847    
 target season=           8 alphas=  0.47011852    
 target season=           8 alphas=  0.52344781    
 target season=           8 alphas=  0.49345309    
 target season=           8 alphas=  0.46002549    
 target season=           8 alphas=  0.40230551    
 target season=           8 alphas=  0.33654481    
 target season=           8 alphas=  0.36723214    
 target season=           8 alphas=  0.39690435    
 target season=           8 alphas=  0.50150067    
 target season=           8 alphas=  0.47280374    
 target season=           8 alphas=  0.47445512    
 target season=           8 alphas=  0.47588181    
 target season=           8 alphas=  0.45977318    
 target season=           9 alphas=  0.32373106    
 target season=           9 alphas=  0.41886252    
 target season=           9 alphas=  0.42153686    
 target season=           9 alphas=  0.44607750    
 target season=           9 alphas=  0.39976239    
 target season=           9 alphas=  0.49795577    
 target season=           9 alphas=  0.46725291    
 target season=           9 alphas=  0.46451131    
 target season=           9 alphas=  0.40399015    
 target season=           9 alphas=  0.47081664    
 target season=           9 alphas=  0.42967421    
 target season=           9 alphas=  0.52510071    
 target season=           9 alphas=  0.50085437    
 target season=           9 alphas=  0.47941312    
 target season=           9 alphas=  0.62166142    
 target season=           9 alphas=  0.59144634    
 target season=           9 alphas=  0.56452948    
 target season=           9 alphas=  0.54035932    
 target season=           9 alphas=  0.51852107    
 target season=           9 alphas=  0.49865949    
 target season=          10 alphas=  0.46012384    
 target season=          10 alphas=  0.54342020    
 target season=          10 alphas=  0.51578176    
 target season=          10 alphas=  0.49167466    
 target season=          10 alphas=  0.66132057    
 target season=          10 alphas=  0.62426555    
 target season=          10 alphas=  0.59236282    
 target season=          10 alphas=  0.56445849    
 target season=          10 alphas=  0.53975093    
 target season=          10 alphas=  0.51764697    
 target season=          10 alphas=  0.49770287    
 target season=          10 alphas=  0.61091477    
 target season=          10 alphas=  0.57850391    
 target season=          10 alphas=  0.55042338    
 target season=          10 alphas=  0.52574575    
 target season=          10 alphas=  0.50379699    
 target season=          10 alphas=  0.48408127    
 target season=          10 alphas=  0.49108198    
 target season=          10 alphas=  0.40918306    
 target season=          10 alphas=  0.42968014    
 target season=          10 alphas=  0.39055455    
 target season=          10 alphas=  0.35869464    
 target season=          10 alphas=  0.36374515    
 target season=          10 alphas=  0.45173565    
 target season=          10 alphas=  0.50213277    
 target season=          10 alphas=  0.48103416    
 target season=          10 alphas=  0.47750664    
 target season=          11 alphas=  0.38609442    
 target season=          11 alphas=  0.42722324    
 target season=          11 alphas=  0.46923101    
 target season=          11 alphas=  0.46368241    
 target season=          11 alphas=  0.37096065    
 target season=          11 alphas=  0.40775642    
 target season=          11 alphas=  0.41551226    
 target season=          11 alphas=  0.39783743    
 target season=          11 alphas=  0.40826595    
 target season=          11 alphas=  0.49481520    
 target season=          11 alphas=  0.52405995    
 target season=          11 alphas=  0.50489706    
 target season=          11 alphas=  0.48756900    
 target season=          11 alphas=  0.58775324    
 target season=          11 alphas=  0.56272137    
 target season=          11 alphas=  0.54064924    
 target season=          11 alphas=  0.52096766    
 target season=          11 alphas=  0.50326043    
 target season=          11 alphas=  0.48719987    
 target season=          11 alphas=  0.68750817    
 target season=          11 alphas=  0.65736532    
 target season=          11 alphas=  0.63072067    
 target season=          11 alphas=  0.60692096    
 target season=          11 alphas=  0.58546793    
 target season=          11 alphas=  0.56598973    
 target season=          11 alphas=  0.54819894    
 target season=          11 alphas=  0.53185993    
 target season=          11 alphas=  0.51678199    
 target season=          11 alphas=  0.50281096    
 target season=          11 alphas=  0.48981917    
 target season=          12 alphas=  0.51156586    
 target season=          12 alphas=  0.48946163    
 target season=          12 alphas=  0.54076052    
 target season=          12 alphas=  0.51614887    
 target season=          12 alphas=  0.49455869    
 target season=          12 alphas=  0.51536775    
 target season=          12 alphas=  0.49256644    
 target season=          12 alphas=  0.44080049    
 target season=          12 alphas=  0.50042760    
 target season=          12 alphas=  0.47275278    
 target season=          12 alphas=  0.48379901    
 target season=          12 alphas=  0.47332266    
 target season=          12 alphas=  0.43820256    
 target season=          12 alphas=  0.38167542    
 target season=          12 alphas=  0.48516095    
 target season=          12 alphas=  0.49332416    
 target season=          12 alphas=  0.53864676    
 target season=          12 alphas=  0.51794547    
 target season=          12 alphas=  0.49911016    
 target season=          12 alphas=  0.49624270    
 target season=          13 alphas=  0.42001945    
 target season=          13 alphas=  0.38810769    
 target season=          13 alphas=  0.37472528    
 target season=          13 alphas=  0.38745853    
 target season=          13 alphas=  0.40205088    
 target season=          13 alphas=  0.46148407    
 target season=          13 alphas=  0.40527537    
 target season=          13 alphas=  0.45206210    
 target season=          13 alphas=  0.49468955    
 target season=          13 alphas=  0.56484771    
 target season=          13 alphas=  0.53638166    
 target season=          13 alphas=  0.51138198    
 target season=          13 alphas=  0.48920354    
 target season=          13 alphas=  0.81971884    
 target season=          13 alphas=  0.77737540    
 target season=          13 alphas=  0.73989838    
 target season=          13 alphas=  0.70644832    
 target season=          13 alphas=  0.67635101    
 target season=          13 alphas=  0.64909989    
 target season=          13 alphas=  0.62428635    
 target season=          13 alphas=  0.60157746    
 target season=          13 alphas=  0.58069474    
 target season=          13 alphas=  0.56141698    
 target season=          13 alphas=  0.54355580    
 target season=          13 alphas=  0.52695221    
 target season=          13 alphas=  0.51146942    
 target season=          13 alphas=  0.49699253    
 target season=          13 alphas=  0.73245198    
 target season=          13 alphas=  0.69385505    
 target season=          13 alphas=  0.66000807    
 target season=          13 alphas=  0.62999618    
 target season=          13 alphas=  0.60315531    
 target season=          13 alphas=  0.57895029    
 target season=          13 alphas=  0.55699670    
 target season=          13 alphas=  0.53695208    
 target season=          13 alphas=  0.51857084    
 target season=          13 alphas=  0.50163317    
 target season=          13 alphas=  0.48596480    
 target season=          13 alphas=  0.76014245    
 target season=          13 alphas=  0.72221845    
 target season=          13 alphas=  0.68859631    
 target season=          13 alphas=  0.65850139    
 target season=          13 alphas=  0.63134801    
 target season=          13 alphas=  0.60667717    
 target season=          13 alphas=  0.58412850    
 target season=          13 alphas=  0.56342006    
 target season=          13 alphas=  0.54431015    
 target season=          13 alphas=  0.52660775    
 target season=          13 alphas=  0.51015007    
 target season=          13 alphas=  0.49480179    
 target season=          14 alphas=  0.42054650    
 target season=          14 alphas=  0.38217351    
 target season=          14 alphas=  0.42807996    
 target season=          14 alphas=  0.45124593    
 target season=          14 alphas=  0.42311856    
 target season=          14 alphas=  0.39206380    
 target season=          14 alphas=  0.50406325    
 target season=          14 alphas=  0.48392433    
 target season=          14 alphas=  0.57443392    
 target season=          14 alphas=  0.54935455    
 target season=          14 alphas=  0.52713042    
 target season=          14 alphas=  0.50723004    
 target season=          14 alphas=  0.48925957    
 target season=          14 alphas=  0.67117506    
 target season=          14 alphas=  0.63890916    
 target season=          14 alphas=  0.61052918    
 target season=          14 alphas=  0.58526701    
 target season=          14 alphas=  0.56255549    
 target season=          14 alphas=  0.54197156    
 target season=          14 alphas=  0.52318746    
 target season=          14 alphas=  0.50593781    
 target season=          14 alphas=  0.49002033    
 target season=          14 alphas=  0.71188754    
 target season=          14 alphas=  0.67620015    
 target season=          14 alphas=  0.64475173    
 target season=          14 alphas=  0.61677057    
 target season=          14 alphas=  0.59165227    
 target season=          14 alphas=  0.56894165    
 target season=          14 alphas=  0.54827654    
 target season=          14 alphas=  0.52936482    
 target season=          14 alphas=  0.51197565    
 target season=          14 alphas=  0.49591571    
 target season=          14 alphas=  0.63180709    
 target season=          14 alphas=  0.59997684    
 target season=          14 alphas=  0.57205689    
 target season=          14 alphas=  0.54728395    
 target season=          14 alphas=  0.52508318    
 target season=          14 alphas=  0.50502330    
 target season=          14 alphas=  0.48677617    
 target season=          14 alphas=  0.65634125    
 target season=          14 alphas=  0.62050104    
 target season=          14 alphas=  0.58987057    
 target season=          14 alphas=  0.56321609    
 target season=          14 alphas=  0.53969032    
 target season=          14 alphas=  0.51868492    
 target season=          14 alphas=  0.49974504    
 target season=          14 alphas=  0.63425428    
 target season=          14 alphas=  0.60591924    
 target season=          14 alphas=  0.58104807    
 target season=          14 alphas=  0.55892479    
 target season=          14 alphas=  0.53902805    
 target season=          14 alphas=  0.52097684    
 target season=          14 alphas=  0.50447822    
 target season=          14 alphas=  0.48930609    
 target season=          15 alphas=  0.40470633    
 target season=          15 alphas=  0.38348469    
 target season=          15 alphas=  0.33589271    
 target season=          15 alphas=  0.36225936    
 target season=          15 alphas=  0.36927676    
 target season=          15 alphas=  0.34103081    
 target season=          15 alphas=  0.35863662    
 target season=          15 alphas=  0.37493306    
 target season=          15 alphas=  0.42871216    
 target season=          15 alphas=  0.41012782    
 target season=          15 alphas=  0.37760949    
 target season=          15 alphas=  0.40622437    
 target season=          15 alphas=  0.39586183    
 target season=          16 alphas=  0.48229456    
 target season=          16 alphas=  0.46495846    
 target season=          16 alphas=  0.42756698    
 target season=          16 alphas=  0.43621650    
 target season=          16 alphas=  0.38965362    
 target season=          16 alphas=  0.40635559    
 target season=          16 alphas=  0.42208529    
 target season=          16 alphas=  0.50318438    
 target season=          16 alphas=  0.47907999    
 target season=          16 alphas=  0.51284856    
 target season=          16 alphas=  0.49298894    
 target season=          16 alphas=  0.58644521    
 target season=          16 alphas=  0.55586100    
 target season=          16 alphas=  0.52938586    
 target season=          16 alphas=  0.50614536    
 target season=          16 alphas=  0.48551157    
 target season=          16 alphas=  0.58171099    
 target season=          16 alphas=  0.55499840    
 target season=          16 alphas=  0.53172046    
 target season=          16 alphas=  0.51112777    
 target season=          16 alphas=  0.49269608    
 target season=          16 alphas=  0.53070390    
 target season=          16 alphas=  0.50695592    
 target season=          16 alphas=  0.48583987    
 target season=          16 alphas=  0.35821390    
 target season=          17 alphas=  0.54419661    
 target season=          17 alphas=  0.51802087    
 target season=          17 alphas=  0.49497464    
 target season=          17 alphas=  0.50812197    
 target season=          17 alphas=  0.48531359    
 target season=          17 alphas=  0.50856066    
 target season=          17 alphas=  0.48598143    
 target season=          17 alphas=  0.51632535    
 target season=          17 alphas=  0.49243954    
 target season=          17 alphas=  0.53859156    
 target season=          17 alphas=  0.51618934    
 target season=          17 alphas=  0.49592960    
 target season=          17 alphas=  0.54326284    
 target season=          17 alphas=  0.51927108    
 target season=          17 alphas=  0.49794349    
 target season=          17 alphas=  0.45901868    
 target season=          17 alphas=  0.56376982    
 target season=          17 alphas=  0.53034997    
 target season=          17 alphas=  0.50165999    
 target season=          17 alphas=  0.47668719    
 target season=          17 alphas=  0.58151817    
 target season=          17 alphas=  0.54844213    
 target season=          17 alphas=  0.51964903    
 target season=          17 alphas=  0.49429351    
 target season=          17 alphas=  0.49216956    
 target season=          17 alphas=  0.49034387    
 target season=          17 alphas=  0.52547467    
 target season=          17 alphas=  0.50090992    
 target season=          17 alphas=  0.47915217    
 target season=          17 alphas=  0.54787797    
 target season=          17 alphas=  0.52479875    
 target season=          17 alphas=  0.50381523    
 target season=          17 alphas=  0.48464346    
 target season=          18 alphas=  0.48307917    
 target season=          18 alphas=  0.56243455    
 target season=          18 alphas=  0.53249496    
 target season=          18 alphas=  0.50667119    
 target season=          18 alphas=  0.48406532    
 target season=          18 alphas=  0.43980274    
 target season=          18 alphas=  0.42109910    
 target season=          18 alphas=  0.53200269    
 target season=          18 alphas=  0.50839156    
 target season=          18 alphas=  0.48729554    
 target season=          18 alphas=  0.58865315    
 target season=          18 alphas=  0.56390989    
 target season=          18 alphas=  0.54167455    
 target season=          18 alphas=  0.52151608    
 target season=          18 alphas=  0.50310814    
 target season=          18 alphas=  0.48620549    
 target season=          18 alphas=  0.59897405    
 target season=          18 alphas=  0.56856102    
 target season=          18 alphas=  0.54221874    
 target season=          18 alphas=  0.51903653    
 target season=          18 alphas=  0.49839425    
 target season=          18 alphas=  0.54992712    
 target season=          18 alphas=  0.52478719    
 target season=          18 alphas=  0.50294489    
 target season=          18 alphas=  0.48365617    
 target season=          18 alphas=  0.44712633    
 target season=          18 alphas=  0.45166793    
 target season=          18 alphas=  0.44594344    
 target season=          18 alphas=  0.50773013    
 target season=          18 alphas=  0.48202568    
 target season=          18 alphas=  0.49231949    
 target season=          19 alphas=  0.50261539    
 target season=          19 alphas=  0.47846335    
 target season=          19 alphas=  0.52788830    
 target season=          19 alphas=  0.50711894    
 target season=          19 alphas=  0.48847592    
 target season=          19 alphas=  0.50976604    
 target season=          19 alphas=  0.48725402    
 target season=          19 alphas=  0.49542215    
 target season=          19 alphas=  0.46554923    
 target season=          19 alphas=  0.42637894    
 target season=          19 alphas=  0.46776786    
 target season=          19 alphas=  0.52739769    
 target season=          19 alphas=  0.50506055    
 target season=          19 alphas=  0.48527226    
 target season=          19 alphas=  0.53753102    
 target season=          19 alphas=  0.51525956    
 target season=          19 alphas=  0.49537814    
 target season=          19 alphas=  0.49291816    
 target season=          19 alphas=  0.50905579    
 target season=          19 alphas=  0.48955506    
 target season=          19 alphas=  0.55553317    
 target season=          19 alphas=  0.53385323    
 target season=          19 alphas=  0.51457214    
 target season=          19 alphas=  0.49722239    
 target season=          19 alphas=  0.67085940    
 target season=          19 alphas=  0.63911641    
 target season=          19 alphas=  0.61122018    
 target season=          19 alphas=  0.58643407    
 target season=          19 alphas=  0.56419992    
 target season=          19 alphas=  0.54410011    
 target season=          19 alphas=  0.52581644    
 target season=          19 alphas=  0.50907445    
 target season=          19 alphas=  0.49367386    
 target season=          20 alphas=  0.35638174    
 target season=          20 alphas=  0.47153583    
 target season=          20 alphas=  0.47631177    
 target season=          20 alphas=  0.51450831    
 target season=          20 alphas=  0.49306813    
 target season=          20 alphas=  0.49799582    
 target season=          20 alphas=  0.59029281    
 target season=          20 alphas=  0.55980074    
 target season=          20 alphas=  0.53297585    
 target season=          20 alphas=  0.50910413    
 target season=          20 alphas=  0.48768914    
 target season=          20 alphas=  0.58501214    
 target season=          20 alphas=  0.55995381    
 target season=          20 alphas=  0.53735107    
 target season=          20 alphas=  0.51682979    
 target season=          20 alphas=  0.49808761    
 target season=          20 alphas=  0.57091987    
 target season=          20 alphas=  0.54156917    
 target season=          20 alphas=  0.51607645    
 target season=          20 alphas=  0.49359724    
 target season=          20 alphas=  0.49753511    
 target season=          20 alphas=  0.59577501    
 target season=          20 alphas=  0.56674987    
 target season=          20 alphas=  0.54138082    
 target season=          20 alphas=  0.51892942    
 target season=          20 alphas=  0.49883819    
 target season=          20 alphas=  0.58441699    
 target season=          20 alphas=  0.56051528    
 target season=          20 alphas=  0.53901184    
 target season=          20 alphas=  0.51950169    
 target season=          20 alphas=  0.50170475    
 target season=          20 alphas=  0.48538250    
 target season=          20 alphas=  0.53563803    
 target season=          20 alphas=  0.51352543    
 target season=          20 alphas=  0.49387038    
 target season=          20 alphas=  0.58085048    
 target season=          20 alphas=  0.56115013    
 target season=          20 alphas=  0.54322809    
 target season=          20 alphas=  0.52680629    
 target season=          20 alphas=  0.51165402    
 target season=          20 alphas=  0.49761459    
 target season=          21 alphas=  0.41241923    
 target season=          21 alphas=  0.39177731    
 target season=          21 alphas=  0.40232554    
 target season=          21 alphas=  0.51038641    
 target season=          21 alphas=  0.48944148    
 target season=          21 alphas=  0.56765091    
 target season=          21 alphas=  0.53961575    
 target season=          21 alphas=  0.51487261    
 target season=          21 alphas=  0.49279493    
 target season=          21 alphas=  0.56597382    
 target season=          21 alphas=  0.54088712    
 target season=          21 alphas=  0.51830262    
 target season=          21 alphas=  0.49782404    
 target season=          21 alphas=  0.60718560    
 target season=          21 alphas=  0.57890469    
 target season=          21 alphas=  0.55369359    
 target season=          21 alphas=  0.53102094    
 target season=          21 alphas=  0.51047951    
 target season=          21 alphas=  0.49174753    
 target season=          21 alphas=  0.67107755    
 target season=          21 alphas=  0.64269722    
 target season=          21 alphas=  0.61724573    
 target season=          21 alphas=  0.59421933    
 target season=          21 alphas=  0.57325280    
 target season=          21 alphas=  0.55404335    
 target season=          21 alphas=  0.53635293    
 target season=          21 alphas=  0.51998335    
 target season=          21 alphas=  0.50477803    
 target season=          21 alphas=  0.49060455    
 target season=          21 alphas=  0.70446199    
 target season=          21 alphas=  0.67164743    
 target season=          21 alphas=  0.64272434    
 target season=          21 alphas=  0.61692750    
 target season=          21 alphas=  0.59370786    
 target season=          21 alphas=  0.57264292    
 target season=          21 alphas=  0.55340362    
 target season=          21 alphas=  0.53573018    
 target season=          21 alphas=  0.51941592    
 target season=          21 alphas=  0.50428665    
 target season=          21 alphas=  0.49020272    
 target season=          21 alphas=  0.68564498    
 target season=          21 alphas=  0.66071063    
 target season=          21 alphas=  0.63814831    
 target season=          21 alphas=  0.61756331    
 target season=          21 alphas=  0.59864652    
 target season=          21 alphas=  0.58116966    
 target season=          21 alphas=  0.56493938    
 target season=          21 alphas=  0.54980814    
 target season=          21 alphas=  0.53564525    
 target season=          21 alphas=  0.52234906    
 target season=          21 alphas=  0.50983143    
 target season=          21 alphas=  0.49801415    
 target season=          21 alphas=  0.63221872    
 target season=          21 alphas=  0.60649091    
 target season=          21 alphas=  0.58347684    
 target season=          21 alphas=  0.56272924    
 target season=          21 alphas=  0.54388231    
 target season=          21 alphas=  0.52665663    
 target season=          21 alphas=  0.51082051    
 target season=          21 alphas=  0.49619263    
 target season=          21 alphas=  0.51332390    
 target season=          21 alphas=  0.49354717    
 target season=          21 alphas=  0.47176418    
 target season=          22 alphas=  0.42061961    
 target season=          22 alphas=  0.45298621    
 target season=          22 alphas=  0.48641148    
 target season=          22 alphas=  0.52728492    
 target season=          22 alphas=  0.50705278    
 target season=          22 alphas=  0.48889172    
 target season=          22 alphas=  0.51335090    
 target season=          22 alphas=  0.49023578    
 target season=          22 alphas=  0.45609251    
 target season=          22 alphas=  0.45127738    
 target season=          22 alphas=  0.37257990    
 target season=          22 alphas=  0.39112112    
 target season=          22 alphas=  0.34275427    
 target season=          22 alphas=  0.34221289    
 target season=          22 alphas=  0.37465400    
 target season=          22 alphas=  0.44218105    
 target season=          23 alphas=  0.40807551    
 target season=          23 alphas=  0.45343679    
 target season=          23 alphas=  0.45019007    
 target season=          23 alphas=  0.37483078    
 target season=          23 alphas=  0.33853528    
 target season=          23 alphas=  0.38526389    
 target season=          23 alphas=  0.36622277    
 target season=          23 alphas=  0.39350617    
 target season=          23 alphas=  0.38867280    
 target season=          23 alphas=  0.44164175    
 target season=          23 alphas=  0.52641892    
 target season=          23 alphas=  0.50340128    
 target season=          23 alphas=  0.48292738    
 target season=          23 alphas=  0.55747384    
 target season=          23 alphas=  0.53356707    
 target season=          23 alphas=  0.51204830    
 target season=          23 alphas=  0.49253571    
 target season=          23 alphas=  0.53706133    
 target season=          23 alphas=  0.51471424    
 target season=          23 alphas=  0.49462175    
 target season=          24 alphas=  0.37743768    
 target season=          24 alphas=  0.37790802    
 target season=          24 alphas=  0.45183235    
 target season=          24 alphas=  0.42038020    
 target season=          24 alphas=  0.40622005    
 target season=          24 alphas=  0.37139222    
 target season=          24 alphas=  0.44878569    
 target season=          24 alphas=  0.50213277    
 target season=          24 alphas=  0.47808528    
 target season=          24 alphas=  0.50437433    
 target season=          24 alphas=  0.48110095    
 target season=          24 alphas=  0.49377987    
 target season=          24 alphas=  0.60948348    
 target season=          24 alphas=  0.58062124    
 target season=          24 alphas=  0.55552930    
 target season=          24 alphas=  0.53340709    
 target season=          24 alphas=  0.51367784    
 target season=          24 alphas=  0.49591240    
 target season=          24 alphas=  0.54221857    
 target season=          24 alphas=  0.52133852    
 target season=          24 alphas=  0.50250202    
 target season=          24 alphas=  0.48537818    
 target season=          24 alphas=  0.53336012    
 target season=          24 alphas=  0.51282597    
 target season=          24 alphas=  0.49430075    
 target season=          25 alphas=  0.36680284    
 target season=          25 alphas=  0.38926676    
 target season=          25 alphas=  0.41857395    
 target season=          25 alphas=  0.37214085    
 target season=          25 alphas=  0.29087237    
 target season=          25 alphas=  0.34079957    
 target season=          25 alphas=  0.50238478    
 target season=          25 alphas=  0.47598693    
 target season=          25 alphas=  0.46031633    
 target season=          25 alphas=  0.43057656    
 target season=          25 alphas=  0.50537634    
 target season=          25 alphas=  0.48512298    
 target season=          25 alphas=  0.43217859    
 target season=          25 alphas=  0.49468100    
 target season=          25 alphas=  0.58993047    
 target season=          25 alphas=  0.55930096    
 target season=          25 alphas=  0.53315043    
 target season=          25 alphas=  0.51038027    
 target season=          25 alphas=  0.49024886    
 target season=          26 alphas=  0.49766988    
 target season=          26 alphas=  0.42460129    
 target season=          26 alphas=  0.42397925    
 target season=          26 alphas=  0.43731058    
 target season=          26 alphas=  0.49342632    
 target season=          26 alphas=  0.51219189    
 target season=          26 alphas=  0.49170658    
 target season=          26 alphas=  0.52354753    
 target season=          26 alphas=  0.50419819    
 target season=          26 alphas=  0.48666552    
 target season=          26 alphas=  0.54942781    
 target season=          26 alphas=  0.52428722    
 target season=          26 alphas=  0.50201225    
 target season=          26 alphas=  0.48208937    
 target season=          26 alphas=  0.69026619    
 target season=          26 alphas=  0.65546930    
 target season=          26 alphas=  0.62472206    
 target season=          26 alphas=  0.59729207    
 target season=          26 alphas=  0.57261401    
 target season=          26 alphas=  0.55026966    
 target season=          26 alphas=  0.52990764    
 target season=          26 alphas=  0.51125824    
 target season=          26 alphas=  0.49409983    
 target season=          26 alphas=  0.77926975    
 target season=          26 alphas=  0.74349827    
 target season=          26 alphas=  0.71145010    
 target season=          26 alphas=  0.68253624    
 target season=          26 alphas=  0.65625829    
 target season=          26 alphas=  0.63223708    
 target season=          26 alphas=  0.61015493    
 target season=          26 alphas=  0.58977139    
 target season=          26 alphas=  0.57087725    
 target season=          26 alphas=  0.55329990    
 target season=          26 alphas=  0.53689367    
 target season=          26 alphas=  0.52153677    
 target season=          26 alphas=  0.50712293    
 target season=          26 alphas=  0.49356234    
 target season=          26 alphas=  0.80394471    
 target season=          26 alphas=  0.76727992    
 target season=          26 alphas=  0.73483968    
 target season=          26 alphas=  0.70581609    
 target season=          26 alphas=  0.67961496    
 target season=          26 alphas=  0.65578473    
 target season=          26 alphas=  0.63397413    
 target season=          26 alphas=  0.61390120    
 target season=          26 alphas=  0.59534252    
 target season=          26 alphas=  0.57810843    
 target season=          26 alphas=  0.56204814    
 target season=          26 alphas=  0.54702896    
 target season=          26 alphas=  0.53294271    
 target season=          26 alphas=  0.51969314    
 target season=          26 alphas=  0.50720245    
 target season=          26 alphas=  0.49539852    
 target season=          26 alphas=  0.75523144    
 target season=          26 alphas=  0.71964276    
 target season=          26 alphas=  0.68890917    
 target season=          26 alphas=  0.66189414    
 target season=          26 alphas=  0.63780618    
 target season=          26 alphas=  0.61609918    
 target season=          26 alphas=  0.59634954    
 target season=          26 alphas=  0.57825935    
 target season=          26 alphas=  0.56157565    
 target season=          26 alphas=  0.54611295    
 target season=          26 alphas=  0.53171533    
 target season=          26 alphas=  0.51825517    
 target season=          26 alphas=  0.50562567    
 target season=          26 alphas=  0.49373987    
 target season=          26 alphas=  0.63954383    
 target season=          26 alphas=  0.61045939    
 target season=          26 alphas=  0.58474791    
 target season=          26 alphas=  0.56176096    
 target season=          26 alphas=  0.54105479    
 target season=          26 alphas=  0.52225631    
 target season=          26 alphas=  0.50508726    
 target season=          26 alphas=  0.48931774    
 target season=          27 alphas=  0.35381076    
 target season=          27 alphas=  0.41816831    
 target season=          27 alphas=  0.50733274    
 target season=          27 alphas=  0.47963694    
 target season=          27 alphas=  0.47603640    
 target season=          27 alphas=  0.40234503    
 target season=          27 alphas=  0.42779592    
 target season=          27 alphas=  0.47390440    
 target season=          27 alphas=  0.48239440    
 target season=          27 alphas=  0.49725568    
 target season=          27 alphas=  0.47949085    
 target season=          27 alphas=  0.47117937    
 target season=          27 alphas=  0.43354049    
 target season=          27 alphas=  0.52923948    
 target season=          27 alphas=  0.50923163    
 target season=          27 alphas=  0.49119136    
 target season=          28 alphas=  0.56070405    
 target season=          28 alphas=  0.53491253    
 target season=          28 alphas=  0.51197237    
 target season=          28 alphas=  0.49137980    
 target season=          28 alphas=  0.47920394    
 target season=          28 alphas=  0.44916546    
 target season=          28 alphas=  0.44487414    
 target season=          28 alphas=  0.41077480    
 target season=          28 alphas=  0.44959325    
 target season=          28 alphas=  0.43715894    
 target season=          28 alphas=  0.43195999    
 target season=          28 alphas=  0.58933389    
 target season=          28 alphas=  0.55733430    
 target season=          28 alphas=  0.53030485    
 target season=          28 alphas=  0.50695145    
 target season=          28 alphas=  0.48642036    
 target season=          28 alphas=  0.60755461    
 target season=          28 alphas=  0.57470214    
 target season=          28 alphas=  0.54678941    
 target season=          28 alphas=  0.52260786    
 target season=          28 alphas=  0.50132221    
 target season=          28 alphas=  0.48235518    
 target season=          28 alphas=  0.52462208    
 target season=          28 alphas=  0.49951997    
 target season=          28 alphas=  0.45189941    
 target season=          28 alphas=  0.45219630    
 target season=          29 alphas=  0.39752001    
 target season=          29 alphas=  0.42367569    
 target season=          29 alphas=  0.47917131    
 target season=          29 alphas=  0.48018637    
 target season=          29 alphas=  0.41726580    
 target season=          29 alphas=  0.45533097    
 target season=          29 alphas=  0.43422788    
 target season=          29 alphas=  0.47098237    
 target season=          29 alphas=  0.52240711    
 target season=          29 alphas=  0.49780038    
 target season=          29 alphas=  0.47006986    
 target season=          29 alphas=  0.49507946    
 target season=          29 alphas=  0.51539147    
 target season=          29 alphas=  0.49342039    
 target season=          29 alphas=  0.49071851    
 target season=          30 alphas=  0.44874164    
 target season=          30 alphas=  0.43732852    
 target season=          30 alphas=  0.54315287    
 target season=          30 alphas=  0.51580590    
 target season=          30 alphas=  0.49241054    
 target season=          30 alphas=  0.52532721    
 target season=          30 alphas=  0.50250012    
 target season=          30 alphas=  0.48207378    
 target season=          30 alphas=  0.62477851    
 target season=          30 alphas=  0.59579742    
 target season=          30 alphas=  0.56983590    
 target season=          30 alphas=  0.54638726    
 target season=          30 alphas=  0.52507222    
 target season=          30 alphas=  0.50557262    
 target season=          30 alphas=  0.48765180    
 target season=          30 alphas=  0.58723718    
 target season=          30 alphas=  0.56137401    
 target season=          30 alphas=  0.53811139    
 target season=          30 alphas=  0.51703548    
 target season=          30 alphas=  0.49782190    
 target season=          30 alphas=  0.56407946    
 target season=          30 alphas=  0.53532493    
 target season=          30 alphas=  0.50995839    
 target season=          30 alphas=  0.48738790    
 target season=          30 alphas=  0.65954006    
 target season=          30 alphas=  0.62502706    
 target season=          30 alphas=  0.59528923    
 target season=          30 alphas=  0.56923634    
 target season=          30 alphas=  0.54611140    
 target season=          30 alphas=  0.52538007    
 target season=          30 alphas=  0.50663167    
 target season=          30 alphas=  0.48956093    
 target season=          30 alphas=  0.57931864    
 target season=          30 alphas=  0.55510056    
 target season=          30 alphas=  0.53371662    
 target season=          30 alphas=  0.51460397    
 target season=          30 alphas=  0.49735934    
 target season=          30 alphas=  0.63968283    
 target season=          30 alphas=  0.61230320    
 target season=          30 alphas=  0.58806765    
 target season=          30 alphas=  0.56635302    
 target season=          30 alphas=  0.54671103    
 target season=          30 alphas=  0.52880800    
 target season=          30 alphas=  0.51238000    
 target season=          30 alphas=  0.49722043    
 target season=          30 alphas=  0.73480427    
 target season=          30 alphas=  0.69661349    
 target season=          30 alphas=  0.66348141    
 target season=          30 alphas=  0.63435423    
 target season=          30 alphas=  0.60846508    
 target season=          30 alphas=  0.58523566    
 target season=          30 alphas=  0.56422716    
 target season=          30 alphas=  0.54510421    
 target season=          30 alphas=  0.52759475    
 target season=          30 alphas=  0.51148069    
 target season=          30 alphas=  0.49658191    
 target season=          30 alphas=  0.73058075    
 target season=          30 alphas=  0.69315356    
 target season=          30 alphas=  0.66058588    
 target season=          30 alphas=  0.63184011    
 target season=          30 alphas=  0.60615599    
 target season=          30 alphas=  0.58300018    
 target season=          30 alphas=  0.56196201    
 target season=          30 alphas=  0.54272640    
 target season=          30 alphas=  0.52504134    
 target season=          30 alphas=  0.50870287    
 target season=          30 alphas=  0.49354786    
 target season=          30 alphas=  0.63728100    
 target season=          30 alphas=  0.60475743    
 target season=          30 alphas=  0.57671076    
 target season=          30 alphas=  0.55213112    
 target season=          30 alphas=  0.53031319    
 target season=          30 alphas=  0.51074362    
 target season=          30 alphas=  0.49304292    
 target season=          31 alphas=  0.36158225    
 target season=          31 alphas=  0.37302029    
 target season=          31 alphas=  0.35692707    
 target season=          31 alphas=  0.42430729    
 target season=          31 alphas=  0.48964468    
 target season=          31 alphas=  0.44807601    
 target season=          31 alphas=  0.44802547    
 target season=          31 alphas=  0.53344643    
 target season=          31 alphas=  0.51297402    
 target season=          31 alphas=  0.49459556    
 target season=          31 alphas=  0.63138825    
 target season=          31 alphas=  0.60193050    
 target season=          31 alphas=  0.57639295    
 target season=          31 alphas=  0.55391484    
 target season=          31 alphas=  0.53387070    
 target season=          31 alphas=  0.51582044    
 target season=          31 alphas=  0.49942502    
 target season=          31 alphas=  0.74747181    
 target season=          31 alphas=  0.71529639    
 target season=          31 alphas=  0.68639147    
 target season=          31 alphas=  0.66020232    
 target season=          31 alphas=  0.63632256    
 target season=          31 alphas=  0.61442268    
 target season=          31 alphas=  0.59422880    
 target season=          31 alphas=  0.57553154    
 target season=          31 alphas=  0.55814922    
 target season=          31 alphas=  0.54193681    
 target season=          31 alphas=  0.52676314    
 target season=          31 alphas=  0.51252592    
 target season=          31 alphas=  0.49913052    
 target season=          31 alphas=  0.76138985    
 target season=          31 alphas=  0.72177076    
 target season=          31 alphas=  0.68692106    
 target season=          31 alphas=  0.65594935    
 target season=          31 alphas=  0.62820232    
 target season=          31 alphas=  0.60315979    
 target season=          31 alphas=  0.58040929    
 target season=          31 alphas=  0.55962604    
 target season=          31 alphas=  0.54054391    
 target season=          31 alphas=  0.52294779    
 target season=          31 alphas=  0.50665367    
 target season=          31 alphas=  0.49151158    
 target season=          31 alphas=  0.59171331    
 target season=          31 alphas=  0.56296384    
 target season=          31 alphas=  0.53785133    
 target season=          31 alphas=  0.51565367    
 target season=          31 alphas=  0.49581933    
 target season=          31 alphas=  0.63422465    
 target season=          31 alphas=  0.60133618    
 target season=          31 alphas=  0.57265288    
 target season=          31 alphas=  0.54735070    
 target season=          31 alphas=  0.52479994    
 target season=          31 alphas=  0.50455099    
 target season=          31 alphas=  0.48622426    
 target season=          32 alphas=  0.43611950    
 target season=          32 alphas=  0.52665257    
 target season=          32 alphas=  0.50518715    
 target season=          32 alphas=  0.48628584    
 target season=          32 alphas=  0.59331977    
 target season=          32 alphas=  0.57000464    
 target season=          32 alphas=  0.54920685    
 target season=          32 alphas=  0.53049839    
 target season=          32 alphas=  0.51354116    
 target season=          32 alphas=  0.49807197    
 target season=          32 alphas=  0.69885105    
 target season=          32 alphas=  0.67188430    
 target season=          32 alphas=  0.64780885    
 target season=          32 alphas=  0.62611324    
 target season=          32 alphas=  0.60642856    
 target season=          32 alphas=  0.58843493    
 target season=          32 alphas=  0.57189023    
 target season=          32 alphas=  0.55660731    
 target season=          32 alphas=  0.54242349    
 target season=          32 alphas=  0.52920651    
 target season=          32 alphas=  0.51684976    
 target season=          32 alphas=  0.50525582    
 target season=          32 alphas=  0.49435046    
 target season=          32 alphas=  0.73411286    
 target season=          32 alphas=  0.70442176    
 target season=          32 alphas=  0.67804390    
 target season=          32 alphas=  0.65432745    
 target season=          32 alphas=  0.63283533    
 target season=          32 alphas=  0.61321104    
 target season=          32 alphas=  0.59518057    
 target season=          32 alphas=  0.57852948    
 target season=          32 alphas=  0.56308490    
 target season=          32 alphas=  0.54869515    
 target season=          32 alphas=  0.53524226    
 target season=          32 alphas=  0.52262539    
 target season=          32 alphas=  0.51075840    
 target season=          32 alphas=  0.49956766    
 target season=          32 alphas=  0.70428503    
 target season=          32 alphas=  0.67172039    
 target season=          32 alphas=  0.64271158    
 target season=          32 alphas=  0.61666977    
 target season=          32 alphas=  0.59313071    
 target season=          32 alphas=  0.57171118    
 target season=          32 alphas=  0.55212420    
 target season=          32 alphas=  0.53412259    
 target season=          32 alphas=  0.51751179    
 target season=          32 alphas=  0.50212210    
 target season=          32 alphas=  0.48781475    
 target season=          32 alphas=  0.69111842    
 target season=          32 alphas=  0.65825748    
 target season=          32 alphas=  0.62905407    
 target season=          32 alphas=  0.60287702    
 target season=          32 alphas=  0.57925588    
 target season=          32 alphas=  0.55780572    
 target season=          32 alphas=  0.53822047    
 target season=          32 alphas=  0.52025235    
 target season=          32 alphas=  0.50369829    
 target season=          32 alphas=  0.48838353    
 target season=          32 alphas=  0.62476128    
 target season=          32 alphas=  0.59452331    
 target season=          32 alphas=  0.56775093    
 target season=          32 alphas=  0.54380971    
 target season=          32 alphas=  0.52224344    
 target season=          32 alphas=  0.50268620    
 target season=          32 alphas=  0.48484221    
 target season=          32 alphas=  0.53137100    
 target season=          32 alphas=  0.50922924    
 target season=          32 alphas=  0.48937544    
 target season=          32 alphas=  0.52566123    
 target season=          32 alphas=  0.50355029    
 target season=          32 alphas=  0.48385867    
 target season=          32 alphas=  0.55704010    
 target season=          32 alphas=  0.53432930    
 target season=          32 alphas=  0.51406240    
 target season=          32 alphas=  0.49582934    
 target season=          32 alphas=  0.56105483    
 target season=          32 alphas=  0.53814399    
 target season=          32 alphas=  0.51769376    
 target season=          32 alphas=  0.49926281    
 target season=          32 alphas=  0.65568227    
 target season=          32 alphas=  0.62508535    
 target season=          32 alphas=  0.59811389    
 target season=          32 alphas=  0.57408327    
 target season=          32 alphas=  0.55248553    
 target season=          32 alphas=  0.53292930    
 target season=          32 alphas=  0.51510990    
 target season=          32 alphas=  0.49877396    
 target season=          33 alphas=  0.52822018    
 target season=          33 alphas=  0.50429285    
 target season=          33 alphas=  0.48333690    
 target season=          33 alphas=  0.46448967    
 target season=          33 alphas=  0.47474113    
 target season=          33 alphas=  0.52290016    
 target season=          33 alphas=  0.49951056    
 target season=          33 alphas=  0.48455703    
 target season=          33 alphas=  0.40340865    
 target season=          33 alphas=  0.45872670    
 target season=          33 alphas=  0.50172907    
 target season=          33 alphas=  0.48242313    
 target season=          33 alphas=  0.45848259    
 target season=          33 alphas=  0.58248305    
 target season=          33 alphas=  0.55446041    
 target season=          33 alphas=  0.52972603    
 target season=          33 alphas=  0.50766915    
 target season=          33 alphas=  0.48784742    
 target season=          33 alphas=  0.51825225    
 target season=          33 alphas=  0.49476564    
 target season=          33 alphas=  0.65976441    
 target season=          33 alphas=  0.62739217    
 target season=          33 alphas=  0.59903693    
 target season=          33 alphas=  0.57389307    
 target season=          33 alphas=  0.55135792    
 target season=          33 alphas=  0.53098959    
 target season=          33 alphas=  0.51244330    
 target season=          33 alphas=  0.49545899    
 target season=          33 alphas=  0.64512157    
 target season=          33 alphas=  0.61431611    
 target season=          33 alphas=  0.58712143    
 target season=          33 alphas=  0.56289893    
 target season=          33 alphas=  0.54113740    
 target season=          33 alphas=  0.52144104    
 target season=          33 alphas=  0.50350428    
 target season=          33 alphas=  0.48707369    
 target season=          34 alphas=  0.51500189    
 target season=          34 alphas=  0.48583761    
 target season=          34 alphas=  0.54387563    
 target season=          34 alphas=  0.51262110    
 target season=          34 alphas=  0.48571026    
 target season=          34 alphas=  0.56240118    
 target season=          34 alphas=  0.53273141    
 target season=          34 alphas=  0.50706935    
 target season=          34 alphas=  0.48458633    
 target season=          34 alphas=  0.55666929    
 target season=          34 alphas=  0.52161926    
 target season=          34 alphas=  0.49256405    
 target season=          34 alphas=  0.62026072    
 target season=          34 alphas=  0.58015352    
 target season=          34 alphas=  0.54593968    
 target season=          34 alphas=  0.51636112    
 target season=          34 alphas=  0.49050447    
 target season=          34 alphas=  0.58337569    
 target season=          34 alphas=  0.55150759    
 target season=          34 alphas=  0.52372062    
 target season=          34 alphas=  0.49920571    
 target season=          34 alphas=  0.55537087    
 target season=          34 alphas=  0.52815360    
 target season=          34 alphas=  0.50405538    
 target season=          34 alphas=  0.48251426    
 target season=          34 alphas=  0.60078752    
 target season=          34 alphas=  0.57089257    
 target season=          34 alphas=  0.54455745    
 target season=          34 alphas=  0.52110124    
 target season=          34 alphas=  0.50003237    
 target season=          34 alphas=  0.48096964    
 target season=          34 alphas=  0.63340235    
 target season=          34 alphas=  0.60078996    
 target season=          34 alphas=  0.57225668    
 target season=          34 alphas=  0.54701614    
 target season=          34 alphas=  0.52448243    
 target season=          34 alphas=  0.50420362    
 target season=          34 alphas=  0.48582560    
 target season=          34 alphas=  0.68348974    
 target season=          34 alphas=  0.65384334    
 target season=          34 alphas=  0.62740642    
 target season=          34 alphas=  0.60359973    
 target season=          34 alphas=  0.58199871    
 target season=          34 alphas=  0.56225699    
 target season=          34 alphas=  0.54412419    
 target season=          34 alphas=  0.52737141    
 target season=          34 alphas=  0.51183522    
 target season=          34 alphas=  0.49736512    
 target season=          34 alphas=  0.68152660    
 target season=          34 alphas=  0.65007424    
 target season=          34 alphas=  0.62218690    
 target season=          34 alphas=  0.59721595    
 target season=          34 alphas=  0.57467240    
 target season=          34 alphas=  0.55417377    
 target season=          34 alphas=  0.53541875    
 target season=          34 alphas=  0.51817167    
 target season=          34 alphas=  0.50223398    
 target season=          34 alphas=  0.48744667    
 target season=          34 alphas=  0.55799550    
 target season=          34 alphas=  0.53491580    
 target season=          34 alphas=  0.51433194    
 target season=          34 alphas=  0.49580413    
 target season=          34 alphas=  0.43014741    
 target season=          35 alphas=  0.51007456    
 target season=          35 alphas=  0.47630301    
 target season=          35 alphas=  0.49873915    
 target season=          35 alphas=  0.53644389    
 target season=          35 alphas=  0.50865012    
 target season=          35 alphas=  0.48456258    
 target season=          35 alphas=  0.57683980    
 target season=          35 alphas=  0.54769766    
 target season=          35 alphas=  0.52297735    
 target season=          35 alphas=  0.50158817    
 target season=          35 alphas=  0.48279166    
 target season=          35 alphas=  0.53654653    
 target season=          35 alphas=  0.51090819    
 target season=          35 alphas=  0.48882324    
 target season=          35 alphas=  0.50758135    
 target season=          35 alphas=  0.48476103    
 target season=          35 alphas=  0.49772200    
 target season=          35 alphas=  0.50790972    
 target season=          35 alphas=  0.48372388    
 target season=          35 alphas=  0.58654636    
 target season=          35 alphas=  0.55479324    
 target season=          35 alphas=  0.52717763    
 target season=          35 alphas=  0.50285077    
 target season=          35 alphas=  0.48119637    
 target season=          35 alphas=  0.54490173    
 target season=          35 alphas=  0.52052325    
 target season=          35 alphas=  0.49912396    
 target season=          35 alphas=  0.77278739    
 target season=          35 alphas=  0.73447472    
 target season=          35 alphas=  0.70080513    
 target season=          35 alphas=  0.67089224    
 target season=          35 alphas=  0.64408225    
 target season=          35 alphas=  0.61985594    
 target season=          35 alphas=  0.59782577    
 target season=          35 alphas=  0.57767534    
 target season=          35 alphas=  0.55914760    
 target season=          35 alphas=  0.54203689    
 target season=          35 alphas=  0.52616829    
 target season=          35 alphas=  0.51139849    
 target season=          35 alphas=  0.49760702    
 target season=          35 alphas=  0.72841191    
 target season=          35 alphas=  0.69579083    
 target season=          35 alphas=  0.66687155    
 target season=          35 alphas=  0.64100140    
 target season=          35 alphas=  0.61766911    
 target season=          35 alphas=  0.59648591    
 target season=          35 alphas=  0.57713389    
 target season=          35 alphas=  0.55936444    
 target season=          35 alphas=  0.54296428    
 target season=          35 alphas=  0.52776766    
 target season=          35 alphas=  0.51362723    
 target season=          35 alphas=  0.50042576    
 target season=          35 alphas=  0.48806071    
 target season=          35 alphas=  0.78181207    
 target season=          35 alphas=  0.74134296    
 target season=          35 alphas=  0.70618832    
 target season=          35 alphas=  0.67526358    
 target season=          35 alphas=  0.64777339    
 target season=          35 alphas=  0.62311125    
 target season=          35 alphas=  0.60081452    
 target season=          35 alphas=  0.58052355    
 target season=          35 alphas=  0.56194621    
 target season=          35 alphas=  0.54484916    
 target season=          35 alphas=  0.52904117    
 target season=          35 alphas=  0.51436377    
 target season=          35 alphas=  0.50068569    
 target season=          35 alphas=  0.48789594    
 ldwk=           1   number of prd write out=         455
 ldwk=           2   number of prd write out=         455
 ldwk=           3   number of prd write out=         455
 ldwk=           4   number of prd write out=         455
 ldwk=           5   number of prd write out=         455
 ldwk=           6   number of prd write out=         455
 end of excution
