 it=          46
 time length of data =          21
 it=          98
 time length of data =          42
 it=         150
 time length of data =          63
 it=         202
 time length of data =          84
 it=         254
 time length of data =         105
 it=         306
 time length of data =         126
 it=         358
 time length of data =         147
 it=         410
 time length of data =         168
 it=         462
 time length of data =         189
 it=         514
 time length of data =         210
 it=         566
 time length of data =         231
 it=         618
 time length of data =         252
 it=         670
 time length of data =         273
 it=         722
 time length of data =         294
 it=         774
 time length of data =         315
 it=         826
 time length of data =         336
 it=         878
 time length of data =         357
 it=         930
 time length of data =         378
 it=         982
 time length of data =         399
 it=        1034
 time length of data =         420
 it=        1086
 time length of data =         441
 it=        1138
 time length of data =         462
 it=        1190
 time length of data =         483
 it=        1242
 time length of data =         504
 it=        1294
 time length of data =         525
 it=        1346
 time length of data =         546
 it=        1398
 time length of data =         567
 it=        1450
 time length of data =         588
 it=        1502
 time length of data =         609
 it=        1554
 time length of data =         630
 it=        1606
 time length of data =         651
 it=        1658
 time length of data =         672
 it=        1710
 time length of data =         693
 it=        1762
 time length of data =         714
 length of input data to EOF calculation=         578
 eval=
  0.1355  0.1155  0.0809  0.0631  0.0621  0.0563
  0.0493  0.0372  0.0355  0.0318  0.0275  0.0259
  0.0211  0.0210  0.0181  0.0169  0.0159  0.0136
  0.0133  0.0109  0.0103  0.0098  0.0087  0.0084
  0.0069  0.0067  0.0062  0.0059  0.0053  0.0046
  0.0044  0.0038  0.0036  0.0034  0.0033  0.0031
  0.0028  0.0027  0.0024  0.0021  0.0021  0.0021
  0.0018  0.0017  0.0016  0.0015  0.0014  0.0013
  0.0012  0.0012  0.0011  0.0011  0.0010  0.0010
  0.0009  0.0008  0.0008  0.0008  0.0007  0.0007
  0.0007  0.0006  0.0006  0.0006  0.0005  0.0005
  0.0005  0.0005  0.0005  0.0004  0.0004  0.0004
  0.0004  0.0004  0.0004  0.0004  0.0003  0.0003
  0.0003  0.0003  0.0003  0.0003  0.0003  0.0003
  0.0002  0.0002  0.0002  0.0002  0.0002  0.0002
  0.0002  0.0002  0.0002  0.0002  0.0002  0.0002
  0.0002  0.0002  0.0002  0.0002  0.0001  0.0001
  0.0001  0.0001  0.0001  0.0001  0.0001  0.0001
  0.0001  0.0001  0.0001  0.0001  0.0001  0.0001
  0.0001  0.0001  0.0001  0.0001  0.0001  0.0001
  0.0001  0.0001  0.0001  0.0001  0.0001  0.0001
  0.0001  0.0001  0.0001  0.0001  0.0001  0.0001
  0.0001  0.0001  0.0001  0.0001  0.0001  0.0001
  0.0001  0.0001  0.0001  0.0000  0.0000  0.0000
  0.0000  0.0000  0.0000  0.0000  0.0000  0.0000
  0.0000  0.0000  0.0000  0.0000  0.0000  0.0000
  0.0000  0.0000  0.0000  0.0000  0.0000  0.0000
  0.0000  0.0000  0.0000  0.0000  0.0000  0.0000
  0.0000  0.0000  0.0000  0.0000  0.0000  0.0000
  0.0000  0.0000  0.0000  0.0000  0.0000  0.0000
  0.0000  0.0000  0.0000  0.0000  0.0000  0.0000
  0.0000  0.0000  0.0000  0.0000  0.0000  0.0000
  0.0000  0.0000  0.0000  0.0000  0.0000  0.0000
  0.0000  0.0000  0.0000  0.0000  0.0000  0.0000
  0.0000  0.0000  0.0000  0.0000  0.0000  0.0000
  0.0000  0.0000  0.0000  0.0000  0.0000  0.0000
  0.0000  0.0000  0.0000  0.0000  0.0000  0.0000
  0.0000  0.0000  0.0000  0.0000  0.0000  0.0000
  0.0000  0.0000  0.0000  0.0000  0.0000  0.0000
  0.0000  0.0000  0.0000  0.0000  0.0000  0.0000
  0.0000  0.0000  0.0000  0.0000  0.0000  0.0000
  0.0000  0.0000  0.0000  0.0000  0.0000  0.0000
  0.0000  0.0000  0.0000  0.0000  0.0000  0.0000
  0.0000  0.0000  0.0000  0.0000  0.0000  0.0000
  0.0000  0.0000  0.0000  0.0000  0.0000  0.0000
  0.0000  0.0000  0.0000  0.0000  0.0000  0.0000
  0.0000  0.0000  0.0000  0.0000  0.0000  0.0000
  0.0000  0.0000  0.0000  0.0000  0.0000  0.0000
  0.0000  0.0000  0.0000  0.0000  0.0000  0.0000
  0.0000  0.0000  0.0000  0.0000  0.0000  0.0000
  0.0000  0.0000  0.0000  0.0000  0.0000  0.0000
  0.0000  0.0000  0.0000  0.0000  0.0000  0.0000
  0.0000  0.0000  0.0000  0.0000  0.0000  0.0000
  0.0000  0.0000  0.0000  0.0000  0.0000  0.0000
  0.0000  0.0000  0.0000  0.0000  0.0000  0.0000
  0.0000  0.0000  0.0000  0.0000  0.0000  0.0000
  0.0000  0.0000  0.0000  0.0000  0.0000  0.0000
  0.0000  0.0000  0.0000  0.0000  0.0000  0.0000
  0.0000  0.0000  0.0000  0.0000  0.0000  0.0000
  0.0000  0.0000  0.0000  0.0000  0.0000  0.0000
  0.0000  0.0000  0.0000  0.0000  0.0000  0.0000
  0.0000  0.0000  0.0000  0.0000  0.0000  0.0000
  0.0000  0.0000  0.0000  0.0000  0.0000  0.0000
  0.0000  0.0000  0.0000  0.0000  0.0000  0.0000
  0.0000  0.0000  0.0000  0.0000  0.0000  0.0000
  0.0000  0.0000  0.0000  0.0000  0.0000  0.0000
  0.0000  0.0000  0.0000  0.0000  0.0000  0.0000
  0.0000  0.0000  0.0000  0.0000  0.0000  0.0000
  0.0000  0.0000  0.0000  0.0000  0.0000  0.0000
  0.0000  0.0000  0.0000  0.0000  0.0000  0.0000
  0.0000  0.0000  0.0000  0.0000  0.0000  0.0000
  0.0000  0.0000  0.0000  0.0000  0.0000  0.0000
  0.0000  0.0000  0.0000  0.0000  0.0000  0.0000
  0.0000  0.0000  0.0000  0.0000  0.0000  0.0000
  0.0000  0.0000  0.0000  0.0000  0.0000  0.0000
  0.0000  0.0000  0.0000  0.0000  0.0000  0.0000
  0.0000  0.0000  0.0000  0.0000  0.0000  0.0000
  0.0000  0.0000  0.0000  0.0000  0.0000  0.0000
  0.0000  0.0000  0.0000  0.0000  0.0000  0.0000
  0.0000  0.0000  0.0000  0.0000  0.0000  0.0000
  0.0000  0.0000  0.0000  0.0000  0.0000  0.0000
  0.0000  0.0000  0.0000  0.0000  0.0000  0.0000
  0.0000  0.0000  0.0000  0.0000  0.0000  0.0000
  0.0000  0.0000  0.0000  0.0000  0.0000  0.0000
  0.0000  0.0000  0.0000  0.0000  0.0000  0.0000
  0.0000  0.0000  0.0000  0.0000  0.0000  0.0000
  0.0000  0.0000  0.0000  0.0000  0.0000  0.0000
  0.0000  0.0000  0.0000  0.0000  0.0000  0.0000
  0.0000  0.0000  0.0000  0.0000  0.0000  0.0000
  0.0000  0.0000  0.0000  0.0000  0.0000  0.0000
  0.0000  0.0000  0.0000  0.0000  0.0000  0.0000
  0.0000  0.0000  0.0000  0.0000  0.0000  0.0000
  0.0000  0.0000  0.0000  0.0000  0.0000  0.0000
  0.0000  0.0000  0.0000  0.0000  0.0000  0.0000
  0.0000  0.0000  0.0000  0.0000  0.0000  0.0000
  0.0000  0.0000  0.0000  0.0000  0.0000  0.0000
  0.0000  0.0000  0.0000  0.0000  0.0000  0.0000
  0.0000  0.0000  0.0000  0.0000  0.0000  0.0000
  0.0000  0.0000  0.0000  0.0000  0.0000  0.0000
  0.0000  0.0000  0.0000  0.0000  0.0000  0.0000
  0.0000  0.0000  0.0000  0.0000  0.0000  0.0000
  0.0000  0.0000  0.0000  0.0000  0.0000  0.0000
  0.0000  0.0000  0.0000  0.0000  0.0000  0.0000
  0.0000  0.0000  0.0000  0.0000  0.0000  0.0000
  0.0000  0.0000  0.0000  0.0000  0.0000  0.0000
  0.0000  0.0000  0.0000  0.0000 -0.0000 -0.0000
 -0.0000 -0.0000 -0.0000 -0.0000 -0.0000 -0.0000
 -0.0000 -0.0000 -0.0000 -0.0000 -0.0000 -0.0000
 -0.0000 -0.0000 -0.0000 -0.0000 -0.0000 -0.0000
 -0.0000 -0.0000 -0.0000 -0.0000 -0.0000 -0.0000
 -0.0000 -0.0000 -0.0000 -0.0000 -0.0000 -0.0000
 -0.0000 -0.0000 -0.0000 -0.0000 -0.0000 -0.0000
 -0.0000 -0.0000 -0.0000 -0.0000 -0.0000 -0.0000
 -0.0000 -0.0000 -0.0000 -0.0000 -0.0000 -0.0000
 -0.0000 -0.0000 -0.0000 -0.0000 -0.0000 -0.0000
 -0.0000 -0.0000 -0.0000 -0.0000 -0.0000 -0.0000
 -0.0000 -0.0000 -0.0000 -0.0000 -0.0000 -0.0000
 -0.0000 -0.0000 -0.0000 -0.0000 -0.0000 -0.0000
 -0.0000 -0.0000 -0.0000 -0.0000 -0.0000 -0.0000
 alpha2=  3.55491117E-02
 alpha2=  8.53183195E-02
 alpha2=  6.58194423E-02
 alpha2=  4.77307290E-02
 alpha2=  4.69777174E-02
 alpha2=  6.09018989E-02
 alpha2=  4.35499735E-02
 alpha2=  4.19486873E-02
 alpha2=  4.91851047E-02
 alpha2=  4.49855663E-02
 alpha2=  3.73010486E-02
 alpha2=  8.81454274E-02
 alpha2=  4.58599105E-02
 alpha2=  2.99166739E-02
 alpha2=  4.79578041E-02
 alpha2=  2.99476776E-02
 alpha2=  3.34844813E-02
 alpha2=  3.02037653E-02
 alpha2=  4.60096747E-02
 alpha2=  2.87791826E-02
 alpha2=  6.42616376E-02
 alpha2=  5.06211929E-02
 alpha2=  4.12183627E-02
 alpha2=  5.24576418E-02
 alpha2=  3.99318635E-02
 alpha2=  4.06673439E-02
 alpha2=  4.40171435E-02
 alpha2=  4.69576418E-02
 alpha2=  4.53944840E-02
 alpha2=  4.53408509E-02
 alpha2=  5.52490801E-02
 alpha2=  3.98643985E-02
 alpha2=  4.60614115E-02
 alpha2=  6.25255108E-02
 alpha2=  3.83482017E-02
 alpha2=  3.19316648E-02
 alpha2=  2.67608147E-02
 alpha2=  6.74680248E-02
 alpha2=  4.18669730E-02
 alpha2=  3.00171636E-02
 alpha2=  6.64240047E-02
 alpha2=  7.09373280E-02
 alpha2=  4.71354797E-02
 alpha2=  6.66180849E-02
 alpha2=  6.37459904E-02
 alpha2=  2.70907339E-02
 alpha2=  5.04142009E-02
 alpha2=  4.28522341E-02
 alpha2=  5.17779998E-02
 alpha2=  3.85179110E-02
 alpha2=  3.70480381E-02
 alpha2=  3.85533571E-02
 alpha2=  2.77134329E-02
 alpha2=  4.58023213E-02
 alpha2=  4.56188358E-02
 alpha2=  3.83419059E-02
 alpha2=  5.19679300E-02
 alpha2=  4.07667719E-02
 alpha2=  5.85065633E-02
 alpha2=  4.58200611E-02
 alpha2=  4.40978743E-02
 alpha2=  6.60340786E-02
 alpha2=  5.85148335E-02
 alpha2=  6.71739057E-02
 alpha2=  6.87488317E-02
 alpha2=  5.06900251E-02
 alpha2=  7.69000873E-02
 alpha2=  5.75598367E-02
 alpha2=  3.28953937E-02
 alpha2=  3.41750197E-02
 alpha2=  3.08539644E-02
 alpha2=  3.45283560E-02
 alpha2=  4.06678729E-02
 alpha2=  5.12993261E-02
 alpha2=  6.76633343E-02
 alpha2=  4.28132601E-02
 alpha2=  3.87981236E-02
 alpha2=  5.29500283E-02
 alpha2=  6.16809167E-02
 alpha2=  5.80633730E-02
 alpha2=  3.89491022E-02
 alpha2=  5.16559072E-02
 alpha2=  3.27514187E-02
 alpha2=  4.26447801E-02
 alpha2=  5.21456189E-02
 alpha2=  3.45151834E-02
 alpha2=  2.96028648E-02
 alpha2=  3.20500992E-02
 alpha2=  3.76250222E-02
 alpha2=  5.25100864E-02
 alpha2=  7.34385476E-02
 alpha2=  6.15723357E-02
 alpha2=  6.15579747E-02
 alpha2=  5.74971735E-02
 alpha2=  5.04506603E-02
 alpha2=  6.50039092E-02
 alpha2=  7.19908401E-02
 alpha2=  7.03436285E-02
 alpha2=  7.47235566E-02
 alpha2=  4.74277847E-02
 alpha2=  5.16018607E-02
 alpha2=  5.22535928E-02
 alpha2=  6.68659732E-02
 alpha2=  5.58887050E-02
 alpha2=  6.78193644E-02
 alpha2=  7.36033246E-02
 alpha2=  6.36728555E-02
 alpha2=  4.09146324E-02
 alpha2=  4.86915037E-02
 alpha2=  4.88567911E-02
 alpha2=  3.15388702E-02
 alpha2=  4.59865741E-02
 alpha2=  4.38060127E-02
 alpha2=  6.92312866E-02
 alpha2=  6.28980324E-02
 alpha2=  4.47503924E-02
 alpha2=  7.13266879E-02
 alpha2=  6.29668981E-02
 alpha2=  5.47765233E-02
 alpha2=  5.50079420E-02
 alpha2=  3.29445563E-02
 alpha2=  3.45484912E-02
 alpha2=  3.17425095E-02
 alpha2=  6.89302832E-02
 alpha2=  6.66322261E-02
 alpha2=  4.81209531E-02
 alpha2=  2.91815177E-02
 alpha2=  4.62238081E-02
 alpha2=  5.71265183E-02
 alpha2=  6.66105747E-02
 alpha2=  4.96017113E-02
 alpha2=  3.74327339E-02
 alpha2=  3.60850506E-02
 alpha2=  4.91403341E-02
 alpha2=  9.42864716E-02
 alpha2=  4.36676182E-02
 alpha2=  4.49084826E-02
 alpha2=  5.10767698E-02
 alpha2=  4.20162156E-02
 alpha2=  3.83045599E-02
 alpha2=  4.34544906E-02
 alpha2=  5.89185469E-02
 alpha2=  4.82088029E-02
 alpha2=  5.43286204E-02
 alpha2=  5.33417910E-02
 alpha2=  4.31552194E-02
 alpha2=  5.85116409E-02
 alpha2=  4.63183448E-02
 alpha2=  3.39464583E-02
 alpha2=  4.83171232E-02
 alpha2=  6.70378804E-02
 alpha2=  4.50478904E-02
 alpha2=  3.83464955E-02
 alpha2=  2.89772321E-02
 alpha2=  5.91177233E-02
 alpha2=  5.28391190E-02
 alpha2=  5.91879822E-02
 alpha2=  4.93096784E-02
 alpha2=  3.62426341E-02
 alpha2=  3.71010602E-02
 alpha2=  5.04603498E-02
 alpha2=  4.75361757E-02
 alpha2=  4.54974361E-02
 alpha2=  4.66196053E-02
 alpha2=  6.07113466E-02
 alpha2=  5.61558008E-02
 alpha2=  7.81333670E-02
 alpha2=  5.95491342E-02
 alpha2=  7.91812018E-02
 alpha2=  8.13266039E-02
 alpha2=  4.81925681E-02
 alpha2=  4.91993539E-02
 alpha2=  3.90641615E-02
 alpha2=  4.04670797E-02
 alpha2=  6.99360669E-02
 alpha2=  5.58745749E-02
 alpha2=  3.70885246E-02
 alpha2=  3.00936718E-02
 alpha2=  3.18187959E-02
 alpha2=  4.35944051E-02
 alpha2=  6.13981113E-02
 alpha2=  5.13045155E-02
 alpha2=  6.50533587E-02
 alpha2=  7.66323507E-02
 alpha2=  0.10358372    
 alpha2=  4.14787792E-02
 alpha2=  6.57470897E-02
 alpha2=  6.39955401E-02
 alpha2=  5.63129298E-02
 alpha2=  5.19597381E-02
 alpha2=  3.57228816E-02
 alpha2=  5.48198149E-02
 alpha2=  6.59493282E-02
 alpha2=  6.06953017E-02
 alpha2=  5.41251376E-02
 alpha2=  4.01773192E-02
 alpha2=  3.47351618E-02
 alpha2=  3.84171829E-02
 alpha2=  5.61849661E-02
 alpha2=  4.43736464E-02
 alpha2=  5.42786233E-02
 alpha2=  6.12022430E-02
 alpha2=  5.01560308E-02
 alpha2=  5.24415895E-02
 alpha2=  3.65426317E-02
 alpha2=  2.57151946E-02
 alpha2=  5.25711291E-02
 alpha2=  4.20326106E-02
 alpha2=  2.22052913E-02
 alpha2=  4.64075282E-02
 alpha2=  4.91567887E-02
 alpha2=  5.32868840E-02
 alpha2=  4.66934852E-02
 alpha2=  5.07769659E-02
 alpha2=  6.07838556E-02
 alpha2=  5.86641170E-02
 alpha2=  5.54358736E-02
 alpha2=  2.89139226E-02
 alpha2=  4.48092073E-02
 alpha2=  4.63284217E-02
 alpha2=  3.52841765E-02
 alpha2=  3.25150937E-02
 alpha2=  6.88481256E-02
 alpha2=  5.01501076E-02
 alpha2=  3.44065577E-02
 alpha2=  5.44284098E-02
 alpha2=  4.93895002E-02
 alpha2=  4.74036038E-02
 alpha2=  4.30433378E-02
 alpha2=  7.49462992E-02
 alpha2=  5.71607724E-02
 alpha2=  4.59045880E-02
 alpha2=  4.85656522E-02
 alpha2=  8.48606527E-02
 alpha2=  6.27019554E-02
 alpha2=  6.26326576E-02
 alpha2=  4.23646979E-02
 alpha2=  5.30183986E-02
 alpha2=  5.38411587E-02
 alpha2=  3.93575579E-02
 alpha2=  3.43923643E-02
 alpha2=  3.05882711E-02
 alpha2=  3.67003307E-02
 alpha2=  2.01918781E-02
 alpha2=  3.72454189E-02
 alpha2=  4.37188447E-02
 alpha2=  3.60007510E-02
 alpha2=  3.15000862E-02
 alpha2=  3.91406715E-02
 alpha2=  4.26699668E-02
 alpha2=  4.31682467E-02
 alpha2=  5.88541105E-02
 alpha2=  5.15429564E-02
 alpha2=  3.48788686E-02
 alpha2=  3.20191681E-02
 alpha2=  5.67334257E-02
 alpha2=  5.77389039E-02
 alpha2=  4.70084623E-02
 alpha2=  4.28784601E-02
 alpha2=  2.70712972E-02
 alpha2=  3.58085260E-02
 alpha2=  4.31363024E-02
 alpha2=  4.19381522E-02
 alpha2=  3.69126461E-02
 alpha2=  8.10356140E-02
 alpha2=  4.46426645E-02
 alpha2=  4.71786074E-02
 alpha2=  3.70624550E-02
 alpha2=  3.67359184E-02
 alpha2=  3.22461538E-02
 alpha2=  4.84127551E-02
 alpha2=  5.14522791E-02
 alpha2=  5.29110357E-02
 alpha2=  3.68057452E-02
 alpha2=  5.00073358E-02
 alpha2=  5.52200340E-02
 alpha2=  5.26893921E-02
 alpha2=  5.26575074E-02
 alpha2=  7.05739483E-02
 alpha2=  5.93014993E-02
 alpha2=  5.88370748E-02
 alpha2=  4.84900437E-02
 alpha2=  6.79752678E-02
 alpha2=  4.21292819E-02
 alpha2=  4.24894877E-02
 alpha2=  4.91131172E-02
 alpha2=  5.14142960E-02
 alpha2=  3.72969359E-02
 alpha2=  5.71549535E-02
 alpha2=  6.99828565E-02
 alpha2=  5.81047684E-02
 alpha2=  3.32506076E-02
 alpha2=  5.98891489E-02
 alpha2=  5.33930808E-02
 alpha2=  5.12239262E-02
 alpha2=  7.20969960E-02
 alpha2=  6.30522147E-02
 alpha2=  6.14701621E-02
 alpha2=  3.55965868E-02
 alpha2=  4.18722369E-02
 alpha2=  3.49365622E-02
 alpha2=  4.15613763E-02
 alpha2=  4.45222817E-02
 alpha2=  3.17471512E-02
 alpha2=  6.44270405E-02
 alpha2=  3.76011916E-02
 alpha2=  6.08439296E-02
 alpha2=  6.26609325E-02
 alpha2=  5.05343303E-02
 alpha2=  6.60408512E-02
 alpha2=  3.60939950E-02
 alpha2=  4.38774675E-02
 alpha2=  5.11109903E-02
 alpha2=  5.57412803E-02
 alpha2=  5.89690134E-02
 alpha2=  6.03772886E-02
 alpha2=  5.76124750E-02
 alpha2=  7.36069158E-02
 alpha2=  7.29548782E-02
 alpha2=  7.48729259E-02
 alpha2=  7.31218755E-02
 alpha2=  6.91402778E-02
 alpha2=  5.85460737E-02
 alpha2=  4.69156615E-02
 alpha2=  5.06579690E-02
 alpha2=  3.95199433E-02
 alpha2=  4.92237583E-02
 alpha2=  6.37956187E-02
 alpha2=  6.83404580E-02
 alpha2=  4.46374677E-02
 alpha2=  3.97130251E-02
 alpha2=  5.27024195E-02
 alpha2=  4.13776524E-02
 alpha2=  2.97596697E-02
 alpha2=  5.95035478E-02
 alpha2=  6.99659362E-02
 alpha2=  4.59647402E-02
 alpha2=  5.41239679E-02
 alpha2=  4.36174050E-02
 alpha2=  7.12679699E-02
 alpha2=  5.40037788E-02
 alpha2=  3.72795872E-02
 alpha2=  4.23232615E-02
 alpha2=  3.90619636E-02
 alpha2=  3.62187997E-02
 alpha2=  6.68989345E-02
 alpha2=  6.90130740E-02
 alpha2=  7.93742985E-02
 alpha2=  5.42953312E-02
 alpha2=  0.11349039    
 alpha2=  7.21811652E-02
 alpha2=  4.27453965E-02
 alpha2=  2.50038356E-02
 alpha2=  3.74589078E-02
 alpha2=  4.77540120E-02
 alpha2=  4.61745448E-02
 alpha2=  5.64017035E-02
 alpha2=  4.91083227E-02
 alpha2=  3.82306948E-02
 alpha2=  5.15758246E-02
 alpha2=  6.92979693E-02
 alpha2=  4.18552570E-02
 alpha2=  4.16560806E-02
 alpha2=  3.23552005E-02
 alpha2=  5.37230149E-02
 alpha2=  3.75351049E-02
 alpha2=  3.74809653E-02
 alpha2=  3.07934880E-02
 alpha2=  4.45990376E-02
 alpha2=  5.53255640E-02
 alpha2=  4.78234813E-02
 alpha2=  5.20035438E-02
 alpha2=  6.79001212E-02
 alpha2=  4.95099351E-02
 alpha2=  4.50502671E-02
 alpha2=  7.53183141E-02
 alpha2=  5.14529385E-02
 alpha2=  4.76557538E-02
 alpha2=  4.64530848E-02
 alpha2=  4.54854853E-02
 alpha2=  4.72467393E-02
 alpha2=  5.38637936E-02
 alpha2=  2.99874321E-02
 alpha2=  3.18153277E-02
 alpha2=  4.85030375E-02
 alpha2=  5.24687767E-02
 alpha2=  5.79070412E-02
 alpha2=  3.03194504E-02
 alpha2=  3.69488858E-02
 alpha2=  2.83211898E-02
 alpha2=  4.38756086E-02
 alpha2=  4.42487039E-02
 alpha2=  3.98493446E-02
 alpha2=  5.05836606E-02
 alpha2=  3.92794535E-02
 alpha2=  3.85057256E-02
 alpha2=  3.90990339E-02
 alpha2=  4.75576706E-02
 alpha2=  3.30097489E-02
 alpha2=  5.43159880E-02
 alpha2=  4.47889939E-02
 alpha2=  4.72377539E-02
 alpha2=  4.17436548E-02
 alpha2=  3.92981395E-02
 alpha2=  3.38492990E-02
 alpha2=  4.32208478E-02
 alpha2=  3.63704748E-02
 alpha2=  6.46295622E-02
 alpha2=  3.44411470E-02
 alpha2=  5.03772460E-02
 alpha2=  4.72646169E-02
 alpha2=  3.35429721E-02
 alpha2=  3.35055813E-02
 alpha2=  4.11104038E-02
 alpha2=  4.67535630E-02
 alpha2=  5.46686389E-02
 alpha2=  5.25916480E-02
 alpha2=  5.11482544E-02
 alpha2=  5.24171516E-02
 alpha2=  5.45632020E-02
 alpha2=  3.70379686E-02
 alpha2=  3.89006548E-02
 alpha2=  4.07797620E-02
 alpha2=  4.45404239E-02
 alpha2=  5.87773584E-02
 alpha2=  3.28682996E-02
 alpha2=  4.59300950E-02
 alpha2=  3.69504355E-02
 alpha2=  2.29756329E-02
 alpha2=  4.07676063E-02
 alpha2=  4.89910133E-02
 alpha2=  5.46974055E-02
 alpha2=  5.68925366E-02
 alpha2=  5.18847927E-02
 alpha2=  5.73369935E-02
 alpha2=  4.90638912E-02
 alpha2=  6.93918467E-02
 alpha2=  8.62649903E-02
 alpha2=  4.44401801E-02
 alpha2=  6.07183501E-02
 alpha2=  6.26243427E-02
 alpha2=  4.07024063E-02
 alpha2=  4.34225425E-02
 alpha2=  2.59102806E-02
 alpha2=  5.43081462E-02
 alpha2=  5.33674508E-02
 alpha2=  4.71295118E-02
 alpha2=  4.77520563E-02
 alpha2=  3.88864689E-02
 alpha2=  5.29026836E-02
 alpha2=  4.70543951E-02
 alpha2=  5.55855073E-02
 alpha2=  4.20247130E-02
 alpha2=  3.98653336E-02
 alpha2=  4.81945649E-02
 alpha2=  3.68653908E-02
 alpha2=  7.32544288E-02
 alpha2=  7.82417655E-02
 alpha2=  4.24520895E-02
 alpha2=  8.01331773E-02
 alpha2=  3.61546688E-02
 alpha2=  4.48793620E-02
 alpha2=  2.43362915E-02
 alpha2=  3.99256907E-02
 alpha2=  5.02406396E-02
 alpha2=  4.75651957E-02
 alpha2=  5.66824898E-02
 alpha2=  4.16674167E-02
 alpha2=  4.00620177E-02
 alpha2=  6.88209608E-02
 alpha2=  6.65908754E-02
 alpha2=  5.23006730E-02
 alpha2=  2.28758268E-02
 alpha2=  5.13592958E-02
 alpha2=  5.82926162E-02
 alpha2=  6.14222772E-02
 alpha2=  2.71163229E-02
 alpha2=  2.32519396E-02
 alpha2=  7.36442208E-02
 alpha2=  2.49137804E-02
 alpha2=  4.12195176E-02
 alpha2=  3.55635136E-02
 alpha2=  3.71713936E-02
 alpha2=  4.68675643E-02
 alpha2=  3.45814526E-02
 alpha2=  3.78343314E-02
 alpha2=  5.64975962E-02
 alpha2=  4.18809578E-02
 alpha2=  3.61046121E-02
 alpha2=  4.95262668E-02
 alpha2=  4.36531045E-02
 alpha2=  4.11841720E-02
 alpha2=  5.02903573E-02
 alpha2=  4.94465642E-02
 alpha2=  3.88402119E-02
 alpha2=  5.22683822E-02
 alpha2=  5.86924441E-02
 alpha2=  8.16719010E-02
 alpha2=  6.07958175E-02
 alpha2=  4.95137274E-02
 alpha2=  5.69871627E-02
 alpha2=  4.53767702E-02
 alpha2=  8.24602321E-02
 alpha2=  5.15396036E-02
 alpha2=  6.62095323E-02
 alpha2=  4.49338071E-02
 alpha2=  6.65944442E-02
 alpha2=  6.25331029E-02
 alpha2=  4.99785878E-02
 alpha2=  3.33362594E-02
 alpha2=  5.33670709E-02
 alpha2=  2.44587455E-02
 alpha2=  2.53970120E-02
 alpha2=  5.29292040E-02
 alpha2=  5.17207086E-02
 alpha2=  4.78881374E-02
 alpha2=  4.82058935E-02
 alpha2=  6.94195628E-02
 alpha2=  7.00832978E-02
 alpha2=  8.68154541E-02
 alpha2=  6.08483255E-02
 alpha2=  5.22575751E-02
 alpha2=  5.35306707E-02
 alpha2=  5.54520003E-02
 alpha2=  7.15225637E-02
 alpha2=  6.98032454E-02
 alpha2=  5.44063300E-02
 alpha2=  4.97519001E-02
 alpha2=  4.78914492E-02
 alpha2=  6.11084364E-02
 alpha2=  0.10075066    
 alpha2=  7.96299204E-02
 alpha2=  8.95630643E-02
 alpha2=  6.31101131E-02
 alpha2=  5.22167608E-02
 alpha2=  6.70123100E-02
 alpha2=  7.39224553E-02
 alpha2=  4.02677841E-02
 alpha2=  4.45545204E-02
 alpha2=  5.32499142E-02
 alpha2=  8.16775635E-02
 alpha2=  6.78492039E-02
 alpha2=  6.38556108E-02
 alpha2=  7.25369528E-02
 alpha2=  3.84289920E-02
 alpha2=  5.20744249E-02
 alpha2=  4.00239825E-02
 alpha2=  5.27129360E-02
 alpha2=  4.19228822E-02
 alpha2=  5.07133715E-02
 alpha2=  4.16249111E-02
 alpha2=  2.09713802E-02
 alpha2=  4.66628484E-02
 alpha2=  5.86600006E-02
 alpha2=  4.62334603E-02
 alpha2=  4.82811518E-02
 alpha2=  6.47832975E-02
 alpha2=  5.24843410E-02
 alpha2=  4.83674034E-02
 alpha2=  3.59273329E-02
 alpha2=  7.02716112E-02
 alpha2=  4.93601970E-02
 alpha2=  5.00335619E-02
 alpha2=  8.01062137E-02
 alpha2=  5.60427122E-02
 alpha2=  6.45338669E-02
 alpha2=  5.03013805E-02
 alpha2=  3.01226676E-02
 alpha2=  5.15032820E-02
 alpha2=  6.29974753E-02
 alpha2=  9.22785327E-02
 alpha2=  6.77889138E-02
 alpha2=  4.76849228E-02
 alpha2=  3.56623828E-02
 alpha2=  3.93609330E-02
 alpha2=  5.16304113E-02
 alpha2=  3.93778719E-02
 alpha2=  6.13418557E-02
 ldwk=           1   number of prd write out=         578
 ldwk=           2   number of prd write out=         578
 ldwk=           3   number of prd write out=         578
 ldwk=           4   number of prd write out=         578
 ldwk=           5   number of prd write out=         578
 ldwk=           6   number of prd write out=         578
 end of excution
