 it=          46
 time length of data =          21
 it=          98
 time length of data =          42
 it=         150
 time length of data =          63
 it=         202
 time length of data =          84
 it=         254
 time length of data =         105
 it=         306
 time length of data =         126
 it=         358
 time length of data =         147
 it=         410
 time length of data =         168
 it=         462
 time length of data =         189
 it=         514
 time length of data =         210
 it=         566
 time length of data =         231
 it=         618
 time length of data =         252
 it=         670
 time length of data =         273
 it=         722
 time length of data =         294
 it=         774
 time length of data =         315
 it=         826
 time length of data =         336
 it=         878
 time length of data =         357
 it=         930
 time length of data =         378
 it=         982
 time length of data =         399
 it=        1034
 time length of data =         420
 it=        1086
 time length of data =         441
 it=        1138
 time length of data =         462
 it=        1190
 time length of data =         483
 it=        1242
 time length of data =         504
 it=        1294
 time length of data =         525
 it=        1346
 time length of data =         546
 it=        1398
 time length of data =         567
 it=        1450
 time length of data =         588
 it=        1502
 time length of data =         609
 it=        1554
 time length of data =         630
 it=        1606
 time length of data =         651
 it=        1658
 time length of data =         672
 ldwk=           1   number of prd write out=         544
 ldwk=           2   number of prd write out=         544
 ldwk=           3   number of prd write out=         544
 ldwk=           4   number of prd write out=         544
 ldwk=           5   number of prd write out=         544
 ldwk=           6   number of prd write out=         544
 tsout=   1.9610258       2.1693497       2.2226133       2.2835326       2.4192839       2.5414889       2.6864579       2.7343647       2.7173281       2.6989248       2.6930261       2.5618038       2.4658315       2.3156331       2.1097455       2.1022158       1.9807334    
 tsout=   2.1693497       2.2226133       2.2835326       2.4192839       2.5414889       2.6864579       2.7343647       2.7173281       2.6989248       2.6930261       2.5618038       2.4658315       2.3156331       2.1097455       2.1022158       1.9807334       1.6739136    
 tsout=   2.2226133       2.2835326       2.4192839       2.5414889       2.6864579       2.7343647       2.7173281       2.6989248       2.6930261       2.5618038       2.4658315       2.3156331       2.1097455       2.1022158       1.9807334       1.6739136       1.5183481    
 tsout=   2.2835326       2.4192839       2.5414889       2.6864579       2.7343647       2.7173281       2.6989248       2.6930261       2.5618038       2.4658315       2.3156331       2.1097455       2.1022158       1.9807334       1.6739136       1.5183481       1.2676784    
 tsout=   2.4192839       2.5414889       2.6864579       2.7343647       2.7173281       2.6989248       2.6930261       2.5618038       2.4658315       2.3156331       2.1097455       2.1022158       1.9807334       1.6739136       1.5183481       1.2676784       1.0647279    
 tsout=   2.4803870       2.6139736       2.7104120       2.7258465       2.7081263       2.6959746       2.6274147       2.5138178       2.3907328       2.2126894       2.1059811       2.0414748       1.8273233       1.5961310       1.3930129       1.1662030      5.97324260E-02
 tsout= -0.94526303      -1.1741806     -0.80945802     -0.61167806     -0.75662339     -0.80570179     -0.84471840     -0.66108024     -0.53318906     -0.68640870     -0.71424645     -0.46850571     -0.35487562     -0.20500264      7.10960329E-02  1.41821373E-02 -9.67322737E-02
 tsout=  -1.1741806     -0.80945802     -0.61167806     -0.75662339     -0.80570179     -0.84471840     -0.66108024     -0.53318906     -0.68640870     -0.71424645     -0.46850571     -0.35487562     -0.20500264      7.10960329E-02  1.41821373E-02 -9.67322737E-02 -0.22200122    
 tsout= -0.80945802     -0.61167806     -0.75662339     -0.80570179     -0.84471840     -0.66108024     -0.53318906     -0.68640870     -0.71424645     -0.46850571     -0.35487562     -0.20500264      7.10960329E-02  1.41821373E-02 -9.67322737E-02 -0.22200122     -0.32321310    
 tsout= -0.61167806     -0.75662339     -0.80570179     -0.84471840     -0.66108024     -0.53318906     -0.68640870     -0.71424645     -0.46850571     -0.35487562     -0.20500264      7.10960329E-02  1.41821373E-02 -9.67322737E-02 -0.22200122     -0.32321310     -0.54587632    
 tsout= -0.75662339     -0.80570179     -0.84471840     -0.66108024     -0.53318906     -0.68640870     -0.71424645     -0.46850571     -0.35487562     -0.20500264      7.10960329E-02  1.41821373E-02 -9.67322737E-02 -0.22200122     -0.32321310     -0.54587632     -0.33288407    
 tsout= -0.78116256     -0.82521033     -0.75289929     -0.59713465     -0.60979891     -0.70032758     -0.59137607     -0.41169071     -0.27993914     -6.69533387E-02  4.26390655E-02 -4.12751287E-02 -0.15936682     -0.27260718     -0.43454471     -0.43938011     -0.75224203    
 tsout=  -1.1716002      -1.0569081      -1.0228629      -1.2868719      -1.4065113      -1.5412493      -1.4167868      -1.1153833     -0.79720962     -0.83215034     -0.79477715     -0.94327778     -0.93670893     -0.81225783     -0.80874431     -0.74507987     -0.78156590    
 tsout=  -1.0569081      -1.0228629      -1.2868719      -1.4065113      -1.5412493      -1.4167868      -1.1153833     -0.79720962     -0.83215034     -0.79477715     -0.94327778     -0.93670893     -0.81225783     -0.80874431     -0.74507987     -0.78156590     -0.90066808    
 tsout=  -1.0228629      -1.2868719      -1.4065113      -1.5412493      -1.4167868      -1.1153833     -0.79720962     -0.83215034     -0.79477715     -0.94327778     -0.93670893     -0.81225783     -0.80874431     -0.74507987     -0.78156590     -0.90066808     -0.97370291    
 tsout=  -1.2868719      -1.4065113      -1.5412493      -1.4167868      -1.1153833     -0.79720962     -0.83215034     -0.79477715     -0.94327778     -0.93670893     -0.81225783     -0.80874431     -0.74507987     -0.78156590     -0.90066808     -0.97370291     -0.72046453    
 tsout=  -1.4065113      -1.5412493      -1.4167868      -1.1153833     -0.79720962     -0.83215034     -0.79477715     -0.94327778     -0.93670893     -0.81225783     -0.80874431     -0.74507987     -0.78156590     -0.90066808     -0.97370291     -0.72046453     -0.74836713    
 tsout=  -1.4738805      -1.4790176      -1.2660846     -0.95629609     -0.81467968     -0.81346363     -0.86902732     -0.93999320     -0.87448317     -0.81050092     -0.77691197     -0.76332301     -0.84111726     -0.93718553     -0.84708405     -0.73441595     -0.61406857    
 tsout= -0.47977000     -0.66174173     -0.65508389     -0.23875973     -0.17514010     -0.51158965     -0.40414700     -0.45167556     -0.49188972     -0.55869454     -0.69217151     -0.59625393     -0.49940270     -0.58663183     -0.59113187     -0.58920234     -0.60853851    
 tsout= -0.66174173     -0.65508389     -0.23875973     -0.17514010     -0.51158965     -0.40414700     -0.45167556     -0.49188972     -0.55869454     -0.69217151     -0.59625393     -0.49940270     -0.58663183     -0.59113187     -0.58920234     -0.60853851     -0.23905225    
 tsout= -0.65508389     -0.23875973     -0.17514010     -0.51158965     -0.40414700     -0.45167556     -0.49188972     -0.55869454     -0.69217151     -0.59625393     -0.49940270     -0.58663183     -0.59113187     -0.58920234     -0.60853851     -0.23905225     -0.21328443    
 tsout= -0.23875973     -0.17514010     -0.51158965     -0.40414700     -0.45167556     -0.49188972     -0.55869454     -0.69217151     -0.59625393     -0.49940270     -0.58663183     -0.59113187     -0.58920234     -0.60853851     -0.23905225     -0.21328443     -0.58225739    
 tsout= -0.17514010     -0.51158965     -0.40414700     -0.45167556     -0.49188972     -0.55869454     -0.69217151     -0.59625393     -0.49940270     -0.58663183     -0.59113187     -0.58920234     -0.60853851     -0.23905225     -0.21328443     -0.58225739     -0.18030933    
 tsout= -0.34336492     -0.45786846     -0.42791128     -0.47178265     -0.52529204     -0.62543297     -0.64421266     -0.54782826     -0.54301715     -0.58888203     -0.59016705     -0.59887034     -0.42379537     -0.22616833     -0.39777094     -0.38128337      0.41214404    
 tsout=   1.0045973       1.0076866       1.2047426       1.1166556       1.0435672       1.1040941       1.2162477       1.3618858       1.3412768       1.3702444       1.4490833       1.3881028       1.4909782       1.2942965       1.1172249       1.1863996       1.2041893    
 tsout=   1.0076866       1.2047426       1.1166556       1.0435672       1.1040941       1.2162477       1.3618858       1.3412768       1.3702444       1.4490833       1.3881028       1.4909782       1.2942965       1.1172249       1.1863996       1.2041893       1.2898592    
 tsout=   1.2047426       1.1166556       1.0435672       1.1040941       1.2162477       1.3618858       1.3412768       1.3702444       1.4490833       1.3881028       1.4909782       1.2942965       1.1172249       1.1863996       1.2041893       1.2898592       1.2177837    
 tsout=   1.1166556       1.0435672       1.1040941       1.2162477       1.3618858       1.3412768       1.3702444       1.4490833       1.3881028       1.4909782       1.2942965       1.1172249       1.1863996       1.2041893       1.2898592       1.2177837       1.2099028    
 tsout=   1.0435672       1.1040941       1.2162477       1.3618858       1.3412768       1.3702444       1.4490833       1.3881028       1.4909782       1.2942965       1.1172249       1.1863996       1.2041893       1.2898592       1.2177837       1.2099028       1.1219527    
 tsout=   1.0738305       1.1601708       1.2890668       1.3515815       1.3557609       1.4096640       1.4185929       1.4395407       1.3926373       1.2057612       1.1518123       1.1952946       1.2470242       1.2538217       1.2138432       1.1659279       1.2299178    
 tsout=   1.3378835       1.4136497       1.3035926       1.1767877       1.1859925       1.0971075      0.88948226       1.0781063      0.97272944      0.97077817      0.74532163      0.83683056      0.70196795      0.60880327      0.50768775      0.37701544      0.47170293    
 tsout=   1.4136497       1.3035926       1.1767877       1.1859925       1.0971075      0.88948226       1.0781063      0.97272944      0.97077817      0.74532163      0.83683056      0.70196795      0.60880327      0.50768775      0.37701544      0.47170293      0.37275383    
 tsout=   1.3035926       1.1767877       1.1859925       1.0971075      0.88948226       1.0781063      0.97272944      0.97077817      0.74532163      0.83683056      0.70196795      0.60880327      0.50768775      0.37701544      0.47170293      0.37275383     -1.07845757E-02
 tsout=   1.1767877       1.1859925       1.0971075      0.88948226       1.0781063      0.97272944      0.97077817      0.74532163      0.83683056      0.70196795      0.60880327      0.50768775      0.37701544      0.47170293      0.37275383     -1.07845757E-02 -0.14363825    
 tsout=   1.1859925       1.0971075      0.88948226       1.0781063      0.97272944      0.97077817      0.74532163      0.83683056      0.70196795      0.60880327      0.50768775      0.37701544      0.47170293      0.37275383     -1.07845757E-02 -0.14363825     -8.48229602E-02
 tsout=   1.1415499      0.99329478      0.98379439       1.0254183      0.97175366      0.85804993      0.79107618      0.76939940      0.65538573      0.55824524      0.44235167      0.42435923      0.42222843      0.18098466     -7.72114098E-02 -0.11423062      -1.0673391    
 tsout=  -2.0498557      -2.1298373      -2.3370664      -2.3224559      -2.1233613      -1.8003510      -1.6471980      -1.8593526      -1.8236655      -1.7713102      -1.7256308      -1.4033217      -1.3612362      -1.2365777      -1.0112643      -1.0829400      -1.0769771    
 tsout=  -2.1298373      -2.3370664      -2.3224559      -2.1233613      -1.8003510      -1.6471980      -1.8593526      -1.8236655      -1.7713102      -1.7256308      -1.4033217      -1.3612362      -1.2365777      -1.0112643      -1.0829400      -1.0769771      -1.1672935    
 tsout=  -2.3370664      -2.3224559      -2.1233613      -1.8003510      -1.6471980      -1.8593526      -1.8236655      -1.7713102      -1.7256308      -1.4033217      -1.3612362      -1.2365777      -1.0112643      -1.0829400      -1.0769771      -1.1672935      -1.1826007    
 tsout=  -2.3224559      -2.1233613      -1.8003510      -1.6471980      -1.8593526      -1.8236655      -1.7713102      -1.7256308      -1.4033217      -1.3612362      -1.2365777      -1.0112643      -1.0829400      -1.0769771      -1.1672935      -1.1826007      -1.0562948    
 tsout=  -2.1233613      -1.8003510      -1.6471980      -1.8593526      -1.8236655      -1.7713102      -1.7256308      -1.4033217      -1.3612362      -1.2365777      -1.0112643      -1.0829400      -1.0769771      -1.1672935      -1.1826007      -1.0562948      -1.0007173    
 tsout=  -1.9618567      -1.7237755      -1.7532756      -1.8415086      -1.7974879      -1.7484708      -1.5644767      -1.3822795      -1.2989070      -1.1239208      -1.0471025      -1.0799590      -1.1221354      -1.1749470      -1.1194475      -1.0285060     -0.73648345    
 tsout= -0.47224951     -0.15480305     -9.24377516E-02 -0.12440243     -0.19479677     -0.16543993      5.10793785E-03  0.12556593      0.14338924      2.88871061E-02  8.26719999E-02  0.22450119      0.26982850      0.28471857      0.40369144      0.42037946      0.31249225    
 tsout= -0.15480305     -9.24377516E-02 -0.12440243     -0.19479677     -0.16543993      5.10793785E-03  0.12556593      0.14338924      2.88871061E-02  8.26719999E-02  0.22450119      0.26982850      0.28471857      0.40369144      0.42037946      0.31249225      0.19342741    
 tsout= -9.24377516E-02 -0.12440243     -0.19479677     -0.16543993      5.10793785E-03  0.12556593      0.14338924      2.88871061E-02  8.26719999E-02  0.22450119      0.26982850      0.28471857      0.40369144      0.42037946      0.31249225      0.19342741      0.29800463    
 tsout= -0.12440243     -0.19479677     -0.16543993      5.10793785E-03  0.12556593      0.14338924      2.88871061E-02  8.26719999E-02  0.22450119      0.26982850      0.28471857      0.40369144      0.42037946      0.31249225      0.19342741      0.29800463      0.33018151    
 tsout= -0.19479677     -0.16543993      5.10793785E-03  0.12556593      0.14338924      2.88871061E-02  8.26719999E-02  0.22450119      0.26982850      0.28471857      0.40369144      0.42037946      0.31249225      0.19342741      0.29800463      0.33018151      0.29354444    
 tsout= -0.18011832     -8.01660046E-02  6.53369352E-02  0.13447765      8.61382186E-02  5.57795390E-02  0.15358663      0.24716485      0.27727357      0.34420490      0.41203541      0.36643583      0.25295985      0.24571589      0.31409299      0.31186295      0.18181744    
 tsout=  7.00905025E-02  5.08125983E-02  0.11151814      0.36476737      0.37273046      0.47103286      0.50251955      0.53576308      0.58347452      0.61834276      0.61590654      0.51447695      0.45327067      0.35609257      0.19668102      7.02467635E-02 -4.48063808E-03
 tsout=  5.08125983E-02  0.11151814      0.36476737      0.37273046      0.47103286      0.50251955      0.53576308      0.58347452      0.61834276      0.61590654      0.51447695      0.45327067      0.35609257      0.19668102      7.02467635E-02 -4.48063808E-03  8.11518356E-02
 tsout=  0.11151814      0.36476737      0.37273046      0.47103286      0.50251955      0.53576308      0.58347452      0.61834276      0.61590654      0.51447695      0.45327067      0.35609257      0.19668102      7.02467635E-02 -4.48063808E-03  8.11518356E-02  0.27943307    
 tsout=  0.36476737      0.37273046      0.47103286      0.50251955      0.53576308      0.58347452      0.61834276      0.61590654      0.51447695      0.45327067      0.35609257      0.19668102      7.02467635E-02 -4.48063808E-03  8.11518356E-02  0.27943307      0.31931764    
 tsout=  0.37273046      0.47103286      0.50251955      0.53576308      0.58347452      0.61834276      0.61590654      0.51447695      0.45327067      0.35609257      0.19668102      7.02467635E-02 -4.48063808E-03  8.11518356E-02  0.27943307      0.31931764      0.20578617    
 tsout=  0.42188165      0.48677632      0.51914138      0.55961871      0.60090876      0.61712474      0.56519181      0.48387384      0.40468165      0.27638683      0.13346393      3.28830183E-02  3.83355767E-02  0.18029247      0.29937524      0.26255193      0.65666258    
 tsout=   1.1075394       1.2601869       1.3573409       1.5081556       1.7454888       1.8670025       1.8586187       1.8917940       1.8607361       1.8328428       1.7718664       1.6980760       1.7513459       1.8598577       1.8711948       1.6851653       1.5175024    
 tsout=   1.2601869       1.3573409       1.5081556       1.7454888       1.8670025       1.8586187       1.8917940       1.8607361       1.8328428       1.7718664       1.6980760       1.7513459       1.8598577       1.8711948       1.6851653       1.5175024       1.4594342    
 tsout=   1.3573409       1.5081556       1.7454888       1.8670025       1.8586187       1.8917940       1.8607361       1.8328428       1.7718664       1.6980760       1.7513459       1.8598577       1.8711948       1.6851653       1.5175024       1.4594342       1.5065008    
 tsout=   1.5081556       1.7454888       1.8670025       1.8586187       1.8917940       1.8607361       1.8328428       1.7718664       1.6980760       1.7513459       1.8598577       1.8711948       1.6851653       1.5175024       1.4594342       1.5065008       1.4934808    
 tsout=   1.7454888       1.8670025       1.8586187       1.8917940       1.8607361       1.8328428       1.7718664       1.6980760       1.7513459       1.8598577       1.8711948       1.6851653       1.5175024       1.4594342       1.5065008       1.4934808       1.4625100    
 tsout=   1.8062454       1.8628101       1.8752060       1.8762648       1.8467889       1.8023547       1.7349706       1.7247106       1.8056015       1.8655260       1.7781799       1.6013333       1.4884682       1.4829674       1.4999907       1.4779955      0.67667967    
 tsout= -0.10915101      2.85406690E-02  0.11588531      0.20497152      0.22761479      0.31865197      0.23270331      0.26090607      0.37102202      0.32913890      0.32182509      0.45224261      0.37585548      0.39181685      0.41114366      0.40248141      0.47441041    
 tsout=  2.85406690E-02  0.11588531      0.20497152      0.22761479      0.31865197      0.23270331      0.26090607      0.37102202      0.32913890      0.32182509      0.45224261      0.37585548      0.39181685      0.41114366      0.40248141      0.47441041      0.48427054    
 tsout=  0.11588531      0.20497152      0.22761479      0.31865197      0.23270331      0.26090607      0.37102202      0.32913890      0.32182509      0.45224261      0.37585548      0.39181685      0.41114366      0.40248141      0.47441041      0.48427054      0.66722578    
 tsout=  0.20497152      0.22761479      0.31865197      0.23270331      0.26090607      0.37102202      0.32913890      0.32182509      0.45224261      0.37585548      0.39181685      0.41114366      0.40248141      0.47441041      0.48427054      0.66722578      0.69842631    
 tsout=  0.22761479      0.31865197      0.23270331      0.26090607      0.37102202      0.32913890      0.32182509      0.45224261      0.37585548      0.39181685      0.41114366      0.40248141      0.47441041      0.48427054      0.66722578      0.69842631      0.59275210    
 tsout=  0.27313340      0.27567762      0.24680454      0.31596404      0.35008049      0.32548192      0.38703379      0.41404915      0.38383630      0.40148044      0.40681246      0.43844593      0.47934052      0.57574821      0.68282616      0.64558935      0.44042477    
 tsout=  0.28809732      0.23025838      0.35858619      0.38387635      0.36696160      0.24762125      0.12350951      0.35030058      0.37311050      0.20394827      0.15548499      0.20701127      0.20060076      9.73782986E-02 -0.20373376     -0.11767519      0.32798535    
 tsout=  0.23025838      0.35858619      0.38387635      0.36696160      0.24762125      0.12350951      0.35030058      0.37311050      0.20394827      0.15548499      0.20701127      0.20060076      9.73782986E-02 -0.20373376     -0.11767519      0.32798535      0.32099542    
 tsout=  0.35858619      0.38387635      0.36696160      0.24762125      0.12350951      0.35030058      0.37311050      0.20394827      0.15548499      0.20701127      0.20060076      9.73782986E-02 -0.20373376     -0.11767519      0.32798535      0.32099542      6.38583079E-02
 tsout=  0.38387635      0.36696160      0.24762125      0.12350951      0.35030058      0.37311050      0.20394827      0.15548499      0.20701127      0.20060076      9.73782986E-02 -0.20373376     -0.11767519      0.32798535      0.32099542      6.38583079E-02  0.30662370    
 tsout=  0.36696160      0.24762125      0.12350951      0.35030058      0.37311050      0.20394827      0.15548499      0.20701127      0.20060076      9.73782986E-02 -0.20373376     -0.11767519      0.32798535      0.32099542      6.38583079E-02  0.30662370      1.98572986E-02
 tsout=  0.30729136      0.18556534      0.23690505      0.36170545      0.28852934      0.17971660      0.18124801      0.20380592      0.14898941     -5.31777553E-02 -0.16070448      0.10515509      0.32449040      0.19242695      0.18524104      0.16324051      0.54752517    
 tsout=   1.0751927       1.1658535       1.3189802       1.2417032       1.2833766       1.2970939       1.3128666       1.1364095       1.1257535       1.1240774       1.0339884      0.95203149      0.88173997      0.67820174      0.81215382      0.88975704      0.54794103    
 tsout=   1.1658535       1.3189802       1.2417032       1.2833766       1.2970939       1.3128666       1.1364095       1.1257535       1.1240774       1.0339884      0.95203149      0.88173997      0.67820174      0.81215382      0.88975704      0.54794103      0.55343401    
 tsout=   1.3189802       1.2417032       1.2833766       1.2970939       1.3128666       1.1364095       1.1257535       1.1240774       1.0339884      0.95203149      0.88173997      0.67820174      0.81215382      0.88975704      0.54794103      0.55343401      0.39975277    
 tsout=   1.2417032       1.2833766       1.2970939       1.3128666       1.1364095       1.1257535       1.1240774       1.0339884      0.95203149      0.88173997      0.67820174      0.81215382      0.88975704      0.54794103      0.55343401      0.39975277      0.30405578    
 tsout=   1.2833766       1.2970939       1.3128666       1.1364095       1.1257535       1.1240774       1.0339884      0.95203149      0.88173997      0.67820174      0.81215382      0.88975704      0.54794103      0.55343401      0.39975277      0.30405578      0.31259200    
 tsout=   1.2902353       1.3049804       1.2246377       1.1310816       1.1249155       1.0790331      0.99300987      0.91688579      0.77997094      0.74517763      0.85095525      0.71884912      0.55068773      0.47659349      0.35190427      0.30832395     -0.28593257    
 tsout= -0.88445711     -0.96844268     -0.84430492     -0.87781036     -0.96303129     -0.81251138     -0.73665053     -0.77315849     -0.71456987     -0.48746660     -0.47646716     -0.62658387     -0.81730407     -0.70762163     -0.72342396     -0.43074653     -0.48003846    
 tsout= -0.96844268     -0.84430492     -0.87781036     -0.96303129     -0.81251138     -0.73665053     -0.77315849     -0.71456987     -0.48746660     -0.47646716     -0.62658387     -0.81730407     -0.70762163     -0.72342396     -0.43074653     -0.48003846     -0.39317122    
 tsout= -0.84430492     -0.87781036     -0.96303129     -0.81251138     -0.73665053     -0.77315849     -0.71456987     -0.48746660     -0.47646716     -0.62658387     -0.81730407     -0.70762163     -0.72342396     -0.43074653     -0.48003846     -0.39317122     -0.40210763    
 tsout= -0.87781036     -0.96303129     -0.81251138     -0.73665053     -0.77315849     -0.71456987     -0.48746660     -0.47646716     -0.62658387     -0.81730407     -0.70762163     -0.72342396     -0.43074653     -0.48003846     -0.39317122     -0.40210763     -0.45017573    
 tsout= -0.96303129     -0.81251138     -0.73665053     -0.77315849     -0.71456987     -0.48746660     -0.47646716     -0.62658387     -0.81730407     -0.70762163     -0.72342396     -0.43074653     -0.48003846     -0.39317122     -0.40210763     -0.45017573     -0.37783980    
 tsout= -0.88777137     -0.77458102     -0.75490451     -0.74386448     -0.60101831     -0.48196703     -0.55152565     -0.72194391     -0.76246274     -0.71552277     -0.57708520     -0.45539236     -0.43660477     -0.39763936     -0.42614174     -0.41400775     -0.35737470    
 tsout= -0.33690965     -0.26793221     -0.29548529     -0.29916441     -0.41835132     -0.49104199     -0.52542269     -0.45672318     -0.44429106     -0.44586125     -0.26189607     -0.19811799     -0.21567154     -0.20210822     -0.26109442     -0.22457300     -0.24790239    
 tsout= -0.26793221     -0.29548529     -0.29916441     -0.41835132     -0.49104199     -0.52542269     -0.45672318     -0.44429106     -0.44586125     -0.26189607     -0.19811799     -0.21567154     -0.20210822     -0.26109442     -0.22457300     -0.24790239     -4.86440770E-02
 tsout= -0.29548529     -0.29916441     -0.41835132     -0.49104199     -0.52542269     -0.45672318     -0.44429106     -0.44586125     -0.26189607     -0.19811799     -0.21567154     -0.20210822     -0.26109442     -0.22457300     -0.24790239     -4.86440770E-02  4.32357453E-02
 tsout= -0.29916441     -0.41835132     -0.49104199     -0.52542269     -0.45672318     -0.44429106     -0.44586125     -0.26189607     -0.19811799     -0.21567154     -0.20210822     -0.26109442     -0.22457300     -0.24790239     -4.86440770E-02  4.32357453E-02  3.83471581E-03
 tsout= -0.41835132     -0.49104199     -0.52542269     -0.45672318     -0.44429106     -0.44586125     -0.26189607     -0.19811799     -0.21567154     -0.20210822     -0.26109442     -0.22457300     -0.24790239     -4.86440770E-02  4.32357453E-02  3.83471581E-03  9.91738588E-02
 tsout= -0.45469663     -0.50823230     -0.49107298     -0.45050716     -0.44507611     -0.35387862     -0.23000705     -0.20689477     -0.20888983     -0.23160131     -0.24283369     -0.23623773     -0.14827324     -2.70416681E-03  2.35352162E-02  5.15042618E-02   1.2849727    
 tsout=   2.4707704       2.5664353       2.4886708       2.4407606       2.5279210       2.5678422       2.5864785       2.6017389       2.4926577       2.4229717       2.4362977       2.4507935       2.3514061       2.0308714       1.8053068       1.6301688       1.5694751    
 tsout=   2.5664353       2.4886708       2.4407606       2.5279210       2.5678422       2.5864785       2.6017389       2.4926577       2.4229717       2.4362977       2.4507935       2.3514061       2.0308714       1.8053068       1.6301688       1.5694751       1.3952405    
 tsout=   2.4886708       2.4407606       2.5279210       2.5678422       2.5864785       2.6017389       2.4926577       2.4229717       2.4362977       2.4507935       2.3514061       2.0308714       1.8053068       1.6301688       1.5694751       1.3952405       1.3945279    
 tsout=   2.4407606       2.5279210       2.5678422       2.5864785       2.6017389       2.4926577       2.4229717       2.4362977       2.4507935       2.3514061       2.0308714       1.8053068       1.6301688       1.5694751       1.3952405       1.3945279       1.2084739    
 tsout=   2.5279210       2.5678422       2.5864785       2.6017389       2.4926577       2.4229717       2.4362977       2.4507935       2.3514061       2.0308714       1.8053068       1.6301688       1.5694751       1.3952405       1.3945279       1.2084739      0.97052097    
 tsout=   2.5478814       2.5771604       2.5941093       2.5471988       2.4578149       2.4296350       2.4435453       2.4010992       2.1911392       1.9180892       1.7177378       1.5998216       1.4823579       1.3948840       1.3015010       1.0894973     -9.21892449E-02
 tsout=  -1.1548990      -1.1956879      -1.2418118      -1.3820518      -1.5110043      -1.6113756      -1.6315043      -1.5634885      -1.3562199      -1.2649935      -1.2491781      -1.1892066      -1.1906035      -1.0563971     -0.98621696     -0.73515797     -0.75704521    
 tsout=  -1.1956879      -1.2418118      -1.3820518      -1.5110043      -1.6113756      -1.6315043      -1.5634885      -1.3562199      -1.2649935      -1.2491781      -1.1892066      -1.1906035      -1.0563971     -0.98621696     -0.73515797     -0.75704521     -0.87001812    
 tsout=  -1.2418118      -1.3820518      -1.5110043      -1.6113756      -1.6315043      -1.5634885      -1.3562199      -1.2649935      -1.2491781      -1.1892066      -1.1906035      -1.0563971     -0.98621696     -0.73515797     -0.75704521     -0.87001812     -0.77119273    
 tsout=  -1.3820518      -1.5110043      -1.6113756      -1.6315043      -1.5634885      -1.3562199      -1.2649935      -1.2491781      -1.1892066      -1.1906035      -1.0563971     -0.98621696     -0.73515797     -0.75704521     -0.87001812     -0.77119273     -0.86166525    
 tsout=  -1.5110043      -1.6113756      -1.6315043      -1.5634885      -1.3562199      -1.2649935      -1.2491781      -1.1892066      -1.1906035      -1.0563971     -0.98621696     -0.73515797     -0.75704521     -0.87001812     -0.77119273     -0.86166525     -0.83586365    
 tsout=  -1.5611893      -1.6214389      -1.5974963      -1.4598538      -1.3106067      -1.2570862      -1.2191923      -1.1899047      -1.1235003      -1.0213072     -0.86068738     -0.74610168     -0.81353176     -0.82060570     -0.81642944     -0.84876460      -1.0788661    
 tsout=  -1.3218687      -1.6969526      -1.6170363      -1.3657054      -1.4958409      -1.4688412      -1.6554331      -1.7172062      -1.6311449      -1.5099257      -1.6518517      -1.5969552      -1.3458855      -1.1655229      -1.3567067      -1.2866037      -1.1425827    
 tsout=  -1.6969526      -1.6170363      -1.3657054      -1.4958409      -1.4688412      -1.6554331      -1.7172062      -1.6311449      -1.5099257      -1.6518517      -1.5969552      -1.3458855      -1.1655229      -1.3567067      -1.2866037      -1.1425827      -1.0118613    
 tsout=  -1.6170363      -1.3657054      -1.4958409      -1.4688412      -1.6554331      -1.7172062      -1.6311449      -1.5099257      -1.6518517      -1.5969552      -1.3458855      -1.1655229      -1.3567067      -1.2866037      -1.1425827      -1.0118613     -0.89555317    
 tsout=  -1.3657054      -1.4958409      -1.4688412      -1.6554331      -1.7172062      -1.6311449      -1.5099257      -1.6518517      -1.5969552      -1.3458855      -1.1655229      -1.3567067      -1.2866037      -1.1425827      -1.0118613     -0.89555317     -0.60767245    
 tsout=  -1.4958409      -1.4688412      -1.6554331      -1.7172062      -1.6311449      -1.5099257      -1.6518517      -1.5969552      -1.3458855      -1.1655229      -1.3567067      -1.2866037      -1.1425827      -1.0118613     -0.89555317     -0.60767245     -0.62417632    
 tsout=  -1.4823412      -1.5621370      -1.6863191      -1.6741755      -1.5705353      -1.5808883      -1.6244031      -1.4714202      -1.2557044      -1.2611147      -1.3216549      -1.2145928      -1.0772220     -0.95370775     -0.75161290     -0.61592466     -0.64091188    
 tsout= -0.65764761     -0.63123161     -0.67457354     -0.89948744     -0.81703454     -0.79200464     -0.83868462     -0.76043433     -0.71074307     -0.53231019     -0.47477359     -0.44699901     -0.53863060     -0.52150267     -0.37809435     -0.30555600     -0.28079018    
 tsout= -0.63123161     -0.67457354     -0.89948744     -0.81703454     -0.79200464     -0.83868462     -0.76043433     -0.71074307     -0.53231019     -0.47477359     -0.44699901     -0.53863060     -0.52150267     -0.37809435     -0.30555600     -0.28079018     -0.24348085    
 tsout= -0.67457354     -0.89948744     -0.81703454     -0.79200464     -0.83868462     -0.76043433     -0.71074307     -0.53231019     -0.47477359     -0.44699901     -0.53863060     -0.52150267     -0.37809435     -0.30555600     -0.28079018     -0.24348085     -0.19526754    
 tsout= -0.89948744     -0.81703454     -0.79200464     -0.83868462     -0.76043433     -0.71074307     -0.53231019     -0.47477359     -0.44699901     -0.53863060     -0.52150267     -0.37809435     -0.30555600     -0.28079018     -0.24348085     -0.19526754     -0.30487645    
 tsout= -0.81703454     -0.79200464     -0.83868462     -0.76043433     -0.71074307     -0.53231019     -0.47477359     -0.44699901     -0.53863060     -0.52150267     -0.37809435     -0.30555600     -0.28079018     -0.24348085     -0.19526754     -0.30487645     -0.21291809    
 tsout= -0.80451977     -0.81534439     -0.79955918     -0.73558873     -0.62152672     -0.50354183     -0.46088612     -0.49281466     -0.53006685     -0.44979861     -0.34182501     -0.29317296     -0.26213551     -0.21937419     -0.25007197     -0.25889716     -0.17328963    
 tsout= -0.13366120     -0.26627231     -0.29565203     -0.37960997     -0.31579006     -0.26500133     -0.21691580     -0.12891361      4.67192680E-02  8.45811144E-02  0.21749862      0.26487526      0.40602911      0.33670482      0.17490229      0.23698494      0.19807720    
 tsout= -0.26627231     -0.29565203     -0.37960997     -0.31579006     -0.26500133     -0.21691580     -0.12891361      4.67192680E-02  8.45811144E-02  0.21749862      0.26487526      0.40602911      0.33670482      0.17490229      0.23698494      0.19807720      0.12632889    
 tsout= -0.29565203     -0.37960997     -0.31579006     -0.26500133     -0.21691580     -0.12891361      4.67192680E-02  8.45811144E-02  0.21749862      0.26487526      0.40602911      0.33670482      0.17490229      0.23698494      0.19807720      0.12632889      0.10717112    
 tsout= -0.37960997     -0.31579006     -0.26500133     -0.21691580     -0.12891361      4.67192680E-02  8.45811144E-02  0.21749862      0.26487526      0.40602911      0.33670482      0.17490229      0.23698494      0.19807720      0.12632889      0.10717112      0.12352524    
 tsout= -0.31579006     -0.26500133     -0.21691580     -0.12891361      4.67192680E-02  8.45811144E-02  0.21749862      0.26487526      0.40602911      0.33670482      0.17490229      0.23698494      0.19807720      0.12632889      0.10717112      0.12352524      0.20278941    
 tsout= -0.29039565     -0.24095854     -0.17291471     -4.10970598E-02  6.56501725E-02  0.15103975      0.24118693      0.33545205      0.37136695      0.25580367      0.20594358      0.21753106      0.16220309      0.11675000      0.11534810      0.16315734      0.86510134    
 tsout=   1.5274138       1.5217373       1.4978793       1.4882503       1.4554617       1.4824309       1.4808053       1.4698412       1.3109231       1.2692070       1.1948761      0.91447026      0.78758699      0.88558578      0.93312311      0.81872296      0.69494444    
 tsout=   1.5217373       1.4978793       1.4882503       1.4554617       1.4824309       1.4808053       1.4698412       1.3109231       1.2692070       1.1948761      0.91447026      0.78758699      0.88558578      0.93312311      0.81872296      0.69494444      0.69132531    
 tsout=   1.4978793       1.4882503       1.4554617       1.4824309       1.4808053       1.4698412       1.3109231       1.2692070       1.1948761      0.91447026      0.78758699      0.88558578      0.93312311      0.81872296      0.69494444      0.69132531      0.60652864    
 tsout=   1.4882503       1.4554617       1.4824309       1.4808053       1.4698412       1.3109231       1.2692070       1.1948761      0.91447026      0.78758699      0.88558578      0.93312311      0.81872296      0.69494444      0.69132531      0.60652864      0.41556907    
 tsout=   1.4554617       1.4824309       1.4808053       1.4698412       1.3109231       1.2692070       1.1948761      0.91447026      0.78758699      0.88558578      0.93312311      0.81872296      0.69494444      0.69132531      0.60652864      0.41556907      0.25430307    
 tsout=   1.4689462       1.4816178       1.4753232       1.3903823       1.2900652       1.2320416       1.0546734      0.85102862      0.83658648      0.90935433      0.87592334      0.75683361      0.69313478      0.64892685      0.51104867      0.33493620      0.31755567    
 tsout=  0.38080820      0.52170378      0.53529024      0.46861783      0.38704675      0.35761109      0.32771352      0.28241971      0.25147435      0.47633946      0.56857330      0.40802485      0.31573680      0.26678649      0.24545649      0.15877730     -3.47799212E-02
 tsout=  0.52170378      0.53529024      0.46861783      0.38704675      0.35761109      0.32771352      0.28241971      0.25147435      0.47633946      0.56857330      0.40802485      0.31573680      0.26678649      0.24545649      0.15877730     -3.47799212E-02 -6.34367168E-02
 tsout=  0.53529024      0.46861783      0.38704675      0.35761109      0.32771352      0.28241971      0.25147435      0.47633946      0.56857330      0.40802485      0.31573680      0.26678649      0.24545649      0.15877730     -3.47799212E-02 -6.34367168E-02 -6.21666294E-03
 tsout=  0.46861783      0.38704675      0.35761109      0.32771352      0.28241971      0.25147435      0.47633946      0.56857330      0.40802485      0.31573680      0.26678649      0.24545649      0.15877730     -3.47799212E-02 -6.34367168E-02 -6.21666294E-03  6.12155199E-02
 tsout=  0.38704675      0.35761109      0.32771352      0.28241971      0.25147435      0.47633946      0.56857330      0.40802485      0.31573680      0.26678649      0.24545649      0.15877730     -3.47799212E-02 -6.34367168E-02 -6.21666294E-03  6.12155199E-02  8.83472487E-02
 tsout=  0.37232906      0.34266233      0.30506659      0.26694697      0.36390689      0.52245641      0.48829907      0.36188093      0.29126167      0.25612146      0.20211692      6.19987249E-02 -4.91083078E-02 -3.48267071E-02  2.74994299E-02  7.47814104E-02  0.39342123    
 tsout=  0.69849509      0.76318687      0.81325281      0.82820988      0.82107043      0.83839667      0.76334953      0.72754192      0.72082812      0.74863183      0.76876402      0.51479036      0.48766181      0.46592581      0.33995655      0.26078072      0.31903306    
 tsout=  0.76318687      0.81325281      0.82820988      0.82107043      0.83839667      0.76334953      0.72754192      0.72082812      0.74863183      0.76876402      0.51479036      0.48766181      0.46592581      0.33995655      0.26078072      0.31903306      0.50116199    
 tsout=  0.81325281      0.82820988      0.82107043      0.83839667      0.76334953      0.72754192      0.72082812      0.74863183      0.76876402      0.51479036      0.48766181      0.46592581      0.33995655      0.26078072      0.31903306      0.50116199      0.55540591    
 tsout=  0.82820988      0.82107043      0.83839667      0.76334953      0.72754192      0.72082812      0.74863183      0.76876402      0.51479036      0.48766181      0.46592581      0.33995655      0.26078072      0.31903306      0.50116199      0.55540591      0.56636178    
 tsout=  0.82107043      0.83839667      0.76334953      0.72754192      0.72082812      0.74863183      0.76876402      0.51479036      0.48766181      0.46592581      0.33995655      0.26078072      0.31903306      0.50116199      0.55540591      0.56636178      0.34883371    
 tsout=  0.82973343      0.80087304      0.74544567      0.72418505      0.73472995      0.75869799      0.64177710      0.50122607      0.47679386      0.40294108      0.30036849      0.28990686      0.41009766      0.52828383      0.56088382      0.45759767      0.11425128    
 tsout= -0.12033120     -0.20695588     -0.43844795     -0.49020186     -0.59871858     -0.62421560     -0.51620489     -0.48380500     -0.60293722     -0.79320806     -0.80074972     -0.55308753     -0.46502176     -0.40758440     -0.33284608     -0.58843344     -0.46460968    
 tsout= -0.20695588     -0.43844795     -0.49020186     -0.59871858     -0.62421560     -0.51620489     -0.48380500     -0.60293722     -0.79320806     -0.80074972     -0.55308753     -0.46502176     -0.40758440     -0.33284608     -0.58843344     -0.46460968     -0.53626305    
 tsout= -0.43844795     -0.49020186     -0.59871858     -0.62421560     -0.51620489     -0.48380500     -0.60293722     -0.79320806     -0.80074972     -0.55308753     -0.46502176     -0.40758440     -0.33284608     -0.58843344     -0.46460968     -0.53626305     -0.41754293    
 tsout= -0.49020186     -0.59871858     -0.62421560     -0.51620489     -0.48380500     -0.60293722     -0.79320806     -0.80074972     -0.55308753     -0.46502176     -0.40758440     -0.33284608     -0.58843344     -0.46460968     -0.53626305     -0.41754293     -0.30793744    
 tsout= -0.59871858     -0.62421560     -0.51620489     -0.48380500     -0.60293722     -0.79320806     -0.80074972     -0.55308753     -0.46502176     -0.40758440     -0.33284608     -0.58843344     -0.46460968     -0.53626305     -0.41754293     -0.30793744     -0.19964248    
 tsout= -0.61146712     -0.57021028     -0.50000495     -0.54337114     -0.69807273     -0.79697901     -0.67691857     -0.50905472     -0.43630305     -0.37021536     -0.46063983     -0.52652162     -0.50043643     -0.47690296     -0.36274013     -0.25378996      0.45642301    
 tsout=   1.1124885       1.1857920       1.1858617       1.2307742       1.2214680       1.2006817       1.1662778       1.0108242      0.97470880      0.74177146      0.70437258      0.56613016      0.37865499      0.18267079      0.13968447      0.16064121      8.94137323E-02
 tsout=   1.1857920       1.1858617       1.2307742       1.2214680       1.2006817       1.1662778       1.0108242      0.97470880      0.74177146      0.70437258      0.56613016      0.37865499      0.18267079      0.13968447      0.16064121      8.94137323E-02  0.12777072    
 tsout=   1.1858617       1.2307742       1.2214680       1.2006817       1.1662778       1.0108242      0.97470880      0.74177146      0.70437258      0.56613016      0.37865499      0.18267079      0.13968447      0.16064121      8.94137323E-02  0.12777072      9.19491984E-03
 tsout=   1.2307742       1.2214680       1.2006817       1.1662778       1.0108242      0.97470880      0.74177146      0.70437258      0.56613016      0.37865499      0.18267079      0.13968447      0.16064121      8.94137323E-02  0.12777072      9.19491984E-03  4.07700390E-02
 tsout=   1.2214680       1.2006817       1.1662778       1.0108242      0.97470880      0.74177146      0.70437258      0.56613016      0.37865499      0.18267079      0.13968447      0.16064121      8.94137323E-02  0.12777072      9.19491984E-03  4.07700390E-02  4.53882180E-02
 tsout=   1.2110753       1.1834800       1.0885510      0.99276662      0.85824025      0.72307205      0.63525146      0.47239259      0.28066278      0.16117759      0.15016289      0.12502748      0.10859226      6.84828460E-02  2.49824934E-02  4.30791192E-02 -0.69512808    
 tsout=  -1.4356438      -1.5056908      -1.4007339      -1.3898516      -1.4342897      -1.3992633      -1.3969059      -1.3712063      -1.5752430      -1.7421325      -1.7154027      -1.4939648      -1.7678148      -1.7853831      -1.5647095      -1.2756782      -1.0253208    
 tsout=  -1.5056908      -1.4007339      -1.3898516      -1.4342897      -1.3992633      -1.3969059      -1.3712063      -1.5752430      -1.7421325      -1.7154027      -1.4939648      -1.7678148      -1.7853831      -1.5647095      -1.2756782      -1.0253208     -0.99562734    
 tsout=  -1.4007339      -1.3898516      -1.4342897      -1.3992633      -1.3969059      -1.3712063      -1.5752430      -1.7421325      -1.7154027      -1.4939648      -1.7678148      -1.7853831      -1.5647095      -1.2756782      -1.0253208     -0.99562734     -0.96178120    
 tsout=  -1.3898516      -1.4342897      -1.3992633      -1.3969059      -1.3712063      -1.5752430      -1.7421325      -1.7154027      -1.4939648      -1.7678148      -1.7853831      -1.5647095      -1.2756782      -1.0253208     -0.99562734     -0.96178120     -0.94278115    
 tsout=  -1.4342897      -1.3992633      -1.3969059      -1.3712063      -1.5752430      -1.7421325      -1.7154027      -1.4939648      -1.7678148      -1.7853831      -1.5647095      -1.2756782      -1.0253208     -0.99562734     -0.96178120     -0.94278115     -0.93135011    
 tsout=  -1.4167769      -1.3980845      -1.3840554      -1.4732248      -1.6586881      -1.7287682      -1.6046839      -1.6308894      -1.7765987      -1.6750467      -1.4201941      -1.1504997      -1.0104741     -0.97870398     -0.95228118     -0.93706578     -0.58666211    
 tsout= -0.24197409     -0.36067027     -0.48932883     -0.60720843     -0.64195001     -0.70410997     -0.85583055     -0.91061449     -0.89832830     -0.69929320     -0.63106638     -0.70478815     -0.66107297     -0.50890398     -0.42364207     -0.47120234     -0.37948063    
 tsout= -0.36067027     -0.48932883     -0.60720843     -0.64195001     -0.70410997     -0.85583055     -0.91061449     -0.89832830     -0.69929320     -0.63106638     -0.70478815     -0.66107297     -0.50890398     -0.42364207     -0.47120234     -0.37948063     -0.44643322    
 tsout= -0.48932883     -0.60720843     -0.64195001     -0.70410997     -0.85583055     -0.91061449     -0.89832830     -0.69929320     -0.63106638     -0.70478815     -0.66107297     -0.50890398     -0.42364207     -0.47120234     -0.37948063     -0.44643322     -0.48331168    
 tsout= -0.60720843     -0.64195001     -0.70410997     -0.85583055     -0.91061449     -0.89832830     -0.69929320     -0.63106638     -0.70478815     -0.66107297     -0.50890398     -0.42364207     -0.47120234     -0.37948063     -0.44643322     -0.48331168     -0.33652931    
 tsout= -0.64195001     -0.70410997     -0.85583055     -0.91061449     -0.89832830     -0.69929320     -0.63106638     -0.70478815     -0.66107297     -0.50890398     -0.42364207     -0.47120234     -0.37948063     -0.44643322     -0.48331168     -0.33652931     -0.18559854    
 tsout= -0.67302996     -0.77997029     -0.88322258     -0.90447140     -0.79881090     -0.66517961     -0.66792727     -0.68293071     -0.58498865     -0.46627298     -0.44742209     -0.42534155     -0.41295692     -0.46487236     -0.40992051     -0.26106390      0.64214718    
 tsout=   1.4698935       1.5035540       1.5011678       1.5653833       1.6943493       1.8164951       1.7678870       1.7568655       1.6945014       1.5633702       1.4102160       1.3106027       1.3048729       1.2560077       1.1994631       1.1581453       1.1608559    
 tsout=   1.5035540       1.5011678       1.5653833       1.6943493       1.8164951       1.7678870       1.7568655       1.6945014       1.5633702       1.4102160       1.3106027       1.3048729       1.2560077       1.1994631       1.1581453       1.1608559       1.0632603    
 tsout=   1.5011678       1.5653833       1.6943493       1.8164951       1.7678870       1.7568655       1.6945014       1.5633702       1.4102160       1.3106027       1.3048729       1.2560077       1.1994631       1.1581453       1.1608559       1.0632603      0.97345686    
 tsout=   1.5653833       1.6943493       1.8164951       1.7678870       1.7568655       1.6945014       1.5633702       1.4102160       1.3106027       1.3048729       1.2560077       1.1994631       1.1581453       1.1608559       1.0632603      0.97345686      0.85845339    
 tsout=   1.6943493       1.8164951       1.7678870       1.7568655       1.6945014       1.5633702       1.4102160       1.3106027       1.3048729       1.2560077       1.1994631       1.1581453       1.1608559       1.0632603      0.97345686      0.85845339      0.71168065    
 tsout=   1.7554218       1.7921911       1.7623765       1.7256831       1.6289356       1.4867928       1.3604094       1.3077376       1.2804402       1.2277354       1.1788038       1.1595008       1.1120583       1.0183586      0.91595507      0.78506708     -0.40369758    
 tsout=  -1.5190760      -1.5951293      -1.5447845      -1.4912493      -1.4138037      -1.6291200      -1.4180243      -1.3496822      -1.5639811      -1.3534805      -1.4179235      -1.3054752      -1.0436615      -1.1124276      -1.0967984      -1.0995594     -0.92230022    
 tsout=  -1.5951293      -1.5447845      -1.4912493      -1.4138037      -1.6291200      -1.4180243      -1.3496822      -1.5639811      -1.3534805      -1.4179235      -1.3054752      -1.0436615      -1.1124276      -1.0967984      -1.0995594     -0.92230022     -0.80038553    
 tsout=  -1.5447845      -1.4912493      -1.4138037      -1.6291200      -1.4180243      -1.3496822      -1.5639811      -1.3534805      -1.4179235      -1.3054752      -1.0436615      -1.1124276      -1.0967984      -1.0995594     -0.92230022     -0.80038553     -0.82009423    
 tsout=  -1.4912493      -1.4138037      -1.6291200      -1.4180243      -1.3496822      -1.5639811      -1.3534805      -1.4179235      -1.3054752      -1.0436615      -1.1124276      -1.0967984      -1.0995594     -0.92230022     -0.80038553     -0.82009423     -0.85856676    
 tsout=  -1.4138037      -1.6291200      -1.4180243      -1.3496822      -1.5639811      -1.3534805      -1.4179235      -1.3054752      -1.0436615      -1.1124276      -1.0967984      -1.0995594     -0.92230022     -0.80038553     -0.82009423     -0.85856676     -0.73295206    
 tsout=  -1.5214620      -1.5235720      -1.3838534      -1.4568318      -1.4587307      -1.3857014      -1.3616997      -1.1745683      -1.0780447      -1.1046131      -1.0981792      -1.0109299     -0.86134279     -0.81023979     -0.83933067     -0.79575908     -0.85559404    
 tsout= -0.97823608     -0.95240831      -1.1322813      -1.0235590     -0.90355188     -0.84416765     -0.91106194     -0.85601902     -0.79715151     -0.90994632     -0.89982128     -0.94192064     -0.76802194     -0.53053689     -0.23636988     -0.42167172     -0.50412005    
 tsout= -0.95240831      -1.1322813      -1.0235590     -0.90355188     -0.84416765     -0.91106194     -0.85601902     -0.79715151     -0.90994632     -0.89982128     -0.94192064     -0.76802194     -0.53053689     -0.23636988     -0.42167172     -0.50412005     -0.52110666    
 tsout=  -1.1322813      -1.0235590     -0.90355188     -0.84416765     -0.91106194     -0.85601902     -0.79715151     -0.90994632     -0.89982128     -0.94192064     -0.76802194     -0.53053689     -0.23636988     -0.42167172     -0.50412005     -0.52110666     -0.39810419    
 tsout=  -1.0235590     -0.90355188     -0.84416765     -0.91106194     -0.85601902     -0.79715151     -0.90994632     -0.89982128     -0.94192064     -0.76802194     -0.53053689     -0.23636988     -0.42167172     -0.50412005     -0.52110666     -0.39810419     -0.23862122    
 tsout= -0.90355188     -0.84416765     -0.91106194     -0.85601902     -0.79715151     -0.90994632     -0.89982128     -0.94192064     -0.76802194     -0.53053689     -0.23636988     -0.42167172     -0.50412005     -0.52110666     -0.39810419     -0.23862122     -0.31471053    
 tsout= -0.87386006     -0.87761486     -0.88354039     -0.82658505     -0.85354882     -0.90488356     -0.92087066     -0.85497141     -0.64927912     -0.38345331     -0.32902083     -0.46289596     -0.51261342     -0.45960537     -0.31836283     -0.27666590      7.95709491E-02
 tsout=  0.47385243      0.30714941      0.14822222     -8.78753024E-04  9.17939749E-03 -2.00794525E-02  1.43018560E-02 -0.13122663     -0.32274342     -0.19795641      2.92059947E-02 -0.23449558     -0.19162376     -0.15724769     -0.25398564     -9.57702249E-02 -8.07628557E-02
 tsout=  0.30714941      0.14822222     -8.78753024E-04  9.17939749E-03 -2.00794525E-02  1.43018560E-02 -0.13122663     -0.32274342     -0.19795641      2.92059947E-02 -0.23449558     -0.19162376     -0.15724769     -0.25398564     -9.57702249E-02 -8.07628557E-02 -0.20096040    
 tsout=  0.14822222     -8.78753024E-04  9.17939749E-03 -2.00794525E-02  1.43018560E-02 -0.13122663     -0.32274342     -0.19795641      2.92059947E-02 -0.23449558     -0.19162376     -0.15724769     -0.25398564     -9.57702249E-02 -8.07628557E-02 -0.20096040     -6.73254281E-02
 tsout= -8.78753024E-04  9.17939749E-03 -2.00794525E-02  1.43018560E-02 -0.13122663     -0.32274342     -0.19795641      2.92059947E-02 -0.23449558     -0.19162376     -0.15724769     -0.25398564     -9.57702249E-02 -8.07628557E-02 -0.20096040     -6.73254281E-02  1.71610732E-02
 tsout=  9.17939749E-03 -2.00794525E-02  1.43018560E-02 -0.13122663     -0.32274342     -0.19795641      2.92059947E-02 -0.23449558     -0.19162376     -0.15724769     -0.25398564     -9.57702249E-02 -8.07628557E-02 -0.20096040     -6.73254281E-02  1.71610732E-02  3.21125165E-02
 tsout= -5.45002799E-03 -2.88879499E-03 -5.84623851E-02 -0.22698505     -0.26034990     -8.43752250E-02 -0.10264479     -0.21305965     -0.17443570     -0.20561664     -0.17487790     -8.82665962E-02 -0.14086165     -0.13414291     -2.50821859E-02  2.46367883E-02  4.11576070E-02
 tsout=  5.02027348E-02  0.12410851      0.14090243      0.16035597      7.09412470E-02  1.42947035E-02 -7.71028847E-02 -0.19724695     -0.37017548     -0.27823535     -0.21854234     -0.43607038     -0.39768162     -0.24252655     -0.28423735     -0.33940294     -0.23625615    
 tsout=  0.12410851      0.14090243      0.16035597      7.09412470E-02  1.42947035E-02 -7.71028847E-02 -0.19724695     -0.37017548     -0.27823535     -0.21854234     -0.43607038     -0.39768162     -0.24252655     -0.28423735     -0.33940294     -0.23625615     -5.04808947E-02
 tsout=  0.14090243      0.16035597      7.09412470E-02  1.42947035E-02 -7.71028847E-02 -0.19724695     -0.37017548     -0.27823535     -0.21854234     -0.43607038     -0.39768162     -0.24252655     -0.28423735     -0.33940294     -0.23625615     -5.04808947E-02  0.21870178    
 tsout=  0.16035597      7.09412470E-02  1.42947035E-02 -7.71028847E-02 -0.19724695     -0.37017548     -0.27823535     -0.21854234     -0.43607038     -0.39768162     -0.24252655     -0.28423735     -0.33940294     -0.23625615     -5.04808947E-02  0.21870178      0.29746392    
 tsout=  7.09412470E-02  1.42947035E-02 -7.71028847E-02 -0.19724695     -0.37017548     -0.27823535     -0.21854234     -0.43607038     -0.39768162     -0.24252655     -0.28423735     -0.33940294     -0.23625615     -5.04808947E-02  0.21870178      0.29746392      0.22813965    
 tsout=  4.26179692E-02 -3.14040817E-02 -0.13717490     -0.28371117     -0.32420531     -0.24838886     -0.32730636     -0.41687596     -0.32010409     -0.26338196     -0.31182009     -0.28782952     -0.14336848      8.41104612E-02  0.25808278      0.26280180      0.24547072    
 iwo=         192
 end of excution
