 it=          46
 time length of data =          21
 it=          98
 time length of data =          42
 it=         150
 time length of data =          63
 it=         202
 time length of data =          84
 it=         254
 time length of data =         105
 it=         306
 time length of data =         126
 it=         358
 time length of data =         147
 it=         410
 time length of data =         168
 it=         462
 time length of data =         189
 it=         514
 time length of data =         210
 it=         566
 time length of data =         231
 it=         618
 time length of data =         252
 it=         670
 time length of data =         273
 it=         722
 time length of data =         294
 it=         774
 time length of data =         315
 it=         826
 time length of data =         336
 it=         878
 time length of data =         357
 it=         930
 time length of data =         378
 it=         982
 time length of data =         399
 it=        1034
 time length of data =         420
 it=        1086
 time length of data =         441
 it=        1138
 time length of data =         462
 it=        1190
 time length of data =         483
 it=        1242
 time length of data =         504
 it=        1294
 time length of data =         525
 it=        1346
 time length of data =         546
 it=        1398
 time length of data =         567
 it=        1450
 time length of data =         588
 it=        1502
 time length of data =         609
 it=        1554
 time length of data =         630
 it=        1606
 time length of data =         651
 it=        1658
 time length of data =         672
 it=        1710
 time length of data =         693
 it=        1762
 time length of data =         714
 ldwk=           1   number of prd write out=         578
 ldwk=           2   number of prd write out=         578
 ldwk=           3   number of prd write out=         578
 ldwk=           4   number of prd write out=         578
 ldwk=           5   number of prd write out=         578
 ldwk=           6   number of prd write out=         578
 end of excution
