 iy=        1957 cr= -0.8126383    
 iy=        1958 cr= -0.6129774    
 iy=        1959 cr= -0.6937882    
 iy=        1960 cr= -0.5383025    
 iy=        1961 cr= -0.3720184    
 iy=        1962 cr=  0.1973780    
 iy=        1963 cr= -0.7966674    
 iy=        1964 cr= -0.4196158    
 iy=        1965 cr= -0.9114255    
 iy=        1966 cr= -0.6688517    
 iy=        1967 cr= -0.2970899    
 iy=        1968 cr= -7.9037286E-03
 iy=        1969 cr= -0.1436863    
 iy=        1970 cr=  0.3031185    
 iy=        1971 cr= -0.4627610    
 iy=        1972 cr= -0.5551420    
 iy=        1973 cr= -4.7996830E-02
 iy=        1974 cr= -0.8465827    
 iy=        1975 cr= -0.6495616    
 iy=        1976 cr= -0.6753953    
 iy=        1977 cr= -0.7172751    
 iy=        1978 cr= -0.3512018    
 iy=        1979 cr= -0.3302666    
 iy=        1980 cr= -0.1856364    
 iy=        1981 cr= -6.1198626E-02
 iy=        1982 cr= -0.5018066    
 iy=        1983 cr=  0.7981850    
 iy=        1984 cr= -0.1421997    
 iy=        1985 cr=  0.6468971    
 iy=        1986 cr= -0.4032108    
 iy=        1987 cr=  8.2490304E-03
 iy=        1988 cr=  0.3275336    
 iy=        1989 cr=  0.1613944    
 iy=        1990 cr=  0.7244845    
 iy=        1991 cr= -0.2509535    
 iy=        1992 cr= -8.8537991E-02
 iy=        1993 cr=  0.2870236    
 iy=        1994 cr=  0.2160299    
 iy=        1995 cr=  0.7996274    
 iy=        1996 cr=  0.5829224    
 iy=        1997 cr= -0.6505926    
 iy=        1998 cr=  0.6279363    
 iy=        1999 cr=  0.3358750    
 iy=        2000 cr=  0.5689682    
 iy=        2001 cr=  0.6546241    
 iy=        2002 cr= -0.1095356    
 iy=        2003 cr=  0.8570072    
 iy=        2004 cr=  0.6619932    
 iy=        2005 cr=  0.5702159    
 iy=        2006 cr=  0.3082314    
 iy=        2007 cr=  0.5106695    
 iy=        2008 cr=  0.7513805    
 iy=        2009 cr=  5.7117743E-03
 iy=        2010 cr=  0.6408858    
 iy=        2011 cr=  0.5489156    
 iy=        2012 cr=  0.8692840    
 size of positive=          16 size of negative=          14
