 iy=        1949 cr= -8.0357939E-02
 iy=        1950 cr= -0.6876985    
 iy=        1951 cr= -0.2944656    
 iy=        1952 cr= -0.7838197    
 iy=        1953 cr= -4.5698393E-02
 iy=        1954 cr= -0.6948957    
 iy=        1955 cr= -0.4815364    
 iy=        1956 cr=  0.5724108    
 iy=        1957 cr= -0.6946066    
 iy=        1958 cr=  0.4834372    
 iy=        1959 cr= -0.6161746    
 iy=        1960 cr= -0.1620089    
 iy=        1961 cr=  0.3019094    
 iy=        1962 cr=  0.3305232    
 iy=        1963 cr=  8.4109001E-02
 iy=        1964 cr=  4.9430531E-02
 iy=        1965 cr= -0.7883314    
 iy=        1966 cr=  0.1742306    
 iy=        1967 cr= -0.7509208    
 iy=        1968 cr= -0.6769853    
 iy=        1969 cr= -0.3118630    
 iy=        1970 cr= -0.3656980    
 iy=        1971 cr=  0.3370410    
 iy=        1972 cr= -6.5381904E-03
 iy=        1973 cr=  0.3331989    
 iy=        1974 cr= -0.1184594    
 iy=        1975 cr=  0.2619893    
 iy=        1976 cr= -5.5812508E-02
 iy=        1977 cr=  0.1183400    
 iy=        1978 cr= -0.1426114    
 iy=        1979 cr= -0.1652519    
 iy=        1980 cr= -0.1891941    
 iy=        1981 cr=  0.6321279    
 iy=        1982 cr= -0.2868699    
 iy=        1983 cr=  0.6776510    
 iy=        1984 cr=  0.3062299    
 iy=        1985 cr=  0.4554654    
 iy=        1986 cr= -0.5012870    
 iy=        1987 cr=  9.5675223E-02
 iy=        1988 cr=  0.6811021    
 iy=        1989 cr=  0.6024666    
 iy=        1990 cr=  0.6631449    
 iy=        1991 cr= -0.1458068    
 iy=        1992 cr=  0.1855612    
 iy=        1993 cr=  0.8450329    
 iy=        1994 cr= -0.3564485    
 iy=        1995 cr=  0.4700892    
 iy=        1996 cr=  0.5359741    
 iy=        1997 cr= -0.4467984    
 iy=        1998 cr= -0.4750727    
 iy=        1999 cr=  6.5129742E-02
 iy=        2000 cr= -0.1094105    
 iy=        2001 cr=  0.3335943    
 iy=        2002 cr=  0.4348833    
 iy=        2003 cr= -0.2544247    
 iy=        2004 cr=  0.4157255    
 iy=        2005 cr= -0.3906186    
 iy=        2006 cr=  8.7054767E-02
 iy=        2007 cr=  0.3931674    
 iy=        2008 cr=  0.3941153    
 iy=        2009 cr= -0.4560444    
 iy=        2010 cr= -2.1242442E-02
 iy=        2011 cr= -2.7349930E-02
 iy=        2012 cr= -5.3168938E-02
 size of positive=           6 size of negative=           8
