 iy=        1949 cr=  0.1158676    
 iy=        1950 cr= -0.2471520    
 iy=        1951 cr= -0.1431214    
 iy=        1952 cr= -0.6770723    
 iy=        1953 cr= -0.2143889    
 iy=        1954 cr= -0.4003312    
 iy=        1955 cr= -0.1893986    
 iy=        1956 cr=  0.3584057    
 iy=        1957 cr= -0.4780494    
 iy=        1958 cr=  0.3673374    
 iy=        1959 cr= -0.1396315    
 iy=        1960 cr= -5.4691266E-02
 iy=        1961 cr=  7.1970455E-02
 iy=        1962 cr= -2.4876131E-02
 iy=        1963 cr= -0.2512606    
 iy=        1964 cr= -0.2328042    
 iy=        1965 cr= -0.3631680    
 iy=        1966 cr= -9.2710331E-02
 iy=        1967 cr= -0.4699610    
 iy=        1968 cr= -0.4026390    
 iy=        1969 cr= -0.2970722    
 iy=        1970 cr= -0.2823193    
 iy=        1971 cr=  0.1715629    
 iy=        1972 cr=  4.2179961E-02
 iy=        1973 cr=  0.2436904    
 iy=        1974 cr= -0.2666248    
 iy=        1975 cr= -9.8134033E-02
 iy=        1976 cr= -4.9063858E-02
 iy=        1977 cr=  5.4075487E-02
 iy=        1978 cr=  6.8006955E-02
 iy=        1979 cr= -6.6611841E-02
 iy=        1980 cr= -0.2413817    
 iy=        1981 cr=  0.4756257    
 iy=        1982 cr= -0.2330468    
 iy=        1983 cr=  0.3005448    
 iy=        1984 cr=  2.0682933E-02
 iy=        1985 cr=  0.3483938    
 iy=        1986 cr= -0.2513322    
 iy=        1987 cr= -9.3280099E-02
 iy=        1988 cr=  0.4622425    
 iy=        1989 cr=  0.5429322    
 iy=        1990 cr=  0.6423027    
 iy=        1991 cr= -0.2316803    
 iy=        1992 cr=  4.3668817E-03
 iy=        1993 cr=  0.6534259    
 iy=        1994 cr= -5.3212054E-02
 iy=        1995 cr= -1.6916348E-02
 iy=        1996 cr=  0.3012742    
 iy=        1997 cr= -0.1782974    
 iy=        1998 cr= -0.2465341    
 iy=        1999 cr= -2.2990452E-02
 iy=        2000 cr= -1.7451940E-02
 iy=        2001 cr=  0.2249588    
 iy=        2002 cr=  0.3045097    
 iy=        2003 cr= -0.1517074    
 iy=        2004 cr=  9.8184608E-02
 iy=        2005 cr= -0.2168102    
 iy=        2006 cr=  0.2451311    
 iy=        2007 cr=  0.3032164    
 iy=        2008 cr=  0.2939326    
 iy=        2009 cr= -0.1435534    
 iy=        2010 cr=  0.1112952    
 iy=        2011 cr= -0.1461281    
 iy=        2012 cr=  7.1136817E-02
 size of positive=           2 size of negative=           1
