 iy=        1949 jm=           1 cr= -0.4473267    
 iy=        1950 jm=           2 cr= -0.2861423    
 iy=        1951 jm=           3 cr=  0.3636358    
 iy=        1952 jm=           4 cr=  3.0437515E-03
 iy=        1953 jm=           5 cr= -0.4249495    
 iy=        1954 jm=           1 cr=  3.8983766E-02
 iy=        1955 jm=           2 cr= -0.3103454    
 iy=        1956 jm=           3 cr= -0.2523598    
 iy=        1957 jm=           4 cr=  9.0369180E-02
 iy=        1958 jm=           5 cr=  9.4135366E-02
 iy=        1959 jm=           1 cr= -0.2758789    
 iy=        1960 jm=           2 cr=  0.1877947    
 iy=        1961 jm=           3 cr=  0.1255192    
 iy=        1962 jm=           4 cr= -0.3881887    
 iy=        1963 jm=           5 cr=  5.9967220E-02
 iy=        1964 jm=           1 cr= -0.6637704    
 iy=        1965 jm=           2 cr= -0.6012915    
 iy=        1966 jm=           3 cr= -0.4344220    
 iy=        1967 jm=           4 cr= -0.3730694    
 iy=        1968 jm=           5 cr=  4.4485042E-03
 iy=        1969 jm=           1 cr= -0.5395297    
 iy=        1970 jm=           2 cr= -0.3000109    
 iy=        1971 jm=           3 cr=  0.2521445    
 iy=        1972 jm=           4 cr=  7.4963368E-02
 iy=        1973 jm=           5 cr=  0.3237336    
 iy=        1974 jm=           1 cr= -0.3637944    
 iy=        1975 jm=           2 cr= -0.1804308    
 iy=        1976 jm=           3 cr= -0.5724154    
 iy=        1977 jm=           4 cr= -0.1101656    
 iy=        1978 jm=           5 cr=  5.3811599E-02
 iy=        1979 jm=           1 cr=  7.2291322E-02
 iy=        1980 jm=           2 cr=  0.2064427    
 iy=        1981 jm=           3 cr= -1.3037681E-02
 iy=        1982 jm=           4 cr=  0.2430332    
 iy=        1983 jm=           5 cr=  8.9773595E-02
 iy=        1984 jm=           1 cr= -0.2757065    
 iy=        1985 jm=           2 cr=  3.7281469E-02
 iy=        1986 jm=           3 cr=  0.2884579    
 iy=        1987 jm=           4 cr=  0.1044638    
 iy=        1988 jm=           5 cr= -0.2046181    
 iy=        1989 jm=           1 cr= -0.2200987    
 iy=        1990 jm=           2 cr=  0.1586444    
 iy=        1991 jm=           3 cr= -0.1646732    
 iy=        1992 jm=           4 cr= -0.1208092    
 iy=        1993 jm=           5 cr=  2.3826597E-02
 iy=        1994 jm=           1 cr= -7.4964367E-02
 iy=        1995 jm=           2 cr= -0.1845063    
 iy=        1996 jm=           3 cr=  0.1408213    
 iy=        1997 jm=           4 cr=  0.4141614    
 iy=        1998 jm=           5 cr= -0.2591739    
 iy=        1999 jm=           1 cr= -0.3012086    
 iy=        2000 jm=           2 cr= -0.3597732    
 iy=        2001 jm=           3 cr= -0.3886107    
 iy=        2002 jm=           4 cr= -0.3871730    
 iy=        2003 jm=           5 cr=  4.2539455E-02
 iy=        2004 jm=           1 cr= -0.3223707    
 iy=        2005 jm=           2 cr= -0.3287192    
 iy=        2006 jm=           3 cr= -0.5432456    
 iy=        2007 jm=           4 cr= -0.1982744    
 iy=        2008 jm=           5 cr= -0.3794722    
 iy=        2009 jm=           1 cr= -7.9195775E-02
 iy=        2010 jm=           2 cr=  3.5652854E-02
 iy=        2011 jm=           3 cr=  0.3232561    
 iy=        2012 jm=           4 cr=  0.2431193    
 iy=        2013 jm=           5 cr= -2.8511252E-02
 iy=        2014 jm=           1 cr= -0.5102407    
 iy=        2015 jm=           2 cr=  2.2524327E-02
 iy=        2016 jm=           3 cr=  0.1306326    
 iy=        2017 jm=           4 cr=  3.7798561E-02
 iy=        2018 jm=           5 cr=  0.3680087    
 iy=        2019 jm=           1 cr=  0.1553799    
 iy=        2020 jm=           2 cr= -0.2159356    
 iy=        2021 jm=           3 cr=  6.7584505E-03
 iy=        2022 jm=           4 cr= -0.1302493    
 iy=        2023 jm=           5 cr=  0.3299805    
 iy=        2024 jm=           1 cr=  4.2850088E-02
 iy=        2025 jm=           2 cr=  0.2245632    
 iy=        2026 jm=           3 cr=  2.6626127E-02
 iy=        2027 jm=           4 cr=  8.7179996E-02
 iy=        2028 jm=           5 cr=  0.1407329    
 iy=        2029 jm=           1 cr= -3.0412495E-03
 iy=        2030 jm=           2 cr=  0.1895093    
 iy=        2031 jm=           3 cr= -0.1205514    
 iy=        2032 jm=           4 cr=  0.1111275    
 iy=        2033 jm=           5 cr= -0.1526983    
 iy=        2034 jm=           1 cr=  0.1761042    
 iy=        2035 jm=           2 cr= -0.2193251    
 iy=        2036 jm=           3 cr= -0.3580939    
 iy=        2037 jm=           4 cr= -0.1297082    
 iy=        2038 jm=           5 cr=  0.2646916    
 iy=        2039 jm=           1 cr= -0.1225083    
 iy=        2040 jm=           2 cr=  0.2107535    
 iy=        2041 jm=           3 cr= -4.5220491E-02
 iy=        2042 jm=           4 cr= -0.1263358    
 iy=        2043 jm=           5 cr=  8.9957640E-02
 iy=        2044 jm=           1 cr= -0.3247441    
 iy=        2045 jm=           2 cr=  0.2070278    
 iy=        2046 jm=           3 cr=  5.5472426E-02
 iy=        2047 jm=           4 cr= -0.2026287    
 iy=        2048 jm=           5 cr=  7.3633350E-02
 iy=        2049 jm=           1 cr= -0.3475456    
 iy=        2050 jm=           2 cr= -0.5916583    
 iy=        2051 jm=           3 cr= -0.1085647    
 iy=        2052 jm=           4 cr= -0.2874028    
 iy=        2053 jm=           5 cr= -0.3281379    
 iy=        2054 jm=           1 cr=  0.2442602    
 iy=        2055 jm=           2 cr= -0.1074276    
 iy=        2056 jm=           3 cr=  0.2626567    
 iy=        2057 jm=           4 cr= -0.1025193    
 iy=        2058 jm=           5 cr= -0.5149199    
 iy=        2059 jm=           1 cr= -0.1634471    
 iy=        2060 jm=           2 cr=  0.3013954    
 iy=        2061 jm=           3 cr=  0.2409623    
 iy=        2062 jm=           4 cr=  0.3465743    
 iy=        2063 jm=           5 cr= -7.5978199E-03
 iy=        2064 jm=           1 cr=  0.1047896    
 iy=        2065 jm=           2 cr=  0.5642310    
 iy=        2066 jm=           3 cr=  0.2023990    
 iy=        2067 jm=           4 cr=  0.1169427    
 iy=        2068 jm=           5 cr= -0.2062367    
 iy=        2069 jm=           1 cr=  0.1441384    
 iy=        2070 jm=           2 cr= -0.2833955    
 iy=        2071 jm=           3 cr=  0.1212776    
 iy=        2072 jm=           4 cr= -4.4438154E-02
 iy=        2073 jm=           5 cr= -3.5966713E-02
 iy=        2074 jm=           1 cr= -0.4100398    
 iy=        2075 jm=           2 cr= -0.4346240    
 iy=        2076 jm=           3 cr= -2.9849421E-02
 iy=        2077 jm=           4 cr=  1.0872476E-02
 iy=        2078 jm=           5 cr= -3.6240429E-02
 iy=        2079 jm=           1 cr=  9.7482726E-02
 iy=        2080 jm=           2 cr= -9.1363318E-02
 iy=        2081 jm=           3 cr= -0.3745268    
 iy=        2082 jm=           4 cr= -6.5395613E-03
 iy=        2083 jm=           5 cr=  2.2501396E-02
 iy=        2084 jm=           1 cr= -0.1655965    
 iy=        2085 jm=           2 cr= -7.1273617E-02
 iy=        2086 jm=           3 cr= -0.2792018    
 iy=        2087 jm=           4 cr= -0.4669205    
 iy=        2088 jm=           5 cr= -0.1171455    
 iy=        2089 jm=           1 cr= -6.9433443E-02
 iy=        2090 jm=           2 cr=  0.2653999    
 iy=        2091 jm=           3 cr= -0.2128052    
 iy=        2092 jm=           4 cr= -0.1542357    
 iy=        2093 jm=           5 cr=  0.1983573    
 iy=        2094 jm=           1 cr=  0.2527800    
 iy=        2095 jm=           2 cr=  0.1597957    
 iy=        2096 jm=           3 cr=  8.2080467E-03
 iy=        2097 jm=           4 cr=  0.3791420    
 iy=        2098 jm=           5 cr= -0.1120932    
 iy=        2099 jm=           1 cr= -3.1124847E-02
 iy=        2100 jm=           2 cr=  0.1726757    
 iy=        2101 jm=           3 cr=  0.2775144    
 iy=        2102 jm=           4 cr= -6.8876088E-02
 iy=        2103 jm=           5 cr= -0.4524299    
 iy=        2104 jm=           1 cr= -0.3317835    
 iy=        2105 jm=           2 cr=  0.2863679    
 iy=        2106 jm=           3 cr= -0.2873768    
 iy=        2107 jm=           4 cr= -0.1019758    
 iy=        2108 jm=           5 cr= -0.3311799    
 iy=        2109 jm=           1 cr= -0.3296177    
 iy=        2110 jm=           2 cr= -0.4036564    
 iy=        2111 jm=           3 cr=  0.3251163    
 iy=        2112 jm=           4 cr=  0.4955676    
 iy=        2113 jm=           5 cr=  0.3851592    
 iy=        2114 jm=           1 cr=  7.0484430E-02
 iy=        2115 jm=           2 cr=  0.1944441    
 iy=        2116 jm=           3 cr=  9.8896459E-02
 iy=        2117 jm=           4 cr=  5.1024683E-02
 iy=        2118 jm=           5 cr=  6.3602306E-02
 iy=        2119 jm=           1 cr= -0.3813570    
 iy=        2120 jm=           2 cr=  0.2852399    
 iy=        2121 jm=           3 cr=  0.1361969    
 iy=        2122 jm=           4 cr= -0.1733688    
 iy=        2123 jm=           5 cr= -7.6241799E-02
 iy=        2124 jm=           1 cr= -0.2761219    
 iy=        2125 jm=           2 cr=  0.3318369    
 iy=        2126 jm=           3 cr= -0.2207308    
 iy=        2127 jm=           4 cr=  8.9783438E-02
 iy=        2128 jm=           5 cr= -8.0179219E-04
 iy=        2129 jm=           1 cr=  0.4188725    
 iy=        2130 jm=           2 cr= -0.2455266    
 iy=        2131 jm=           3 cr= -0.3181356    
 iy=        2132 jm=           4 cr=  0.1409146    
 iy=        2133 jm=           5 cr=  0.2572008    
 iy=        2134 jm=           1 cr=  0.2942414    
 iy=        2135 jm=           2 cr= -0.1987856    
 iy=        2136 jm=           3 cr= -0.2670105    
 iy=        2137 jm=           4 cr= -0.2719184    
 iy=        2138 jm=           5 cr=  3.6456205E-02
 iy=        2139 jm=           1 cr= -9.4956048E-02
 iy=        2140 jm=           2 cr= -0.3707025    
 iy=        2141 jm=           3 cr= -0.1238893    
 iy=        2142 jm=           4 cr= -8.2550369E-02
 iy=        2143 jm=           5 cr= -0.1014913    
 iy=        2144 jm=           1 cr=  7.7484481E-02
 iy=        2145 jm=           2 cr= -0.1183563    
 iy=        2146 jm=           3 cr=  2.5330773E-02
 iy=        2147 jm=           4 cr=  0.1869070    
 iy=        2148 jm=           5 cr=  0.2982845    
 iy=        2149 jm=           1 cr=  0.2548279    
 iy=        2150 jm=           2 cr=  0.1307487    
 iy=        2151 jm=           3 cr= -1.3714340E-02
 iy=        2152 jm=           4 cr=  0.3697597    
 iy=        2153 jm=           5 cr=  4.7050048E-02
 iy=        2154 jm=           1 cr=  0.5383252    
 iy=        2155 jm=           2 cr=  0.4657972    
 iy=        2156 jm=           3 cr=  0.4843580    
 iy=        2157 jm=           4 cr= -3.3343814E-02
 iy=        2158 jm=           5 cr=  0.2112514    
 iy=        2159 jm=           1 cr= -0.1013800    
 iy=        2160 jm=           2 cr=  0.2076141    
 iy=        2161 jm=           3 cr=  7.3066905E-02
 iy=        2162 jm=           4 cr=  0.4019228    
 iy=        2163 jm=           5 cr=  7.8650482E-02
 iy=        2164 jm=           1 cr=  2.0585835E-03
 iy=        2165 jm=           2 cr=  0.5244229    
 iy=        2166 jm=           3 cr=  0.4492485    
 iy=        2167 jm=           4 cr=  8.5909218E-02
 iy=        2168 jm=           5 cr= -5.7098005E-02
 iy=        2169 jm=           1 cr=  0.4618418    
 iy=        2170 jm=           2 cr= -0.1892834    
 iy=        2171 jm=           3 cr=  7.7320792E-02
 iy=        2172 jm=           4 cr=  0.3829291    
 iy=        2173 jm=           5 cr=  0.3276038    
 iy=        2174 jm=           1 cr=  0.3861433    
 iy=        2175 jm=           2 cr= -0.2339721    
 iy=        2176 jm=           3 cr= -0.1152946    
 iy=        2177 jm=           4 cr=  0.3255663    
 iy=        2178 jm=           5 cr=  0.2545756    
 iy=        2179 jm=           1 cr=  0.4051374    
 iy=        2180 jm=           2 cr= -1.7882794E-02
 iy=        2181 jm=           3 cr=  0.1844159    
 iy=        2182 jm=           4 cr=  0.1919744    
 iy=        2183 jm=           5 cr=  0.3636576    
 iy=        2184 jm=           1 cr=  5.3348966E-02
 iy=        2185 jm=           2 cr= -4.3993324E-02
 iy=        2186 jm=           3 cr=  0.1699186    
 iy=        2187 jm=           4 cr= -6.1217349E-02
 iy=        2188 jm=           5 cr=  9.1755688E-02
 iy=        2189 jm=           1 cr=  0.3389458    
 iy=        2190 jm=           2 cr=  0.2780815    
 iy=        2191 jm=           3 cr=  0.1504101    
 iy=        2192 jm=           4 cr=  0.1116194    
 iy=        2193 jm=           5 cr=  0.2997751    
 iy=        2194 jm=           1 cr= -7.2231092E-02
 iy=        2195 jm=           2 cr=  4.3324329E-02
 iy=        2196 jm=           3 cr= -0.1058617    
 iy=        2197 jm=           4 cr= -0.5520104    
 iy=        2198 jm=           5 cr= -0.2912345    
 iy=        2199 jm=           1 cr= -0.1017279    
 iy=        2200 jm=           2 cr= -4.9960840E-02
 iy=        2201 jm=           3 cr=  0.1677914    
 iy=        2202 jm=           4 cr= -0.1844423    
 iy=        2203 jm=           5 cr= -0.3374007    
 iy=        2204 jm=           1 cr= -0.2449132    
 iy=        2205 jm=           2 cr= -0.4825366    
 iy=        2206 jm=           3 cr= -0.2340241    
 iy=        2207 jm=           4 cr= -0.3727240    
 iy=        2208 jm=           5 cr= -0.1873857    
 iy=        2209 jm=           1 cr= -0.2538561    
 iy=        2210 jm=           2 cr= -0.2727375    
 iy=        2211 jm=           3 cr=  0.1602235    
 iy=        2212 jm=           4 cr= -0.2915850    
 iy=        2213 jm=           5 cr=  0.2942048    
 iy=        2214 jm=           1 cr= -8.2882233E-02
 iy=        2215 jm=           2 cr=  1.6235781E-03
 iy=        2216 jm=           3 cr=  8.4853284E-03
 iy=        2217 jm=           4 cr=  0.4103583    
 iy=        2218 jm=           5 cr=  0.4532202    
 iy=        2219 jm=           1 cr=  0.4093444    
 iy=        2220 jm=           2 cr= -0.5151660    
 iy=        2221 jm=           3 cr=  0.1993780    
 iy=        2222 jm=           4 cr= -0.4934575    
 iy=        2223 jm=           5 cr=  8.5048787E-02
 iy=        2224 jm=           1 cr=  0.1522723    
 iy=        2225 jm=           2 cr=  0.2125191    
 iy=        2226 jm=           3 cr=  0.4243192    
 iy=        2227 jm=           4 cr=  0.1408002    
 iy=        2228 jm=           5 cr=  0.1723658    
 iy=        2229 jm=           1 cr=  0.4688129    
 iy=        2230 jm=           2 cr= -0.1288022    
 iy=        2231 jm=           3 cr= -0.2786807    
 iy=        2232 jm=           4 cr= -2.8422849E-02
 iy=        2233 jm=           5 cr= -4.5572083E-02
 iy=        2234 jm=           1 cr=  0.4743640    
 iy=        2235 jm=           2 cr= -0.1381705    
 iy=        2236 jm=           3 cr=  6.6529736E-03
 iy=        2237 jm=           4 cr=  0.1495822    
 iy=        2238 jm=           5 cr=  0.1100224    
 iy=        2239 jm=           1 cr= -0.4599325    
 iy=        2240 jm=           2 cr=  0.2198879    
 iy=        2241 jm=           3 cr=  1.9797299E-03
 iy=        2242 jm=           4 cr= -0.1056851    
 iy=        2243 jm=           5 cr=  8.1924364E-02
 iy=        2244 jm=           1 cr= -0.1289101    
 iy=        2245 jm=           2 cr=  0.3158933    
 iy=        2246 jm=           3 cr=  0.1445228    
 iy=        2247 jm=           4 cr= -0.1100796    
 iy=        2248 jm=           5 cr=  0.1529192    
 iy=        2249 jm=           1 cr=  4.9731091E-02
 iy=        2250 jm=           2 cr=  7.4295379E-02
 iy=        2251 jm=           3 cr= -7.2751090E-02
 iy=        2252 jm=           4 cr= -2.4224345E-02
 iy=        2253 jm=           5 cr= -0.2833740    
 iy=        2254 jm=           1 cr=  0.3220167    
 iy=        2255 jm=           2 cr=  9.7936623E-02
 iy=        2256 jm=           3 cr= -0.2540361    
 iy=        2257 jm=           4 cr=  0.3893583    
 iy=        2258 jm=           5 cr= -0.1137488    
 iy=        2259 jm=           1 cr=  0.3450904    
 iy=        2260 jm=           2 cr=  1.5484896E-02
 iy=        2261 jm=           3 cr= -0.1891279    
 iy=        2262 jm=           4 cr= -0.3154432    
 iy=        2263 jm=           5 cr= -0.1363264    
 iy=        2264 jm=           1 cr=  0.3276767    
 iy=        2265 jm=           2 cr=  0.3422638    
 iy=        2266 jm=           3 cr= -2.5238067E-02
 iy=        2267 jm=           4 cr= -0.1391753    
 iy=        2268 jm=           5 cr= -9.4992623E-02
 im=           1 size of positive=           1 size of negative=           5
 iy=        1949 jm=           1 cr= -0.2292777    
 iy=        1950 jm=           2 cr=  6.5654278E-02
 iy=        1951 jm=           3 cr=  0.4625165    
 iy=        1952 jm=           4 cr=  2.4922352E-02
 iy=        1953 jm=           5 cr= -0.2227505    
 iy=        1954 jm=           1 cr=  0.1090442    
 iy=        1955 jm=           2 cr= -0.3198915    
 iy=        1956 jm=           3 cr= -0.2519764    
 iy=        1957 jm=           4 cr=  3.3889685E-02
 iy=        1958 jm=           5 cr=  0.1669057    
 iy=        1959 jm=           1 cr= -0.1165263    
 iy=        1960 jm=           2 cr=  0.3016086    
 iy=        1961 jm=           3 cr=  1.1178668E-02
 iy=        1962 jm=           4 cr= -0.3088673    
 iy=        1963 jm=           5 cr=  0.1936936    
 iy=        1964 jm=           1 cr= -0.4029140    
 iy=        1965 jm=           2 cr= -0.7078243    
 iy=        1966 jm=           3 cr= -0.4505763    
 iy=        1967 jm=           4 cr= -0.3206573    
 iy=        1968 jm=           5 cr= -0.2052238    
 iy=        1969 jm=           1 cr= -0.4287137    
 iy=        1970 jm=           2 cr= -0.2038792    
 iy=        1971 jm=           3 cr=  6.9499947E-02
 iy=        1972 jm=           4 cr= -0.1869397    
 iy=        1973 jm=           5 cr=  9.2793182E-02
 iy=        1974 jm=           1 cr= -0.2772596    
 iy=        1975 jm=           2 cr= -0.2190025    
 iy=        1976 jm=           3 cr= -0.5360571    
 iy=        1977 jm=           4 cr=  0.1253150    
 iy=        1978 jm=           5 cr=  0.2837119    
 iy=        1979 jm=           1 cr=  0.3123069    
 iy=        1980 jm=           2 cr=  0.1695433    
 iy=        1981 jm=           3 cr= -0.1974307    
 iy=        1982 jm=           4 cr=  0.4350186    
 iy=        1983 jm=           5 cr=  0.1350323    
 iy=        1984 jm=           1 cr=  5.1032435E-02
 iy=        1985 jm=           2 cr=  0.3513772    
 iy=        1986 jm=           3 cr=  0.4486989    
 iy=        1987 jm=           4 cr=  0.2759788    
 iy=        1988 jm=           5 cr= -2.9864316E-03
 iy=        1989 jm=           1 cr= -2.4220418E-02
 iy=        1990 jm=           2 cr= -0.1490200    
 iy=        1991 jm=           3 cr= -0.4147327    
 iy=        1992 jm=           4 cr= -0.3366412    
 iy=        1993 jm=           5 cr= -0.2368575    
 iy=        1994 jm=           1 cr= -3.1507850E-02
 iy=        1995 jm=           2 cr=  4.0782075E-02
 iy=        1996 jm=           3 cr=  8.6903080E-02
 iy=        1997 jm=           4 cr=  0.2554691    
 iy=        1998 jm=           5 cr= -0.1870141    
 iy=        1999 jm=           1 cr=  0.2068379    
 iy=        2000 jm=           2 cr= -0.3012443    
 iy=        2001 jm=           3 cr= -0.2252871    
 iy=        2002 jm=           4 cr= -0.3223793    
 iy=        2003 jm=           5 cr=  0.1625212    
 iy=        2004 jm=           1 cr= -5.4570716E-02
 iy=        2005 jm=           2 cr= -4.0866118E-02
 iy=        2006 jm=           3 cr= -0.4106693    
 iy=        2007 jm=           4 cr= -4.1517157E-02
 iy=        2008 jm=           5 cr= -0.4031145    
 iy=        2009 jm=           1 cr= -0.2080701    
 iy=        2010 jm=           2 cr=  0.2652994    
 iy=        2011 jm=           3 cr=  0.6451615    
 iy=        2012 jm=           4 cr=  0.1660523    
 iy=        2013 jm=           5 cr=  0.1269846    
 iy=        2014 jm=           1 cr= -0.1561294    
 iy=        2015 jm=           2 cr= -1.3403982E-02
 iy=        2016 jm=           3 cr=  0.3566297    
 iy=        2017 jm=           4 cr= -2.2061788E-02
 iy=        2018 jm=           5 cr=  0.2859049    
 iy=        2019 jm=           1 cr= -0.1733645    
 iy=        2020 jm=           2 cr= -0.2081760    
 iy=        2021 jm=           3 cr= -0.1188982    
 iy=        2022 jm=           4 cr=  7.3738411E-02
 iy=        2023 jm=           5 cr=  0.2792054    
 iy=        2024 jm=           1 cr=  0.1556955    
 iy=        2025 jm=           2 cr=  0.1316419    
 iy=        2026 jm=           3 cr=  6.8246856E-02
 iy=        2027 jm=           4 cr=  0.3467280    
 iy=        2028 jm=           5 cr=  0.2714905    
 iy=        2029 jm=           1 cr= -0.2104872    
 iy=        2030 jm=           2 cr= -0.2154064    
 iy=        2031 jm=           3 cr= -0.3146398    
 iy=        2032 jm=           4 cr= -8.5332565E-02
 iy=        2033 jm=           5 cr= -0.4376667    
 iy=        2034 jm=           1 cr=  0.1683915    
 iy=        2035 jm=           2 cr= -0.1607552    
 iy=        2036 jm=           3 cr= -0.2953748    
 iy=        2037 jm=           4 cr=  0.1115695    
 iy=        2038 jm=           5 cr=  0.2158760    
 iy=        2039 jm=           1 cr=  0.1072530    
 iy=        2040 jm=           2 cr=  0.2583784    
 iy=        2041 jm=           3 cr=  5.7070933E-02
 iy=        2042 jm=           4 cr= -0.1785761    
 iy=        2043 jm=           5 cr= -0.2098982    
 iy=        2044 jm=           1 cr= -0.2073088    
 iy=        2045 jm=           2 cr= -7.3168308E-02
 iy=        2046 jm=           3 cr= -0.1121363    
 iy=        2047 jm=           4 cr= -0.4302442    
 iy=        2048 jm=           5 cr=  2.9193459E-02
 iy=        2049 jm=           1 cr= -0.3591606    
 iy=        2050 jm=           2 cr= -0.6011325    
 iy=        2051 jm=           3 cr= -3.6105763E-02
 iy=        2052 jm=           4 cr= -0.2383795    
 iy=        2053 jm=           5 cr= -6.0496312E-02
 iy=        2054 jm=           1 cr=  0.2190784    
 iy=        2055 jm=           2 cr=  1.7034864E-02
 iy=        2056 jm=           3 cr=  0.4029092    
 iy=        2057 jm=           4 cr=  1.1386774E-02
 iy=        2058 jm=           5 cr= -0.2804368    
 iy=        2059 jm=           1 cr=  2.3943020E-02
 iy=        2060 jm=           2 cr=  0.3670108    
 iy=        2061 jm=           3 cr=  0.3810535    
 iy=        2062 jm=           4 cr=  0.4643041    
 iy=        2063 jm=           5 cr= -7.6117963E-02
 iy=        2064 jm=           1 cr= -8.9486144E-02
 iy=        2065 jm=           2 cr=  0.3357753    
 iy=        2066 jm=           3 cr= -0.3215243    
 iy=        2067 jm=           4 cr= -0.3040695    
 iy=        2068 jm=           5 cr= -0.1268102    
 iy=        2069 jm=           1 cr=  0.1719351    
 iy=        2070 jm=           2 cr= -0.2016640    
 iy=        2071 jm=           3 cr=  0.2342926    
 iy=        2072 jm=           4 cr= -1.7719032E-02
 iy=        2073 jm=           5 cr=  0.1202489    
 iy=        2074 jm=           1 cr= -0.3202225    
 iy=        2075 jm=           2 cr= -0.4052034    
 iy=        2076 jm=           3 cr=  0.2382435    
 iy=        2077 jm=           4 cr=  0.1744886    
 iy=        2078 jm=           5 cr=  0.1494472    
 iy=        2079 jm=           1 cr= -1.2776180E-02
 iy=        2080 jm=           2 cr=  7.2036525E-03
 iy=        2081 jm=           3 cr= -3.3708777E-02
 iy=        2082 jm=           4 cr=  0.1824086    
 iy=        2083 jm=           5 cr=  0.2748296    
 iy=        2084 jm=           1 cr= -8.3288059E-02
 iy=        2085 jm=           2 cr=  8.2147911E-02
 iy=        2086 jm=           3 cr= -5.5288818E-02
 iy=        2087 jm=           4 cr= -0.3396871    
 iy=        2088 jm=           5 cr= -0.1384848    
 iy=        2089 jm=           1 cr= -0.1727645    
 iy=        2090 jm=           2 cr=  0.1419007    
 iy=        2091 jm=           3 cr= -0.1656034    
 iy=        2092 jm=           4 cr= -0.2424509    
 iy=        2093 jm=           5 cr=  0.3315574    
 iy=        2094 jm=           1 cr=  0.5500184    
 iy=        2095 jm=           2 cr=  0.1153523    
 iy=        2096 jm=           3 cr=  2.6011510E-02
 iy=        2097 jm=           4 cr=  0.2791075    
 iy=        2098 jm=           5 cr=  0.2119949    
 iy=        2099 jm=           1 cr= -0.2014960    
 iy=        2100 jm=           2 cr= -0.3083745    
 iy=        2101 jm=           3 cr=  0.1250984    
 iy=        2102 jm=           4 cr= -0.3041314    
 iy=        2103 jm=           5 cr= -0.2195344    
 iy=        2104 jm=           1 cr= -0.3957755    
 iy=        2105 jm=           2 cr=  0.2658499    
 iy=        2106 jm=           3 cr= -0.4887218    
 iy=        2107 jm=           4 cr= -0.1554944    
 iy=        2108 jm=           5 cr= -0.3061243    
 iy=        2109 jm=           1 cr= -0.4653908    
 iy=        2110 jm=           2 cr= -0.5147066    
 iy=        2111 jm=           3 cr=  0.3731066    
 iy=        2112 jm=           4 cr=  0.5193938    
 iy=        2113 jm=           5 cr=  0.2568253    
 iy=        2114 jm=           1 cr= -0.1500162    
 iy=        2115 jm=           2 cr= -0.1411001    
 iy=        2116 jm=           3 cr= -0.1617495    
 iy=        2117 jm=           4 cr= -0.1788198    
 iy=        2118 jm=           5 cr= -0.2010940    
 iy=        2119 jm=           1 cr= -0.4359020    
 iy=        2120 jm=           2 cr=  0.4166269    
 iy=        2121 jm=           3 cr=  0.2030179    
 iy=        2122 jm=           4 cr= -0.2404746    
 iy=        2123 jm=           5 cr= -4.7840897E-02
 iy=        2124 jm=           1 cr= -0.3672103    
 iy=        2125 jm=           2 cr=  0.4192265    
 iy=        2126 jm=           3 cr= -6.9323882E-02
 iy=        2127 jm=           4 cr=  0.3963892    
 iy=        2128 jm=           5 cr=  4.7438676E-03
 iy=        2129 jm=           1 cr=  0.4928984    
 iy=        2130 jm=           2 cr=  0.1139405    
 iy=        2131 jm=           3 cr= -0.5025859    
 iy=        2132 jm=           4 cr=  6.2251738E-03
 iy=        2133 jm=           5 cr=  8.0689415E-02
 iy=        2134 jm=           1 cr=  0.5226737    
 iy=        2135 jm=           2 cr= -0.1841751    
 iy=        2136 jm=           3 cr= -0.5180275    
 iy=        2137 jm=           4 cr= -0.4536254    
 iy=        2138 jm=           5 cr= -0.1263488    
 iy=        2139 jm=           1 cr= -0.2339299    
 iy=        2140 jm=           2 cr= -0.5490820    
 iy=        2141 jm=           3 cr= -0.1068757    
 iy=        2142 jm=           4 cr=  0.1429600    
 iy=        2143 jm=           5 cr= -0.1177961    
 iy=        2144 jm=           1 cr=  0.1945730    
 iy=        2145 jm=           2 cr=  6.7925133E-02
 iy=        2146 jm=           3 cr=  1.1323133E-02
 iy=        2147 jm=           4 cr=  0.4002033    
 iy=        2148 jm=           5 cr=  0.3413846    
 iy=        2149 jm=           1 cr=  0.3034633    
 iy=        2150 jm=           2 cr=  0.3803679    
 iy=        2151 jm=           3 cr=  0.2257317    
 iy=        2152 jm=           4 cr=  0.2395994    
 iy=        2153 jm=           5 cr=  9.0662889E-02
 iy=        2154 jm=           1 cr=  0.1481768    
 iy=        2155 jm=           2 cr=  0.3353189    
 iy=        2156 jm=           3 cr=  0.6748534    
 iy=        2157 jm=           4 cr= -7.9090178E-02
 iy=        2158 jm=           5 cr=  7.9658665E-02
 iy=        2159 jm=           1 cr=  5.4028228E-02
 iy=        2160 jm=           2 cr= -2.9596362E-02
 iy=        2161 jm=           3 cr= -0.1439486    
 iy=        2162 jm=           4 cr=  3.0811142E-02
 iy=        2163 jm=           5 cr= -0.1998407    
 iy=        2164 jm=           1 cr= -6.4522058E-02
 iy=        2165 jm=           2 cr=  0.3703441    
 iy=        2166 jm=           3 cr=  2.1727266E-02
 iy=        2167 jm=           4 cr= -0.1028633    
 iy=        2168 jm=           5 cr= -0.1914807    
 iy=        2169 jm=           1 cr=  0.3498391    
 iy=        2170 jm=           2 cr= -0.4664253    
 iy=        2171 jm=           3 cr=  0.3148510    
 iy=        2172 jm=           4 cr=  0.5454867    
 iy=        2173 jm=           5 cr=  6.1124243E-02
 iy=        2174 jm=           1 cr=  0.1220200    
 iy=        2175 jm=           2 cr= -0.5129568    
 iy=        2176 jm=           3 cr= -0.5032224    
 iy=        2177 jm=           4 cr=  0.2578014    
 iy=        2178 jm=           5 cr= -0.1827784    
 iy=        2179 jm=           1 cr=  0.4635901    
 iy=        2180 jm=           2 cr= -0.1595417    
 iy=        2181 jm=           3 cr=  0.1611312    
 iy=        2182 jm=           4 cr= -0.1521484    
 iy=        2183 jm=           5 cr=  0.2879602    
 iy=        2184 jm=           1 cr=  1.3579914E-02
 iy=        2185 jm=           2 cr= -0.1353016    
 iy=        2186 jm=           3 cr= -4.3855645E-03
 iy=        2187 jm=           4 cr=  8.1161007E-02
 iy=        2188 jm=           5 cr=  0.1900702    
 iy=        2189 jm=           1 cr= -0.1231413    
 iy=        2190 jm=           2 cr= -0.1623417    
 iy=        2191 jm=           3 cr= -0.1644933    
 iy=        2192 jm=           4 cr= -0.2112427    
 iy=        2193 jm=           5 cr= -2.7155222E-02
 iy=        2194 jm=           1 cr=  1.7199429E-02
 iy=        2195 jm=           2 cr=  0.1422936    
 iy=        2196 jm=           3 cr=  0.1221706    
 iy=        2197 jm=           4 cr= -0.5986512    
 iy=        2198 jm=           5 cr= -0.2799279    
 iy=        2199 jm=           1 cr= -0.2466693    
 iy=        2200 jm=           2 cr=  0.2824406    
 iy=        2201 jm=           3 cr=  5.2608337E-02
 iy=        2202 jm=           4 cr= -5.9649963E-02
 iy=        2203 jm=           5 cr= -0.1857685    
 iy=        2204 jm=           1 cr= -0.1765445    
 iy=        2205 jm=           2 cr= -7.1613386E-02
 iy=        2206 jm=           3 cr= -0.2672740    
 iy=        2207 jm=           4 cr= -4.9447000E-02
 iy=        2208 jm=           5 cr=  9.0027966E-02
 iy=        2209 jm=           1 cr= -0.3842736    
 iy=        2210 jm=           2 cr= -0.2360991    
 iy=        2211 jm=           3 cr=  0.2329583    
 iy=        2212 jm=           4 cr= -0.1752389    
 iy=        2213 jm=           5 cr=  0.4991354    
 iy=        2214 jm=           1 cr=  5.7759050E-02
 iy=        2215 jm=           2 cr= -0.1652438    
 iy=        2216 jm=           3 cr= -0.1236800    
 iy=        2217 jm=           4 cr=  0.4067459    
 iy=        2218 jm=           5 cr=  0.3111390    
 iy=        2219 jm=           1 cr=  0.2433941    
 iy=        2220 jm=           2 cr= -0.7253916    
 iy=        2221 jm=           3 cr=  0.1893034    
 iy=        2222 jm=           4 cr= -0.3914487    
 iy=        2223 jm=           5 cr=  0.2691028    
 iy=        2224 jm=           1 cr=  4.7156177E-03
 iy=        2225 jm=           2 cr=  0.2418215    
 iy=        2226 jm=           3 cr=  0.3391907    
 iy=        2227 jm=           4 cr=  7.1536683E-02
 iy=        2228 jm=           5 cr=  2.3237789E-02
 iy=        2229 jm=           1 cr=  0.4688824    
 iy=        2230 jm=           2 cr= -0.1201174    
 iy=        2231 jm=           3 cr= -0.2081281    
 iy=        2232 jm=           4 cr= -8.4571637E-02
 iy=        2233 jm=           5 cr= -8.8723212E-02
 iy=        2234 jm=           1 cr=  0.2780663    
 iy=        2235 jm=           2 cr= -0.4252930    
 iy=        2236 jm=           3 cr= -7.2721258E-02
 iy=        2237 jm=           4 cr=  0.1676472    
 iy=        2238 jm=           5 cr=  5.0112616E-02
 iy=        2239 jm=           1 cr= -6.5123558E-02
 iy=        2240 jm=           2 cr=  0.3368596    
 iy=        2241 jm=           3 cr= -6.4585434E-04
 iy=        2242 jm=           4 cr=  0.1460252    
 iy=        2243 jm=           5 cr=  0.1601959    
 iy=        2244 jm=           1 cr= -6.1146040E-02
 iy=        2245 jm=           2 cr=  0.5758825    
 iy=        2246 jm=           3 cr=  0.3180579    
 iy=        2247 jm=           4 cr= -6.5159589E-02
 iy=        2248 jm=           5 cr=  0.2589599    
 iy=        2249 jm=           1 cr= -0.2858071    
 iy=        2250 jm=           2 cr=  3.7464492E-02
 iy=        2251 jm=           3 cr= -0.5635360    
 iy=        2252 jm=           4 cr= -0.1260297    
 iy=        2253 jm=           5 cr= -0.4900454    
 iy=        2254 jm=           1 cr=  0.2831302    
 iy=        2255 jm=           2 cr= -4.6433054E-02
 iy=        2256 jm=           3 cr=  7.0791751E-02
 iy=        2257 jm=           4 cr=  0.3893276    
 iy=        2258 jm=           5 cr=  1.1443296E-02
 iy=        2259 jm=           1 cr=  0.2377445    
 iy=        2260 jm=           2 cr=  0.3470334    
 iy=        2261 jm=           3 cr=  6.0768361E-04
 iy=        2262 jm=           4 cr= -0.1316557    
 iy=        2263 jm=           5 cr= -0.1133772    
 iy=        2264 jm=           1 cr=  0.2979873    
 iy=        2265 jm=           2 cr=  0.1050680    
 iy=        2266 jm=           3 cr=  0.3338327    
 iy=        2267 jm=           4 cr= -5.9485190E-02
 iy=        2268 jm=           5 cr= -2.1773163E-02
 im=           2 size of positive=           4 size of negative=           5
 iy=        1949 jm=           1 cr=  0.4216250    
 iy=        1950 jm=           2 cr= -0.1348881    
 iy=        1951 jm=           3 cr= -0.3398020    
 iy=        1952 jm=           4 cr= -0.3084914    
 iy=        1953 jm=           5 cr=  0.2146842    
 iy=        1954 jm=           1 cr=  0.1273581    
 iy=        1955 jm=           2 cr=  8.4150843E-02
 iy=        1956 jm=           3 cr= -0.2575145    
 iy=        1957 jm=           4 cr= -0.1758573    
 iy=        1958 jm=           5 cr= -0.3066004    
 iy=        1959 jm=           1 cr= -0.1014655    
 iy=        1960 jm=           2 cr= -0.1308607    
 iy=        1961 jm=           3 cr= -0.3495404    
 iy=        1962 jm=           4 cr= -0.3162166    
 iy=        1963 jm=           5 cr= -0.4384602    
 iy=        1964 jm=           1 cr= -7.9196934E-03
 iy=        1965 jm=           2 cr= -0.3941205    
 iy=        1966 jm=           3 cr=  7.7787745E-03
 iy=        1967 jm=           4 cr=  0.1828409    
 iy=        1968 jm=           5 cr= -0.1287155    
 iy=        1969 jm=           1 cr=  2.9150071E-02
 iy=        1970 jm=           2 cr=  0.3217483    
 iy=        1971 jm=           3 cr= -0.4553161    
 iy=        1972 jm=           4 cr= -9.7798698E-02
 iy=        1973 jm=           5 cr= -2.5457481E-02
 iy=        1974 jm=           1 cr=  0.4391257    
 iy=        1975 jm=           2 cr= -1.1333638E-02
 iy=        1976 jm=           3 cr= -0.1467811    
 iy=        1977 jm=           4 cr= -0.2420129    
 iy=        1978 jm=           5 cr= -5.5598296E-02
 iy=        1979 jm=           1 cr= -0.2551282    
 iy=        1980 jm=           2 cr= -0.1589371    
 iy=        1981 jm=           3 cr= -0.3252508    
 iy=        1982 jm=           4 cr= -0.3476394    
 iy=        1983 jm=           5 cr=  3.4095492E-02
 iy=        1984 jm=           1 cr=  0.2909334    
 iy=        1985 jm=           2 cr=  4.0934686E-02
 iy=        1986 jm=           3 cr= -0.1325057    
 iy=        1987 jm=           4 cr= -0.1726785    
 iy=        1988 jm=           5 cr= -0.2379086    
 iy=        1989 jm=           1 cr=  0.1706647    
 iy=        1990 jm=           2 cr= -0.3369795    
 iy=        1991 jm=           3 cr= -0.2355746    
 iy=        1992 jm=           4 cr= -0.2518823    
 iy=        1993 jm=           5 cr= -0.3466172    
 iy=        1994 jm=           1 cr=  0.1165979    
 iy=        1995 jm=           2 cr=  2.6568828E-02
 iy=        1996 jm=           3 cr= -0.1918046    
 iy=        1997 jm=           4 cr= -0.1974600    
 iy=        1998 jm=           5 cr=  0.1495305    
 iy=        1999 jm=           1 cr=  0.4560562    
 iy=        2000 jm=           2 cr= -9.1236211E-02
 iy=        2001 jm=           3 cr= -0.4209511    
 iy=        2002 jm=           4 cr=  8.5764222E-02
 iy=        2003 jm=           5 cr= -5.9188772E-02
 iy=        2004 jm=           1 cr= -0.1434826    
 iy=        2005 jm=           2 cr=  0.1448865    
 iy=        2006 jm=           3 cr=  0.3487037    
 iy=        2007 jm=           4 cr= -0.1920306    
 iy=        2008 jm=           5 cr= -4.8754882E-02
 iy=        2009 jm=           1 cr= -0.1144701    
 iy=        2010 jm=           2 cr= -0.2799734    
 iy=        2011 jm=           3 cr=  0.2366223    
 iy=        2012 jm=           4 cr=  0.2058211    
 iy=        2013 jm=           5 cr= -0.3542452    
 iy=        2014 jm=           1 cr= -4.1480541E-02
 iy=        2015 jm=           2 cr=  5.7758678E-02
 iy=        2016 jm=           3 cr=  0.1980521    
 iy=        2017 jm=           4 cr=  0.2404146    
 iy=        2018 jm=           5 cr= -0.1480486    
 iy=        2019 jm=           1 cr= -0.3615795    
 iy=        2020 jm=           2 cr=  0.3976253    
 iy=        2021 jm=           3 cr= -0.3933553    
 iy=        2022 jm=           4 cr= -1.4438991E-02
 iy=        2023 jm=           5 cr= -0.1024386    
 iy=        2024 jm=           1 cr= -0.1587027    
 iy=        2025 jm=           2 cr= -0.1151977    
 iy=        2026 jm=           3 cr=  0.2705554    
 iy=        2027 jm=           4 cr= -8.2985889E-03
 iy=        2028 jm=           5 cr=  0.1845270    
 iy=        2029 jm=           1 cr= -0.2376193    
 iy=        2030 jm=           2 cr= -0.5468164    
 iy=        2031 jm=           3 cr= -0.3709246    
 iy=        2032 jm=           4 cr= -0.3142560    
 iy=        2033 jm=           5 cr= -0.2784754    
 iy=        2034 jm=           1 cr= -1.7010443E-02
 iy=        2035 jm=           2 cr= -8.3902165E-02
 iy=        2036 jm=           3 cr=  0.1949148    
 iy=        2037 jm=           4 cr=  0.4051167    
 iy=        2038 jm=           5 cr= -1.9648237E-02
 iy=        2039 jm=           1 cr=  0.2055477    
 iy=        2040 jm=           2 cr= -0.1521360    
 iy=        2041 jm=           3 cr= -0.3457416    
 iy=        2042 jm=           4 cr=  0.1248804    
 iy=        2043 jm=           5 cr= -4.5047794E-02
 iy=        2044 jm=           1 cr=  8.3024532E-02
 iy=        2045 jm=           2 cr= -0.4548982    
 iy=        2046 jm=           3 cr= -0.4686661    
 iy=        2047 jm=           4 cr= -0.4954317    
 iy=        2048 jm=           5 cr= -0.2127555    
 iy=        2049 jm=           1 cr= -5.7113379E-02
 iy=        2050 jm=           2 cr=  3.4688763E-02
 iy=        2051 jm=           3 cr= -0.2644593    
 iy=        2052 jm=           4 cr=  0.1418098    
 iy=        2053 jm=           5 cr= -4.5804895E-02
 iy=        2054 jm=           1 cr= -0.1193106    
 iy=        2055 jm=           2 cr= -0.2896953    
 iy=        2056 jm=           3 cr=  4.1107178E-02
 iy=        2057 jm=           4 cr=  0.1778947    
 iy=        2058 jm=           5 cr=  0.2897498    
 iy=        2059 jm=           1 cr= -0.1108086    
 iy=        2060 jm=           2 cr= -0.1469274    
 iy=        2061 jm=           3 cr=  5.4603338E-02
 iy=        2062 jm=           4 cr= -8.1640840E-02
 iy=        2063 jm=           5 cr=  0.2346219    
 iy=        2064 jm=           1 cr= -0.1113662    
 iy=        2065 jm=           2 cr= -5.7731979E-02
 iy=        2066 jm=           3 cr= -0.2673783    
 iy=        2067 jm=           4 cr= -0.2389282    
 iy=        2068 jm=           5 cr= -0.1971339    
 iy=        2069 jm=           1 cr= -0.3298984    
 iy=        2070 jm=           2 cr=  0.3117894    
 iy=        2071 jm=           3 cr=  0.2165571    
 iy=        2072 jm=           4 cr=  0.1674489    
 iy=        2073 jm=           5 cr=  0.2358208    
 iy=        2074 jm=           1 cr=  3.5019394E-02
 iy=        2075 jm=           2 cr= -1.1347643E-02
 iy=        2076 jm=           3 cr=  0.1528866    
 iy=        2077 jm=           4 cr= -0.1491697    
 iy=        2078 jm=           5 cr= -7.3441565E-02
 iy=        2079 jm=           1 cr=  3.1951200E-02
 iy=        2080 jm=           2 cr=  0.1493930    
 iy=        2081 jm=           3 cr=  0.4537227    
 iy=        2082 jm=           4 cr=  0.1798063    
 iy=        2083 jm=           5 cr=  0.1865223    
 iy=        2084 jm=           1 cr=  0.4681890    
 iy=        2085 jm=           2 cr=  3.0235074E-02
 iy=        2086 jm=           3 cr=  6.7165628E-02
 iy=        2087 jm=           4 cr=  0.4761864    
 iy=        2088 jm=           5 cr= -6.7244336E-02
 iy=        2089 jm=           1 cr= -9.1500580E-02
 iy=        2090 jm=           2 cr= -0.1574505    
 iy=        2091 jm=           3 cr=  0.1312370    
 iy=        2092 jm=           4 cr= -0.1802687    
 iy=        2093 jm=           5 cr= -3.5788730E-02
 iy=        2094 jm=           1 cr=  0.1477769    
 iy=        2095 jm=           2 cr= -0.1561235    
 iy=        2096 jm=           3 cr= -0.2227519    
 iy=        2097 jm=           4 cr= -0.4004798    
 iy=        2098 jm=           5 cr= -7.5077176E-02
 iy=        2099 jm=           1 cr=  6.0623374E-02
 iy=        2100 jm=           2 cr= -0.1384043    
 iy=        2101 jm=           3 cr= -0.3387401    
 iy=        2102 jm=           4 cr=  0.2020509    
 iy=        2103 jm=           5 cr=  0.1874577    
 iy=        2104 jm=           1 cr=  0.2948402    
 iy=        2105 jm=           2 cr=  0.1786561    
 iy=        2106 jm=           3 cr=  0.1824706    
 iy=        2107 jm=           4 cr=  0.2767966    
 iy=        2108 jm=           5 cr= -0.1116670    
 iy=        2109 jm=           1 cr=  5.9167977E-02
 iy=        2110 jm=           2 cr=  0.1514753    
 iy=        2111 jm=           3 cr=  9.7205162E-02
 iy=        2112 jm=           4 cr=  7.4331626E-02
 iy=        2113 jm=           5 cr=  6.1842982E-02
 iy=        2114 jm=           1 cr= -0.1198323    
 iy=        2115 jm=           2 cr= -0.1739694    
 iy=        2116 jm=           3 cr= -0.2000699    
 iy=        2117 jm=           4 cr= -0.2667201    
 iy=        2118 jm=           5 cr= -0.2202716    
 iy=        2119 jm=           1 cr= -7.0123151E-02
 iy=        2120 jm=           2 cr=  0.3727649    
 iy=        2121 jm=           3 cr=  0.3090006    
 iy=        2122 jm=           4 cr=  0.1931240    
 iy=        2123 jm=           5 cr=  0.3013556    
 iy=        2124 jm=           1 cr=  7.6458476E-02
 iy=        2125 jm=           2 cr= -2.3239937E-02
 iy=        2126 jm=           3 cr=  0.3134983    
 iy=        2127 jm=           4 cr=  2.1764377E-02
 iy=        2128 jm=           5 cr= -0.1363344    
 iy=        2129 jm=           1 cr= -0.2173186    
 iy=        2130 jm=           2 cr=  0.6207985    
 iy=        2131 jm=           3 cr=  0.2976366    
 iy=        2132 jm=           4 cr=  0.1541836    
 iy=        2133 jm=           5 cr=  0.3382460    
 iy=        2134 jm=           1 cr=  0.2238322    
 iy=        2135 jm=           2 cr=  0.2762975    
 iy=        2136 jm=           3 cr=  0.1508480    
 iy=        2137 jm=           4 cr= -8.8039085E-02
 iy=        2138 jm=           5 cr= -0.2895952    
 iy=        2139 jm=           1 cr= -0.1044817    
 iy=        2140 jm=           2 cr= -0.1910470    
 iy=        2141 jm=           3 cr=  0.2025343    
 iy=        2142 jm=           4 cr=  0.1207901    
 iy=        2143 jm=           5 cr= -0.1427684    
 iy=        2144 jm=           1 cr= -0.1077809    
 iy=        2145 jm=           2 cr=  0.4205179    
 iy=        2146 jm=           3 cr=  2.3294250E-02
 iy=        2147 jm=           4 cr=  0.3956151    
 iy=        2148 jm=           5 cr=  0.1847488    
 iy=        2149 jm=           1 cr=  2.1286763E-03
 iy=        2150 jm=           2 cr=  0.3869004    
 iy=        2151 jm=           3 cr=  0.2186634    
 iy=        2152 jm=           4 cr= -0.2477923    
 iy=        2153 jm=           5 cr=  5.7628136E-02
 iy=        2154 jm=           1 cr= -0.1387046    
 iy=        2155 jm=           2 cr=  8.5416228E-02
 iy=        2156 jm=           3 cr=  9.4898850E-02
 iy=        2157 jm=           4 cr=  0.4043840    
 iy=        2158 jm=           5 cr= -0.1116257    
 iy=        2159 jm=           1 cr=  0.3868838    
 iy=        2160 jm=           2 cr= -0.2485203    
 iy=        2161 jm=           3 cr= -0.2202718    
 iy=        2162 jm=           4 cr= -0.1888939    
 iy=        2163 jm=           5 cr= -0.1063776    
 iy=        2164 jm=           1 cr=  0.4032817    
 iy=        2165 jm=           2 cr= -0.2650159    
 iy=        2166 jm=           3 cr= -0.1339717    
 iy=        2167 jm=           4 cr=  5.4832187E-02
 iy=        2168 jm=           5 cr=  0.4173158    
 iy=        2169 jm=           1 cr=  0.1416498    
 iy=        2170 jm=           2 cr=  0.1947711    
 iy=        2171 jm=           3 cr=  0.4769224    
 iy=        2172 jm=           4 cr= -2.8279096E-02
 iy=        2173 jm=           5 cr=  0.3214362    
 iy=        2174 jm=           1 cr= -0.1843343    
 iy=        2175 jm=           2 cr= -0.1920812    
 iy=        2176 jm=           3 cr= -0.1234638    
 iy=        2177 jm=           4 cr=  0.2020332    
 iy=        2178 jm=           5 cr= -0.1512479    
 iy=        2179 jm=           1 cr=  1.8289974E-02
 iy=        2180 jm=           2 cr= -1.2984852E-02
 iy=        2181 jm=           3 cr=  0.3031806    
 iy=        2182 jm=           4 cr=  0.3009535    
 iy=        2183 jm=           5 cr=  0.3954104    
 iy=        2184 jm=           1 cr=  0.1359106    
 iy=        2185 jm=           2 cr=  7.6259039E-02
 iy=        2186 jm=           3 cr=  8.4647201E-02
 iy=        2187 jm=           4 cr=  0.4251111    
 iy=        2188 jm=           5 cr=  7.3531881E-02
 iy=        2189 jm=           1 cr= -6.4535849E-02
 iy=        2190 jm=           2 cr= -0.1721003    
 iy=        2191 jm=           3 cr= -0.2419749    
 iy=        2192 jm=           4 cr= -0.3634359    
 iy=        2193 jm=           5 cr= -0.1031430    
 iy=        2194 jm=           1 cr= -0.1833915    
 iy=        2195 jm=           2 cr=  0.2216739    
 iy=        2196 jm=           3 cr=  0.1662809    
 iy=        2197 jm=           4 cr=  9.9130142E-03
 iy=        2198 jm=           5 cr= -5.4966681E-02
 iy=        2199 jm=           1 cr= -4.3059763E-02
 iy=        2200 jm=           2 cr=  0.3682614    
 iy=        2201 jm=           3 cr= -5.1324923E-02
 iy=        2202 jm=           4 cr=  0.2437761    
 iy=        2203 jm=           5 cr=  0.2551464    
 iy=        2204 jm=           1 cr= -6.1578997E-03
 iy=        2205 jm=           2 cr=  0.4772382    
 iy=        2206 jm=           3 cr=  0.2229824    
 iy=        2207 jm=           4 cr=  4.7518179E-02
 iy=        2208 jm=           5 cr=  3.8724359E-02
 iy=        2209 jm=           1 cr= -0.1828919    
 iy=        2210 jm=           2 cr= -0.2553974    
 iy=        2211 jm=           3 cr=  0.1526427    
 iy=        2212 jm=           4 cr=  0.3477907    
 iy=        2213 jm=           5 cr=  0.2084126    
 iy=        2214 jm=           1 cr=  0.3874700    
 iy=        2215 jm=           2 cr= -0.2711951    
 iy=        2216 jm=           3 cr=  0.2490663    
 iy=        2217 jm=           4 cr=  1.0910799E-02
 iy=        2218 jm=           5 cr=  5.0186351E-02
 iy=        2219 jm=           1 cr= -0.2203388    
 iy=        2220 jm=           2 cr= -3.7090816E-02
 iy=        2221 jm=           3 cr= -0.3274895    
 iy=        2222 jm=           4 cr=  0.1507844    
 iy=        2223 jm=           5 cr=  0.3064929    
 iy=        2224 jm=           1 cr= -0.2404581    
 iy=        2225 jm=           2 cr=  0.2180723    
 iy=        2226 jm=           3 cr= -0.1935185    
 iy=        2227 jm=           4 cr= -0.3487262    
 iy=        2228 jm=           5 cr=  4.1038357E-02
 iy=        2229 jm=           1 cr= -0.1426740    
 iy=        2230 jm=           2 cr=  0.1798676    
 iy=        2231 jm=           3 cr= -0.1339101    
 iy=        2232 jm=           4 cr=  3.2278770E-03
 iy=        2233 jm=           5 cr= -0.2648759    
 iy=        2234 jm=           1 cr= -0.2244780    
 iy=        2235 jm=           2 cr=  2.7071511E-02
 iy=        2236 jm=           3 cr= -0.2180210    
 iy=        2237 jm=           4 cr=  5.9754681E-02
 iy=        2238 jm=           5 cr=  0.1715061    
 iy=        2239 jm=           1 cr=  0.4121729    
 iy=        2240 jm=           2 cr=  0.1090735    
 iy=        2241 jm=           3 cr= -0.1287527    
 iy=        2242 jm=           4 cr=  0.5102297    
 iy=        2243 jm=           5 cr=  0.1361773    
 iy=        2244 jm=           1 cr=  4.1423626E-03
 iy=        2245 jm=           2 cr=  0.1435130    
 iy=        2246 jm=           3 cr=  0.5104864    
 iy=        2247 jm=           4 cr= -8.0459140E-02
 iy=        2248 jm=           5 cr= -0.1812626    
 iy=        2249 jm=           1 cr= -0.4028087    
 iy=        2250 jm=           2 cr= -0.1076344    
 iy=        2251 jm=           3 cr= -0.1352491    
 iy=        2252 jm=           4 cr= -0.3034449    
 iy=        2253 jm=           5 cr= -0.1844053    
 iy=        2254 jm=           1 cr= -8.1050552E-02
 iy=        2255 jm=           2 cr= -0.1985838    
 iy=        2256 jm=           3 cr=  0.3575086    
 iy=        2257 jm=           4 cr=  0.1350720    
 iy=        2258 jm=           5 cr=  9.8738767E-02
 iy=        2259 jm=           1 cr= -0.2946081    
 iy=        2260 jm=           2 cr=  0.1980830    
 iy=        2261 jm=           3 cr= -4.0760741E-02
 iy=        2262 jm=           4 cr=  0.2512558    
 iy=        2263 jm=           5 cr= -0.1417194    
 iy=        2264 jm=           1 cr= -0.3802647    
 iy=        2265 jm=           2 cr= -0.4166152    
 iy=        2266 jm=           3 cr=  1.3909579E-02
 iy=        2267 jm=           4 cr= -3.5885047E-02
 iy=        2268 jm=           5 cr= -4.0863544E-02
 im=           3 size of positive=           1 size of negative=           0
 iy=        1949 jm=           1 cr=  8.3047591E-02
 iy=        1950 jm=           2 cr= -6.1932178E-03
 iy=        1951 jm=           3 cr=  0.3738961    
 iy=        1952 jm=           4 cr=  0.4002090    
 iy=        1953 jm=           5 cr= -1.6809452E-02
 iy=        1954 jm=           1 cr=  0.4822021    
 iy=        1955 jm=           2 cr=  0.1849855    
 iy=        1956 jm=           3 cr= -0.2149517    
 iy=        1957 jm=           4 cr=  4.3148413E-02
 iy=        1958 jm=           5 cr=  0.1792923    
 iy=        1959 jm=           1 cr= -0.1705247    
 iy=        1960 jm=           2 cr=  0.1773918    
 iy=        1961 jm=           3 cr=  0.1600627    
 iy=        1962 jm=           4 cr= -0.4734632    
 iy=        1963 jm=           5 cr=  2.6195966E-02
 iy=        1964 jm=           1 cr= -0.3058800    
 iy=        1965 jm=           2 cr= -0.4040590    
 iy=        1966 jm=           3 cr= -9.3218133E-02
 iy=        1967 jm=           4 cr= -0.4189335    
 iy=        1968 jm=           5 cr=  4.0181693E-02
 iy=        1969 jm=           1 cr= -0.2577915    
 iy=        1970 jm=           2 cr= -0.1849555    
 iy=        1971 jm=           3 cr=  0.2391032    
 iy=        1972 jm=           4 cr= -4.4362094E-02
 iy=        1973 jm=           5 cr=  9.6569054E-02
 iy=        1974 jm=           1 cr= -5.6016449E-02
 iy=        1975 jm=           2 cr=  6.6505045E-02
 iy=        1976 jm=           3 cr= -0.4859770    
 iy=        1977 jm=           4 cr=  6.2883191E-02
 iy=        1978 jm=           5 cr=  0.4031159    
 iy=        1979 jm=           1 cr=  0.1418553    
 iy=        1980 jm=           2 cr=  0.4368049    
 iy=        1981 jm=           3 cr=  0.3185895    
 iy=        1982 jm=           4 cr=  0.1368598    
 iy=        1983 jm=           5 cr=  0.2675568    
 iy=        1984 jm=           1 cr= -6.7763947E-02
 iy=        1985 jm=           2 cr=  0.1391431    
 iy=        1986 jm=           3 cr=  0.1707735    
 iy=        1987 jm=           4 cr=  0.3435723    
 iy=        1988 jm=           5 cr= -0.1730457    
 iy=        1989 jm=           1 cr= -5.1407542E-02
 iy=        1990 jm=           2 cr=  3.7149273E-02
 iy=        1991 jm=           3 cr= -0.3505211    
 iy=        1992 jm=           4 cr= -0.1148247    
 iy=        1993 jm=           5 cr= -0.1375119    
 iy=        1994 jm=           1 cr=  7.8607164E-02
 iy=        1995 jm=           2 cr=  1.7415950E-02
 iy=        1996 jm=           3 cr=  0.3130620    
 iy=        1997 jm=           4 cr=  0.1411235    
 iy=        1998 jm=           5 cr= -0.1682867    
 iy=        1999 jm=           1 cr=  0.2423951    
 iy=        2000 jm=           2 cr= -0.1590689    
 iy=        2001 jm=           3 cr= -0.1320883    
 iy=        2002 jm=           4 cr= -9.4463572E-02
 iy=        2003 jm=           5 cr=  0.4219671    
 iy=        2004 jm=           1 cr=  4.9194001E-02
 iy=        2005 jm=           2 cr= -8.8984489E-02
 iy=        2006 jm=           3 cr= -9.6844256E-02
 iy=        2007 jm=           4 cr=  5.7495501E-02
 iy=        2008 jm=           5 cr= -0.3686825    
 iy=        2009 jm=           1 cr= -0.1493404    
 iy=        2010 jm=           2 cr=  1.9837996E-02
 iy=        2011 jm=           3 cr=  0.1412384    
 iy=        2012 jm=           4 cr=  0.1007011    
 iy=        2013 jm=           5 cr= -1.2772905E-02
 iy=        2014 jm=           1 cr= -3.4630772E-02
 iy=        2015 jm=           2 cr= -5.8801312E-02
 iy=        2016 jm=           3 cr=  0.1217077    
 iy=        2017 jm=           4 cr=  8.7045938E-02
 iy=        2018 jm=           5 cr=  0.1178771    
 iy=        2019 jm=           1 cr= -5.8566585E-02
 iy=        2020 jm=           2 cr= -3.5916597E-02
 iy=        2021 jm=           3 cr= -0.2750703    
 iy=        2022 jm=           4 cr= -0.5231062    
 iy=        2023 jm=           5 cr= -0.1906982    
 iy=        2024 jm=           1 cr=  9.7600013E-02
 iy=        2025 jm=           2 cr=  0.4043384    
 iy=        2026 jm=           3 cr=  0.3094665    
 iy=        2027 jm=           4 cr=  0.1005457    
 iy=        2028 jm=           5 cr= -0.1619232    
 iy=        2029 jm=           1 cr= -1.6903935E-02
 iy=        2030 jm=           2 cr= -3.6341280E-02
 iy=        2031 jm=           3 cr= -0.3566894    
 iy=        2032 jm=           4 cr= -1.3005027E-02
 iy=        2033 jm=           5 cr=  0.1980257    
 iy=        2034 jm=           1 cr=  0.3116981    
 iy=        2035 jm=           2 cr=  8.4102646E-02
 iy=        2036 jm=           3 cr= -7.3417984E-02
 iy=        2037 jm=           4 cr= -8.0108263E-02
 iy=        2038 jm=           5 cr=  0.1698323    
 iy=        2039 jm=           1 cr= -0.3459051    
 iy=        2040 jm=           2 cr= -4.4320319E-03
 iy=        2041 jm=           3 cr=  0.1641398    
 iy=        2042 jm=           4 cr= -3.2514565E-02
 iy=        2043 jm=           5 cr=  0.3565878    
 iy=        2044 jm=           1 cr= -9.9433191E-02
 iy=        2045 jm=           2 cr=  0.2200686    
 iy=        2046 jm=           3 cr=  9.5357671E-02
 iy=        2047 jm=           4 cr= -0.2228888    
 iy=        2048 jm=           5 cr= -0.2427766    
 iy=        2049 jm=           1 cr= -0.4021714    
 iy=        2050 jm=           2 cr= -0.3904907    
 iy=        2051 jm=           3 cr= -0.1003771    
 iy=        2052 jm=           4 cr= -0.1473875    
 iy=        2053 jm=           5 cr= -0.4259672    
 iy=        2054 jm=           1 cr=  0.2196928    
 iy=        2055 jm=           2 cr= -9.5632980E-03
 iy=        2056 jm=           3 cr=  0.4203425    
 iy=        2057 jm=           4 cr=  0.1503021    
 iy=        2058 jm=           5 cr=  4.4509553E-04
 iy=        2059 jm=           1 cr= -0.1897341    
 iy=        2060 jm=           2 cr=  0.1443659    
 iy=        2061 jm=           3 cr=  0.2822352    
 iy=        2062 jm=           4 cr=  0.5493478    
 iy=        2063 jm=           5 cr=  0.2553790    
 iy=        2064 jm=           1 cr= -0.3339148    
 iy=        2065 jm=           2 cr=  0.2897285    
 iy=        2066 jm=           3 cr= -0.2129722    
 iy=        2067 jm=           4 cr= -0.1731115    
 iy=        2068 jm=           5 cr= -0.5107110    
 iy=        2069 jm=           1 cr=  0.1059802    
 iy=        2070 jm=           2 cr=  8.1561536E-02
 iy=        2071 jm=           3 cr=  0.2878318    
 iy=        2072 jm=           4 cr=  0.1985676    
 iy=        2073 jm=           5 cr=  0.1716876    
 iy=        2074 jm=           1 cr= -0.1573446    
 iy=        2075 jm=           2 cr= -0.4204132    
 iy=        2076 jm=           3 cr=  7.7616118E-02
 iy=        2077 jm=           4 cr=  9.6100159E-02
 iy=        2078 jm=           5 cr=  3.1211939E-02
 iy=        2079 jm=           1 cr=  0.2700094    
 iy=        2080 jm=           2 cr= -5.0575085E-02
 iy=        2081 jm=           3 cr= -2.3701105E-03
 iy=        2082 jm=           4 cr=  0.1216596    
 iy=        2083 jm=           5 cr=  0.1717822    
 iy=        2084 jm=           1 cr= -0.1165632    
 iy=        2085 jm=           2 cr= -0.2339443    
 iy=        2086 jm=           3 cr= -0.1313826    
 iy=        2087 jm=           4 cr= -0.1960428    
 iy=        2088 jm=           5 cr= -0.2826700    
 iy=        2089 jm=           1 cr= -3.6789123E-02
 iy=        2090 jm=           2 cr=  3.7949551E-02
 iy=        2091 jm=           3 cr= -0.1279947    
 iy=        2092 jm=           4 cr= -0.3186554    
 iy=        2093 jm=           5 cr=  0.1691397    
 iy=        2094 jm=           1 cr=  2.3674214E-02
 iy=        2095 jm=           2 cr= -3.5008419E-02
 iy=        2096 jm=           3 cr= -0.1350630    
 iy=        2097 jm=           4 cr=  0.3215221    
 iy=        2098 jm=           5 cr= -0.2268739    
 iy=        2099 jm=           1 cr= -0.1009381    
 iy=        2100 jm=           2 cr= -8.1993945E-02
 iy=        2101 jm=           3 cr=  0.2008299    
 iy=        2102 jm=           4 cr= -0.1671137    
 iy=        2103 jm=           5 cr= -0.2644504    
 iy=        2104 jm=           1 cr= -0.2627060    
 iy=        2105 jm=           2 cr=  0.1556277    
 iy=        2106 jm=           3 cr= -0.4025462    
 iy=        2107 jm=           4 cr= -7.8558147E-02
 iy=        2108 jm=           5 cr= -0.3327508    
 iy=        2109 jm=           1 cr= -0.1837379    
 iy=        2110 jm=           2 cr= -0.1614192    
 iy=        2111 jm=           3 cr=  0.3716918    
 iy=        2112 jm=           4 cr=  0.3859053    
 iy=        2113 jm=           5 cr=  0.2654739    
 iy=        2114 jm=           1 cr= -0.1495689    
 iy=        2115 jm=           2 cr= -4.1087538E-02
 iy=        2116 jm=           3 cr= -0.2193414    
 iy=        2117 jm=           4 cr= -0.2197077    
 iy=        2118 jm=           5 cr= -0.1489832    
 iy=        2119 jm=           1 cr= -0.4457864    
 iy=        2120 jm=           2 cr=  0.3674172    
 iy=        2121 jm=           3 cr=  5.9331950E-02
 iy=        2122 jm=           4 cr= -0.1083715    
 iy=        2123 jm=           5 cr= -0.1505635    
 iy=        2124 jm=           1 cr= -0.1705890    
 iy=        2125 jm=           2 cr=  0.1953624    
 iy=        2126 jm=           3 cr= -0.1411477    
 iy=        2127 jm=           4 cr=  0.2831660    
 iy=        2128 jm=           5 cr= -5.3842153E-02
 iy=        2129 jm=           1 cr=  0.2253411    
 iy=        2130 jm=           2 cr=  3.6452271E-02
 iy=        2131 jm=           3 cr= -1.6239133E-02
 iy=        2132 jm=           4 cr=  5.0639346E-02
 iy=        2133 jm=           5 cr=  0.2383154    
 iy=        2134 jm=           1 cr=  0.2421382    
 iy=        2135 jm=           2 cr= -0.1251536    
 iy=        2136 jm=           3 cr= -0.3816606    
 iy=        2137 jm=           4 cr= -0.3570840    
 iy=        2138 jm=           5 cr= -0.1504670    
 iy=        2139 jm=           1 cr= -0.2627421    
 iy=        2140 jm=           2 cr= -0.3696202    
 iy=        2141 jm=           3 cr= -0.1045493    
 iy=        2142 jm=           4 cr= -0.1730256    
 iy=        2143 jm=           5 cr= -0.2525105    
 iy=        2144 jm=           1 cr=  6.7052476E-02
 iy=        2145 jm=           2 cr= -5.5098440E-02
 iy=        2146 jm=           3 cr= -0.1050627    
 iy=        2147 jm=           4 cr=  0.3070224    
 iy=        2148 jm=           5 cr=  0.5019166    
 iy=        2149 jm=           1 cr=  9.8828942E-02
 iy=        2150 jm=           2 cr=  0.1252925    
 iy=        2151 jm=           3 cr=  0.1070572    
 iy=        2152 jm=           4 cr=  0.1507661    
 iy=        2153 jm=           5 cr= -7.4512437E-02
 iy=        2154 jm=           1 cr=  0.2570957    
 iy=        2155 jm=           2 cr=  0.1188860    
 iy=        2156 jm=           3 cr=  0.2975515    
 iy=        2157 jm=           4 cr=  4.8775829E-02
 iy=        2158 jm=           5 cr= -6.9291279E-02
 iy=        2159 jm=           1 cr=  2.7539959E-02
 iy=        2160 jm=           2 cr= -0.1080523    
 iy=        2161 jm=           3 cr= -0.2807285    
 iy=        2162 jm=           4 cr=  2.2731094E-02
 iy=        2163 jm=           5 cr= -0.2006698    
 iy=        2164 jm=           1 cr=  1.3050598E-02
 iy=        2165 jm=           2 cr=  2.4784766E-02
 iy=        2166 jm=           3 cr=  1.4999882E-02
 iy=        2167 jm=           4 cr= -0.1389288    
 iy=        2168 jm=           5 cr= -0.1412759    
 iy=        2169 jm=           1 cr= -1.2104423E-02
 iy=        2170 jm=           2 cr= -0.2185840    
 iy=        2171 jm=           3 cr=  0.3082077    
 iy=        2172 jm=           4 cr=  0.5709333    
 iy=        2173 jm=           5 cr= -3.3095926E-02
 iy=        2174 jm=           1 cr=  1.7119180E-02
 iy=        2175 jm=           2 cr= -0.4899096    
 iy=        2176 jm=           3 cr= -0.1582383    
 iy=        2177 jm=           4 cr=  0.1029278    
 iy=        2178 jm=           5 cr=  2.2479950E-02
 iy=        2179 jm=           1 cr=  0.5388278    
 iy=        2180 jm=           2 cr= -0.2092039    
 iy=        2181 jm=           3 cr=  0.2545222    
 iy=        2182 jm=           4 cr= -2.7292674E-02
 iy=        2183 jm=           5 cr=  0.1225320    
 iy=        2184 jm=           1 cr=  0.1968888    
 iy=        2185 jm=           2 cr=  0.3776993    
 iy=        2186 jm=           3 cr=  5.2972279E-02
 iy=        2187 jm=           4 cr=  5.8527712E-02
 iy=        2188 jm=           5 cr=  3.8377363E-02
 iy=        2189 jm=           1 cr=  2.7164264E-02
 iy=        2190 jm=           2 cr= -0.1981848    
 iy=        2191 jm=           3 cr= -4.4179279E-02
 iy=        2192 jm=           4 cr= -0.2727753    
 iy=        2193 jm=           5 cr= -0.1979546    
 iy=        2194 jm=           1 cr=  0.1148737    
 iy=        2195 jm=           2 cr=  7.0091009E-02
 iy=        2196 jm=           3 cr=  6.1708368E-02
 iy=        2197 jm=           4 cr= -0.3441686    
 iy=        2198 jm=           5 cr=  1.9997966E-02
 iy=        2199 jm=           1 cr=  1.2464710E-02
 iy=        2200 jm=           2 cr= -9.3624882E-02
 iy=        2201 jm=           3 cr=  0.2143056    
 iy=        2202 jm=           4 cr=  1.9418027E-02
 iy=        2203 jm=           5 cr= -0.1727068    
 iy=        2204 jm=           1 cr= -0.3615533    
 iy=        2205 jm=           2 cr= -7.4115112E-02
 iy=        2206 jm=           3 cr= -0.2085266    
 iy=        2207 jm=           4 cr= -0.2248715    
 iy=        2208 jm=           5 cr= -7.3552631E-02
 iy=        2209 jm=           1 cr= -0.1236080    
 iy=        2210 jm=           2 cr= -0.3884722    
 iy=        2211 jm=           3 cr=  0.1516770    
 iy=        2212 jm=           4 cr= -0.2009774    
 iy=        2213 jm=           5 cr=  0.4179623    
 iy=        2214 jm=           1 cr= -9.6662752E-03
 iy=        2215 jm=           2 cr= -0.1889622    
 iy=        2216 jm=           3 cr=  3.5955455E-02
 iy=        2217 jm=           4 cr= -9.0302033E-03
 iy=        2218 jm=           5 cr=  0.2068849    
 iy=        2219 jm=           1 cr=  0.1279822    
 iy=        2220 jm=           2 cr= -0.4122315    
 iy=        2221 jm=           3 cr=  8.8818893E-03
 iy=        2222 jm=           4 cr= -0.2582019    
 iy=        2223 jm=           5 cr=  0.2702824    
 iy=        2224 jm=           1 cr= -0.3359386    
 iy=        2225 jm=           2 cr= -0.2154954    
 iy=        2226 jm=           3 cr=  0.1067998    
 iy=        2227 jm=           4 cr= -0.1357975    
 iy=        2228 jm=           5 cr= -5.0178684E-02
 iy=        2229 jm=           1 cr=  0.1212935    
 iy=        2230 jm=           2 cr= -0.1276428    
 iy=        2231 jm=           3 cr= -9.4572000E-02
 iy=        2232 jm=           4 cr= -7.5418316E-02
 iy=        2233 jm=           5 cr=  0.1691068    
 iy=        2234 jm=           1 cr=  0.3826591    
 iy=        2235 jm=           2 cr= -0.3270998    
 iy=        2236 jm=           3 cr= -0.4601898    
 iy=        2237 jm=           4 cr=  2.4537183E-02
 iy=        2238 jm=           5 cr=  0.1757561    
 iy=        2239 jm=           1 cr= -0.1789537    
 iy=        2240 jm=           2 cr=  0.2626042    
 iy=        2241 jm=           3 cr= -0.2255178    
 iy=        2242 jm=           4 cr=  9.8662890E-02
 iy=        2243 jm=           5 cr=  0.2829883    
 iy=        2244 jm=           1 cr= -0.2030049    
 iy=        2245 jm=           2 cr=  0.4273384    
 iy=        2246 jm=           3 cr=  0.2153936    
 iy=        2247 jm=           4 cr=  3.2926917E-02
 iy=        2248 jm=           5 cr=  0.3247990    
 iy=        2249 jm=           1 cr= -0.1479268    
 iy=        2250 jm=           2 cr= -4.1310385E-02
 iy=        2251 jm=           3 cr= -0.1640429    
 iy=        2252 jm=           4 cr= -9.9778071E-02
 iy=        2253 jm=           5 cr= -0.2701818    
 iy=        2254 jm=           1 cr=  0.1283217    
 iy=        2255 jm=           2 cr=  0.3785176    
 iy=        2256 jm=           3 cr= -4.5278247E-02
 iy=        2257 jm=           4 cr=  0.2588932    
 iy=        2258 jm=           5 cr=  9.4985887E-02
 iy=        2259 jm=           1 cr= -6.6524722E-02
 iy=        2260 jm=           2 cr= -0.1725352    
 iy=        2261 jm=           3 cr=  2.1047961E-02
 iy=        2262 jm=           4 cr= -0.2523814    
 iy=        2263 jm=           5 cr=  6.3391030E-02
 iy=        2264 jm=           1 cr=  0.2152814    
 iy=        2265 jm=           2 cr=  0.1818622    
 iy=        2266 jm=           3 cr= -0.1219268    
 iy=        2267 jm=           4 cr= -0.2632734    
 iy=        2268 jm=           5 cr=  2.1172453E-02
 im=           4 size of positive=           1 size of negative=           0
 iy=        1949 jm=           1 cr=  8.8809997E-02
 iy=        1950 jm=           2 cr= -0.4502419    
 iy=        1951 jm=           3 cr= -0.2295358    
 iy=        1952 jm=           4 cr= -0.2643793    
 iy=        1953 jm=           5 cr=  0.2252457    
 iy=        1954 jm=           1 cr= -8.6999305E-02
 iy=        1955 jm=           2 cr= -8.8590696E-02
 iy=        1956 jm=           3 cr= -0.3321151    
 iy=        1957 jm=           4 cr= -0.3762701    
 iy=        1958 jm=           5 cr= -0.3107428    
 iy=        1959 jm=           1 cr= -0.1296116    
 iy=        1960 jm=           2 cr=  1.5258838E-02
 iy=        1961 jm=           3 cr= -0.2163324    
 iy=        1962 jm=           4 cr= -0.4772548    
 iy=        1963 jm=           5 cr= -0.5704989    
 iy=        1964 jm=           1 cr= -0.4176129    
 iy=        1965 jm=           2 cr= -0.3045557    
 iy=        1966 jm=           3 cr=  0.1761809    
 iy=        1967 jm=           4 cr=  0.1109423    
 iy=        1968 jm=           5 cr= -6.9000088E-02
 iy=        1969 jm=           1 cr= -0.1374777    
 iy=        1970 jm=           2 cr=  0.2226469    
 iy=        1971 jm=           3 cr= -0.3561154    
 iy=        1972 jm=           4 cr= -3.6831655E-02
 iy=        1973 jm=           5 cr=  8.6930789E-02
 iy=        1974 jm=           1 cr=  0.2512612    
 iy=        1975 jm=           2 cr= -0.1762216    
 iy=        1976 jm=           3 cr= -0.2351941    
 iy=        1977 jm=           4 cr= -0.5252035    
 iy=        1978 jm=           5 cr= -0.1933343    
 iy=        1979 jm=           1 cr= -0.3676241    
 iy=        1980 jm=           2 cr=  8.1274416E-03
 iy=        1981 jm=           3 cr= -0.2641696    
 iy=        1982 jm=           4 cr= -0.5006965    
 iy=        1983 jm=           5 cr=  6.2931739E-02
 iy=        1984 jm=           1 cr= -5.1760804E-02
 iy=        1985 jm=           2 cr= -0.1676540    
 iy=        1986 jm=           3 cr= -0.2562359    
 iy=        1987 jm=           4 cr= -0.2406022    
 iy=        1988 jm=           5 cr= -0.3028749    
 iy=        1989 jm=           1 cr=  0.2020753    
 iy=        1990 jm=           2 cr= -0.2372563    
 iy=        1991 jm=           3 cr= -6.1545990E-02
 iy=        1992 jm=           4 cr=  4.6738107E-02
 iy=        1993 jm=           5 cr= -0.1277788    
 iy=        1994 jm=           1 cr=  0.2227774    
 iy=        1995 jm=           2 cr=  8.7849041E-03
 iy=        1996 jm=           3 cr=  2.0300336E-02
 iy=        1997 jm=           4 cr=  7.8894503E-02
 iy=        1998 jm=           5 cr=  0.1707158    
 iy=        1999 jm=           1 cr=  5.7220213E-02
 iy=        2000 jm=           2 cr= -0.3700220    
 iy=        2001 jm=           3 cr= -0.4507303    
 iy=        2002 jm=           4 cr=  5.3436890E-02
 iy=        2003 jm=           5 cr= -0.1303261    
 iy=        2004 jm=           1 cr= -0.2133574    
 iy=        2005 jm=           2 cr= -3.9927445E-02
 iy=        2006 jm=           3 cr=  0.3692913    
 iy=        2007 jm=           4 cr= -0.2069992    
 iy=        2008 jm=           5 cr=  0.1042344    
 iy=        2009 jm=           1 cr= -5.3616796E-02
 iy=        2010 jm=           2 cr= -0.5024161    
 iy=        2011 jm=           3 cr=  1.6311092E-02
 iy=        2012 jm=           4 cr=  0.3481608    
 iy=        2013 jm=           5 cr= -0.3688643    
 iy=        2014 jm=           1 cr= -0.3283309    
 iy=        2015 jm=           2 cr= -0.2022562    
 iy=        2016 jm=           3 cr=  6.8800002E-02
 iy=        2017 jm=           4 cr=  0.3522696    
 iy=        2018 jm=           5 cr=  6.4216547E-02
 iy=        2019 jm=           1 cr=  2.0292139E-02
 iy=        2020 jm=           2 cr=  0.5042444    
 iy=        2021 jm=           3 cr= -0.2432094    
 iy=        2022 jm=           4 cr= -0.2148520    
 iy=        2023 jm=           5 cr= -7.1270421E-02
 iy=        2024 jm=           1 cr= -0.2986224    
 iy=        2025 jm=           2 cr=  2.3818389E-02
 iy=        2026 jm=           3 cr=  0.2621933    
 iy=        2027 jm=           4 cr= -0.1794828    
 iy=        2028 jm=           5 cr=  3.6569800E-02
 iy=        2029 jm=           1 cr= -5.2053776E-02
 iy=        2030 jm=           2 cr= -0.4966986    
 iy=        2031 jm=           3 cr= -0.1402557    
 iy=        2032 jm=           4 cr= -0.2137231    
 iy=        2033 jm=           5 cr= -0.1768063    
 iy=        2034 jm=           1 cr= -0.2439040    
 iy=        2035 jm=           2 cr= -0.2284088    
 iy=        2036 jm=           3 cr= -1.6979225E-02
 iy=        2037 jm=           4 cr=  0.1983323    
 iy=        2038 jm=           5 cr=  2.9695489E-02
 iy=        2039 jm=           1 cr= -0.1817180    
 iy=        2040 jm=           2 cr= -0.1677681    
 iy=        2041 jm=           3 cr= -0.4323407    
 iy=        2042 jm=           4 cr=  0.2695230    
 iy=        2043 jm=           5 cr=  0.1305899    
 iy=        2044 jm=           1 cr=  0.1825301    
 iy=        2045 jm=           2 cr= -0.3730563    
 iy=        2046 jm=           3 cr= -0.3273135    
 iy=        2047 jm=           4 cr= -0.5034631    
 iy=        2048 jm=           5 cr= -0.1284828    
 iy=        2049 jm=           1 cr= -0.2681288    
 iy=        2050 jm=           2 cr=  5.8265519E-03
 iy=        2051 jm=           3 cr= -0.1089719    
 iy=        2052 jm=           4 cr=  0.1442454    
 iy=        2053 jm=           5 cr= -0.2720668    
 iy=        2054 jm=           1 cr= -0.3296538    
 iy=        2055 jm=           2 cr= -0.4058386    
 iy=        2056 jm=           3 cr=  2.0162288E-02
 iy=        2057 jm=           4 cr= -5.8622576E-02
 iy=        2058 jm=           5 cr=  7.2966546E-02
 iy=        2059 jm=           1 cr= -0.3271098    
 iy=        2060 jm=           2 cr= -0.1698167    
 iy=        2061 jm=           3 cr= -0.2066576    
 iy=        2062 jm=           4 cr= -0.1935564    
 iy=        2063 jm=           5 cr=  4.9461681E-02
 iy=        2064 jm=           1 cr=  0.1550109    
 iy=        2065 jm=           2 cr=  0.3373531    
 iy=        2066 jm=           3 cr=  4.1429162E-02
 iy=        2067 jm=           4 cr=  1.0228452E-02
 iy=        2068 jm=           5 cr= -0.2672441    
 iy=        2069 jm=           1 cr= -0.2583616    
 iy=        2070 jm=           2 cr=  0.1822142    
 iy=        2071 jm=           3 cr=  0.1502039    
 iy=        2072 jm=           4 cr= -0.1065363    
 iy=        2073 jm=           5 cr=  0.3156099    
 iy=        2074 jm=           1 cr= -0.2687060    
 iy=        2075 jm=           2 cr= -0.1427602    
 iy=        2076 jm=           3 cr= -9.2340164E-02
 iy=        2077 jm=           4 cr= -0.1459397    
 iy=        2078 jm=           5 cr= -0.3343002    
 iy=        2079 jm=           1 cr=  5.9714928E-02
 iy=        2080 jm=           2 cr= -9.2662223E-02
 iy=        2081 jm=           3 cr=  2.7771432E-02
 iy=        2082 jm=           4 cr=  8.4856860E-03
 iy=        2083 jm=           5 cr= -0.1729399    
 iy=        2084 jm=           1 cr=  0.3275320    
 iy=        2085 jm=           2 cr= -0.2597489    
 iy=        2086 jm=           3 cr= -9.2385411E-02
 iy=        2087 jm=           4 cr=  0.3126481    
 iy=        2088 jm=           5 cr= -0.2235652    
 iy=        2089 jm=           1 cr=  5.1172998E-02
 iy=        2090 jm=           2 cr= -2.8443279E-02
 iy=        2091 jm=           3 cr=  4.6068221E-02
 iy=        2092 jm=           4 cr=  1.9906348E-02
 iy=        2093 jm=           5 cr=  2.2868114E-02
 iy=        2094 jm=           1 cr=  0.1384462    
 iy=        2095 jm=           2 cr= -0.2278972    
 iy=        2096 jm=           3 cr= -0.2187601    
 iy=        2097 jm=           4 cr= -0.2231536    
 iy=        2098 jm=           5 cr= -0.3535601    
 iy=        2099 jm=           1 cr= -5.8337010E-02
 iy=        2100 jm=           2 cr=  0.1211563    
 iy=        2101 jm=           3 cr= -0.2285210    
 iy=        2102 jm=           4 cr=  0.5792376    
 iy=        2103 jm=           5 cr=  0.1432930    
 iy=        2104 jm=           1 cr=  0.5234726    
 iy=        2105 jm=           2 cr=  0.2294794    
 iy=        2106 jm=           3 cr=  0.1567647    
 iy=        2107 jm=           4 cr=  9.5736653E-02
 iy=        2108 jm=           5 cr=  0.1409822    
 iy=        2109 jm=           1 cr=  8.7322384E-02
 iy=        2110 jm=           2 cr=  0.1467896    
 iy=        2111 jm=           3 cr=  0.1450861    
 iy=        2112 jm=           4 cr=  0.2718836    
 iy=        2113 jm=           5 cr=  3.2340765E-02
 iy=        2114 jm=           1 cr=  0.1835538    
 iy=        2115 jm=           2 cr=  4.1607033E-02
 iy=        2116 jm=           3 cr=  5.0748423E-02
 iy=        2117 jm=           4 cr=  6.7422993E-02
 iy=        2118 jm=           5 cr=  0.2066877    
 iy=        2119 jm=           1 cr=  7.9414099E-02
 iy=        2120 jm=           2 cr=  0.5440191    
 iy=        2121 jm=           3 cr=  0.1423514    
 iy=        2122 jm=           4 cr= -1.6562611E-02
 iy=        2123 jm=           5 cr=  0.3041308    
 iy=        2124 jm=           1 cr=  0.2031224    
 iy=        2125 jm=           2 cr= -0.2161156    
 iy=        2126 jm=           3 cr=  0.2304156    
 iy=        2127 jm=           4 cr= -0.3520840    
 iy=        2128 jm=           5 cr= -0.2690456    
 iy=        2129 jm=           1 cr=  4.1636370E-02
 iy=        2130 jm=           2 cr=  0.4936481    
 iy=        2131 jm=           3 cr=  0.2997806    
 iy=        2132 jm=           4 cr=  0.4513940    
 iy=        2133 jm=           5 cr=  0.3907743    
 iy=        2134 jm=           1 cr=  0.2431726    
 iy=        2135 jm=           2 cr=  0.5743769    
 iy=        2136 jm=           3 cr=  0.3752102    
 iy=        2137 jm=           4 cr=  0.1499326    
 iy=        2138 jm=           5 cr= -0.1651609    
 iy=        2139 jm=           1 cr= -0.2247070    
 iy=        2140 jm=           2 cr= -2.4814010E-02
 iy=        2141 jm=           3 cr=  0.3919849    
 iy=        2142 jm=           4 cr= -4.7270771E-02
 iy=        2143 jm=           5 cr= -0.4048403    
 iy=        2144 jm=           1 cr= -7.7883646E-02
 iy=        2145 jm=           2 cr=  0.3189436    
 iy=        2146 jm=           3 cr= -0.1484713    
 iy=        2147 jm=           4 cr=  0.1325001    
 iy=        2148 jm=           5 cr=  4.3189652E-02
 iy=        2149 jm=           1 cr= -8.9372717E-02
 iy=        2150 jm=           2 cr=  0.3951118    
 iy=        2151 jm=           3 cr=  4.6647422E-02
 iy=        2152 jm=           4 cr= -0.1325271    
 iy=        2153 jm=           5 cr=  2.0020975E-02
 iy=        2154 jm=           1 cr= -4.3582957E-02
 iy=        2155 jm=           2 cr=  0.2250564    
 iy=        2156 jm=           3 cr=  0.1899948    
 iy=        2157 jm=           4 cr=  0.5160401    
 iy=        2158 jm=           5 cr=  0.1245322    
 iy=        2159 jm=           1 cr=  0.3873592    
 iy=        2160 jm=           2 cr= -0.1223764    
 iy=        2161 jm=           3 cr=  0.1017708    
 iy=        2162 jm=           4 cr=  0.1195611    
 iy=        2163 jm=           5 cr=  4.0007159E-02
 iy=        2164 jm=           1 cr=  0.4904394    
 iy=        2165 jm=           2 cr= -1.8635156E-02
 iy=        2166 jm=           3 cr=  9.6681297E-02
 iy=        2167 jm=           4 cr=  0.2571845    
 iy=        2168 jm=           5 cr=  0.5756727    
 iy=        2169 jm=           1 cr=  0.2540333    
 iy=        2170 jm=           2 cr=  0.1816299    
 iy=        2171 jm=           3 cr=  0.3164109    
 iy=        2172 jm=           4 cr=  6.3921392E-02
 iy=        2173 jm=           5 cr=  0.2591203    
 iy=        2174 jm=           1 cr=  0.1421465    
 iy=        2175 jm=           2 cr= -2.3075435E-02
 iy=        2176 jm=           3 cr=  6.4657830E-02
 iy=        2177 jm=           4 cr=  0.3788179    
 iy=        2178 jm=           5 cr=  0.1075867    
 iy=        2179 jm=           1 cr=  2.4016766E-02
 iy=        2180 jm=           2 cr=  0.2621214    
 iy=        2181 jm=           3 cr=  0.3533649    
 iy=        2182 jm=           4 cr=  0.2795325    
 iy=        2183 jm=           5 cr=  0.2605805    
 iy=        2184 jm=           1 cr=  5.9994333E-03
 iy=        2185 jm=           2 cr=  6.6130579E-02
 iy=        2186 jm=           3 cr=  0.3803622    
 iy=        2187 jm=           4 cr=  0.2289270    
 iy=        2188 jm=           5 cr=  0.2285934    
 iy=        2189 jm=           1 cr=  0.3147690    
 iy=        2190 jm=           2 cr=  0.1709422    
 iy=        2191 jm=           3 cr=  0.1994373    
 iy=        2192 jm=           4 cr=  8.3040059E-02
 iy=        2193 jm=           5 cr=  0.2442400    
 iy=        2194 jm=           1 cr= -8.9751026E-03
 iy=        2195 jm=           2 cr=  0.1534443    
 iy=        2196 jm=           3 cr= -0.1099135    
 iy=        2197 jm=           4 cr=  2.8235374E-02
 iy=        2198 jm=           5 cr= -0.3664785    
 iy=        2199 jm=           1 cr= -4.2796183E-02
 iy=        2200 jm=           2 cr= -0.1044595    
 iy=        2201 jm=           3 cr= -3.5376765E-02
 iy=        2202 jm=           4 cr=  0.1606182    
 iy=        2203 jm=           5 cr=  6.9313414E-02
 iy=        2204 jm=           1 cr= -0.2385690    
 iy=        2205 jm=           2 cr=  0.1714371    
 iy=        2206 jm=           3 cr=  5.2583281E-02
 iy=        2207 jm=           4 cr= -0.3413308    
 iy=        2208 jm=           5 cr= -0.2732868    
 iy=        2209 jm=           1 cr=  0.1032510    
 iy=        2210 jm=           2 cr= -0.2070571    
 iy=        2211 jm=           3 cr=  0.2859715    
 iy=        2212 jm=           4 cr=  0.2564753    
 iy=        2213 jm=           5 cr=  0.2589051    
 iy=        2214 jm=           1 cr=  0.4184976    
 iy=        2215 jm=           2 cr=  9.0709977E-02
 iy=        2216 jm=           3 cr=  0.5111274    
 iy=        2217 jm=           4 cr=  9.9499486E-02
 iy=        2218 jm=           5 cr=  0.3801364    
 iy=        2219 jm=           1 cr= -0.1156676    
 iy=        2220 jm=           2 cr= -6.0802832E-02
 iy=        2221 jm=           3 cr= -0.1090178    
 iy=        2222 jm=           4 cr=  0.2246659    
 iy=        2223 jm=           5 cr=  9.0904355E-02
 iy=        2224 jm=           1 cr= -3.0415813E-02
 iy=        2225 jm=           2 cr=  0.1476043    
 iy=        2226 jm=           3 cr=  2.1306589E-02
 iy=        2227 jm=           4 cr= -0.2207034    
 iy=        2228 jm=           5 cr=  0.2766578    
 iy=        2229 jm=           1 cr= -0.1897714    
 iy=        2230 jm=           2 cr=  0.1942955    
 iy=        2231 jm=           3 cr= -0.3466019    
 iy=        2232 jm=           4 cr= -2.0030802E-02
 iy=        2233 jm=           5 cr= -0.3531625    
 iy=        2234 jm=           1 cr=  0.1475510    
 iy=        2235 jm=           2 cr=  0.3266945    
 iy=        2236 jm=           3 cr= -0.1881996    
 iy=        2237 jm=           4 cr=  0.2255911    
 iy=        2238 jm=           5 cr=  0.1341596    
 iy=        2239 jm=           1 cr=  0.2556559    
 iy=        2240 jm=           2 cr=  0.1522442    
 iy=        2241 jm=           3 cr= -0.4143188    
 iy=        2242 jm=           4 cr=  0.1488488    
 iy=        2243 jm=           5 cr=  0.1559589    
 iy=        2244 jm=           1 cr= -0.1273337    
 iy=        2245 jm=           2 cr= -0.1025197    
 iy=        2246 jm=           3 cr=  0.2448334    
 iy=        2247 jm=           4 cr= -0.4260182    
 iy=        2248 jm=           5 cr= -0.5032629    
 iy=        2249 jm=           1 cr= -0.1602203    
 iy=        2250 jm=           2 cr=  0.1499329    
 iy=        2251 jm=           3 cr=  0.1909597    
 iy=        2252 jm=           4 cr= -0.1988289    
 iy=        2253 jm=           5 cr= -2.9315338E-02
 iy=        2254 jm=           1 cr= -0.1234271    
 iy=        2255 jm=           2 cr= -0.2487302    
 iy=        2256 jm=           3 cr=  2.1400558E-02
 iy=        2257 jm=           4 cr=  2.6332378E-02
 iy=        2258 jm=           5 cr=  0.1472954    
 iy=        2259 jm=           1 cr= -0.1538254    
 iy=        2260 jm=           2 cr= -0.1694402    
 iy=        2261 jm=           3 cr= -0.4583602    
 iy=        2262 jm=           4 cr= -3.7910831E-03
 iy=        2263 jm=           5 cr= -0.4722076    
 iy=        2264 jm=           1 cr= -0.3104333    
 iy=        2265 jm=           2 cr= -0.2176338    
 iy=        2266 jm=           3 cr= -0.2633515    
 iy=        2267 jm=           4 cr= -0.2942783    
 iy=        2268 jm=           5 cr= -4.2574961E-02
 im=           5 size of positive=           3 size of negative=           1
