 iy=        1979 jm=           1 cr= -3.1124847E-02
 iy=        1979 jm=           2 cr=  0.1726757    
 iy=        1979 jm=           3 cr=  0.2775144    
 iy=        1979 jm=           4 cr= -6.8876088E-02
 iy=        1979 jm=           5 cr= -0.4524299    
 iy=        1980 jm=           1 cr= -0.3317835    
 iy=        1980 jm=           2 cr=  0.2863679    
 iy=        1980 jm=           3 cr= -0.2873768    
 iy=        1980 jm=           4 cr= -0.1019758    
 iy=        1980 jm=           5 cr= -0.3311799    
 iy=        1981 jm=           1 cr= -0.3296177    
 iy=        1981 jm=           2 cr= -0.4036564    
 iy=        1981 jm=           3 cr=  0.3251163    
 iy=        1981 jm=           4 cr=  0.4955676    
 iy=        1981 jm=           5 cr=  0.3851592    
 iy=        1982 jm=           1 cr=  7.0484430E-02
 iy=        1982 jm=           2 cr=  0.1944441    
 iy=        1982 jm=           3 cr=  9.8896459E-02
 iy=        1982 jm=           4 cr=  5.1024683E-02
 iy=        1982 jm=           5 cr=  6.3602306E-02
 iy=        1983 jm=           1 cr= -0.3813570    
 iy=        1983 jm=           2 cr=  0.2852399    
 iy=        1983 jm=           3 cr=  0.1361969    
 iy=        1983 jm=           4 cr= -0.1733688    
 iy=        1983 jm=           5 cr= -7.6241799E-02
 iy=        1984 jm=           1 cr= -0.2761219    
 iy=        1984 jm=           2 cr=  0.3318369    
 iy=        1984 jm=           3 cr= -0.2207308    
 iy=        1984 jm=           4 cr=  8.9783438E-02
 iy=        1984 jm=           5 cr= -8.0179219E-04
 iy=        1985 jm=           1 cr=  0.4188725    
 iy=        1985 jm=           2 cr= -0.2455266    
 iy=        1985 jm=           3 cr= -0.3181356    
 iy=        1985 jm=           4 cr=  0.1409146    
 iy=        1985 jm=           5 cr=  0.2572008    
 iy=        1986 jm=           1 cr=  0.2942414    
 iy=        1986 jm=           2 cr= -0.1987856    
 iy=        1986 jm=           3 cr= -0.2670105    
 iy=        1986 jm=           4 cr= -0.2719184    
 iy=        1986 jm=           5 cr=  3.6456205E-02
 iy=        1987 jm=           1 cr= -9.4956048E-02
 iy=        1987 jm=           2 cr= -0.3707025    
 iy=        1987 jm=           3 cr= -0.1238893    
 iy=        1987 jm=           4 cr= -8.2550369E-02
 iy=        1987 jm=           5 cr= -0.1014913    
 iy=        1988 jm=           1 cr=  7.7484481E-02
 iy=        1988 jm=           2 cr= -0.1183563    
 iy=        1988 jm=           3 cr=  2.5330773E-02
 iy=        1988 jm=           4 cr=  0.1869070    
 iy=        1988 jm=           5 cr=  0.2982845    
 iy=        1989 jm=           1 cr=  0.2548279    
 iy=        1989 jm=           2 cr=  0.1307487    
 iy=        1989 jm=           3 cr= -1.3714340E-02
 iy=        1989 jm=           4 cr=  0.3697597    
 iy=        1989 jm=           5 cr=  4.7050048E-02
 iy=        1990 jm=           1 cr=  0.5383252    
 iy=        1990 jm=           2 cr=  0.4657972    
 iy=        1990 jm=           3 cr=  0.4843580    
 iy=        1990 jm=           4 cr= -3.3343814E-02
 iy=        1990 jm=           5 cr=  0.2112514    
 iy=        1991 jm=           1 cr= -0.1013800    
 iy=        1991 jm=           2 cr=  0.2076141    
 iy=        1991 jm=           3 cr=  7.3066905E-02
 iy=        1991 jm=           4 cr=  0.4019228    
 iy=        1991 jm=           5 cr=  7.8650482E-02
 iy=        1992 jm=           1 cr=  2.0585835E-03
 iy=        1992 jm=           2 cr=  0.5244229    
 iy=        1992 jm=           3 cr=  0.4492485    
 iy=        1992 jm=           4 cr=  8.5909218E-02
 iy=        1992 jm=           5 cr= -5.7098005E-02
 iy=        1993 jm=           1 cr=  0.4618418    
 iy=        1993 jm=           2 cr= -0.1892834    
 iy=        1993 jm=           3 cr=  7.7320792E-02
 iy=        1993 jm=           4 cr=  0.3829291    
 iy=        1993 jm=           5 cr=  0.3276038    
 iy=        1994 jm=           1 cr=  0.3861433    
 iy=        1994 jm=           2 cr= -0.2339721    
 iy=        1994 jm=           3 cr= -0.1152946    
 iy=        1994 jm=           4 cr=  0.3255663    
 iy=        1994 jm=           5 cr=  0.2545756    
 iy=        1995 jm=           1 cr=  0.4051374    
 iy=        1995 jm=           2 cr= -1.7882794E-02
 iy=        1995 jm=           3 cr=  0.1844159    
 iy=        1995 jm=           4 cr=  0.1919744    
 iy=        1995 jm=           5 cr=  0.3636576    
 iy=        1996 jm=           1 cr=  5.3348966E-02
 iy=        1996 jm=           2 cr= -4.3993324E-02
 iy=        1996 jm=           3 cr=  0.1699186    
 iy=        1996 jm=           4 cr= -6.1217349E-02
 iy=        1996 jm=           5 cr=  9.1755688E-02
 iy=        1997 jm=           1 cr=  0.3389458    
 iy=        1997 jm=           2 cr=  0.2780815    
 iy=        1997 jm=           3 cr=  0.1504101    
 iy=        1997 jm=           4 cr=  0.1116194    
 iy=        1997 jm=           5 cr=  0.2997751    
 iy=        1998 jm=           1 cr= -7.2231092E-02
 iy=        1998 jm=           2 cr=  4.3324329E-02
 iy=        1998 jm=           3 cr= -0.1058617    
 iy=        1998 jm=           4 cr= -0.5520104    
 iy=        1998 jm=           5 cr= -0.2912345    
 iy=        1999 jm=           1 cr= -0.1017279    
 iy=        1999 jm=           2 cr= -4.9960840E-02
 iy=        1999 jm=           3 cr=  0.1677914    
 iy=        1999 jm=           4 cr= -0.1844423    
 iy=        1999 jm=           5 cr= -0.3374007    
 iy=        2000 jm=           1 cr= -0.2449132    
 iy=        2000 jm=           2 cr= -0.4825366    
 iy=        2000 jm=           3 cr= -0.2340241    
 iy=        2000 jm=           4 cr= -0.3727240    
 iy=        2000 jm=           5 cr= -0.1873857    
 iy=        2001 jm=           1 cr= -0.2538561    
 iy=        2001 jm=           2 cr= -0.2727375    
 iy=        2001 jm=           3 cr=  0.1602235    
 iy=        2001 jm=           4 cr= -0.2915850    
 iy=        2001 jm=           5 cr=  0.2942048    
 iy=        2002 jm=           1 cr= -8.2882233E-02
 iy=        2002 jm=           2 cr=  1.6235781E-03
 iy=        2002 jm=           3 cr=  8.4853284E-03
 iy=        2002 jm=           4 cr=  0.4103583    
 iy=        2002 jm=           5 cr=  0.4532202    
 iy=        2003 jm=           1 cr=  0.4093444    
 iy=        2003 jm=           2 cr= -0.5151660    
 iy=        2003 jm=           3 cr=  0.1993780    
 iy=        2003 jm=           4 cr= -0.4934575    
 iy=        2003 jm=           5 cr=  8.5048787E-02
 iy=        2004 jm=           1 cr=  0.1522723    
 iy=        2004 jm=           2 cr=  0.2125191    
 iy=        2004 jm=           3 cr=  0.4243192    
 iy=        2004 jm=           4 cr=  0.1408002    
 iy=        2004 jm=           5 cr=  0.1723658    
 iy=        2005 jm=           1 cr=  0.4688129    
 iy=        2005 jm=           2 cr= -0.1288022    
 iy=        2005 jm=           3 cr= -0.2786807    
 iy=        2005 jm=           4 cr= -2.8422849E-02
 iy=        2005 jm=           5 cr= -4.5572083E-02
 iy=        2006 jm=           1 cr=  0.4743640    
 iy=        2006 jm=           2 cr= -0.1381705    
 iy=        2006 jm=           3 cr=  6.6529736E-03
 iy=        2006 jm=           4 cr=  0.1495822    
 iy=        2006 jm=           5 cr=  0.1100224    
 iy=        2007 jm=           1 cr= -0.4599325    
 iy=        2007 jm=           2 cr=  0.2198879    
 iy=        2007 jm=           3 cr=  1.9797299E-03
 iy=        2007 jm=           4 cr= -0.1056851    
 iy=        2007 jm=           5 cr=  8.1924364E-02
 iy=        2008 jm=           1 cr= -0.1289101    
 iy=        2008 jm=           2 cr=  0.3158933    
 iy=        2008 jm=           3 cr=  0.1445228    
 iy=        2008 jm=           4 cr= -0.1100796    
 iy=        2008 jm=           5 cr=  0.1529192    
 iy=        2009 jm=           1 cr=  4.9731091E-02
 iy=        2009 jm=           2 cr=  7.4295379E-02
 iy=        2009 jm=           3 cr= -7.2751090E-02
 iy=        2009 jm=           4 cr= -2.4224345E-02
 iy=        2009 jm=           5 cr= -0.2833740    
 iy=        2010 jm=           1 cr=  0.3220167    
 iy=        2010 jm=           2 cr=  9.7936623E-02
 iy=        2010 jm=           3 cr= -0.2540361    
 iy=        2010 jm=           4 cr=  0.3893583    
 iy=        2010 jm=           5 cr= -0.1137488    
 iy=        2011 jm=           1 cr=  0.3450904    
 iy=        2011 jm=           2 cr=  1.5484896E-02
 iy=        2011 jm=           3 cr= -0.1891279    
 iy=        2011 jm=           4 cr= -0.3154432    
 iy=        2011 jm=           5 cr= -0.1363264    
 iy=        2012 jm=           1 cr=  0.3276767    
 iy=        2012 jm=           2 cr=  0.3422638    
 iy=        2012 jm=           3 cr= -2.5238067E-02
 iy=        2012 jm=           4 cr= -0.1391753    
 iy=        2012 jm=           5 cr= -9.4992623E-02
 im=           1 size of positive=           0 size of negative=           1
 iy=        1979 jm=           1 cr= -0.2014960    
 iy=        1979 jm=           2 cr= -0.3083745    
 iy=        1979 jm=           3 cr=  0.1250984    
 iy=        1979 jm=           4 cr= -0.3041314    
 iy=        1979 jm=           5 cr= -0.2195344    
 iy=        1980 jm=           1 cr= -0.3957755    
 iy=        1980 jm=           2 cr=  0.2658499    
 iy=        1980 jm=           3 cr= -0.4887218    
 iy=        1980 jm=           4 cr= -0.1554944    
 iy=        1980 jm=           5 cr= -0.3061243    
 iy=        1981 jm=           1 cr= -0.4653908    
 iy=        1981 jm=           2 cr= -0.5147066    
 iy=        1981 jm=           3 cr=  0.3731066    
 iy=        1981 jm=           4 cr=  0.5193938    
 iy=        1981 jm=           5 cr=  0.2568253    
 iy=        1982 jm=           1 cr= -0.1500162    
 iy=        1982 jm=           2 cr= -0.1411001    
 iy=        1982 jm=           3 cr= -0.1617495    
 iy=        1982 jm=           4 cr= -0.1788198    
 iy=        1982 jm=           5 cr= -0.2010940    
 iy=        1983 jm=           1 cr= -0.4359020    
 iy=        1983 jm=           2 cr=  0.4166269    
 iy=        1983 jm=           3 cr=  0.2030179    
 iy=        1983 jm=           4 cr= -0.2404746    
 iy=        1983 jm=           5 cr= -4.7840897E-02
 iy=        1984 jm=           1 cr= -0.3672103    
 iy=        1984 jm=           2 cr=  0.4192265    
 iy=        1984 jm=           3 cr= -6.9323882E-02
 iy=        1984 jm=           4 cr=  0.3963892    
 iy=        1984 jm=           5 cr=  4.7438676E-03
 iy=        1985 jm=           1 cr=  0.4928984    
 iy=        1985 jm=           2 cr=  0.1139405    
 iy=        1985 jm=           3 cr= -0.5025859    
 iy=        1985 jm=           4 cr=  6.2251738E-03
 iy=        1985 jm=           5 cr=  8.0689415E-02
 iy=        1986 jm=           1 cr=  0.5226737    
 iy=        1986 jm=           2 cr= -0.1841751    
 iy=        1986 jm=           3 cr= -0.5180275    
 iy=        1986 jm=           4 cr= -0.4536254    
 iy=        1986 jm=           5 cr= -0.1263488    
 iy=        1987 jm=           1 cr= -0.2339299    
 iy=        1987 jm=           2 cr= -0.5490820    
 iy=        1987 jm=           3 cr= -0.1068757    
 iy=        1987 jm=           4 cr=  0.1429600    
 iy=        1987 jm=           5 cr= -0.1177961    
 iy=        1988 jm=           1 cr=  0.1945730    
 iy=        1988 jm=           2 cr=  6.7925133E-02
 iy=        1988 jm=           3 cr=  1.1323133E-02
 iy=        1988 jm=           4 cr=  0.4002033    
 iy=        1988 jm=           5 cr=  0.3413846    
 iy=        1989 jm=           1 cr=  0.3034633    
 iy=        1989 jm=           2 cr=  0.3803679    
 iy=        1989 jm=           3 cr=  0.2257317    
 iy=        1989 jm=           4 cr=  0.2395994    
 iy=        1989 jm=           5 cr=  9.0662889E-02
 iy=        1990 jm=           1 cr=  0.1481768    
 iy=        1990 jm=           2 cr=  0.3353189    
 iy=        1990 jm=           3 cr=  0.6748534    
 iy=        1990 jm=           4 cr= -7.9090178E-02
 iy=        1990 jm=           5 cr=  7.9658665E-02
 iy=        1991 jm=           1 cr=  5.4028228E-02
 iy=        1991 jm=           2 cr= -2.9596362E-02
 iy=        1991 jm=           3 cr= -0.1439486    
 iy=        1991 jm=           4 cr=  3.0811142E-02
 iy=        1991 jm=           5 cr= -0.1998407    
 iy=        1992 jm=           1 cr= -6.4522058E-02
 iy=        1992 jm=           2 cr=  0.3703441    
 iy=        1992 jm=           3 cr=  2.1727266E-02
 iy=        1992 jm=           4 cr= -0.1028633    
 iy=        1992 jm=           5 cr= -0.1914807    
 iy=        1993 jm=           1 cr=  0.3498391    
 iy=        1993 jm=           2 cr= -0.4664253    
 iy=        1993 jm=           3 cr=  0.3148510    
 iy=        1993 jm=           4 cr=  0.5454867    
 iy=        1993 jm=           5 cr=  6.1124243E-02
 iy=        1994 jm=           1 cr=  0.1220200    
 iy=        1994 jm=           2 cr= -0.5129568    
 iy=        1994 jm=           3 cr= -0.5032224    
 iy=        1994 jm=           4 cr=  0.2578014    
 iy=        1994 jm=           5 cr= -0.1827784    
 iy=        1995 jm=           1 cr=  0.4635901    
 iy=        1995 jm=           2 cr= -0.1595417    
 iy=        1995 jm=           3 cr=  0.1611312    
 iy=        1995 jm=           4 cr= -0.1521484    
 iy=        1995 jm=           5 cr=  0.2879602    
 iy=        1996 jm=           1 cr=  1.3579914E-02
 iy=        1996 jm=           2 cr= -0.1353016    
 iy=        1996 jm=           3 cr= -4.3855645E-03
 iy=        1996 jm=           4 cr=  8.1161007E-02
 iy=        1996 jm=           5 cr=  0.1900702    
 iy=        1997 jm=           1 cr= -0.1231413    
 iy=        1997 jm=           2 cr= -0.1623417    
 iy=        1997 jm=           3 cr= -0.1644933    
 iy=        1997 jm=           4 cr= -0.2112427    
 iy=        1997 jm=           5 cr= -2.7155222E-02
 iy=        1998 jm=           1 cr=  1.7199429E-02
 iy=        1998 jm=           2 cr=  0.1422936    
 iy=        1998 jm=           3 cr=  0.1221706    
 iy=        1998 jm=           4 cr= -0.5986512    
 iy=        1998 jm=           5 cr= -0.2799279    
 iy=        1999 jm=           1 cr= -0.2466693    
 iy=        1999 jm=           2 cr=  0.2824406    
 iy=        1999 jm=           3 cr=  5.2608337E-02
 iy=        1999 jm=           4 cr= -5.9649963E-02
 iy=        1999 jm=           5 cr= -0.1857685    
 iy=        2000 jm=           1 cr= -0.1765445    
 iy=        2000 jm=           2 cr= -7.1613386E-02
 iy=        2000 jm=           3 cr= -0.2672740    
 iy=        2000 jm=           4 cr= -4.9447000E-02
 iy=        2000 jm=           5 cr=  9.0027966E-02
 iy=        2001 jm=           1 cr= -0.3842736    
 iy=        2001 jm=           2 cr= -0.2360991    
 iy=        2001 jm=           3 cr=  0.2329583    
 iy=        2001 jm=           4 cr= -0.1752389    
 iy=        2001 jm=           5 cr=  0.4991354    
 iy=        2002 jm=           1 cr=  5.7759050E-02
 iy=        2002 jm=           2 cr= -0.1652438    
 iy=        2002 jm=           3 cr= -0.1236800    
 iy=        2002 jm=           4 cr=  0.4067459    
 iy=        2002 jm=           5 cr=  0.3111390    
 iy=        2003 jm=           1 cr=  0.2433941    
 iy=        2003 jm=           2 cr= -0.7253916    
 iy=        2003 jm=           3 cr=  0.1893034    
 iy=        2003 jm=           4 cr= -0.3914487    
 iy=        2003 jm=           5 cr=  0.2691028    
 iy=        2004 jm=           1 cr=  4.7156177E-03
 iy=        2004 jm=           2 cr=  0.2418215    
 iy=        2004 jm=           3 cr=  0.3391907    
 iy=        2004 jm=           4 cr=  7.1536683E-02
 iy=        2004 jm=           5 cr=  2.3237789E-02
 iy=        2005 jm=           1 cr=  0.4688824    
 iy=        2005 jm=           2 cr= -0.1201174    
 iy=        2005 jm=           3 cr= -0.2081281    
 iy=        2005 jm=           4 cr= -8.4571637E-02
 iy=        2005 jm=           5 cr= -8.8723212E-02
 iy=        2006 jm=           1 cr=  0.2780663    
 iy=        2006 jm=           2 cr= -0.4252930    
 iy=        2006 jm=           3 cr= -7.2721258E-02
 iy=        2006 jm=           4 cr=  0.1676472    
 iy=        2006 jm=           5 cr=  5.0112616E-02
 iy=        2007 jm=           1 cr= -6.5123558E-02
 iy=        2007 jm=           2 cr=  0.3368596    
 iy=        2007 jm=           3 cr= -6.4585434E-04
 iy=        2007 jm=           4 cr=  0.1460252    
 iy=        2007 jm=           5 cr=  0.1601959    
 iy=        2008 jm=           1 cr= -6.1146040E-02
 iy=        2008 jm=           2 cr=  0.5758825    
 iy=        2008 jm=           3 cr=  0.3180579    
 iy=        2008 jm=           4 cr= -6.5159589E-02
 iy=        2008 jm=           5 cr=  0.2589599    
 iy=        2009 jm=           1 cr= -0.2858071    
 iy=        2009 jm=           2 cr=  3.7464492E-02
 iy=        2009 jm=           3 cr= -0.5635360    
 iy=        2009 jm=           4 cr= -0.1260297    
 iy=        2009 jm=           5 cr= -0.4900454    
 iy=        2010 jm=           1 cr=  0.2831302    
 iy=        2010 jm=           2 cr= -4.6433054E-02
 iy=        2010 jm=           3 cr=  7.0791751E-02
 iy=        2010 jm=           4 cr=  0.3893276    
 iy=        2010 jm=           5 cr=  1.1443296E-02
 iy=        2011 jm=           1 cr=  0.2377445    
 iy=        2011 jm=           2 cr=  0.3470334    
 iy=        2011 jm=           3 cr=  6.0768361E-04
 iy=        2011 jm=           4 cr= -0.1316557    
 iy=        2011 jm=           5 cr= -0.1133772    
 iy=        2012 jm=           1 cr=  0.2979873    
 iy=        2012 jm=           2 cr=  0.1050680    
 iy=        2012 jm=           3 cr=  0.3338327    
 iy=        2012 jm=           4 cr= -5.9485190E-02
 iy=        2012 jm=           5 cr= -2.1773163E-02
 year=        1990 mon=           3
 year=        2008 mon=           2
 im=           2 size of positive=           2 size of negative=           3
 iy=        1979 jm=           1 cr=  6.0623374E-02
 iy=        1979 jm=           2 cr= -0.1384043    
 iy=        1979 jm=           3 cr= -0.3387401    
 iy=        1979 jm=           4 cr=  0.2020509    
 iy=        1979 jm=           5 cr=  0.1874577    
 iy=        1980 jm=           1 cr=  0.2948402    
 iy=        1980 jm=           2 cr=  0.1786561    
 iy=        1980 jm=           3 cr=  0.1824706    
 iy=        1980 jm=           4 cr=  0.2767966    
 iy=        1980 jm=           5 cr= -0.1116670    
 iy=        1981 jm=           1 cr=  5.9167977E-02
 iy=        1981 jm=           2 cr=  0.1514753    
 iy=        1981 jm=           3 cr=  9.7205162E-02
 iy=        1981 jm=           4 cr=  7.4331626E-02
 iy=        1981 jm=           5 cr=  6.1842982E-02
 iy=        1982 jm=           1 cr= -0.1198323    
 iy=        1982 jm=           2 cr= -0.1739694    
 iy=        1982 jm=           3 cr= -0.2000699    
 iy=        1982 jm=           4 cr= -0.2667201    
 iy=        1982 jm=           5 cr= -0.2202716    
 iy=        1983 jm=           1 cr= -7.0123151E-02
 iy=        1983 jm=           2 cr=  0.3727649    
 iy=        1983 jm=           3 cr=  0.3090006    
 iy=        1983 jm=           4 cr=  0.1931240    
 iy=        1983 jm=           5 cr=  0.3013556    
 iy=        1984 jm=           1 cr=  7.6458476E-02
 iy=        1984 jm=           2 cr= -2.3239937E-02
 iy=        1984 jm=           3 cr=  0.3134983    
 iy=        1984 jm=           4 cr=  2.1764377E-02
 iy=        1984 jm=           5 cr= -0.1363344    
 iy=        1985 jm=           1 cr= -0.2173186    
 iy=        1985 jm=           2 cr=  0.6207985    
 iy=        1985 jm=           3 cr=  0.2976366    
 iy=        1985 jm=           4 cr=  0.1541836    
 iy=        1985 jm=           5 cr=  0.3382460    
 iy=        1986 jm=           1 cr=  0.2238322    
 iy=        1986 jm=           2 cr=  0.2762975    
 iy=        1986 jm=           3 cr=  0.1508480    
 iy=        1986 jm=           4 cr= -8.8039085E-02
 iy=        1986 jm=           5 cr= -0.2895952    
 iy=        1987 jm=           1 cr= -0.1044817    
 iy=        1987 jm=           2 cr= -0.1910470    
 iy=        1987 jm=           3 cr=  0.2025343    
 iy=        1987 jm=           4 cr=  0.1207901    
 iy=        1987 jm=           5 cr= -0.1427684    
 iy=        1988 jm=           1 cr= -0.1077809    
 iy=        1988 jm=           2 cr=  0.4205179    
 iy=        1988 jm=           3 cr=  2.3294250E-02
 iy=        1988 jm=           4 cr=  0.3956151    
 iy=        1988 jm=           5 cr=  0.1847488    
 iy=        1989 jm=           1 cr=  2.1286763E-03
 iy=        1989 jm=           2 cr=  0.3869004    
 iy=        1989 jm=           3 cr=  0.2186634    
 iy=        1989 jm=           4 cr= -0.2477923    
 iy=        1989 jm=           5 cr=  5.7628136E-02
 iy=        1990 jm=           1 cr= -0.1387046    
 iy=        1990 jm=           2 cr=  8.5416228E-02
 iy=        1990 jm=           3 cr=  9.4898850E-02
 iy=        1990 jm=           4 cr=  0.4043840    
 iy=        1990 jm=           5 cr= -0.1116257    
 iy=        1991 jm=           1 cr=  0.3868838    
 iy=        1991 jm=           2 cr= -0.2485203    
 iy=        1991 jm=           3 cr= -0.2202718    
 iy=        1991 jm=           4 cr= -0.1888939    
 iy=        1991 jm=           5 cr= -0.1063776    
 iy=        1992 jm=           1 cr=  0.4032817    
 iy=        1992 jm=           2 cr= -0.2650159    
 iy=        1992 jm=           3 cr= -0.1339717    
 iy=        1992 jm=           4 cr=  5.4832187E-02
 iy=        1992 jm=           5 cr=  0.4173158    
 iy=        1993 jm=           1 cr=  0.1416498    
 iy=        1993 jm=           2 cr=  0.1947711    
 iy=        1993 jm=           3 cr=  0.4769224    
 iy=        1993 jm=           4 cr= -2.8279096E-02
 iy=        1993 jm=           5 cr=  0.3214362    
 iy=        1994 jm=           1 cr= -0.1843343    
 iy=        1994 jm=           2 cr= -0.1920812    
 iy=        1994 jm=           3 cr= -0.1234638    
 iy=        1994 jm=           4 cr=  0.2020332    
 iy=        1994 jm=           5 cr= -0.1512479    
 iy=        1995 jm=           1 cr=  1.8289974E-02
 iy=        1995 jm=           2 cr= -1.2984852E-02
 iy=        1995 jm=           3 cr=  0.3031806    
 iy=        1995 jm=           4 cr=  0.3009535    
 iy=        1995 jm=           5 cr=  0.3954104    
 iy=        1996 jm=           1 cr=  0.1359106    
 iy=        1996 jm=           2 cr=  7.6259039E-02
 iy=        1996 jm=           3 cr=  8.4647201E-02
 iy=        1996 jm=           4 cr=  0.4251111    
 iy=        1996 jm=           5 cr=  7.3531881E-02
 iy=        1997 jm=           1 cr= -6.4535849E-02
 iy=        1997 jm=           2 cr= -0.1721003    
 iy=        1997 jm=           3 cr= -0.2419749    
 iy=        1997 jm=           4 cr= -0.3634359    
 iy=        1997 jm=           5 cr= -0.1031430    
 iy=        1998 jm=           1 cr= -0.1833915    
 iy=        1998 jm=           2 cr=  0.2216739    
 iy=        1998 jm=           3 cr=  0.1662809    
 iy=        1998 jm=           4 cr=  9.9130142E-03
 iy=        1998 jm=           5 cr= -5.4966681E-02
 iy=        1999 jm=           1 cr= -4.3059763E-02
 iy=        1999 jm=           2 cr=  0.3682614    
 iy=        1999 jm=           3 cr= -5.1324923E-02
 iy=        1999 jm=           4 cr=  0.2437761    
 iy=        1999 jm=           5 cr=  0.2551464    
 iy=        2000 jm=           1 cr= -6.1578997E-03
 iy=        2000 jm=           2 cr=  0.4772382    
 iy=        2000 jm=           3 cr=  0.2229824    
 iy=        2000 jm=           4 cr=  4.7518179E-02
 iy=        2000 jm=           5 cr=  3.8724359E-02
 iy=        2001 jm=           1 cr= -0.1828919    
 iy=        2001 jm=           2 cr= -0.2553974    
 iy=        2001 jm=           3 cr=  0.1526427    
 iy=        2001 jm=           4 cr=  0.3477907    
 iy=        2001 jm=           5 cr=  0.2084126    
 iy=        2002 jm=           1 cr=  0.3874700    
 iy=        2002 jm=           2 cr= -0.2711951    
 iy=        2002 jm=           3 cr=  0.2490663    
 iy=        2002 jm=           4 cr=  1.0910799E-02
 iy=        2002 jm=           5 cr=  5.0186351E-02
 iy=        2003 jm=           1 cr= -0.2203388    
 iy=        2003 jm=           2 cr= -3.7090816E-02
 iy=        2003 jm=           3 cr= -0.3274895    
 iy=        2003 jm=           4 cr=  0.1507844    
 iy=        2003 jm=           5 cr=  0.3064929    
 iy=        2004 jm=           1 cr= -0.2404581    
 iy=        2004 jm=           2 cr=  0.2180723    
 iy=        2004 jm=           3 cr= -0.1935185    
 iy=        2004 jm=           4 cr= -0.3487262    
 iy=        2004 jm=           5 cr=  4.1038357E-02
 iy=        2005 jm=           1 cr= -0.1426740    
 iy=        2005 jm=           2 cr=  0.1798676    
 iy=        2005 jm=           3 cr= -0.1339101    
 iy=        2005 jm=           4 cr=  3.2278770E-03
 iy=        2005 jm=           5 cr= -0.2648759    
 iy=        2006 jm=           1 cr= -0.2244780    
 iy=        2006 jm=           2 cr=  2.7071511E-02
 iy=        2006 jm=           3 cr= -0.2180210    
 iy=        2006 jm=           4 cr=  5.9754681E-02
 iy=        2006 jm=           5 cr=  0.1715061    
 iy=        2007 jm=           1 cr=  0.4121729    
 iy=        2007 jm=           2 cr=  0.1090735    
 iy=        2007 jm=           3 cr= -0.1287527    
 iy=        2007 jm=           4 cr=  0.5102297    
 iy=        2007 jm=           5 cr=  0.1361773    
 iy=        2008 jm=           1 cr=  4.1423626E-03
 iy=        2008 jm=           2 cr=  0.1435130    
 iy=        2008 jm=           3 cr=  0.5104864    
 iy=        2008 jm=           4 cr= -8.0459140E-02
 iy=        2008 jm=           5 cr= -0.1812626    
 iy=        2009 jm=           1 cr= -0.4028087    
 iy=        2009 jm=           2 cr= -0.1076344    
 iy=        2009 jm=           3 cr= -0.1352491    
 iy=        2009 jm=           4 cr= -0.3034449    
 iy=        2009 jm=           5 cr= -0.1844053    
 iy=        2010 jm=           1 cr= -8.1050552E-02
 iy=        2010 jm=           2 cr= -0.1985838    
 iy=        2010 jm=           3 cr=  0.3575086    
 iy=        2010 jm=           4 cr=  0.1350720    
 iy=        2010 jm=           5 cr=  9.8738767E-02
 iy=        2011 jm=           1 cr= -0.2946081    
 iy=        2011 jm=           2 cr=  0.1980830    
 iy=        2011 jm=           3 cr= -4.0760741E-02
 iy=        2011 jm=           4 cr=  0.2512558    
 iy=        2011 jm=           5 cr= -0.1417194    
 iy=        2012 jm=           1 cr= -0.3802647    
 iy=        2012 jm=           2 cr= -0.4166152    
 iy=        2012 jm=           3 cr=  1.3909579E-02
 iy=        2012 jm=           4 cr= -3.5885047E-02
 iy=        2012 jm=           5 cr= -4.0863544E-02
 year=        1985 mon=           2
 im=           3 size of positive=           1 size of negative=           0
 iy=        1979 jm=           1 cr= -0.1009381    
 iy=        1979 jm=           2 cr= -8.1993945E-02
 iy=        1979 jm=           3 cr=  0.2008299    
 iy=        1979 jm=           4 cr= -0.1671137    
 iy=        1979 jm=           5 cr= -0.2644504    
 iy=        1980 jm=           1 cr= -0.2627060    
 iy=        1980 jm=           2 cr=  0.1556277    
 iy=        1980 jm=           3 cr= -0.4025462    
 iy=        1980 jm=           4 cr= -7.8558147E-02
 iy=        1980 jm=           5 cr= -0.3327508    
 iy=        1981 jm=           1 cr= -0.1837379    
 iy=        1981 jm=           2 cr= -0.1614192    
 iy=        1981 jm=           3 cr=  0.3716918    
 iy=        1981 jm=           4 cr=  0.3859053    
 iy=        1981 jm=           5 cr=  0.2654739    
 iy=        1982 jm=           1 cr= -0.1495689    
 iy=        1982 jm=           2 cr= -4.1087538E-02
 iy=        1982 jm=           3 cr= -0.2193414    
 iy=        1982 jm=           4 cr= -0.2197077    
 iy=        1982 jm=           5 cr= -0.1489832    
 iy=        1983 jm=           1 cr= -0.4457864    
 iy=        1983 jm=           2 cr=  0.3674172    
 iy=        1983 jm=           3 cr=  5.9331950E-02
 iy=        1983 jm=           4 cr= -0.1083715    
 iy=        1983 jm=           5 cr= -0.1505635    
 iy=        1984 jm=           1 cr= -0.1705890    
 iy=        1984 jm=           2 cr=  0.1953624    
 iy=        1984 jm=           3 cr= -0.1411477    
 iy=        1984 jm=           4 cr=  0.2831660    
 iy=        1984 jm=           5 cr= -5.3842153E-02
 iy=        1985 jm=           1 cr=  0.2253411    
 iy=        1985 jm=           2 cr=  3.6452271E-02
 iy=        1985 jm=           3 cr= -1.6239133E-02
 iy=        1985 jm=           4 cr=  5.0639346E-02
 iy=        1985 jm=           5 cr=  0.2383154    
 iy=        1986 jm=           1 cr=  0.2421382    
 iy=        1986 jm=           2 cr= -0.1251536    
 iy=        1986 jm=           3 cr= -0.3816606    
 iy=        1986 jm=           4 cr= -0.3570840    
 iy=        1986 jm=           5 cr= -0.1504670    
 iy=        1987 jm=           1 cr= -0.2627421    
 iy=        1987 jm=           2 cr= -0.3696202    
 iy=        1987 jm=           3 cr= -0.1045493    
 iy=        1987 jm=           4 cr= -0.1730256    
 iy=        1987 jm=           5 cr= -0.2525105    
 iy=        1988 jm=           1 cr=  6.7052476E-02
 iy=        1988 jm=           2 cr= -5.5098440E-02
 iy=        1988 jm=           3 cr= -0.1050627    
 iy=        1988 jm=           4 cr=  0.3070224    
 iy=        1988 jm=           5 cr=  0.5019166    
 iy=        1989 jm=           1 cr=  9.8828942E-02
 iy=        1989 jm=           2 cr=  0.1252925    
 iy=        1989 jm=           3 cr=  0.1070572    
 iy=        1989 jm=           4 cr=  0.1507661    
 iy=        1989 jm=           5 cr= -7.4512437E-02
 iy=        1990 jm=           1 cr=  0.2570957    
 iy=        1990 jm=           2 cr=  0.1188860    
 iy=        1990 jm=           3 cr=  0.2975515    
 iy=        1990 jm=           4 cr=  4.8775829E-02
 iy=        1990 jm=           5 cr= -6.9291279E-02
 iy=        1991 jm=           1 cr=  2.7539959E-02
 iy=        1991 jm=           2 cr= -0.1080523    
 iy=        1991 jm=           3 cr= -0.2807285    
 iy=        1991 jm=           4 cr=  2.2731094E-02
 iy=        1991 jm=           5 cr= -0.2006698    
 iy=        1992 jm=           1 cr=  1.3050598E-02
 iy=        1992 jm=           2 cr=  2.4784766E-02
 iy=        1992 jm=           3 cr=  1.4999882E-02
 iy=        1992 jm=           4 cr= -0.1389288    
 iy=        1992 jm=           5 cr= -0.1412759    
 iy=        1993 jm=           1 cr= -1.2104423E-02
 iy=        1993 jm=           2 cr= -0.2185840    
 iy=        1993 jm=           3 cr=  0.3082077    
 iy=        1993 jm=           4 cr=  0.5709333    
 iy=        1993 jm=           5 cr= -3.3095926E-02
 iy=        1994 jm=           1 cr=  1.7119180E-02
 iy=        1994 jm=           2 cr= -0.4899096    
 iy=        1994 jm=           3 cr= -0.1582383    
 iy=        1994 jm=           4 cr=  0.1029278    
 iy=        1994 jm=           5 cr=  2.2479950E-02
 iy=        1995 jm=           1 cr=  0.5388278    
 iy=        1995 jm=           2 cr= -0.2092039    
 iy=        1995 jm=           3 cr=  0.2545222    
 iy=        1995 jm=           4 cr= -2.7292674E-02
 iy=        1995 jm=           5 cr=  0.1225320    
 iy=        1996 jm=           1 cr=  0.1968888    
 iy=        1996 jm=           2 cr=  0.3776993    
 iy=        1996 jm=           3 cr=  5.2972279E-02
 iy=        1996 jm=           4 cr=  5.8527712E-02
 iy=        1996 jm=           5 cr=  3.8377363E-02
 iy=        1997 jm=           1 cr=  2.7164264E-02
 iy=        1997 jm=           2 cr= -0.1981848    
 iy=        1997 jm=           3 cr= -4.4179279E-02
 iy=        1997 jm=           4 cr= -0.2727753    
 iy=        1997 jm=           5 cr= -0.1979546    
 iy=        1998 jm=           1 cr=  0.1148737    
 iy=        1998 jm=           2 cr=  7.0091009E-02
 iy=        1998 jm=           3 cr=  6.1708368E-02
 iy=        1998 jm=           4 cr= -0.3441686    
 iy=        1998 jm=           5 cr=  1.9997966E-02
 iy=        1999 jm=           1 cr=  1.2464710E-02
 iy=        1999 jm=           2 cr= -9.3624882E-02
 iy=        1999 jm=           3 cr=  0.2143056    
 iy=        1999 jm=           4 cr=  1.9418027E-02
 iy=        1999 jm=           5 cr= -0.1727068    
 iy=        2000 jm=           1 cr= -0.3615533    
 iy=        2000 jm=           2 cr= -7.4115112E-02
 iy=        2000 jm=           3 cr= -0.2085266    
 iy=        2000 jm=           4 cr= -0.2248715    
 iy=        2000 jm=           5 cr= -7.3552631E-02
 iy=        2001 jm=           1 cr= -0.1236080    
 iy=        2001 jm=           2 cr= -0.3884722    
 iy=        2001 jm=           3 cr=  0.1516770    
 iy=        2001 jm=           4 cr= -0.2009774    
 iy=        2001 jm=           5 cr=  0.4179623    
 iy=        2002 jm=           1 cr= -9.6662752E-03
 iy=        2002 jm=           2 cr= -0.1889622    
 iy=        2002 jm=           3 cr=  3.5955455E-02
 iy=        2002 jm=           4 cr= -9.0302033E-03
 iy=        2002 jm=           5 cr=  0.2068849    
 iy=        2003 jm=           1 cr=  0.1279822    
 iy=        2003 jm=           2 cr= -0.4122315    
 iy=        2003 jm=           3 cr=  8.8818893E-03
 iy=        2003 jm=           4 cr= -0.2582019    
 iy=        2003 jm=           5 cr=  0.2702824    
 iy=        2004 jm=           1 cr= -0.3359386    
 iy=        2004 jm=           2 cr= -0.2154954    
 iy=        2004 jm=           3 cr=  0.1067998    
 iy=        2004 jm=           4 cr= -0.1357975    
 iy=        2004 jm=           5 cr= -5.0178684E-02
 iy=        2005 jm=           1 cr=  0.1212935    
 iy=        2005 jm=           2 cr= -0.1276428    
 iy=        2005 jm=           3 cr= -9.4572000E-02
 iy=        2005 jm=           4 cr= -7.5418316E-02
 iy=        2005 jm=           5 cr=  0.1691068    
 iy=        2006 jm=           1 cr=  0.3826591    
 iy=        2006 jm=           2 cr= -0.3270998    
 iy=        2006 jm=           3 cr= -0.4601898    
 iy=        2006 jm=           4 cr=  2.4537183E-02
 iy=        2006 jm=           5 cr=  0.1757561    
 iy=        2007 jm=           1 cr= -0.1789537    
 iy=        2007 jm=           2 cr=  0.2626042    
 iy=        2007 jm=           3 cr= -0.2255178    
 iy=        2007 jm=           4 cr=  9.8662890E-02
 iy=        2007 jm=           5 cr=  0.2829883    
 iy=        2008 jm=           1 cr= -0.2030049    
 iy=        2008 jm=           2 cr=  0.4273384    
 iy=        2008 jm=           3 cr=  0.2153936    
 iy=        2008 jm=           4 cr=  3.2926917E-02
 iy=        2008 jm=           5 cr=  0.3247990    
 iy=        2009 jm=           1 cr= -0.1479268    
 iy=        2009 jm=           2 cr= -4.1310385E-02
 iy=        2009 jm=           3 cr= -0.1640429    
 iy=        2009 jm=           4 cr= -9.9778071E-02
 iy=        2009 jm=           5 cr= -0.2701818    
 iy=        2010 jm=           1 cr=  0.1283217    
 iy=        2010 jm=           2 cr=  0.3785176    
 iy=        2010 jm=           3 cr= -4.5278247E-02
 iy=        2010 jm=           4 cr=  0.2588932    
 iy=        2010 jm=           5 cr=  9.4985887E-02
 iy=        2011 jm=           1 cr= -6.6524722E-02
 iy=        2011 jm=           2 cr= -0.1725352    
 iy=        2011 jm=           3 cr=  2.1047961E-02
 iy=        2011 jm=           4 cr= -0.2523814    
 iy=        2011 jm=           5 cr=  6.3391030E-02
 iy=        2012 jm=           1 cr=  0.2152814    
 iy=        2012 jm=           2 cr=  0.1818622    
 iy=        2012 jm=           3 cr= -0.1219268    
 iy=        2012 jm=           4 cr= -0.2632734    
 iy=        2012 jm=           5 cr=  2.1172453E-02
 year=        1993 mon=           4
 im=           4 size of positive=           1 size of negative=           0
 iy=        1979 jm=           1 cr= -5.8337010E-02
 iy=        1979 jm=           2 cr=  0.1211563    
 iy=        1979 jm=           3 cr= -0.2285210    
 iy=        1979 jm=           4 cr=  0.5792376    
 iy=        1979 jm=           5 cr=  0.1432930    
 iy=        1980 jm=           1 cr=  0.5234726    
 iy=        1980 jm=           2 cr=  0.2294794    
 iy=        1980 jm=           3 cr=  0.1567647    
 iy=        1980 jm=           4 cr=  9.5736653E-02
 iy=        1980 jm=           5 cr=  0.1409822    
 iy=        1981 jm=           1 cr=  8.7322384E-02
 iy=        1981 jm=           2 cr=  0.1467896    
 iy=        1981 jm=           3 cr=  0.1450861    
 iy=        1981 jm=           4 cr=  0.2718836    
 iy=        1981 jm=           5 cr=  3.2340765E-02
 iy=        1982 jm=           1 cr=  0.1835538    
 iy=        1982 jm=           2 cr=  4.1607033E-02
 iy=        1982 jm=           3 cr=  5.0748423E-02
 iy=        1982 jm=           4 cr=  6.7422993E-02
 iy=        1982 jm=           5 cr=  0.2066877    
 iy=        1983 jm=           1 cr=  7.9414099E-02
 iy=        1983 jm=           2 cr=  0.5440191    
 iy=        1983 jm=           3 cr=  0.1423514    
 iy=        1983 jm=           4 cr= -1.6562611E-02
 iy=        1983 jm=           5 cr=  0.3041308    
 iy=        1984 jm=           1 cr=  0.2031224    
 iy=        1984 jm=           2 cr= -0.2161156    
 iy=        1984 jm=           3 cr=  0.2304156    
 iy=        1984 jm=           4 cr= -0.3520840    
 iy=        1984 jm=           5 cr= -0.2690456    
 iy=        1985 jm=           1 cr=  4.1636370E-02
 iy=        1985 jm=           2 cr=  0.4936481    
 iy=        1985 jm=           3 cr=  0.2997806    
 iy=        1985 jm=           4 cr=  0.4513940    
 iy=        1985 jm=           5 cr=  0.3907743    
 iy=        1986 jm=           1 cr=  0.2431726    
 iy=        1986 jm=           2 cr=  0.5743769    
 iy=        1986 jm=           3 cr=  0.3752102    
 iy=        1986 jm=           4 cr=  0.1499326    
 iy=        1986 jm=           5 cr= -0.1651609    
 iy=        1987 jm=           1 cr= -0.2247070    
 iy=        1987 jm=           2 cr= -2.4814010E-02
 iy=        1987 jm=           3 cr=  0.3919849    
 iy=        1987 jm=           4 cr= -4.7270771E-02
 iy=        1987 jm=           5 cr= -0.4048403    
 iy=        1988 jm=           1 cr= -7.7883646E-02
 iy=        1988 jm=           2 cr=  0.3189436    
 iy=        1988 jm=           3 cr= -0.1484713    
 iy=        1988 jm=           4 cr=  0.1325001    
 iy=        1988 jm=           5 cr=  4.3189652E-02
 iy=        1989 jm=           1 cr= -8.9372717E-02
 iy=        1989 jm=           2 cr=  0.3951118    
 iy=        1989 jm=           3 cr=  4.6647422E-02
 iy=        1989 jm=           4 cr= -0.1325271    
 iy=        1989 jm=           5 cr=  2.0020975E-02
 iy=        1990 jm=           1 cr= -4.3582957E-02
 iy=        1990 jm=           2 cr=  0.2250564    
 iy=        1990 jm=           3 cr=  0.1899948    
 iy=        1990 jm=           4 cr=  0.5160401    
 iy=        1990 jm=           5 cr=  0.1245322    
 iy=        1991 jm=           1 cr=  0.3873592    
 iy=        1991 jm=           2 cr= -0.1223764    
 iy=        1991 jm=           3 cr=  0.1017708    
 iy=        1991 jm=           4 cr=  0.1195611    
 iy=        1991 jm=           5 cr=  4.0007159E-02
 iy=        1992 jm=           1 cr=  0.4904394    
 iy=        1992 jm=           2 cr= -1.8635156E-02
 iy=        1992 jm=           3 cr=  9.6681297E-02
 iy=        1992 jm=           4 cr=  0.2571845    
 iy=        1992 jm=           5 cr=  0.5756727    
 iy=        1993 jm=           1 cr=  0.2540333    
 iy=        1993 jm=           2 cr=  0.1816299    
 iy=        1993 jm=           3 cr=  0.3164109    
 iy=        1993 jm=           4 cr=  6.3921392E-02
 iy=        1993 jm=           5 cr=  0.2591203    
 iy=        1994 jm=           1 cr=  0.1421465    
 iy=        1994 jm=           2 cr= -2.3075435E-02
 iy=        1994 jm=           3 cr=  6.4657830E-02
 iy=        1994 jm=           4 cr=  0.3788179    
 iy=        1994 jm=           5 cr=  0.1075867    
 iy=        1995 jm=           1 cr=  2.4016766E-02
 iy=        1995 jm=           2 cr=  0.2621214    
 iy=        1995 jm=           3 cr=  0.3533649    
 iy=        1995 jm=           4 cr=  0.2795325    
 iy=        1995 jm=           5 cr=  0.2605805    
 iy=        1996 jm=           1 cr=  5.9994333E-03
 iy=        1996 jm=           2 cr=  6.6130579E-02
 iy=        1996 jm=           3 cr=  0.3803622    
 iy=        1996 jm=           4 cr=  0.2289270    
 iy=        1996 jm=           5 cr=  0.2285934    
 iy=        1997 jm=           1 cr=  0.3147690    
 iy=        1997 jm=           2 cr=  0.1709422    
 iy=        1997 jm=           3 cr=  0.1994373    
 iy=        1997 jm=           4 cr=  8.3040059E-02
 iy=        1997 jm=           5 cr=  0.2442400    
 iy=        1998 jm=           1 cr= -8.9751026E-03
 iy=        1998 jm=           2 cr=  0.1534443    
 iy=        1998 jm=           3 cr= -0.1099135    
 iy=        1998 jm=           4 cr=  2.8235374E-02
 iy=        1998 jm=           5 cr= -0.3664785    
 iy=        1999 jm=           1 cr= -4.2796183E-02
 iy=        1999 jm=           2 cr= -0.1044595    
 iy=        1999 jm=           3 cr= -3.5376765E-02
 iy=        1999 jm=           4 cr=  0.1606182    
 iy=        1999 jm=           5 cr=  6.9313414E-02
 iy=        2000 jm=           1 cr= -0.2385690    
 iy=        2000 jm=           2 cr=  0.1714371    
 iy=        2000 jm=           3 cr=  5.2583281E-02
 iy=        2000 jm=           4 cr= -0.3413308    
 iy=        2000 jm=           5 cr= -0.2732868    
 iy=        2001 jm=           1 cr=  0.1032510    
 iy=        2001 jm=           2 cr= -0.2070571    
 iy=        2001 jm=           3 cr=  0.2859715    
 iy=        2001 jm=           4 cr=  0.2564753    
 iy=        2001 jm=           5 cr=  0.2589051    
 iy=        2002 jm=           1 cr=  0.4184976    
 iy=        2002 jm=           2 cr=  9.0709977E-02
 iy=        2002 jm=           3 cr=  0.5111274    
 iy=        2002 jm=           4 cr=  9.9499486E-02
 iy=        2002 jm=           5 cr=  0.3801364    
 iy=        2003 jm=           1 cr= -0.1156676    
 iy=        2003 jm=           2 cr= -6.0802832E-02
 iy=        2003 jm=           3 cr= -0.1090178    
 iy=        2003 jm=           4 cr=  0.2246659    
 iy=        2003 jm=           5 cr=  9.0904355E-02
 iy=        2004 jm=           1 cr= -3.0415813E-02
 iy=        2004 jm=           2 cr=  0.1476043    
 iy=        2004 jm=           3 cr=  2.1306589E-02
 iy=        2004 jm=           4 cr= -0.2207034    
 iy=        2004 jm=           5 cr=  0.2766578    
 iy=        2005 jm=           1 cr= -0.1897714    
 iy=        2005 jm=           2 cr=  0.1942955    
 iy=        2005 jm=           3 cr= -0.3466019    
 iy=        2005 jm=           4 cr= -2.0030802E-02
 iy=        2005 jm=           5 cr= -0.3531625    
 iy=        2006 jm=           1 cr=  0.1475510    
 iy=        2006 jm=           2 cr=  0.3266945    
 iy=        2006 jm=           3 cr= -0.1881996    
 iy=        2006 jm=           4 cr=  0.2255911    
 iy=        2006 jm=           5 cr=  0.1341596    
 iy=        2007 jm=           1 cr=  0.2556559    
 iy=        2007 jm=           2 cr=  0.1522442    
 iy=        2007 jm=           3 cr= -0.4143188    
 iy=        2007 jm=           4 cr=  0.1488488    
 iy=        2007 jm=           5 cr=  0.1559589    
 iy=        2008 jm=           1 cr= -0.1273337    
 iy=        2008 jm=           2 cr= -0.1025197    
 iy=        2008 jm=           3 cr=  0.2448334    
 iy=        2008 jm=           4 cr= -0.4260182    
 iy=        2008 jm=           5 cr= -0.5032629    
 iy=        2009 jm=           1 cr= -0.1602203    
 iy=        2009 jm=           2 cr=  0.1499329    
 iy=        2009 jm=           3 cr=  0.1909597    
 iy=        2009 jm=           4 cr= -0.1988289    
 iy=        2009 jm=           5 cr= -2.9315338E-02
 iy=        2010 jm=           1 cr= -0.1234271    
 iy=        2010 jm=           2 cr= -0.2487302    
 iy=        2010 jm=           3 cr=  2.1400558E-02
 iy=        2010 jm=           4 cr=  2.6332378E-02
 iy=        2010 jm=           5 cr=  0.1472954    
 iy=        2011 jm=           1 cr= -0.1538254    
 iy=        2011 jm=           2 cr= -0.1694402    
 iy=        2011 jm=           3 cr= -0.4583602    
 iy=        2011 jm=           4 cr= -3.7910831E-03
 iy=        2011 jm=           5 cr= -0.4722076    
 iy=        2012 jm=           1 cr= -0.3104333    
 iy=        2012 jm=           2 cr= -0.2176338    
 iy=        2012 jm=           3 cr= -0.2633515    
 iy=        2012 jm=           4 cr= -0.2942783    
 iy=        2012 jm=           5 cr= -4.2574961E-02
 year=        1979 mon=           4
 year=        1986 mon=           2
 year=        1992 mon=           5
 im=           5 size of positive=           3 size of negative=           0
