 iy=        1949 cr= -0.2134215    
 iy=        1950 cr= -0.5595502    
 iy=        1951 cr= -0.3742096    
 iy=        1952 cr= -0.6022162    
 iy=        1953 cr=  4.1953336E-02
 iy=        1954 cr= -0.6526772    
 iy=        1955 cr= -0.5491660    
 iy=        1956 cr=  3.1037964E-02
 iy=        1957 cr= -0.5318734    
 iy=        1958 cr=  0.1605309    
 iy=        1959 cr= -0.5447717    
 iy=        1960 cr= -0.2661189    
 iy=        1961 cr=  0.2273422    
 iy=        1962 cr=  0.3477296    
 iy=        1963 cr=  0.1742479    
 iy=        1964 cr=  0.1893370    
 iy=        1965 cr= -0.6453393    
 iy=        1966 cr=  0.3228147    
 iy=        1967 cr= -0.5740170    
 iy=        1968 cr= -0.5257721    
 iy=        1969 cr= -0.3147879    
 iy=        1970 cr= -0.1152490    
 iy=        1971 cr=  0.3981723    
 iy=        1972 cr= -8.7111756E-02
 iy=        1973 cr=  0.2929564    
 iy=        1974 cr=  6.2114850E-04
 iy=        1975 cr=  0.3501775    
 iy=        1976 cr= -0.1375833    
 iy=        1977 cr= -4.1452181E-02
 iy=        1978 cr= -0.2720140    
 iy=        1979 cr= -0.1257656    
 iy=        1980 cr= -0.2068580    
 iy=        1981 cr=  0.5849395    
 iy=        1982 cr= -0.1655989    
 iy=        1983 cr=  0.3980307    
 iy=        1984 cr=  0.1420994    
 iy=        1985 cr=  0.4191170    
 iy=        1986 cr= -0.4511276    
 iy=        1987 cr= -7.5999022E-02
 iy=        1988 cr=  0.4944775    
 iy=        1989 cr=  0.4808364    
 iy=        1990 cr=  0.5645771    
 iy=        1991 cr= -0.2071728    
 iy=        1992 cr=  0.2660522    
 iy=        1993 cr=  0.6169094    
 iy=        1994 cr= -0.4157789    
 iy=        1995 cr=  0.4335442    
 iy=        1996 cr=  0.5326707    
 iy=        1997 cr= -0.1783550    
 iy=        1998 cr= -0.1379467    
 iy=        1999 cr=  0.1307566    
 iy=        2000 cr= -2.9805776E-02
 iy=        2001 cr=  0.2554026    
 iy=        2002 cr=  0.2626422    
 iy=        2003 cr= -0.4813441    
 iy=        2004 cr=  3.4759086E-02
 iy=        2005 cr= -0.5295830    
 iy=        2006 cr=  9.1312438E-02
 iy=        2007 cr=  0.3481757    
 iy=        2008 cr=  0.3136561    
 iy=        2009 cr= -0.4447578    
 iy=        2010 cr=  0.1248306    
 iy=        2011 cr= -0.1838948    
 iy=        2012 cr= -0.2559126    
 size of positive=           3 size of negative=           5
