 iy=        1949 cr= -0.2183649    
 iy=        1950 cr= -0.2169831    
 iy=        1951 cr=  8.7639183E-02
 iy=        1952 cr=  0.4882535    
 iy=        1953 cr= -0.3174908    
 iy=        1954 cr= -0.2457018    
 iy=        1955 cr= -0.3763938    
 iy=        1956 cr= -0.2960467    
 iy=        1957 cr=  0.1404310    
 iy=        1958 cr=  0.2508673    
 iy=        1959 cr=  8.5315339E-02
 iy=        1960 cr=  0.7073500    
 iy=        1961 cr= -0.6794974    
 iy=        1962 cr= -0.4600928    
 iy=        1963 cr= -5.5392902E-02
 iy=        1964 cr= -0.3414172    
 iy=        1965 cr= -0.3584294    
 iy=        1966 cr= -8.6124808E-02
 iy=        1967 cr= -0.1614813    
 iy=        1968 cr= -0.4559465    
 iy=        1969 cr=  0.1686759    
 iy=        1970 cr= -0.3865299    
 iy=        1971 cr= -0.4417907    
 iy=        1972 cr=  0.1715375    
 iy=        1973 cr= -0.2196395    
 iy=        1974 cr= -0.2232467    
 iy=        1975 cr= -0.2463919    
 iy=        1976 cr= -1.3549238E-02
 iy=        1977 cr=  0.1061250    
 iy=        1978 cr= -0.5917326    
 iy=        1979 cr=  0.2529017    
 iy=        1980 cr=  0.4394217    
 iy=        1981 cr= -0.2928787    
 iy=        1982 cr=  0.4146014    
 iy=        1983 cr= -8.0059752E-02
 iy=        1984 cr= -0.4106552    
 iy=        1985 cr=  0.4235682    
 iy=        1986 cr=  0.4352261    
 iy=        1987 cr=  0.3524863    
 iy=        1988 cr= -0.1727975    
 iy=        1989 cr=  0.2590168    
 iy=        1990 cr= -1.4124211E-03
 iy=        1991 cr=  0.3346670    
 iy=        1992 cr=  5.4130062E-02
 iy=        1993 cr= -0.2529872    
 iy=        1994 cr=  0.3892952    
 iy=        1995 cr= -0.1886655    
 iy=        1996 cr=  0.2399443    
 iy=        1997 cr=  0.2009841    
 iy=        1998 cr= -6.9558533E-04
 iy=        1999 cr=  7.6590627E-02
 iy=        2000 cr=  0.1608814    
 iy=        2001 cr=  0.3506508    
 iy=        2002 cr=  0.1466218    
 iy=        2003 cr=  0.4603865    
 iy=        2004 cr=  0.2052217    
 iy=        2005 cr=  0.2008171    
 iy=        2006 cr=  0.3693291    
 iy=        2007 cr= -0.1012495    
 iy=        2008 cr= -0.3697714    
 iy=        2009 cr=  0.2771907    
 iy=        2010 cr= -0.3388388    
 iy=        2011 cr=  0.1283033    
 iy=        2012 cr=  8.7099103E-03
 size of positive=           1 size of negative=           1
