irun=  1  yr=   1959  maxp=  1   start mon=  1   cr=    0.521   -0.077   -0.225   -0.153
irun=  1  yr=   1961  maxp=  1   start mon=  1   cr=    0.490    0.127   -0.074   -0.382
irun=  1  yr=   1962  maxp=  1   start mon=  1   cr=   -0.367    0.576    0.186   -0.074
irun=  1  yr=   1963  maxp=  1   start mon=  1   cr=    0.165    0.043    0.009   -0.011
irun=  1  yr=   1964  maxp=  1   start mon=  1   cr=   -0.170   -0.211   -0.185    0.116
irun=  1  yr=   1965  maxp=  2   start mon=  2   cr=    0.611    0.619    0.468   -9.990
irun=  1  yr=   1966  maxp=  1   start mon=  1   cr=   -0.749    0.014    0.351   -0.581
irun=  1  yr=   1968  maxp=  2   start mon=  3   cr=    0.771    0.626   -9.990   -9.990
irun=  1  yr=   1969  maxp=  1   start mon=  1   cr=    0.440    0.536   -0.322    0.197
irun=  1  yr=   1971  maxp=  1   start mon=  1   cr=    0.117   -0.485   -0.238    0.428
irun=  1  yr=   1972  maxp=  1   start mon=  1   cr=    0.376   -0.340   -0.493    0.198
irun=  1  yr=   1973  maxp=  2   start mon=  1   cr=    0.543    0.609    0.186   -0.279
irun=  1  yr=   1974  maxp=  1   start mon=  1   cr=    0.134    0.247    0.240   -0.391
irun=  1  yr=   1975  maxp=  2   start mon=  1   cr=    0.662    0.543   -0.604   -0.003
irun=  1  yr=   1976  maxp=  1   start mon=  1   cr=    0.518    0.404    0.551    0.150
irun=  1  yr=   1978  maxp=  1   start mon=  1   cr=    0.466    0.386   -0.113    0.451
irun=  1  yr=   1980  maxp=  1   start mon=  1   cr=   -0.055   -0.171   -0.416    0.275
irun=  1  yr=   1981  maxp=  1   start mon=  1   cr=    0.450    0.530    0.382    0.005
irun=  1  yr=   1982  maxp=  1   start mon=  1   cr=    0.303   -0.103    0.089   -0.369
irun=  1  yr=   1984  maxp=  1   start mon=  1   cr=   -0.229   -0.374    0.262   -0.347
irun=  1  yr=   1986  maxp=  2   start mon=  3   cr=    0.694    0.501   -9.990   -9.990
irun=  1  yr=   1987  maxp=  2   start mon=  3   cr=    0.663    0.565   -9.990   -9.990
irun=  1  yr=   1988  maxp=  2   start mon=  3   cr=    0.541    0.561   -9.990   -9.990
irun=  1  yr=   1989  maxp=  1   start mon=  1   cr=    0.064    0.000   -0.337   -0.255
irun=  1  yr=   1990  maxp=  1   start mon=  1   cr=    0.708    0.037   -0.279    0.355
irun=  1  yr=   1991  maxp=  2   start mon=  3   cr=    0.892    0.817   -9.990   -9.990
irun=  1  yr=   1992  maxp=  2   start mon=  2   cr=    0.812    0.779    0.319   -9.990
irun=  1  yr=   1993  maxp=  1   start mon=  1   cr=    0.285   -0.202   -0.054   -0.011
irun=  1  yr=   1994  maxp=  1   start mon=  1   cr=   -0.222   -0.020   -0.331    0.288
irun=  1  yr=   1995  maxp=  1   start mon=  1   cr=   -0.246   -0.132    0.315   -0.404
irun=  1  yr=   1996  maxp=  1   start mon=  1   cr=    0.520   -0.016   -0.103    0.057
irun=  1  yr=   1997  maxp=  1   start mon=  1   cr=   -0.550   -0.174   -0.179   -0.568
irun=  1  yr=   1999  maxp=  1   start mon=  1   cr=   -0.444   -0.518   -0.202   -0.049
irun=  1  yr=   2000  maxp=  1   start mon=  1   cr=    0.073    0.260    0.252    0.039
irun=  1  yr=   2001  maxp=  1   start mon=  1   cr=    0.599    0.090    0.080    0.336
irun=  1  yr=   2002  maxp=  2   start mon=  3   cr=    0.765    0.584   -9.990   -9.990
irun=  1  yr=   2003  maxp=  2   start mon=  3   cr=    0.596    0.580   -9.990   -9.990
irun=  1  yr=   2005  maxp=  1   start mon=  1   cr=    0.433   -0.123   -0.456    0.102
irun=  1  yr=   2006  maxp=  2   start mon=  3   cr=    0.560    0.516   -9.990   -9.990
irun=  1  yr=   2007  maxp=  1   start mon=  1   cr=    0.566    0.029   -0.367    0.112
irun=  1  yr=   2011  maxp=  2   start mon=  2   cr=    0.521    0.717   -0.211   -9.990
irun=  1  yr=   2013  maxp=  1   start mon=  1   cr=    0.283    0.583    0.647    0.566
irun=  2  yr=   1957  maxp=  1   start mon=  1   cr=    0.383   -0.001   -0.318   -0.324
irun=  2  yr=   1958  maxp=  1   start mon=  1   cr=    0.001    0.006   -0.384   -0.163
irun=  2  yr=   1959  maxp=  1   start mon=  1   cr=   -0.013    0.277    0.352   -0.139
irun=  2  yr=   1960  maxp=  1   start mon=  1   cr=   -0.612   -0.453   -0.113    0.799
irun=  2  yr=   1961  maxp=  1   start mon=  1   cr=    0.542    0.128   -0.163   -0.479
irun=  2  yr=   1963  maxp=  1   start mon=  1   cr=    0.181   -0.320    0.368    0.223
irun=  2  yr=   1964  maxp=  1   start mon=  1   cr=    0.405    0.693   -0.365    0.457
irun=  2  yr=   1965  maxp=  1   start mon=  1   cr=    0.379    0.173    0.270    0.621
irun=  2  yr=   1967  maxp=  1   start mon=  1   cr=    0.266    0.079    0.089   -0.151
irun=  2  yr=   1968  maxp=  2   start mon=  3   cr=    0.730    0.550   -9.990   -9.990
irun=  2  yr=   1970  maxp=  1   start mon=  1   cr=   -0.360   -0.430   -0.346    0.028
irun=  2  yr=   1971  maxp=  2   start mon=  3   cr=    0.597    0.580   -9.990   -9.990
irun=  2  yr=   1972  maxp=  1   start mon=  1   cr=   -0.272   -0.081    0.182   -0.433
irun=  2  yr=   1973  maxp=  1   start mon=  1   cr=   -0.019   -0.267   -0.222    0.099
irun=  2  yr=   1974  maxp=  1   start mon=  1   cr=   -0.793   -0.307    0.469    0.760
irun=  2  yr=   1975  maxp=  1   start mon=  1   cr=    0.252    0.330    0.037    0.331
irun=  2  yr=   1976  maxp=  1   start mon=  1   cr=    0.452   -0.307   -0.337   -0.150
irun=  2  yr=   1977  maxp=  1   start mon=  1   cr=    0.768   -0.207   -0.457   -0.294
irun=  2  yr=   1979  maxp=  2   start mon=  3   cr=    0.778    0.513   -9.990   -9.990
irun=  2  yr=   1980  maxp=  1   start mon=  1   cr=    0.102   -0.003   -0.318   -0.573
irun=  2  yr=   1982  maxp=  2   start mon=  2   cr=    0.602    0.522    0.394   -9.990
irun=  2  yr=   1983  maxp=  1   start mon=  1   cr=    0.419   -0.248    0.237    0.020
irun=  2  yr=   1984  maxp=  1   start mon=  1   cr=    0.209   -0.138   -0.108    0.179
irun=  2  yr=   1986  maxp=  1   start mon=  1   cr=    0.497    0.040   -0.532   -0.297
irun=  2  yr=   1987  maxp=  3   start mon=  1   cr=    0.570    0.513    0.654   -0.216
irun=  2  yr=   1988  maxp=  2   start mon=  3   cr=    0.576    0.703   -9.990   -9.990
irun=  2  yr=   1991  maxp=  4   start mon=  1   cr=    0.655    0.737    0.667    0.630
irun=  2  yr=   1992  maxp=  2   start mon=  1   cr=    0.574    0.513    0.053    0.387
irun=  2  yr=   1993  maxp=  1   start mon=  1   cr=   -0.071   -0.117    0.292   -0.320
irun=  2  yr=   1994  maxp=  1   start mon=  1   cr=   -0.277   -0.388    0.617    0.336
irun=  2  yr=   1997  maxp=  1   start mon=  1   cr=    0.164   -0.199   -0.332   -0.405
irun=  2  yr=   2000  maxp=  2   start mon=  3   cr=    0.606    0.523   -9.990   -9.990
irun=  2  yr=   2001  maxp=  2   start mon=  3   cr=    0.712    0.549   -9.990   -9.990
irun=  2  yr=   2002  maxp=  1   start mon=  1   cr=    0.760   -0.113    0.209    0.199
irun=  2  yr=   2006  maxp=  1   start mon=  1   cr=    0.904   -0.080   -0.479    0.100
irun=  2  yr=   2007  maxp=  3   start mon=  1   cr=    0.623    0.677    0.785    0.337
irun=  2  yr=   2008  maxp=  1   start mon=  1   cr=   -0.074    0.092    0.181    0.120
irun=  2  yr=   2009  maxp=  1   start mon=  1   cr=    0.730    0.233    0.063    0.441
irun=  2  yr=   2010  maxp=  1   start mon=  1   cr=    0.540    0.027    0.583   -0.556
irun=  2  yr=   2011  maxp=  1   start mon=  1   cr=   -0.029   -0.106    0.196    0.337
irun=  2  yr=   2012  maxp=  1   start mon=  1   cr=    0.370    0.003    0.703    0.457
irun=  2  yr=   2013  maxp=  1   start mon=  1   cr=    0.271   -0.591   -0.192   -0.406
irun=  3  yr=   1957  maxp=  3   start mon=  1   cr=    0.629    0.520    0.531    0.205
irun=  3  yr=   1958  maxp=  1   start mon=  1   cr=   -0.082   -0.429    0.330   -0.372
irun=  3  yr=   1959  maxp=  2   start mon=  2   cr=    0.894    0.743   -0.415   -9.990
irun=  3  yr=   1960  maxp=  1   start mon=  1   cr=   -0.108   -0.538   -0.261   -0.396
irun=  3  yr=   1963  maxp=  1   start mon=  1   cr=    0.527   -0.558   -0.290    0.353
irun=  3  yr=   1964  maxp=  2   start mon=  2   cr=    0.855    0.576    0.013   -9.990
irun=  3  yr=   1965  maxp=  2   start mon=  1   cr=    0.623    0.536    0.270    0.341
irun=  3  yr=   1966  maxp=  1   start mon=  1   cr=   -0.265    0.024    0.052    0.307
irun=  3  yr=   1968  maxp=  1   start mon=  1   cr=    0.262   -0.271    0.124    0.203
irun=  3  yr=   1969  maxp=  3   start mon=  2   cr=    0.939    0.897    0.807   -9.990
irun=  3  yr=   1970  maxp=  1   start mon=  1   cr=    0.508    0.353    0.441    0.536
irun=  3  yr=   1971  maxp=  2   start mon=  1   cr=    0.810    0.615    0.489   -0.091
irun=  3  yr=   1973  maxp=  1   start mon=  1   cr=    0.293    0.105    0.562    0.617
irun=  3  yr=   1974  maxp=  1   start mon=  1   cr=    0.081   -0.406   -0.120   -0.185
irun=  3  yr=   1975  maxp=  1   start mon=  1   cr=    0.342    0.005    0.218   -0.147
irun=  3  yr=   1976  maxp=  1   start mon=  1   cr=    0.641   -0.236   -0.541   -0.441
irun=  3  yr=   1977  maxp=  1   start mon=  1   cr=    0.668    0.155    0.187    0.229
irun=  3  yr=   1978  maxp=  1   start mon=  1   cr=   -0.426   -0.375   -0.201   -0.237
irun=  3  yr=   1982  maxp=  1   start mon=  1   cr=    0.259    0.021    0.563    0.322
irun=  3  yr=   1984  maxp=  1   start mon=  1   cr=    0.567    0.060   -0.664   -0.237
irun=  3  yr=   1985  maxp=  1   start mon=  1   cr=    0.478    0.434   -0.064   -0.002
irun=  3  yr=   1987  maxp=  1   start mon=  1   cr=    0.592    0.302    0.192    0.030
irun=  3  yr=   1991  maxp=  2   start mon=  3   cr=    0.817    0.661   -9.990   -9.990
irun=  3  yr=   1995  maxp=  1   start mon=  1   cr=    0.548   -0.218   -0.408   -0.452
irun=  3  yr=   1996  maxp=  1   start mon=  1   cr=    0.441    0.216   -0.319   -0.316
irun=  3  yr=   1997  maxp=  1   start mon=  1   cr=   -0.029    0.499    0.376    0.434
irun=  3  yr=   1998  maxp=  1   start mon=  1   cr=    0.245    0.077    0.129    0.289
irun=  3  yr=   2000  maxp=  1   start mon=  1   cr=    0.593    0.278   -0.035    0.000
irun=  3  yr=   2001  maxp=  1   start mon=  1   cr=    0.606    0.335   -0.480   -0.178
irun=  3  yr=   2002  maxp=  1   start mon=  1   cr=   -0.330    0.421   -0.056    0.267
irun=  3  yr=   2006  maxp=  2   start mon=  2   cr=    0.677    0.690    0.107   -9.990
irun=  3  yr=   2008  maxp=  1   start mon=  1   cr=   -0.486   -0.066   -0.073   -0.103
irun=  3  yr=   2009  maxp=  2   start mon=  3   cr=    0.617    0.650   -9.990   -9.990
irun=  3  yr=   2010  maxp=  1   start mon=  1   cr=    0.586    0.354    0.619   -0.022
irun=  3  yr=   2012  maxp=  1   start mon=  1   cr=    0.119    0.040    0.342    0.263
irun=  3  yr=   2013  maxp=  1   start mon=  1   cr=   -0.192    0.319    0.542    0.405
irun=  4  yr=   1957  maxp=  1   start mon=  1   cr=    0.639    0.172    0.450    0.182
irun=  4  yr=   1958  maxp=  1   start mon=  1   cr=   -0.203   -0.318    0.001   -0.278
irun=  4  yr=   1959  maxp=  2   start mon=  3   cr=    0.592    0.518   -9.990   -9.990
irun=  4  yr=   1960  maxp=  1   start mon=  1   cr=    0.068   -0.553   -0.516   -0.070
irun=  4  yr=   1961  maxp=  1   start mon=  1   cr=   -0.024    0.263    0.216   -0.002
irun=  4  yr=   1963  maxp=  2   start mon=  1   cr=    0.585    0.525    0.022   -0.249
irun=  4  yr=   1966  maxp=  1   start mon=  1   cr=    0.654    0.381   -0.383   -0.362
irun=  4  yr=   1967  maxp=  1   start mon=  1   cr=   -0.125   -0.401   -0.315   -0.277
irun=  4  yr=   1969  maxp=  2   start mon=  3   cr=    0.509    0.697   -9.990   -9.990
irun=  4  yr=   1974  maxp=  1   start mon=  1   cr=    0.510   -0.165   -0.218    0.623
irun=  4  yr=   1975  maxp=  1   start mon=  1   cr=   -0.024   -0.246   -0.222    0.037
irun=  4  yr=   1976  maxp=  1   start mon=  1   cr=   -0.364    0.053   -0.074   -0.156
irun=  4  yr=   1979  maxp=  2   start mon=  1   cr=    0.853    0.794    0.322   -0.428
irun=  4  yr=   1980  maxp=  2   start mon=  1   cr=    0.516    0.588   -0.265   -0.333
irun=  4  yr=   1981  maxp=  1   start mon=  1   cr=   -0.218   -0.002    0.424    0.183
irun=  4  yr=   1982  maxp=  2   start mon=  3   cr=    0.515    0.726   -9.990   -9.990
irun=  4  yr=   1983  maxp=  1   start mon=  1   cr=   -0.109   -0.555   -0.541   -0.603
irun=  4  yr=   1984  maxp=  1   start mon=  1   cr=    0.268    0.049    0.202    0.161
irun=  4  yr=   1987  maxp=  1   start mon=  1   cr=    0.507   -0.310   -0.239   -0.075
irun=  4  yr=   1988  maxp=  2   start mon=  3   cr=    0.680    0.777   -9.990   -9.990
irun=  4  yr=   1989  maxp=  1   start mon=  1   cr=    0.560   -0.255    0.607   -0.242
irun=  4  yr=   1990  maxp=  1   start mon=  1   cr=    0.140   -0.329   -0.607   -0.129
irun=  4  yr=   1991  maxp=  1   start mon=  1   cr=    0.151   -0.026   -0.064   -0.317
irun=  4  yr=   1993  maxp=  2   start mon=  1   cr=    0.523    0.561    0.392    0.064
irun=  4  yr=   1994  maxp=  1   start mon=  1   cr=    0.028    0.593   -0.066    0.344
irun=  4  yr=   1997  maxp=  1   start mon=  1   cr=   -0.559    0.163    0.305    0.242
irun=  4  yr=   1998  maxp=  3   start mon=  2   cr=    0.797    0.891    0.527   -9.990
irun=  4  yr=   2001  maxp=  1   start mon=  1   cr=    0.510   -0.157    0.311    0.369
irun=  4  yr=   2002  maxp=  2   start mon=  1   cr=    0.545    0.671    0.210   -0.098
irun=  4  yr=   2003  maxp=  2   start mon=  3   cr=    0.702    0.696   -9.990   -9.990
irun=  4  yr=   2007  maxp=  3   start mon=  1   cr=    0.771    0.630    0.518   -0.244
irun=  4  yr=   2008  maxp=  1   start mon=  1   cr=    0.406    0.437   -0.156   -0.068
irun=  4  yr=   2009  maxp=  3   start mon=  2   cr=    0.593    0.546    0.564   -9.990
irun=  4  yr=   2010  maxp=  1   start mon=  1   cr=    0.609    0.419   -0.008    0.506
irun=  4  yr=   2011  maxp=  2   start mon=  3   cr=    0.770    0.621   -9.990   -9.990
irun=  4  yr=   2012  maxp=  1   start mon=  1   cr=   -0.167    0.331    0.356    0.658
irun=  4  yr=   2013  maxp=  1   start mon=  1   cr=    0.320    0.337    0.177   -0.710
irun=  5  yr=   1957  maxp=  1   start mon=  1   cr=    0.639    0.172    0.450    0.182
irun=  5  yr=   1958  maxp=  1   start mon=  1   cr=   -0.203   -0.318    0.001   -0.278
irun=  5  yr=   1959  maxp=  2   start mon=  3   cr=    0.592    0.518   -9.990   -9.990
irun=  5  yr=   1960  maxp=  1   start mon=  1   cr=    0.068   -0.553   -0.516   -0.070
irun=  5  yr=   1961  maxp=  1   start mon=  1   cr=   -0.024    0.263    0.216   -0.002
irun=  5  yr=   1963  maxp=  1   start mon=  1   cr=    0.646   -0.370    0.561   -0.610
irun=  5  yr=   1966  maxp=  1   start mon=  1   cr=   -0.105   -0.021    0.249   -0.195
irun=  5  yr=   1968  maxp=  2   start mon=  2   cr=    0.513    0.663    0.417   -9.990
irun=  5  yr=   1971  maxp=  2   start mon=  2   cr=    0.653    0.582   -0.212   -9.990
irun=  5  yr=   1972  maxp=  2   start mon=  3   cr=    0.720    0.586   -9.990   -9.990
irun=  5  yr=   1974  maxp=  1   start mon=  1   cr=    0.231    0.308    0.056   -0.083
irun=  5  yr=   1976  maxp=  1   start mon=  1   cr=    0.579    0.470    0.641   -0.251
irun=  5  yr=   1979  maxp=  1   start mon=  1   cr=   -0.059   -0.476   -0.337   -0.163
irun=  5  yr=   1981  maxp=  1   start mon=  1   cr=    0.102    0.122    0.364    0.480
irun=  5  yr=   1982  maxp=  1   start mon=  1   cr=    0.677   -0.105    0.406    0.295
irun=  5  yr=   1984  maxp=  1   start mon=  1   cr=    0.296    0.297   -0.083   -0.074
irun=  5  yr=   1985  maxp=  1   start mon=  1   cr=   -0.723   -0.669   -0.252   -0.014
irun=  5  yr=   1986  maxp=  1   start mon=  1   cr=   -0.212   -0.438    0.101   -0.384
irun=  5  yr=   1987  maxp=  1   start mon=  1   cr=    0.458    0.808    0.401    0.008
irun=  5  yr=   1989  maxp=  1   start mon=  1   cr=   -0.357   -0.771   -0.660    0.439
irun=  5  yr=   1990  maxp=  1   start mon=  1   cr=    0.619   -0.425   -0.055   -0.080
irun=  5  yr=   1991  maxp=  1   start mon=  1   cr=    0.602   -0.271    0.045    0.320
irun=  5  yr=   1993  maxp=  1   start mon=  1   cr=    0.651   -0.066    0.707   -0.710
irun=  5  yr=   1994  maxp=  1   start mon=  1   cr=   -0.263   -0.296   -0.413   -0.419
irun=  5  yr=   1995  maxp=  1   start mon=  1   cr=    0.440    0.086    0.355    0.388
irun=  5  yr=   1996  maxp=  1   start mon=  1   cr=   -0.043    0.361   -0.072    0.130
irun=  5  yr=   1997  maxp=  2   start mon=  1   cr=    0.581    0.608    0.443   -0.407
irun=  5  yr=   1998  maxp=  1   start mon=  1   cr=   -0.111    0.670   -0.232   -0.093
irun=  5  yr=   1999  maxp=  1   start mon=  1   cr=    0.113    0.154    0.300   -0.019
irun=  5  yr=   2000  maxp=  1   start mon=  1   cr=   -0.512    0.259   -0.561   -0.289
irun=  5  yr=   2001  maxp=  1   start mon=  1   cr=    0.222    0.679    0.386   -0.490
irun=  5  yr=   2002  maxp=  3   start mon=  1   cr=    0.538    0.618    0.560    0.433
irun=  5  yr=   2004  maxp=  1   start mon=  1   cr=    0.466    0.200    0.589    0.037
irun=  5  yr=   2005  maxp=  1   start mon=  1   cr=    0.440    0.576    0.424    0.428
irun=  5  yr=   2008  maxp=  1   start mon=  1   cr=    0.021    0.266    0.127    0.102
irun=  5  yr=   2010  maxp=  2   start mon=  2   cr=    0.521    0.810   -0.013   -9.990
irun=  5  yr=   2011  maxp=  1   start mon=  1   cr=    0.110    0.156   -0.352   -0.272
irun=  5  yr=   2013  maxp=  3   start mon=  2   cr=    0.702    0.541    0.576   -9.990
irun=  6  yr=   1957  maxp=  1   start mon=  1   cr=   -0.059   -0.095    0.067    0.525
irun=  6  yr=   1958  maxp=  1   start mon=  1   cr=   -0.214    0.178    0.579    0.005
irun=  6  yr=   1959  maxp=  1   start mon=  1   cr=    0.181   -0.022    0.498   -0.180
irun=  6  yr=   1960  maxp=  1   start mon=  1   cr=   -0.354   -0.034   -0.302    0.251
irun=  6  yr=   1966  maxp=  1   start mon=  1   cr=   -0.293   -0.548   -0.049   -0.036
irun=  6  yr=   1967  maxp=  2   start mon=  1   cr=    0.580    0.543   -0.438    0.167
irun=  6  yr=   1968  maxp=  2   start mon=  3   cr=    0.730    0.550   -9.990   -9.990
irun=  6  yr=   1973  maxp=  1   start mon=  1   cr=    0.623   -0.202    0.141   -0.024
irun=  6  yr=   1974  maxp=  1   start mon=  1   cr=    0.316    0.109    0.374   -0.526
irun=  6  yr=   1976  maxp=  1   start mon=  1   cr=    0.259    0.131    0.018   -0.255
irun=  6  yr=   1979  maxp=  1   start mon=  1   cr=    0.177   -0.002   -0.162    0.089
irun=  6  yr=   1980  maxp=  1   start mon=  1   cr=   -0.366    0.628    0.275    0.769
irun=  6  yr=   1981  maxp=  1   start mon=  1   cr=    0.431    0.202    0.473    0.304
irun=  6  yr=   1982  maxp=  1   start mon=  1   cr=   -0.351    0.382    0.150   -0.436
irun=  6  yr=   1985  maxp=  1   start mon=  1   cr=   -0.235   -0.253   -0.481   -0.329
irun=  6  yr=   1986  maxp=  1   start mon=  1   cr=    0.584   -0.006   -0.222    0.036
irun=  6  yr=   1987  maxp=  1   start mon=  1   cr=    0.041   -0.029    0.166   -0.531
irun=  6  yr=   1988  maxp=  2   start mon=  3   cr=    0.747    0.540   -9.990   -9.990
irun=  6  yr=   1990  maxp=  2   start mon=  1   cr=    0.751    0.606   -0.110    0.214
irun=  6  yr=   1991  maxp=  1   start mon=  1   cr=   -0.214    0.683    0.480    0.698
irun=  6  yr=   1992  maxp=  1   start mon=  1   cr=    0.149   -0.150    0.334   -0.052
irun=  6  yr=   1993  maxp=  1   start mon=  1   cr=    0.077   -0.322    0.110    0.778
irun=  6  yr=   1994  maxp=  1   start mon=  1   cr=    0.538   -0.072    0.084   -0.063
irun=  6  yr=   1997  maxp=  1   start mon=  1   cr=    0.395   -0.198   -0.019    0.537
irun=  6  yr=   1998  maxp=  2   start mon=  3   cr=    0.595    0.738   -9.990   -9.990
irun=  6  yr=   2000  maxp=  1   start mon=  1   cr=    0.593   -0.499    0.741   -0.149
irun=  6  yr=   2001  maxp=  1   start mon=  1   cr=    0.510    0.308   -0.192    0.246
irun=  6  yr=   2002  maxp=  2   start mon=  3   cr=    0.813    0.658   -9.990   -9.990
irun=  6  yr=   2005  maxp=  1   start mon=  1   cr=    0.785    0.140    0.451   -0.087
irun=  6  yr=   2006  maxp=  1   start mon=  1   cr=    0.280   -0.323    0.399    0.020
irun=  6  yr=   2008  maxp=  1   start mon=  1   cr=    0.689   -0.253    0.117    0.094
irun=  6  yr=   2009  maxp=  1   start mon=  1   cr=    0.750    0.242   -0.125   -0.258
irun=  6  yr=   2010  maxp=  3   start mon=  1   cr=    0.555    0.531    0.600    0.159
irun=  6  yr=   2011  maxp=  2   start mon=  3   cr=    0.696    0.662   -9.990   -9.990
irun=  6  yr=   2012  maxp=  1   start mon=  1   cr=    0.731    0.183   -0.166    0.629
irun=  6  yr=   2013  maxp=  1   start mon=  1   cr=    0.538    0.341    0.216    0.336
irun=  7  yr=   1959  maxp=  1   start mon=  1   cr=   -0.062    0.384   -0.088   -0.192
irun=  7  yr=   1961  maxp=  1   start mon=  1   cr=   -0.055   -0.310   -0.468   -0.619
irun=  7  yr=   1963  maxp=  1   start mon=  1   cr=    0.762    0.215    0.688    0.307
irun=  7  yr=   1964  maxp=  2   start mon=  2   cr=    0.550    0.508   -0.176   -9.990
irun=  7  yr=   1965  maxp=  1   start mon=  1   cr=    0.866    0.088    0.068   -0.474
irun=  7  yr=   1970  maxp=  1   start mon=  1   cr=   -0.506    0.212   -0.565   -0.353
irun=  7  yr=   1972  maxp=  1   start mon=  1   cr=   -0.045   -0.236   -0.123    0.210
irun=  7  yr=   1973  maxp=  2   start mon=  2   cr=    0.766    0.732   -0.333   -9.990
irun=  7  yr=   1974  maxp=  3   start mon=  1   cr=    0.562    0.707    0.626    0.176
irun=  7  yr=   1975  maxp=  1   start mon=  1   cr=    0.088   -0.624   -0.432   -0.048
irun=  7  yr=   1976  maxp=  1   start mon=  1   cr=    0.037   -0.155   -0.188    0.152
irun=  7  yr=   1978  maxp=  2   start mon=  2   cr=    0.861    0.828   -0.281   -9.990
irun=  7  yr=   1980  maxp=  1   start mon=  1   cr=   -0.055    0.387    0.471    0.397
irun=  7  yr=   1983  maxp=  1   start mon=  1   cr=    0.439    0.448   -0.374   -0.168
irun=  7  yr=   1985  maxp=  2   start mon=  3   cr=    0.771    0.538   -9.990   -9.990
irun=  7  yr=   1986  maxp=  1   start mon=  1   cr=    0.134    0.181   -0.437   -0.326
irun=  7  yr=   1987  maxp=  1   start mon=  1   cr=   -0.689   -0.137    0.009    0.703
irun=  7  yr=   1988  maxp=  1   start mon=  1   cr=    0.612    0.096    0.326   -0.022
irun=  7  yr=   1992  maxp=  2   start mon=  2   cr=    0.703    0.586    0.494   -9.990
irun=  7  yr=   1993  maxp=  1   start mon=  1   cr=    0.552    0.484   -0.531   -0.496
irun=  7  yr=   1997  maxp=  1   start mon=  1   cr=    0.251    0.157   -0.318   -0.579
irun=  7  yr=   1998  maxp=  1   start mon=  1   cr=    0.573   -0.115    0.254    0.369
irun=  7  yr=   1999  maxp=  1   start mon=  1   cr=    0.225   -0.230    0.641    0.292
irun=  7  yr=   2000  maxp=  1   start mon=  1   cr=    0.209    0.207    0.113    0.269
irun=  7  yr=   2001  maxp=  1   start mon=  1   cr=    0.544    0.394    0.317    0.105
irun=  7  yr=   2002  maxp=  1   start mon=  1   cr=    0.314    0.590   -0.717   -0.488
irun=  7  yr=   2003  maxp=  1   start mon=  1   cr=    0.159    0.184    0.526    0.489
irun=  7  yr=   2004  maxp=  1   start mon=  1   cr=    0.237   -0.047   -0.361    0.166
irun=  7  yr=   2006  maxp=  1   start mon=  1   cr=   -0.119    0.388    0.162    0.716
irun=  7  yr=   2007  maxp=  2   start mon=  3   cr=    0.693    0.700   -9.990   -9.990
irun=  7  yr=   2010  maxp=  1   start mon=  1   cr=    0.394    0.314    0.549    0.391
irun=  7  yr=   2011  maxp=  3   start mon=  2   cr=    0.709    0.586    0.557   -9.990
irun=  7  yr=   2012  maxp=  1   start mon=  1   cr=    0.053   -0.678   -0.742   -0.426
irun=  8  yr=   1957  maxp=  1   start mon=  1   cr=    0.588    0.249    0.165    0.236
irun=  8  yr=   1958  maxp=  1   start mon=  1   cr=    0.434    0.616    0.403   -0.357
irun=  8  yr=   1960  maxp=  1   start mon=  1   cr=   -0.008    0.469    0.438   -0.018
irun=  8  yr=   1962  maxp=  2   start mon=  3   cr=    0.519    0.545   -9.990   -9.990
irun=  8  yr=   1963  maxp=  4   start mon=  1   cr=    0.646    0.778    0.667    0.895
irun=  8  yr=   1965  maxp=  1   start mon=  1   cr=    0.048   -0.018   -0.149   -0.221
irun=  8  yr=   1966  maxp=  1   start mon=  1   cr=    0.729    0.432    0.290    0.104
irun=  8  yr=   1968  maxp=  1   start mon=  1   cr=    0.075    0.110   -0.396    0.074
irun=  8  yr=   1970  maxp=  1   start mon=  1   cr=   -0.047   -0.322    0.052    0.003
irun=  8  yr=   1972  maxp=  1   start mon=  1   cr=    0.536    0.285    0.238   -0.019
irun=  8  yr=   1975  maxp=  1   start mon=  1   cr=    0.298    0.037   -0.324    0.253
irun=  8  yr=   1976  maxp=  2   start mon=  3   cr=    0.542    0.556   -9.990   -9.990
irun=  8  yr=   1977  maxp=  1   start mon=  1   cr=    0.596    0.451    0.562    0.216
irun=  8  yr=   1978  maxp=  2   start mon=  3   cr=    0.533    0.568   -9.990   -9.990
irun=  8  yr=   1980  maxp=  1   start mon=  1   cr=    0.606    0.375   -0.022   -0.152
irun=  8  yr=   1982  maxp=  3   start mon=  2   cr=    0.714    0.546    0.683   -9.990
irun=  8  yr=   1983  maxp=  1   start mon=  1   cr=   -0.067    0.148   -0.248   -0.010
irun=  8  yr=   1986  maxp=  1   start mon=  1   cr=    0.039   -0.501   -0.244   -0.170
irun=  8  yr=   1987  maxp=  1   start mon=  1   cr=    0.081    0.317    0.155    0.604
irun=  8  yr=   1988  maxp=  3   start mon=  2   cr=    0.755    0.694    0.529   -9.990
irun=  8  yr=   1991  maxp=  1   start mon=  1   cr=   -0.321   -0.633   -0.473    0.049
irun=  8  yr=   1992  maxp=  2   start mon=  3   cr=    0.617    0.583   -9.990   -9.990
irun=  8  yr=   1994  maxp=  2   start mon=  3   cr=    0.626    0.529   -9.990   -9.990
irun=  8  yr=   1999  maxp=  1   start mon=  1   cr=    0.211    0.034   -0.216    0.107
irun=  8  yr=   2000  maxp=  1   start mon=  1   cr=    0.006   -0.112   -0.144   -0.168
irun=  8  yr=   2001  maxp=  1   start mon=  1   cr=   -0.129   -0.036    0.147    0.200
irun=  8  yr=   2002  maxp=  1   start mon=  1   cr=   -0.123    0.052    0.060   -0.153
irun=  8  yr=   2003  maxp=  1   start mon=  1   cr=    0.610    0.380    0.441    0.448
irun=  8  yr=   2004  maxp=  1   start mon=  1   cr=   -0.006    0.292    0.108    0.120
irun=  8  yr=   2006  maxp=  2   start mon=  3   cr=    0.711    0.629   -9.990   -9.990
irun=  8  yr=   2007  maxp=  1   start mon=  1   cr=    0.556    0.004    0.159   -0.076
irun=  8  yr=   2008  maxp=  1   start mon=  1   cr=    0.504    0.054   -0.534    0.135
irun=  8  yr=   2009  maxp=  3   start mon=  2   cr=    0.884    0.717    0.746   -9.990
irun=  8  yr=   2010  maxp=  1   start mon=  1   cr=    0.652    0.032   -0.460   -0.268
irun=  8  yr=   2011  maxp=  1   start mon=  1   cr=    0.164   -0.086    0.154   -0.042
irun=  8  yr=   2012  maxp=  1   start mon=  1   cr=   -0.106    0.142   -0.067   -0.146
irun=  8  yr=   2013  maxp=  1   start mon=  1   cr=    0.291   -0.341   -0.149    0.298
irun=  9  yr=   1958  maxp=  1   start mon=  1   cr=    0.150   -0.533    0.229    0.657
irun=  9  yr=   1960  maxp=  1   start mon=  1   cr=    0.355   -0.458    0.627    0.192
irun=  9  yr=   1961  maxp=  1   start mon=  1   cr=   -0.309   -0.261   -0.336    0.101
irun=  9  yr=   1963  maxp=  1   start mon=  1   cr=   -0.292   -0.400    0.821    0.609
irun=  9  yr=   1964  maxp=  1   start mon=  1   cr=    0.060   -0.207   -0.106   -0.136
irun=  9  yr=   1966  maxp=  2   start mon=  2   cr=    0.590    0.793   -0.182   -9.990
irun=  9  yr=   1967  maxp=  2   start mon=  2   cr=    0.628    0.620    0.044   -9.990
irun=  9  yr=   1969  maxp=  1   start mon=  1   cr=    0.609   -0.312    0.090    0.090
irun=  9  yr=   1970  maxp=  1   start mon=  1   cr=    0.569    0.286   -0.747   -0.119
irun=  9  yr=   1971  maxp=  1   start mon=  1   cr=   -0.271    0.348   -0.231   -0.262
irun=  9  yr=   1972  maxp=  1   start mon=  1   cr=   -0.395    0.226    0.234    0.545
irun=  9  yr=   1973  maxp=  1   start mon=  1   cr=   -0.390   -0.433    0.343    0.676
irun=  9  yr=   1975  maxp=  1   start mon=  1   cr=    0.384   -0.403    0.265    0.403
irun=  9  yr=   1976  maxp=  1   start mon=  1   cr=    0.324    0.512    0.686    0.551
irun=  9  yr=   1977  maxp=  1   start mon=  1   cr=    0.678    0.287    0.096    0.263
irun=  9  yr=   1981  maxp=  1   start mon=  1   cr=   -0.449   -0.289   -0.304   -0.354
irun=  9  yr=   1983  maxp=  2   start mon=  1   cr=    0.510    0.747    0.260    0.233
irun=  9  yr=   1984  maxp=  1   start mon=  1   cr=    0.277   -0.137   -0.252   -0.025
irun=  9  yr=   1986  maxp=  1   start mon=  1   cr=    0.625    0.186   -0.115   -0.404
irun=  9  yr=   1987  maxp=  2   start mon=  2   cr=    0.564    0.654    0.023   -9.990
irun=  9  yr=   1988  maxp=  1   start mon=  1   cr=   -0.186   -0.292   -0.323    0.587
irun=  9  yr=   1989  maxp=  1   start mon=  1   cr=   -0.209   -0.093    0.173   -0.079
irun=  9  yr=   1991  maxp=  1   start mon=  1   cr=    0.652   -0.241    0.384   -0.133
irun=  9  yr=   1994  maxp=  1   start mon=  1   cr=    0.449    0.127   -0.328   -0.063
irun=  9  yr=   1995  maxp=  1   start mon=  1   cr=   -0.098   -0.334   -0.551   -0.301
irun=  9  yr=   1997  maxp=  4   start mon=  1   cr=    0.590    0.555    0.849    0.810
irun=  9  yr=   1998  maxp=  1   start mon=  1   cr=    0.192    0.368    0.384    0.594
irun=  9  yr=   2000  maxp=  1   start mon=  1   cr=   -0.380    0.534    0.466    0.667
irun=  9  yr=   2001  maxp=  1   start mon=  1   cr=    0.594   -0.158    0.385   -0.039
irun=  9  yr=   2002  maxp=  1   start mon=  1   cr=   -0.260   -0.713   -0.051    0.047
irun=  9  yr=   2003  maxp=  2   start mon=  3   cr=    0.568    0.619   -9.990   -9.990
irun=  9  yr=   2005  maxp=  1   start mon=  1   cr=    0.156   -0.282   -0.581   -0.363
irun=  9  yr=   2007  maxp=  1   start mon=  1   cr=   -0.079   -0.343    0.421    0.095
irun=  9  yr=   2008  maxp=  1   start mon=  1   cr=    0.212   -0.200   -0.090   -0.463
irun=  9  yr=   2010  maxp=  1   start mon=  1   cr=   -0.257   -0.616    0.483    0.242
irun=  9  yr=   2012  maxp=  1   start mon=  1   cr=   -0.039   -0.072    0.236   -0.021
irun=  9  yr=   2013  maxp=  2   start mon=  1   cr=    0.651    0.687    0.323    0.089
irun= 10  yr=   1957  maxp=  1   start mon=  1   cr=   -0.059   -0.095    0.067    0.525
irun= 10  yr=   1958  maxp=  1   start mon=  1   cr=   -0.214    0.178    0.579    0.005
irun= 10  yr=   1959  maxp=  1   start mon=  1   cr=    0.181   -0.022    0.498   -0.180
irun= 10  yr=   1960  maxp=  1   start mon=  1   cr=   -0.354   -0.034   -0.302    0.251
irun= 10  yr=   1965  maxp=  1   start mon=  1   cr=   -0.313   -0.210    0.495    0.102
irun= 10  yr=   1968  maxp=  2   start mon=  3   cr=    0.893    0.657   -9.990   -9.990
irun= 10  yr=   1969  maxp=  4   start mon=  1   cr=    0.969    0.946    0.943    0.903
irun= 10  yr=   1970  maxp=  1   start mon=  1   cr=    0.427    0.526    0.401    0.090
irun= 10  yr=   1971  maxp=  1   start mon=  1   cr=   -0.413   -0.247   -0.518   -0.037
irun= 10  yr=   1972  maxp=  1   start mon=  1   cr=   -0.167    0.036   -0.091   -0.253
irun= 10  yr=   1973  maxp=  2   start mon=  2   cr=    0.677    0.642    0.071   -9.990
irun= 10  yr=   1974  maxp=  1   start mon=  1   cr=    0.509   -0.063    0.477    0.217
irun= 10  yr=   1975  maxp=  2   start mon=  3   cr=    0.507    0.750   -9.990   -9.990
irun= 10  yr=   1976  maxp=  1   start mon=  1   cr=    0.480    0.528    0.201   -0.052
irun= 10  yr=   1977  maxp=  2   start mon=  3   cr=    0.578    0.787   -9.990   -9.990
irun= 10  yr=   1979  maxp=  1   start mon=  1   cr=    0.305    0.213    0.257    0.414
irun= 10  yr=   1982  maxp=  1   start mon=  1   cr=    0.195   -0.292   -0.064    0.326
irun= 10  yr=   1984  maxp=  1   start mon=  1   cr=   -0.220   -0.246    0.556    0.846
irun= 10  yr=   1989  maxp=  1   start mon=  1   cr=    0.060   -0.304    0.494    0.255
irun= 10  yr=   1990  maxp=  1   start mon=  1   cr=    0.334   -0.224   -0.336   -0.015
irun= 10  yr=   1991  maxp=  1   start mon=  1   cr=   -0.312   -0.687   -0.526    0.178
irun= 10  yr=   1992  maxp=  2   start mon=  2   cr=    0.941    0.798    0.172   -9.990
irun= 10  yr=   1994  maxp=  1   start mon=  1   cr=    0.195    0.604    0.754    0.027
irun= 10  yr=   1996  maxp=  1   start mon=  1   cr=   -0.179    0.148    0.208    0.103
irun= 10  yr=   1997  maxp=  1   start mon=  1   cr=    0.696   -0.047    0.066    0.272
irun= 10  yr=   1998  maxp=  2   start mon=  1   cr=    0.764    0.720   -0.026    0.203
irun= 10  yr=   2000  maxp=  1   start mon=  1   cr=    0.802    0.384   -0.102   -0.526
irun= 10  yr=   2003  maxp=  1   start mon=  1   cr=    0.602    0.045   -0.219    0.298
irun= 10  yr=   2004  maxp=  1   start mon=  1   cr=    0.472   -0.189   -0.379   -0.665
irun= 10  yr=   2006  maxp=  1   start mon=  1   cr=    0.590    0.459    0.362    0.068
irun= 10  yr=   2007  maxp=  1   start mon=  1   cr=    0.405    0.153    0.403   -0.003
irun= 10  yr=   2009  maxp=  1   start mon=  1   cr=    0.562    0.072   -0.647    0.483
irun= 10  yr=   2010  maxp=  1   start mon=  1   cr=    0.552    0.306   -0.231   -0.150
irun= 10  yr=   2011  maxp=  1   start mon=  1   cr=   -0.001   -0.399   -0.069   -0.543
irun= 10  yr=   2012  maxp=  1   start mon=  1   cr=    0.061   -0.635   -0.102    0.439
irun= 10  yr=   2013  maxp=  2   start mon=  2   cr=    0.844    0.562   -0.390   -9.990
irun= 11  yr=   1957  maxp=  1   start mon=  1   cr=    0.678    0.434    0.135   -0.230
irun= 11  yr=   1960  maxp=  1   start mon=  1   cr=   -0.221    0.256    0.306    0.202
irun= 11  yr=   1964  maxp=  1   start mon=  1   cr=    0.297    0.539    0.443    0.335
irun= 11  yr=   1966  maxp=  3   start mon=  1   cr=    0.655    0.649    0.527    0.025
irun= 11  yr=   1967  maxp=  1   start mon=  1   cr=    0.178    0.545    0.628    0.437
irun= 11  yr=   1968  maxp=  1   start mon=  1   cr=    0.510    0.291    0.680   -0.101
irun= 11  yr=   1970  maxp=  1   start mon=  1   cr=   -0.324    0.052   -0.479   -0.413
irun= 11  yr=   1971  maxp=  2   start mon=  2   cr=    0.684    0.537    0.301   -9.990
irun= 11  yr=   1972  maxp=  1   start mon=  1   cr=   -0.403   -0.448   -0.524   -0.317
irun= 11  yr=   1973  maxp=  1   start mon=  1   cr=    0.240    0.245   -0.313    0.011
irun= 11  yr=   1974  maxp=  1   start mon=  1   cr=    0.328    0.064    0.111    0.212
irun= 11  yr=   1976  maxp=  1   start mon=  1   cr=    0.543   -0.414   -0.553   -0.295
irun= 11  yr=   1977  maxp=  1   start mon=  1   cr=    0.427    0.480    0.387    0.421
irun= 11  yr=   1980  maxp=  1   start mon=  1   cr=    0.163   -0.413    0.439    0.227
irun= 11  yr=   1982  maxp=  1   start mon=  1   cr=    0.002   -0.201    0.155    0.705
irun= 11  yr=   1985  maxp=  1   start mon=  1   cr=    0.517   -0.077   -0.305   -0.061
irun= 11  yr=   1988  maxp=  1   start mon=  1   cr=    0.191    0.229    0.223    0.079
irun= 11  yr=   1990  maxp=  1   start mon=  1   cr=    0.449    0.347   -0.110    0.006
irun= 11  yr=   1991  maxp=  2   start mon=  1   cr=    0.718    0.572    0.443   -0.090
irun= 11  yr=   1994  maxp=  1   start mon=  1   cr=    0.453   -0.208   -0.726   -0.168
irun= 11  yr=   1995  maxp=  1   start mon=  1   cr=    0.861    0.249    0.303   -0.445
irun= 11  yr=   1997  maxp=  1   start mon=  1   cr=    0.199   -0.305   -0.289    0.403
irun= 11  yr=   1999  maxp=  1   start mon=  1   cr=   -0.416   -0.300   -0.408    0.444
irun= 11  yr=   2000  maxp=  1   start mon=  1   cr=    0.347    0.504   -0.040    0.128
irun= 11  yr=   2001  maxp=  1   start mon=  1   cr=    0.222   -0.058    0.025   -0.246
irun= 11  yr=   2002  maxp=  1   start mon=  1   cr=   -0.260    0.473   -0.558   -0.529
irun= 11  yr=   2004  maxp=  2   start mon=  2   cr=    0.685    0.508   -0.330   -9.990
irun= 11  yr=   2005  maxp=  2   start mon=  1   cr=    0.795    0.570   -0.156    0.004
irun= 11  yr=   2006  maxp=  1   start mon=  1   cr=    0.049    0.044    0.424    0.236
irun= 11  yr=   2007  maxp=  1   start mon=  1   cr=    0.771   -0.327    0.141   -0.141
irun= 11  yr=   2008  maxp=  1   start mon=  1   cr=    0.504   -0.416   -0.461    0.236
irun= 11  yr=   2011  maxp=  2   start mon=  3   cr=    0.548    0.505   -9.990   -9.990
irun= 12  yr=   1957  maxp=  1   start mon=  1   cr=    0.355   -0.116   -0.149    0.220
irun= 12  yr=   1958  maxp=  2   start mon=  1   cr=    0.594    0.658   -0.508    0.313
irun= 12  yr=   1959  maxp=  1   start mon=  1   cr=    0.364    0.564    0.547   -0.190
irun= 12  yr=   1960  maxp=  1   start mon=  1   cr=    0.071   -0.334   -0.327   -0.565
irun= 12  yr=   1964  maxp=  2   start mon=  3   cr=    0.795    0.621   -9.990   -9.990
irun= 12  yr=   1966  maxp=  1   start mon=  1   cr=   -0.229   -0.214    0.291   -0.623
irun= 12  yr=   1968  maxp=  1   start mon=  1   cr=    0.711    0.147   -0.098    0.609
irun= 12  yr=   1971  maxp=  1   start mon=  1   cr=   -0.359   -0.571    0.595    0.611
irun= 12  yr=   1972  maxp=  1   start mon=  1   cr=    0.194   -0.138    0.530    0.693
irun= 12  yr=   1973  maxp=  1   start mon=  1   cr=    0.507    0.307    0.656    0.186
irun= 12  yr=   1976  maxp=  1   start mon=  1   cr=    0.739    0.046    0.354    0.054
irun= 12  yr=   1978  maxp=  1   start mon=  1   cr=    0.623   -0.169    0.322    0.118
irun= 12  yr=   1979  maxp=  1   start mon=  1   cr=    0.216    0.073    0.490    0.218
irun= 12  yr=   1980  maxp=  1   start mon=  1   cr=    0.575   -0.374   -0.231   -0.273
irun= 12  yr=   1981  maxp=  2   start mon=  3   cr=    0.783    0.641   -9.990   -9.990
irun= 12  yr=   1983  maxp=  1   start mon=  1   cr=   -0.117   -0.280   -0.257   -0.213
irun= 12  yr=   1984  maxp=  1   start mon=  1   cr=    0.504    0.250   -0.217   -0.449
irun= 12  yr=   1985  maxp=  1   start mon=  1   cr=    0.156    0.027   -0.275   -0.213
irun= 12  yr=   1986  maxp=  1   start mon=  1   cr=    0.143   -0.193   -0.359   -0.679
irun= 12  yr=   1988  maxp=  2   start mon=  3   cr=    0.878    0.923   -9.990   -9.990
irun= 12  yr=   1990  maxp=  1   start mon=  1   cr=    0.541    0.210   -0.295    0.214
irun= 12  yr=   1992  maxp=  2   start mon=  2   cr=    0.587    0.599    0.446   -9.990
irun= 12  yr=   1994  maxp=  1   start mon=  1   cr=    0.180    0.421    0.625    0.571
irun= 12  yr=   1995  maxp=  1   start mon=  1   cr=   -0.097   -0.374    0.078   -0.053
irun= 12  yr=   1997  maxp=  1   start mon=  1   cr=    0.136    0.070    0.470    0.066
irun= 12  yr=   1998  maxp=  1   start mon=  1   cr=    0.573    0.091    0.732   -0.013
irun= 12  yr=   1999  maxp=  1   start mon=  1   cr=    0.653   -0.334   -0.709   -0.785
irun= 12  yr=   2000  maxp=  1   start mon=  1   cr=    0.265   -0.020   -0.109   -0.184
irun= 12  yr=   2002  maxp=  1   start mon=  1   cr=    0.600   -0.015    0.341   -0.283
irun= 12  yr=   2003  maxp=  1   start mon=  1   cr=    0.472    0.365    0.601    0.317
irun= 12  yr=   2004  maxp=  2   start mon=  2   cr=    0.640    0.516   -0.742   -9.990
irun= 12  yr=   2006  maxp=  1   start mon=  1   cr=   -0.600   -0.285   -0.084   -0.138
irun= 12  yr=   2007  maxp=  2   start mon=  3   cr=    0.664    0.775   -9.990   -9.990
irun= 12  yr=   2010  maxp=  1   start mon=  1   cr=   -0.221   -0.494    0.501    0.249
irun= 12  yr=   2011  maxp=  1   start mon=  1   cr=    0.186    0.076    0.330    0.377
irun= 12  yr=   2012  maxp=  1   start mon=  1   cr=    0.356   -0.241   -0.482   -0.312
irun= 12  yr=   2013  maxp=  2   start mon=  3   cr=    0.677    0.529   -9.990   -9.990
irun= 13  yr=   1957  maxp=  1   start mon=  1   cr=    0.388    0.281    0.052    0.012
irun= 13  yr=   1958  maxp=  2   start mon=  1   cr=    0.532    0.555    0.058   -0.365
irun= 13  yr=   1960  maxp=  2   start mon=  2   cr=    0.620    0.594    0.087   -9.990
irun= 13  yr=   1964  maxp=  1   start mon=  1   cr=    0.645   -0.137   -0.440    0.273
irun= 13  yr=   1965  maxp=  1   start mon=  1   cr=   -0.137    0.271   -0.049   -0.331
irun= 13  yr=   1971  maxp=  1   start mon=  1   cr=    0.408    0.417    0.129    0.018
irun= 13  yr=   1974  maxp=  2   start mon=  1   cr=    0.623    0.830    0.104   -0.507
irun= 13  yr=   1975  maxp=  1   start mon=  1   cr=    0.251    0.225    0.380    0.052
irun= 13  yr=   1976  maxp=  3   start mon=  2   cr=    0.763    0.802    0.706   -9.990
irun= 13  yr=   1977  maxp=  1   start mon=  1   cr=    0.479    0.082   -0.238   -0.274
irun= 13  yr=   1979  maxp=  1   start mon=  1   cr=    0.413    0.374    0.538    0.587
irun= 13  yr=   1980  maxp=  1   start mon=  1   cr=   -0.230   -0.277   -0.489   -0.669
irun= 13  yr=   1981  maxp=  2   start mon=  3   cr=    0.869    0.642   -9.990   -9.990
irun= 13  yr=   1982  maxp=  2   start mon=  2   cr=    0.703    0.592    0.297   -9.990
irun= 13  yr=   1984  maxp=  1   start mon=  1   cr=   -0.060   -0.184   -0.018   -0.236
irun= 13  yr=   1986  maxp=  1   start mon=  1   cr=   -0.206    0.619    0.472   -0.134
irun= 13  yr=   1987  maxp=  2   start mon=  2   cr=    0.629    0.543   -0.386   -9.990
irun= 13  yr=   1988  maxp=  3   start mon=  1   cr=    0.641    0.683    0.608   -0.343
irun= 13  yr=   1991  maxp=  2   start mon=  3   cr=    0.884    0.693   -9.990   -9.990
irun= 13  yr=   1992  maxp=  4   start mon=  1   cr=    0.684    0.660    0.650    0.561
irun= 13  yr=   1993  maxp=  1   start mon=  1   cr=    0.264    0.378    0.461   -0.397
irun= 13  yr=   1994  maxp=  1   start mon=  1   cr=    0.758    0.045   -0.641   -0.392
irun= 13  yr=   1997  maxp=  1   start mon=  1   cr=   -0.158   -0.418    0.277    0.128
irun= 13  yr=   1998  maxp=  1   start mon=  1   cr=    0.234    0.015   -0.151    0.450
irun= 13  yr=   1999  maxp=  2   start mon=  2   cr=    0.522    0.598    0.002   -9.990
irun= 13  yr=   2001  maxp=  1   start mon=  1   cr=   -0.049   -0.284   -0.491   -0.272
irun= 13  yr=   2002  maxp=  3   start mon=  2   cr=    0.866    0.840    0.788   -9.990
irun= 13  yr=   2006  maxp=  1   start mon=  1   cr=    0.759   -0.234   -0.190   -0.511
irun= 13  yr=   2007  maxp=  1   start mon=  1   cr=    0.568    0.345   -0.093   -0.196
irun= 13  yr=   2008  maxp=  1   start mon=  1   cr=   -0.415    0.113    0.025    0.063
irun= 13  yr=   2009  maxp=  1   start mon=  1   cr=    0.183    0.645    0.690   -0.366
irun= 13  yr=   2010  maxp=  1   start mon=  1   cr=   -0.001    0.403    0.473    0.746
irun= 13  yr=   2011  maxp=  3   start mon=  1   cr=    0.682    0.512    0.512    0.032
irun= 13  yr=   2012  maxp=  1   start mon=  1   cr=   -0.139   -0.161    0.606    0.037
irun= 14  yr=   1957  maxp=  1   start mon=  1   cr=    0.558   -0.465    0.372   -0.406
irun= 14  yr=   1959  maxp=  1   start mon=  1   cr=    0.010    0.727    0.826   -0.178
irun= 14  yr=   1960  maxp=  1   start mon=  1   cr=    0.228   -0.586   -0.205   -0.109
irun= 14  yr=   1961  maxp=  1   start mon=  1   cr=    0.005    0.016    0.041   -0.452
irun= 14  yr=   1962  maxp=  1   start mon=  1   cr=    0.112    0.434    0.035   -0.295
irun= 14  yr=   1964  maxp=  3   start mon=  2   cr=    0.513    0.817    0.615   -9.990
irun= 14  yr=   1965  maxp=  1   start mon=  1   cr=   -0.132    0.739    0.279    0.320
irun= 14  yr=   1967  maxp=  2   start mon=  3   cr=    0.868    0.668   -9.990   -9.990
irun= 14  yr=   1968  maxp=  1   start mon=  1   cr=    0.345   -0.126    0.075    0.092
irun= 14  yr=   1969  maxp=  2   start mon=  2   cr=    0.538    0.701    0.465   -9.990
irun= 14  yr=   1971  maxp=  3   start mon=  1   cr=    0.639    0.600    0.567    0.081
irun= 14  yr=   1972  maxp=  1   start mon=  1   cr=    0.157    0.281   -0.012    0.180
irun= 14  yr=   1973  maxp=  1   start mon=  1   cr=    0.424    0.628   -0.373   -0.446
irun= 14  yr=   1975  maxp=  1   start mon=  1   cr=    0.529   -0.126    0.082    0.295
irun= 14  yr=   1976  maxp=  1   start mon=  1   cr=    0.318    0.015    0.318    0.069
irun= 14  yr=   1977  maxp=  2   start mon=  3   cr=    0.614    0.537   -9.990   -9.990
irun= 14  yr=   1978  maxp=  1   start mon=  1   cr=    0.605   -0.021    0.109    0.217
irun= 14  yr=   1980  maxp=  1   start mon=  1   cr=   -0.143   -0.636   -0.469    0.515
irun= 14  yr=   1981  maxp=  1   start mon=  1   cr=    0.508   -0.155   -0.477    0.639
irun= 14  yr=   1982  maxp=  2   start mon=  3   cr=    0.690    0.772   -9.990   -9.990
irun= 14  yr=   1983  maxp=  1   start mon=  1   cr=    0.203    0.372    0.375    0.041
irun= 14  yr=   1984  maxp=  1   start mon=  1   cr=   -0.376   -0.345    0.138    0.089
irun= 14  yr=   1986  maxp=  2   start mon=  3   cr=    0.628    0.763   -9.990   -9.990
irun= 14  yr=   1987  maxp=  1   start mon=  1   cr=    0.403   -0.246    0.566    0.515
irun= 14  yr=   1988  maxp=  1   start mon=  1   cr=   -0.528   -0.280   -0.225   -0.047
irun= 14  yr=   1990  maxp=  1   start mon=  1   cr=    0.350    0.473   -0.035    0.097
irun= 14  yr=   1991  maxp=  2   start mon=  2   cr=    0.713    0.694    0.163   -9.990
irun= 14  yr=   1992  maxp=  1   start mon=  1   cr=    0.586    0.456   -0.265    0.330
irun= 14  yr=   1993  maxp=  1   start mon=  1   cr=    0.168    0.113    0.110   -0.175
irun= 14  yr=   1994  maxp=  1   start mon=  1   cr=    0.130   -0.067   -0.537   -0.422
irun= 14  yr=   1997  maxp=  1   start mon=  1   cr=    0.447    0.346    0.388   -0.078
irun= 14  yr=   1998  maxp=  1   start mon=  1   cr=   -0.139    0.676    0.326   -0.225
irun= 14  yr=   1999  maxp=  1   start mon=  1   cr=    0.204   -0.012    0.321    0.260
irun= 14  yr=   2000  maxp=  2   start mon=  3   cr=    0.597    0.728   -9.990   -9.990
irun= 14  yr=   2001  maxp=  1   start mon=  1   cr=   -0.212    0.436    0.128   -0.084
irun= 14  yr=   2004  maxp=  1   start mon=  1   cr=    0.136   -0.443   -0.249   -0.298
irun= 14  yr=   2005  maxp=  1   start mon=  1   cr=    0.478    0.227    0.503    0.338
irun= 14  yr=   2006  maxp=  1   start mon=  1   cr=    0.420   -0.406   -0.561    0.328
irun= 14  yr=   2007  maxp=  1   start mon=  1   cr=    0.513   -0.408    0.006    0.017
irun= 14  yr=   2008  maxp=  1   start mon=  1   cr=   -0.486    0.134    0.259   -0.044
irun= 14  yr=   2009  maxp=  3   start mon=  1   cr=    0.849    0.567    0.720   -0.162
irun= 14  yr=   2011  maxp=  1   start mon=  1   cr=   -0.067    0.319   -0.102    0.068
irun= 14  yr=   2012  maxp=  1   start mon=  1   cr=    0.690   -0.485    0.240    0.469
irun= 14  yr=   2013  maxp=  1   start mon=  1   cr=   -0.514   -0.220    0.370    0.400
irun= 15  yr=   1957  maxp=  1   start mon=  1   cr=   -0.217    0.541    0.056   -0.290
irun= 15  yr=   1958  maxp=  2   start mon=  2   cr=    0.595    0.599   -0.032   -9.990
irun= 15  yr=   1959  maxp=  1   start mon=  1   cr=   -0.677   -0.308   -0.007    0.518
irun= 15  yr=   1965  maxp=  1   start mon=  1   cr=    0.080   -0.023    0.622    0.202
irun= 15  yr=   1969  maxp=  2   start mon=  1   cr=    0.648    0.764    0.259    0.247
irun= 15  yr=   1972  maxp=  1   start mon=  1   cr=    0.410    0.199   -0.088   -0.471
irun= 15  yr=   1976  maxp=  1   start mon=  1   cr=    0.281   -0.384    0.445    0.103
irun= 15  yr=   1978  maxp=  1   start mon=  1   cr=    0.313    0.143    0.358   -0.301
irun= 15  yr=   1979  maxp=  1   start mon=  1   cr=    0.484    0.215   -0.802   -0.662
irun= 15  yr=   1981  maxp=  1   start mon=  1   cr=   -0.054   -0.140   -0.204    0.332
irun= 15  yr=   1982  maxp=  1   start mon=  1   cr=   -0.149   -0.344   -0.270   -0.225
irun= 15  yr=   1983  maxp=  1   start mon=  1   cr=    0.753    0.138   -0.421   -0.257
irun= 15  yr=   1985  maxp=  1   start mon=  1   cr=    0.298   -0.245   -0.357   -0.630
irun= 15  yr=   1986  maxp=  1   start mon=  1   cr=    0.200    0.077    0.152    0.216
irun= 15  yr=   1987  maxp=  1   start mon=  1   cr=   -0.423   -0.228    0.235   -0.219
irun= 15  yr=   1989  maxp=  1   start mon=  1   cr=    0.167    0.040   -0.063   -0.104
irun= 15  yr=   1991  maxp=  1   start mon=  1   cr=    0.324    0.225    0.341    0.795
irun= 15  yr=   1992  maxp=  1   start mon=  1   cr=    0.590   -0.532    0.330    0.387
irun= 15  yr=   1994  maxp=  1   start mon=  1   cr=    0.217    0.331    0.329    0.259
irun= 15  yr=   1998  maxp=  2   start mon=  3   cr=    0.777    0.676   -9.990   -9.990
irun= 15  yr=   1999  maxp=  1   start mon=  1   cr=    0.488   -0.320    0.780    0.774
irun= 15  yr=   2000  maxp=  2   start mon=  3   cr=    0.502    0.689   -9.990   -9.990
irun= 15  yr=   2001  maxp=  3   start mon=  2   cr=    0.565    0.658    0.524   -9.990
irun= 15  yr=   2003  maxp=  1   start mon=  1   cr=    0.059   -0.520    0.093    0.275
irun= 15  yr=   2004  maxp=  1   start mon=  1   cr=    0.440    0.250    0.184   -0.034
irun= 15  yr=   2005  maxp=  1   start mon=  1   cr=    0.795   -0.702    0.299    0.912
irun= 15  yr=   2007  maxp=  1   start mon=  1   cr=    0.386   -0.244   -0.327   -0.526
irun= 15  yr=   2008  maxp=  1   start mon=  1   cr=    0.228    0.311    0.293   -0.245
irun= 15  yr=   2009  maxp=  1   start mon=  1   cr=    0.334   -0.351   -0.639   -0.230
irun= 15  yr=   2011  maxp=  2   start mon=  1   cr=    0.500    0.678   -0.083    0.464
irun= 15  yr=   2013  maxp=  3   start mon=  1   cr=    0.704    0.606    0.503   -0.278
irun= 16  yr=   1957  maxp=  1   start mon=  1   cr=   -0.069    0.655    0.077   -0.486
irun= 16  yr=   1958  maxp=  1   start mon=  1   cr=   -0.309   -0.521   -0.542    0.065
irun= 16  yr=   1959  maxp=  1   start mon=  1   cr=   -0.206   -0.143    0.080    0.510
irun= 16  yr=   1961  maxp=  2   start mon=  1   cr=    0.515    0.546   -0.406    0.526
irun= 16  yr=   1963  maxp=  1   start mon=  1   cr=   -0.233   -0.464   -0.691   -0.408
irun= 16  yr=   1966  maxp=  1   start mon=  1   cr=    0.674    0.160   -0.581    0.524
irun= 16  yr=   1967  maxp=  2   start mon=  2   cr=    0.595    0.831    0.128   -9.990
irun= 16  yr=   1970  maxp=  1   start mon=  1   cr=    0.142    0.709    0.611    0.687
irun= 16  yr=   1973  maxp=  1   start mon=  1   cr=   -0.049    0.784   -0.040   -0.379
irun= 16  yr=   1974  maxp=  2   start mon=  1   cr=    0.719    0.755    0.173   -0.494
irun= 16  yr=   1978  maxp=  1   start mon=  1   cr=   -0.306   -0.307   -0.445    0.705
irun= 16  yr=   1981  maxp=  1   start mon=  1   cr=    0.515    0.426    0.628    0.110
irun= 16  yr=   1983  maxp=  1   start mon=  1   cr=    0.437    0.592    0.637   -0.385
irun= 16  yr=   1984  maxp=  2   start mon=  3   cr=    0.546    0.570   -9.990   -9.990
irun= 16  yr=   1985  maxp=  1   start mon=  1   cr=    0.391   -0.619   -0.716   -0.341
irun= 16  yr=   1986  maxp=  2   start mon=  3   cr=    0.836    0.565   -9.990   -9.990
irun= 16  yr=   1987  maxp=  1   start mon=  1   cr=   -0.419    0.197   -0.148   -0.228
irun= 16  yr=   1994  maxp=  2   start mon=  1   cr=    0.542    0.793   -0.053    0.103
irun= 16  yr=   1995  maxp=  1   start mon=  1   cr=    0.779    0.006    0.630    0.350
irun= 16  yr=   1997  maxp=  1   start mon=  1   cr=    0.660   -0.035    0.446   -0.670
irun= 16  yr=   1998  maxp=  2   start mon=  3   cr=    0.509    0.797   -9.990   -9.990
irun= 16  yr=   2000  maxp=  1   start mon=  1   cr=    0.610    0.411    0.434   -0.572
irun= 16  yr=   2002  maxp=  1   start mon=  1   cr=    0.130    0.184   -0.190   -0.298
irun= 16  yr=   2003  maxp=  3   start mon=  2   cr=    0.915    0.567    0.782   -9.990
irun= 16  yr=   2004  maxp=  1   start mon=  1   cr=    0.138    0.572    0.264    0.022
irun= 16  yr=   2005  maxp=  1   start mon=  1   cr=    0.315    0.421   -0.128    0.579
irun= 16  yr=   2008  maxp=  1   start mon=  1   cr=    0.560   -0.060   -0.419   -0.248
irun= 16  yr=   2010  maxp=  1   start mon=  1   cr=    0.254   -0.063   -0.514   -0.412
irun= 16  yr=   2011  maxp=  1   start mon=  1   cr=    0.049   -0.238   -0.549   -0.488
irun= 16  yr=   2012  maxp=  1   start mon=  1   cr=    0.332    0.003   -0.307    0.272
irun= 16  yr=   2013  maxp=  1   start mon=  1   cr=    0.089    0.309    0.449   -0.080
irun= 17  yr=   1958  maxp=  1   start mon=  1   cr=    0.150   -0.533    0.229    0.657
irun= 17  yr=   1959  maxp=  1   start mon=  1   cr=    0.000    0.280    0.420    0.344
irun= 17  yr=   1960  maxp=  1   start mon=  1   cr=   -0.108   -0.538   -0.261   -0.396
irun= 17  yr=   1963  maxp=  1   start mon=  1   cr=    0.527   -0.558   -0.290    0.353
irun= 17  yr=   1964  maxp=  2   start mon=  2   cr=    0.855    0.576    0.013   -9.990
irun= 17  yr=   1965  maxp=  2   start mon=  1   cr=    0.623    0.536    0.270    0.341
irun= 17  yr=   1966  maxp=  1   start mon=  1   cr=   -0.265    0.024    0.052    0.307
irun= 17  yr=   1968  maxp=  1   start mon=  1   cr=    0.262   -0.271    0.124    0.203
irun= 17  yr=   1970  maxp=  1   start mon=  1   cr=   -0.506    0.212   -0.565   -0.353
irun= 17  yr=   1972  maxp=  1   start mon=  1   cr=   -0.045   -0.236   -0.123    0.210
irun= 17  yr=   1973  maxp=  2   start mon=  2   cr=    0.766    0.732   -0.333   -9.990
irun= 17  yr=   1974  maxp=  3   start mon=  1   cr=    0.562    0.707    0.626    0.176
irun= 17  yr=   1975  maxp=  1   start mon=  1   cr=    0.088   -0.624   -0.432   -0.048
irun= 17  yr=   1976  maxp=  1   start mon=  1   cr=    0.037   -0.155   -0.188    0.152
irun= 17  yr=   1978  maxp=  2   start mon=  2   cr=    0.861    0.828   -0.281   -9.990
irun= 17  yr=   1980  maxp=  1   start mon=  1   cr=    0.163   -0.413    0.439    0.227
irun= 17  yr=   1982  maxp=  1   start mon=  1   cr=    0.002   -0.201    0.155    0.705
irun= 17  yr=   1985  maxp=  1   start mon=  1   cr=    0.517   -0.077   -0.305   -0.061
irun= 17  yr=   1988  maxp=  1   start mon=  1   cr=    0.191    0.229    0.223    0.079
irun= 17  yr=   1989  maxp=  1   start mon=  1   cr=   -0.517    0.677   -0.494   -0.542
irun= 17  yr=   1990  maxp=  1   start mon=  1   cr=    0.334   -0.224   -0.336   -0.015
irun= 17  yr=   1991  maxp=  1   start mon=  1   cr=   -0.312   -0.687   -0.526    0.178
irun= 17  yr=   1992  maxp=  2   start mon=  2   cr=    0.941    0.798    0.172   -9.990
irun= 17  yr=   1994  maxp=  1   start mon=  1   cr=    0.195    0.604    0.754    0.027
irun= 17  yr=   1996  maxp=  1   start mon=  1   cr=   -0.179    0.148    0.208    0.103
irun= 17  yr=   1997  maxp=  1   start mon=  1   cr=    0.696   -0.047    0.066    0.272
irun= 17  yr=   1998  maxp=  2   start mon=  1   cr=    0.764    0.720   -0.026    0.203
irun= 17  yr=   2001  maxp=  1   start mon=  1   cr=    0.510   -0.157    0.311    0.369
irun= 17  yr=   2002  maxp=  2   start mon=  1   cr=    0.545    0.671    0.210   -0.098
irun= 17  yr=   2003  maxp=  2   start mon=  3   cr=    0.702    0.696   -9.990   -9.990
irun= 17  yr=   2007  maxp=  3   start mon=  1   cr=    0.771    0.630    0.518   -0.244
irun= 17  yr=   2008  maxp=  1   start mon=  1   cr=    0.406    0.437   -0.156   -0.068
irun= 17  yr=   2010  maxp=  1   start mon=  1   cr=   -0.065   -0.299   -0.376   -0.600
irun= 17  yr=   2011  maxp=  1   start mon=  1   cr=    0.682    0.148   -0.112   -0.148
irun= 18  yr=   1957  maxp=  1   start mon=  1   cr=    0.678    0.434    0.135   -0.230
irun= 18  yr=   1960  maxp=  1   start mon=  1   cr=    0.071   -0.334   -0.327   -0.565
irun= 18  yr=   1964  maxp=  2   start mon=  3   cr=    0.795    0.621   -9.990   -9.990
irun= 18  yr=   1966  maxp=  1   start mon=  1   cr=   -0.229   -0.214    0.291   -0.623
irun= 18  yr=   1968  maxp=  1   start mon=  1   cr=    0.711    0.147   -0.098    0.609
irun= 18  yr=   1969  maxp=  1   start mon=  1   cr=   -0.304   -0.434    0.247    0.135
irun= 18  yr=   1972  maxp=  1   start mon=  1   cr=    0.410    0.199   -0.088   -0.471
irun= 18  yr=   1976  maxp=  1   start mon=  1   cr=    0.281   -0.384    0.445    0.103
irun= 18  yr=   1978  maxp=  1   start mon=  1   cr=    0.313    0.143    0.358   -0.301
irun= 18  yr=   1981  maxp=  1   start mon=  1   cr=   -0.449   -0.289   -0.304   -0.354
irun= 18  yr=   1983  maxp=  2   start mon=  1   cr=    0.510    0.747    0.260    0.233
irun= 18  yr=   1984  maxp=  1   start mon=  1   cr=    0.277   -0.137   -0.252   -0.025
irun= 18  yr=   1986  maxp=  1   start mon=  1   cr=    0.625    0.186   -0.115   -0.404
irun= 18  yr=   1987  maxp=  2   start mon=  2   cr=    0.564    0.654    0.023   -9.990
irun= 18  yr=   1988  maxp=  1   start mon=  1   cr=   -0.186   -0.292   -0.323    0.587
irun= 18  yr=   1991  maxp=  2   start mon=  3   cr=    0.817    0.661   -9.990   -9.990
irun= 18  yr=   1995  maxp=  1   start mon=  1   cr=    0.548   -0.218   -0.408   -0.452
irun= 18  yr=   1996  maxp=  1   start mon=  1   cr=    0.441    0.216   -0.319   -0.316
irun= 18  yr=   1997  maxp=  1   start mon=  1   cr=   -0.029    0.499    0.376    0.434
irun= 18  yr=   1998  maxp=  1   start mon=  1   cr=    0.245    0.077    0.129    0.289
irun= 18  yr=   1999  maxp=  1   start mon=  1   cr=    0.101   -0.032   -0.312    0.058
irun= 18  yr=   2001  maxp=  1   start mon=  1   cr=   -0.049   -0.284   -0.491   -0.272
irun= 18  yr=   2002  maxp=  3   start mon=  2   cr=    0.866    0.840    0.788   -9.990
irun= 18  yr=   2006  maxp=  1   start mon=  1   cr=    0.759   -0.234   -0.190   -0.511
irun= 18  yr=   2007  maxp=  1   start mon=  1   cr=    0.568    0.345   -0.093   -0.196
irun= 18  yr=   2008  maxp=  1   start mon=  1   cr=   -0.415    0.113    0.025    0.063
irun= 18  yr=   2009  maxp=  2   start mon=  3   cr=    0.617    0.650   -9.990   -9.990
irun= 18  yr=   2010  maxp=  1   start mon=  1   cr=    0.586   -0.252    0.200    0.487
irun= 18  yr=   2011  maxp=  1   start mon=  1   cr=    0.164    0.477   -0.301    0.207
irun= 18  yr=   2012  maxp=  1   start mon=  1   cr=    0.169    0.104   -0.017   -0.015
 p1=   36.93957     p2=   47.07602     p3=   12.67056     p4=   2.826511     p5=  0.4873294    
 pw1=   9.746589     pw2=   15.78947     pw3=   4.580896     pw4=   1.072125     pw5=  0.3898636    
 pc1=   10.13645     pc2=   14.71735     pc3=   3.801169     pc4=   1.169591     pc5=   0.000000    
 pn1=   17.05653     pn2=   16.56920     pn3=   4.288499     pn4=  0.5847954     pn5=  9.7465873E-02
 warmyr=   18.00000     coldyr=   17.00000    
 yr=        1957 p1=           4 p2=          13 p3=           0 p4=           1 p5=           0
 yr=        1958 p1=           5 p2=          10 p3=           3 p4=           0 p5=           0
 yr=        1959 p1=           5 p2=          10 p3=           3 p4=           0 p5=           0
 yr=        1960 p1=           4 p2=          13 p3=           1 p4=           0 p5=           0
 yr=        1961 p1=          10 p2=           7 p3=           1 p4=           0 p5=           0
 yr=        1962 p1=          15 p2=           2 p3=           1 p4=           0 p5=           0
 yr=        1963 p1=           8 p2=           8 p3=           1 p4=           0 p5=           1
 yr=        1964 p1=           7 p2=           5 p3=           5 p4=           1 p5=           0
 yr=        1965 p1=           8 p2=           7 p3=           3 p4=           0 p5=           0
 yr=        1966 p1=           6 p2=          10 p3=           1 p4=           1 p5=           0
 yr=        1967 p1=          11 p2=           3 p3=           4 p4=           0 p5=           0
 yr=        1968 p1=           6 p2=           7 p3=           5 p4=           0 p5=           0
 yr=        1969 p1=          10 p2=           3 p3=           3 p4=           1 p5=           1
 yr=        1970 p1=           9 p2=           9 p3=           0 p4=           0 p5=           0
 yr=        1971 p1=           8 p2=           5 p3=           4 p4=           1 p5=           0
 yr=        1972 p1=           5 p2=          12 p3=           1 p4=           0 p5=           0
 yr=        1973 p1=           6 p2=           8 p3=           4 p4=           0 p5=           0
 yr=        1974 p1=           6 p2=           8 p3=           2 p4=           2 p5=           0
 yr=        1975 p1=           7 p2=           9 p3=           2 p4=           0 p5=           0
 yr=        1976 p1=           1 p2=          15 p3=           1 p4=           1 p5=           0
 yr=        1977 p1=          10 p2=           6 p3=           2 p4=           0 p5=           0
 yr=        1978 p1=           8 p2=           7 p3=           3 p4=           0 p5=           0
 yr=        1979 p1=          10 p2=           6 p3=           2 p4=           0 p5=           0
 yr=        1980 p1=           7 p2=          10 p3=           1 p4=           0 p5=           0
 yr=        1981 p1=           7 p2=           9 p3=           2 p4=           0 p5=           0
 yr=        1982 p1=           5 p2=           8 p3=           4 p4=           1 p5=           0
 yr=        1983 p1=           8 p2=           8 p3=           2 p4=           0 p5=           0
 yr=        1984 p1=           6 p2=          11 p3=           1 p4=           0 p5=           0
 yr=        1985 p1=           9 p2=           8 p3=           1 p4=           0 p5=           0
 yr=        1986 p1=           5 p2=          10 p3=           3 p4=           0 p5=           0
 yr=        1987 p1=           4 p2=           9 p3=           4 p4=           1 p5=           0
 yr=        1988 p1=           5 p2=           6 p3=           5 p4=           2 p5=           0
 yr=        1989 p1=          11 p2=           7 p3=           0 p4=           0 p5=           0
 yr=        1990 p1=           9 p2=           8 p3=           1 p4=           0 p5=           0
 yr=        1991 p1=           3 p2=           8 p3=           6 p4=           0 p5=           1
 yr=        1992 p1=           7 p2=           3 p3=           7 p4=           0 p5=           1
 yr=        1993 p1=          10 p2=           7 p3=           1 p4=           0 p5=           0
 yr=        1994 p1=           3 p2=          13 p3=           2 p4=           0 p5=           0
 yr=        1995 p1=          10 p2=           8 p3=           0 p4=           0 p5=           0
 yr=        1996 p1=          12 p2=           6 p3=           0 p4=           0 p5=           0
 yr=        1997 p1=           2 p2=          14 p3=           1 p4=           0 p5=           1
 yr=        1998 p1=           4 p2=           8 p3=           5 p4=           1 p5=           0
 yr=        1999 p1=           8 p2=           9 p3=           1 p4=           0 p5=           0
 yr=        2000 p1=           4 p2=          11 p3=           3 p4=           0 p5=           0
 yr=        2001 p1=           3 p2=          13 p3=           1 p4=           1 p5=           0
 yr=        2002 p1=           3 p2=           8 p3=           4 p4=           3 p5=           0
 yr=        2003 p1=           8 p2=           5 p3=           4 p4=           1 p5=           0
 yr=        2004 p1=           9 p2=           7 p3=           2 p4=           0 p5=           0
 yr=        2005 p1=          10 p2=           7 p3=           1 p4=           0 p5=           0
 yr=        2006 p1=           6 p2=           9 p3=           3 p4=           0 p5=           0
 yr=        2007 p1=           4 p2=           9 p3=           2 p4=           3 p5=           0
 yr=        2008 p1=           4 p2=          14 p3=           0 p4=           0 p5=           0
 yr=        2009 p1=           8 p2=           5 p3=           2 p4=           3 p5=           0
 yr=        2010 p1=           4 p2=          12 p3=           1 p4=           1 p5=           0
 yr=        2011 p1=           2 p2=           9 p3=           5 p4=           2 p5=           0
 yr=        2012 p1=           5 p2=          13 p3=           0 p4=           0 p5=           0
 yr=        2013 p1=           5 p2=           8 p3=           3 p4=           2 p5=           0
 lag=           0  ncase=        4104
 mean=  0.2029524      std=  0.3587173    
 lag=           1  ncase=        3078
 mean=  8.0744296E-02  std=  0.3694154    
 lag=           2  ncase=        2052
 mean=  5.5120111E-02  std=  0.3561261    
 lag=           3  ncase=        1026
 mean=  3.3178762E-02  std=  0.3549112    
