 coslat=  1.2675908E-06  4.3620646E-02  8.7156989E-02  0.1305273      0.1736493      0.2164407      0.2588200      0.3007067      0.3420210      0.3826843      0.4226191      0.4617494      0.5000007      0.5373003      0.5735770      0.6087620      0.6427882      0.6755907      0.7071072      0.7372777      0.7660448      0.7933536      0.8191524      0.8433917      0.8660256      0.8870110      0.9063079      0.9238796      0.9396927      0.9537171      0.9659259      0.9762961      0.9848078      0.9914449      0.9961947      0.9990482       1.000000      0.9990482      0.9961947      0.9914449      0.9848078      0.9762961      0.9659259      0.9537171      0.9396927      0.9238796      0.9063079      0.8870110      0.8660256      0.8433917      0.8191524      0.7933536      0.7660448      0.7372777      0.7071072      0.6755907      0.6427882      0.6087620      0.5735770      0.5373003      0.5000007      0.4617494      0.4226191      0.3826843      0.3420210      0.3007067      0.2588200      0.2164407      0.1736493      0.1305273      8.7156989E-02  4.3620646E-02  1.2675908E-06
 ngrd=         4176
 ......... CALL OFROTA BEGIN
 ier=    0
 rotation effectiveness=211670.38
 vvv=   211670.4    
 nf=           11
 km=           1  eval=  0.2255104      reval=  0.1664070    
 km=           2  eval=  0.1008126      reval=  0.1051699    
 km=           3  eval=  8.3598174E-02  reval=  7.8581341E-02
 km=           4  eval=  7.4676000E-02  reval=  6.4705320E-02
 km=           5  eval=  6.0045335E-02  reval=  5.9919830E-02
 km=           6  eval=  4.8934057E-02  reval=  5.5644698E-02
 km=           7  eval=  4.2994693E-02  reval=  5.3049166E-02
 km=           8  eval=  3.7747264E-02  reval=  5.2946296E-02
 km=           9  eval=  3.1933174E-02  reval=  5.0141238E-02
 km=          10  eval=  2.7386714E-02  reval=  4.1314285E-02
 km=          11  eval=  2.4297934E-02  reval=  3.0055830E-02
 .........  ROTATE PC
 ...... OK ROTATION
 eval=            1  0.2254763    
 eval=            2  0.1007973    
 eval=            3  8.3585545E-02
 eval=            4  7.4664719E-02
 eval=            5  6.0036276E-02
 eval=            6  4.8926674E-02
 eval=            7  4.2988203E-02
 eval=            8  3.7741568E-02
 eval=            9  3.1928353E-02
 eval=           10  2.7382582E-02
 eval=           11  2.4294266E-02
 eval=           12  2.0859057E-02
 eval=           13  1.9395843E-02
 eval=           14  1.6432028E-02
 eval=           15  1.5400439E-02
 eval=           16  1.4986860E-02
 eval=           17  1.3006473E-02
 eval=           18  1.1529421E-02
 eval=           19  9.7886799E-03
 eval=           20  9.0154884E-03
 total=   0.8882361    
 reval=            1  0.1664070    
 reval=            2  0.1051699    
 reval=            3  7.8581341E-02
 reval=            4  6.4705320E-02
 reval=            5  5.9919830E-02
 reval=            6  5.5644698E-02
 reval=            7  5.3049166E-02
 reval=            8  5.2946296E-02
 reval=            9  5.0141238E-02
 reval=           10  4.1314285E-02
 reval=           11  3.0055830E-02
 total=   0.7579349    
