
TISEAN 2.0 (C) R. Hegger, H. Kantz, T. Schreiber

c1: fixed mass approach to d1 estimation

Usage: c1 -d# -m# -M# -t# -n# [-## -K# -o outfile -l# -x# -c# -V# -h] file
    -d <delay>
    -m <minimal embedding dimension (at least 2)>
    -M <maximal embedding dimension (at least 2)>
    -t <minimal time separation>
    -n <minimal number of center points>
    -# <resolution, values per octave (2)>
    -K <maximal number of neighbours (100)>
    -l <number of values to be read (all)>
    -x <number of values to be skipped (0)>
    -c <column to be read (1 or file,#)>
    -o <output file name, just -o means file_c1>
    -V <verbosity level (0 = only fatal errors)>
    -h <show this message>


TISEAN 2.0 (C) R. Hegger, H. Kantz, T. Schreiber

c2naive: correlation sum, no fast neighbour search

Usage: c2naive -d# -M# -t# [-m# -## -T# -o outfile -l# -x# -c# -V# -h] file(s)
    -d <delay>
    -M <maximal embedding dimension>
    -t <minimal time separation>
    -m <minimal embedding dimension (1)>
    -# <resolution, values per octave (2)>
    -T <for Guido>
    -l <number of values to be read (all)>
    -x <number of values to be skipped (0)>
    -c <column to be read (1 or file,#)>
    -o <output file name, just -o means file_c2>
    -V <verbosity level (0 = only fatal errors)>
    -h <show this message>


TISEAN 2.0 (C) R. Hegger, H. Kantz, T. Schreiber

xc2: cross correlation sum of two data sets

Usage: xc2 -M# -n# -t# [-d# -N# -## -r# -R# -o outfile -l# -x# -c#[,#] -V# -h] file
    -M <maximal embedding dimension>
    -t <minimal time separation>
    -n <minimal number of center points>
    -d <delay (1)>
    -N <maximal number of pairs (1000)>
    -# <resolution, values per octave (2)>
    -r <minimal length to be probed (as long as pairs found)>
    -R <maximal length to be probed (xmax-xmin)>
    -l <number of values to be read (all)>
    -x <number of values to be skipped (0)>
    -c <columns to be read (1,2)>
    -o <output file name, just -o means file_xc2>
    -V <verbosity level (0 = only fatal errors)>
    -h <show this message>


TISEAN 2.0 (C) R. Hegger, H. Kantz, T. Schreiber

c2d: local slopes from c1/c2 correlation sum data

Usage: c2d [-a# -o outfile -V# -h] file
    -a <average using -#,...,+# (1)>
    -o <output file name, just -o means file_d>
    -V <verbosity level (0 = only fatal errors)>
    -h <show this message>


TISEAN 2.0 (C) R. Hegger, H. Kantz, T. Schreiber

c2g: Gaussian kernel correlation sum from c2

Usage: c2g [-o outfile -V# -h] file
    -o <output file name, just -o means file_g>
    -V <verbosity level (0 = only fatal errors)>
    -h <show this message>


TISEAN 2.0 (C) R. Hegger, H. Kantz, T. Schreiber

c2t: Takens' estimator from correlation sum data

Usage: c2t [-o outfile -V# -h] file
    -o <output file name, just -o means file_t>
    -V <verbosity level (0 = only fatal errors)>
    -h <show this message>


TISEAN 2.0 (C) R. Hegger, H. Kantz, T. Schreiber

delay: embed using delay coordinates

Usage: delay [-d# -m# -o outfile -l# -x# -c# -V# -h] file
    -d <delay (1)>
    -m <embedding dimension (2)>
    -l <number of values to be read (all)>
    -x <number of values to be skipped (0)>
    -c <column to be read (1 or file,#)>
    -o <output file name, just -o means file_delay>
    -V <verbosity level (0 = only fatal errors)>
    -h <show this message>


TISEAN 2.0 (C) R. Hegger, H. Kantz, T. Schreiber

pc: embed using principal components

Usage: pc -m# [-d# -q# -o outfile -l# -x# -c# -V# -h] file
    -m <initial embedding dimension>
    -d <delay for initial embedding (1)>
    -q <number of principal components (2)>
    -l <number of values to be read (all)>
    -x <number of values to be skipped (0)>
    -c <column to be read (1 or file,#)>
    -o <output file name, just -o means file_pc>
    -V <verbosity level (0 = only fatal errors)>
    -h <show this message>


TISEAN 2.0 (C) R. Hegger, H. Kantz, T. Schreiber

predict: prediction with locally constant fits

Usage: predict -d# -m# [-r# | -v#] [-s# -o outfile -l# -x# -c# -V# -h] file(s)
   either -r or -v must be present
    -d <delay>
    -m <embedding dimension (at least 2)>
    -r <absolute radius of neighbourhoods>
    -v <same as fraction of standard deviation>
    -s <time steps ahead forecast (one step)>
    -l <number of values to be read (all)>
    -x <number of values to be skipped (0)>
    -c <column to be read (1 or file,#)>
    -o <output file name, just -o means file_pred>
    -V <verbosity level (0 = only fatal errors)>
    -h <show this message>


TISEAN 2.0 (C) R. Hegger, H. Kantz, T. Schreiber

stp: space-time separation plot

Usage: stp  -d# -m# [-## -t# -%# -o outfile -l# -x# -c# -V# -h] file
    -d <delay>
    -m <embedding dimension>
    -# <time resolution (1)>
    -t <time steps (100, <500)>
    -% <fraction at wich to create levels (0.05, >0.01)>
    -l <number of values to be read (all)>
    -x <number of values to be skipped (0)>
    -c <column to be read (1 or file,#)>
    -o <output file name, just -o means file_stp>
    -V <verbosity level (0 = only fatal errors)>
    -h <show this message>


TISEAN 2.0 (C) R. Hegger, H. Kantz, T. Schreiber

lazy: simple nonlinear noise reduction

Usage: lazy -m# [-r# | -v#] [-i# -o outfile -l# -x# -c# -V# -h] file
   either -r or -v must be present
    -m <embedding dimension (at least 2)>
    -r <absolut radius of neighbourhoods>
    -v <same as fraction of standard deviation>
    -i <number of iterations (1)>
    -l <number of values to be read (all)>
    -x <number of values to be skipped (0)>
    -c <column to be read (1 or file,#)>
    -o <output file name, just -o means file_lc,  file_lcc (etc.)>
    -V <verbosity level (0 = only fatal errors)>
    -h <show this message>


TISEAN 2.0 (C) R. Hegger, H. Kantz, T. Schreiber

project: nonlinear noise reduction (see also: noise)

Usage: project -m# -q# -r# -k# [-i# -o outfile -l# -x# -c# -V# -h] file
    -m <embedding dimension (at least 2)>
    -q <dimension of manifold>
    -r <radius of neighbourhoods>
    -k <minimal number of neighbours>
    -i <number of iterations (1)>
    -l <number of values to be read (all)>
    -x <number of values to be skipped (0)>
    -c <column to be read (1 or file,#)>
    -o <output file name, just -o means file_c, file_cc (etc.)>
    -V <verbosity level (0 = only fatal errors)>
    -h <show this message>

   Verbosity levels (add what you want):
             1 = input/output
             2 = state of neighbour search

usage: addnoise inimage outimage noiseimage mag

TISEAN 2.0 (C) R. Hegger, H. Kantz, T. Schreiber

compare: compare time series in RMS sense

Usage: compare [-l# -x# -c#[,#] -V# -h] file
    -l <number of values to be read (all)>
    -x <number of values to be skipped (0)>
    -c <columns to be read (1,2)>
    -V <verbosity level (0 = only fatal errors)>
    -h <show this message>


TISEAN 2.0 (C) R. Hegger, H. Kantz, T. Schreiber

upo: locate unstable periodic points

Usage: upo -m# [-r# | -v#] [-p# -w# -W# -a# -s# -n# -o outfile -l# -x# -c# -V# -h] file(s)
   either -r or -v must be present
    -m <embedding dimension>
    -r <absolute kernel bandwidth>
    -v <same as fraction of standard deviation>
    -p <period of orbit (1)>
    -w <minimal separation of trial points (e)>
    -W <minimal separation of distinct orbits (e)>
    -a <maximal error of orbit to be plotted (all plotted)>
    -s <initial separation for stability (e)>
    -n <number of trials (all points)>
    -l <number of values to be read (all)>
    -x <number of values to be skipped (0)>
    -c <column to be read (1 or file,#)>
    -o <output file name, just -o means file_upo_pp>
    -V <verbosity level (0 = only fatal errors)>
    -h <show this message>

   Verbosity levels (add what you want):
             1 = input/output
             2 = print orbits found
             4 = status after 1000 points
             8 = status after 100 points
            16 = status after 10 points

TISEAN 2.0 (C) R. Hegger, H. Kantz, T. Schreiber

upoembed: embed using delay coordinates

Usage: upoembed -d# [-m# -p# -o outfile -l# -x# -c# -V# -h] file
    -d <delay>
    -m <embedding dimension (2)>
    -p <period of orbit (1)>
    -l <number of values to be read (all)>
    -x <number of values to be skipped (0)>
    -c <column to be read (1 or file,#)>
    -o <output file name, just -o means file_delay>
    -V <verbosity level (0 = only fatal errors)>
    -h <show this message>


TISEAN 2.0 (C) R. Hegger, H. Kantz, T. Schreiber

cluster: clustering a dissimilarity matrix

Usage: cluster -## [-= -X xfile] file
    -# <number of clusters>
    -= <if set, bias towards similar size clusters>
    -X <list of indices with fixed cluster assignments>
    -o <output file name, just -o means file_clust>
    -V <verbosity level (0 = only fatal errors)>
    -h <show this message>

   Verbosity levels (add what you want):
             1 = input/output
             2 = state of clustering
             8 = temperature / cost at cooling

TISEAN 2.0 (C) R. Hegger, H. Kantz, T. Schreiber

choose: Choose columns and sub-sequences from a file

Usage: choose [-o outfile -l# -x# -m# -c#[,#] -V# -h] file
    -l <number of values to be read (all)>
    -x <number of values to be skipped (0)>
    -m <number of columns to be read (1)>
    -c <columns to be read (1)>
    -o <output file name, just -o means file_select>
    -V <verbosity level (0 = only fatal errors)>
    -h <show this message>


TISEAN 2.0 (C) R. Hegger, H. Kantz, T. Schreiber

rms: compute mean/standard deviation, normalise

Usage: rms [-a -v -o outfile -l# -x# -c# -V# -h] file(s)
    -a <subtract average>
    -v <subtract mean, normalise to unit variance>
    -l <number of values to be read (all)>
    -x <number of values to be skipped (0)>
    -c <column to be read (1 or file,#)>
    -o <output file name, just -o means file_a (if -a), file_v (if -v)>
    -V <verbosity level (0 = only fatal errors)>
    -h <show this message>


TISEAN 2.0 (C) R. Hegger, H. Kantz, T. Schreiber

notch: notch filter

Usage: notch -X# [-f# -w# -o outfile -l# -x# -c# -V# -h] file(s)
    -X <frequency to be cancelled>
    -f <sampling rate of data (1)>
    -w <width of filter (f/100)>
    -l <number of values to be read (all)>
    -x <number of values to be skipped (0)>
    -c <column to be read (1 or file,#)>
    -o <output file name, just -o means file_notch>
    -V <verbosity level (0 = only fatal errors)>
    -h <show this message>


TISEAN 2.0 (C) R. Hegger, H. Kantz, T. Schreiber

autocor: autocorrelation function

Usage: autocor [-v -p -P -o outfile -l# -x# -c# -V# -h] file(s)
    -v <give unnormalised autocovariance>
    -p <assume periodic continuation>
    -P <assume periodic continuation exactly>
    -l <number of values to be read (all)>
    -x <number of values to be skipped (0)>
    -c <column to be read (1 or file,#)>
    -o <output file name, just -o means file_co>
    -V <verbosity level (0 = only fatal errors)>
    -h <show this message>


TISEAN 2.0 (C) R. Hegger, H. Kantz, T. Schreiber

spectrum: Fourier power spectrum

Usage: spectrum [-f# -w# -o outfile -l# -x# -c# -V# -h] file(s)
    -f <sampling rate (e.g. in Hz, default 1.)>
    -w <frequency resolution (e.g. in Hz, default 1/N)>
    -l <number of values to be read (all)>
    -x <number of values to be skipped (0)>
    -c <column to be read (1 or file,#)>
    -o <output file name, just -o means file_sp>
    -V <verbosity level (0 = only fatal errors)>
    -h <show this message>


TISEAN 2.0 (C) R. Hegger, H. Kantz, T. Schreiber

wiener1: Wiener filter (first part)

Usage: wiener1 [-f# -o outfile -l# -x# -c# -V# -h] file
   then edit file_amp and run: wiener2 [-o outfile -l# -x# -c# -V# -h] file
    -f <sampling rate (e.g. in Hz, default 1.)>
    -l <number of values to be read (all)>
    -x <number of values to be skipped (0)>
    -c <column to be read (1 or file,#)>
    -o <output file name, just -o means file_amp>
    -V <verbosity level (0 = only fatal errors)>
    -h <show this message>

   Note: "-" not accepted as file


TISEAN 2.0 (C) R. Hegger, H. Kantz, T. Schreiber

wiener2: Wiener filter (second part)

Usage: wiener2 [-o outfile1 -O outfile -l# -x# -c# -V# -h] file
   to provide periodogram, first run: wiener1 [-f# -o outfile -l# -x# -c# -V# -h] file
    -l <number of values to be read (all)>
    -x <number of values to be skipped (0)>
    -c <column to be read (1 or file,#)>
    -o <output file of wiener1, just -o means file_amp>
    -O <final output file name, just -O means file_wc>
    -V <verbosity level (0 = only fatal errors)>
    -h <show this message>

   Note: "-" not accepted as file


TISEAN 2.0 (C) R. Hegger, H. Kantz, T. Schreiber

surrogates: Create Multivariate Surrogate data

Usage: surrogates [-n# -i# -S -I# -o outfile -l# -x# -m# -c#[,#] -V# -h] file
    -n <number of surrogates (1)>
    -i <number of iterations (until no change)>
    -S <make spectrum exact rather than distribution>
    -I <seed for random numbers>
    -l <number of values to be read (all)>
    -x <number of values to be skipped (0)>
    -m <number of columns to be read (1)>
    -c <columns to be read (1)>
    -o <output file name, just -o means file_surr(_nnn)>
    -V <verbosity level (0 = only fatal errors)>
    -h <show this message>

   Verbosity levels (add what you want):
             1 = input/output
             2 = iterations / discrepancy

TISEAN 2.0 (C) R. Hegger, H. Kantz, T. Schreiber

endtoend: Determine end-to-end mismatch

Usage: endtoend [-j# -o outfile -l# -x# -c# -V# -h] file
    -j <weight given to jump relative to slip (0.5)>
    -l <number of values to be read (all)>
    -x <number of values to be skipped (0)>
    -m <number of columns to be read (1)>
    -c <columns to be read (1)>
    -o <output file name, just -o means file_end>
    -V <verbosity level (0 = only fatal errors)>
    -h <show this message>


TISEAN 2.0 (C) R. Hegger, H. Kantz, T. Schreiber

timerev: time reversal asymmetry statistic

Usage: timerev [-d# -l# -x# -c# -V# -h] file(s)
    -d <delay (1)>
    -l <number of values to be read (all)>
    -x <number of values to be skipped (0)>
    -c <column to be read (1 or file,#)>
    -V <verbosity level (0 = only fatal errors)>
    -h <show this message>


TISEAN 2.0 (C) R. Hegger, H. Kantz, T. Schreiber

events: interval to event time conversion

Usage: events [-o outfile -l# -x# -c# -V# -h] file(s)
    -l <number of values to be read (all)>
    -x <number of values to be skipped (0)>
    -c <column to be read (1 or file,#)>
    -o <output file name, just -o means file_st>
    -V <verbosity level (0 = only fatal errors)>
    -h <show this message>


TISEAN 2.0 (C) R. Hegger, H. Kantz, T. Schreiber

intervals: event time to interval conversion

Usage: intervals [-o outfile -l# -x# -c# -V# -h] file(s)
    -l <number of values to be read (all)>
    -x <number of values to be skipped (0)>
    -c <column to be read (1 or file,#)>
    -o <output file name, just -o means file_ss>
    -V <verbosity level (0 = only fatal errors)>
    -h <show this message>


TISEAN 2.0 (C) R. Hegger, H. Kantz, T. Schreiber

spikespec: spectrum of spike trains

Usage: spikespec [-F# -## -w# -i -o outfile -l# -x# -c# -V# -h] file(s)
    -F <maximal frequency (2*l / total time)>
    -# <number of frequencies (F* total time /2)>
    -w <frequency resolution (0)>
    -i <expect intervals rather than times>
    -l <number of values to be read (all)>
    -x <number of values to be skipped (0)>
    -c <column to be read (1 or file,#)>
    -o <output file name, just -o means file_ss>
    -V <verbosity level (0 = only fatal errors)>
    -h <show this message>


TISEAN 2.0 (C) R. Hegger, H. Kantz, T. Schreiber

spikeauto: spike train autocorrelation function

Usage: spikeauto -d# -D# [-i -o outfile -l# -x# -c# -V# -h] file(s)
    -d <time span of one bin>
    -D <total time spanned>
    -i <expect intervals rather than times>
    -l <number of values to be read (all)>
    -x <number of values to be skipped (0)>
    -c <column to be read (1 or file,#)>
    -o <output file name, just -o means file_sco>
    -V <verbosity level (0 = only fatal errors)>
    -h <show this message>


TISEAN 2.0 (C) R. Hegger, H. Kantz, T. Schreiber

henon: Henon map

Usage: henon -l# [-A# -B# -X# -Y# -o outfile -x# -V# -h]
    -l <number of points x,y (l=0: infinite)>
    -A <parameter a (1.4)>
    -B <parameter b (0.3)>
    -X <initial x>
    -Y <initial y>
    -x <number of transients discarded (10000)>
    -o <output file name, just -o means henon.dat>
    -V <verbosity level (0 = only fatal errors)>
    -h <show this message>


TISEAN 2.0 (C) R. Hegger, H. Kantz, T. Schreiber

ikeda: Ikeda map

Usage: ikeda -l# [-A# -B# -C# -R# -I# -o outfile -x# -V# -h]
    -l <number of points x,y (l=0: infinite)>
    -A <parameter a (0.4)>
    -B <parameter b (6.0)>
    -C <parameter c (0.9)>
    -R <initial Re(z)>
    -I <initial Im(z)>
    -x <number of transients discarded (10000)>
    -o <output file name, just -o means ikeda.dat>
    -V <verbosity level (0 = only fatal errors)>
    -h <show this message>


TISEAN 2.0 (C) R. Hegger, H. Kantz, T. Schreiber

ar-run: iterate AR model, e.g. as fitted by ar-model

Usage: ar-run -l# [-p# -I# -o outfile -x# -V# -h] file
    -l <number of iterations (l=0: infinite)>
    -p <order of AR-model (default determined from input)>
    -I <seed for random numbers>
    -x <number of transients discarded (10000)>
    -o <output file name, just -o means ar.dat>
    -V <verbosity level (0 = only fatal errors)>
    -h <show this message>


TISEAN 2.0 (C) R. Hegger, H. Kantz, T. Schreiber

randomize_auto_exp_random: constrained randomization

Usage: randomize_auto_exp_random [-n# -u# -I# -o outfile -l# -x# -c# -V# -h] [cost opt.] [cooling opt.] [permutation opt.] file
    -n <number of surrogates (1)>
    -u <improvement factor before write (0.9)>
    -I <seed for random numbers (0)>
    -l <number of values to be read (all)>
    -x <number of values to be skipped (0)>
    -c <column to be read (1 or file,#)>
    -o <output file name, just -o means file_rnd(_nnn)>
    -V <verbosity level (0 = only fatal errors)>
    -h <show this message>

   Verbosity levels (add what you want):
             1 = input/output
             2 = current cost if improved
             4 = cost mismatch
             8 = temperature etc. at cooling
            16 = verbose cost if improved
            32 = verbose cost mismatch

   Cost function options: -D# [-W#]
    -D <number of lags>
    -W <average: 0=max(c) 1=|c|/lag 2=(c/lag)**2 3=max(c)/lag (0)>

   Cooling options: [-T# -a# -S# -s# -z# -C#]
    -T <initial temperature (auto)>
    -a <cooling factor (auto)>
    -S <total steps before cooling (20000)>
    -s <successful steps before cooling (2000)>
    -z <minimal successful steps before cooling (200)>
    -C <goal value of cost function (0.0)>

   Permutation options: [-X xfile]
    -X <list of indices excluded from permutation>


TISEAN 2.0 (C) R. Hegger, H. Kantz, T. Schreiber

randomize_autop_exp_random: constrained randomization

Usage: randomize_autop_exp_random [-n# -u# -I# -o outfile -l# -x# -c# -V# -h] [cost opt.] [cooling opt.] [permutation opt.] file
    -n <number of surrogates (1)>
    -u <improvement factor before write (0.9)>
    -I <seed for random numbers (0)>
    -l <number of values to be read (all)>
    -x <number of values to be skipped (0)>
    -c <column to be read (1 or file,#)>
    -o <output file name, just -o means file_rnd(_nnn)>
    -V <verbosity level (0 = only fatal errors)>
    -h <show this message>

   Verbosity levels (add what you want):
             1 = input/output
             2 = current cost if improved
             4 = cost mismatch
             8 = temperature etc. at cooling
            16 = verbose cost if improved
            32 = verbose cost mismatch

   Cost function options: -D# [-W#]
    -D <number of lags>
    -W <average: 0=max(c) 1=|c|/lag 2=(c/lag)**2 3=max(c)/lag (0)>

   Cooling options: [-T# -a# -S# -s# -z# -C#]
    -T <initial temperature (auto)>
    -a <cooling factor (auto)>
    -S <total steps before cooling (20000)>
    -s <successful steps before cooling (2000)>
    -z <minimal successful steps before cooling (200)>
    -C <goal value of cost function (0.0)>

   Permutation options: [-X xfile]
    -X <list of indices excluded from permutation>


TISEAN 2.0 (C) R. Hegger, H. Kantz, T. Schreiber

randomize_spikeauto_exp_random: constrained randomization

Usage: randomize_spikeauto_exp_random [-n# -u# -I# -o outfile -l# -x# -c# -V# -h] [cost opt.] [cooling opt.] [permutation opt.] file
    -n <number of surrogates (1)>
    -u <improvement factor before write (0.9)>
    -I <seed for random numbers (0)>
    -l <number of values to be read (all)>
    -x <number of values to be skipped (0)>
    -c <column to be read (1 or file,#)>
    -o <output file name, just -o means file_rnd(_nnn)>
    -V <verbosity level (0 = only fatal errors)>
    -h <show this message>

   Verbosity levels (add what you want):
             1 = input/output
             2 = current cost if improved
             4 = cost mismatch
             8 = temperature etc. at cooling
            16 = verbose cost if improved
            32 = verbose cost mismatch

   Cost function options: -d# -D# [-i -W#]
    -d <time span of one bin>
    -D <total time spanned>
    -i <expect intervals rather than times>
    -W <average: 0=max(c) 1=|c|/lag 2=(c/lag)**2 (0)>

   Cooling options: [-T# -a# -S# -s# -z# -C#]
    -T <initial temperature (auto)>
    -a <cooling factor (auto)>
    -S <total steps before cooling (20000)>
    -s <successful steps before cooling (2000)>
    -z <minimal successful steps before cooling (200)>
    -C <goal value of cost function (0.0)>

   Permutation options: [-X xfile]
    -X <list of indices excluded from permutation>


TISEAN 2.0 (C) R. Hegger, H. Kantz, T. Schreiber

randomize_spikespec_exp_event: constrained randomization

Usage: randomize_spikespec_exp_event [-n# -u# -I# -o outfile -l# -x# -c# -V# -h] [cost opt.] [cooling opt.] [permutation opt.] file
    -n <number of surrogates (1)>
    -u <improvement factor before write (0.9)>
    -I <seed for random numbers (0)>
    -l <number of values to be read (all)>
    -x <number of values to be skipped (0)>
    -c <column to be read (1 or file,#)>
    -o <output file name, just -o means file_rnd(_nnn)>
    -V <verbosity level (0 = only fatal errors)>
    -h <show this message>

   Verbosity levels (add what you want):
             1 = input/output
             2 = current cost if improved
             4 = cost mismatch
             8 = temperature etc. at cooling
            16 = verbose cost if improved
            32 = verbose cost mismatch

   Cost function options: [-F# -## -w# -i]
    -W <average: 0=max(s) 1=|s|/f 2=(s/f)**2 3=|s| (0)>
    -F <maximal frequency (2*l / total time)>
    -# <number of frequencies (F* total time /2)>
    -w <frequency resolution (0)>
    -i <expect intervals rather than times>

   Cooling options: [-T# -a# -S# -s# -z# -C#]
    -T <initial temperature (auto)>
    -a <cooling factor (auto)>
    -S <total steps before cooling (20000)>
    -s <successful steps before cooling (2000)>
    -z <minimal successful steps before cooling (200)>
    -C <goal value of cost function (0.0)>



TISEAN 2.0 (C) R. Hegger, H. Kantz, T. Schreiber

randomize_uneven_exp_random: constrained randomization

Usage: randomize_uneven_exp_random [-n# -u# -I# -o outfile -l# -x# -c# -V# -h] [cost opt.] [cooling opt.] [permutation opt.] file
    -n <number of surrogates (1)>
    -u <improvement factor before write (0.9)>
    -I <seed for random numbers (0)>
    -l <number of values to be read (all)>
    -x <number of values to be skipped (0)>
    -c <column to be read (1 or file,#)>
    -o <output file name, just -o means file_rnd(_nnn)>
    -V <verbosity level (0 = only fatal errors)>
    -h <show this message>

   Verbosity levels (add what you want):
             1 = input/output
             2 = current cost if improved
             4 = cost mismatch
             8 = temperature etc. at cooling
            16 = verbose cost if improved
            32 = verbose cost mismatch

   Cost function options: -d# -D# [-W#]
    -d <time span of one bin>
    -D <total time spanned>
    -W <average: 0=max(c) 1=|c|/lag 2=(c/lag)**2 (0)>

   Cooling options: [-T# -a# -S# -s# -z# -C#]
    -T <initial temperature (auto)>
    -a <cooling factor (auto)>
    -S <total steps before cooling (20000)>
    -s <successful steps before cooling (2000)>
    -z <minimal successful steps before cooling (200)>
    -C <goal value of cost function (0.0)>

   Permutation options: [-X xfile]
    -X <list of indices excluded from permutation>


TISEAN 2.0 (C) R. Hegger, H. Kantz, T. Schreiber

poincare: Make a Poincare section

 Usage: poincare [Options]

 Options:
Everything not being a valid option will be interpreted as a possible datafile.
If no datafile is given stdin is read. Just - also means stdin
	-l # of points to be used [Default: whole file]
	-x #of lines to be ignored [Default: 0]
	-c column to read  [Default: 1]
	-m embedding dimension [Default: 2]
	-d delay [Default: 1]
	-q component to cut [Default: last]
	-C direction of the cut (0: from below,1: from above)
		[Default: 0]
	-a set crossing at [Default: average of data]
	-o outfile [Default: 'datafile'.poin]
	-V verbosity level [Default: 1]
		0='only panic messages'
		1='+ input/output messages'
	-h  show these options


TISEAN 2.0 (C) R. Hegger, H. Kantz, T. Schreiber

extrema: Determines the maxima (minima) of a time series

Usage: extrema [options]
Options:
Everything not being a valid option will be interpreted as a possible datafile.
If no datafile is given stdin is read. Just - also means stdin
	-l # of points to use [Default: whole file]
	-x # of lines to be ignored [Default: 0]
	-c column to read [Default: 1]
	-z determine minima instead of maxima [Default: maxima]
	-t minimal required time between two extrema [Default: 0.0]
	-o output file name [Default: 'datafile'.ext, without -o: stdout]
	-V verbosity level [Default: 1]
		0='only panic messages'
		1='+ input/output messages'
	-h show these options

TISEAN 2.0 (C) R. Hegger, H. Kantz, T. Schreiber

rescale: Rescales the data

 Usage: rescale [options]
 Options:
Everything not being a valid option will be interpreted as a possible datafile.
If no datafile is given stdin is read. Just - also means stdin
	-l # of data to use [default: whole file]
	-x # of lines to ignore [default: 0]
	-c column to read [default: 1]
	-z minimum of the new series [default: 0.0]
	-Z maximum of the new series [default: 1.0]
	-a create a series with average value equals 0
	-v create a series with variance 1
	-o output file name [default: 'datafile'.res']
	-V verbosity level [default: 1]
		0='only panic messages'
		1='+ input/output messages'
	-h show these options

TISEAN 2.0 (C) R. Hegger, H. Kantz, T. Schreiber

recurr: This programs makes a recurrence plot for the data.

Usage: recurr [options]
Options:
Everything not being a valid option will be interpreted as a possible datafile.
If no datafile is given stdin is read. Just - also means stdin
	-l # of data to use [Default: whole file]
	-x # of lines to be ignored [Default: 0]
	-c column to read [Default: 1]
	-m embedding dimension [Default: 1]
	-d delay [Default: 1]
	-r size of the neighbourhood [Default: (data interval)/1000]
	-% print only a percentage of points found [Default:  100.0]
	-o output file name [Default: 'datafile'.rec
		without -o: stdout]
	-V verbosity level [Default: 1]
		0='only panic messages'
		1='+ input/output messages'
	-h show these options

TISEAN 2.0 (C) R. Hegger, H. Kantz, T. Schreiber

corr: Estimates the autocorrelations of a data set

 Usage: corr [Options]
 Options:
Everything not being a valid option will be interpreted as a possible datafile.
If no datafile is given stdin is read. Just - also means stdin
	-l length [default is whole file]
	-x # of lines to be ignored [default 0]
	-c column to read [default is 1]
	-D corrlength  [default is 100]
	-o output_file  [default is 'datafile'.cor; no -o means stdout]
	-V verbosity level [default is 1]
		0='only panic messages'
		1='+ input/output messages'
	-h show these options


TISEAN 2.0 (C) R. Hegger, H. Kantz, T. Schreiber

mutual: Estimates the time delayed mutual information
	of the data set

 Usage: mutual [Options]

 Options:
Everything not being a valid option will be interpreted as a possible datafile.
If no datafile is given stdin is read. Just - also means stdin
	-l # of points to be used [Default is all]
	-x # of lines to be ignored [Default is 0]
	-c column to read  [Default is 1]
	-b # of boxes [Default is 16]
	-D max. time delay [Default is 20]
	-o output file [-o without name means 'datafile'.mut;
		No -o means write to stdout]
	-V verbosity level [Default is 1]
		0='only panic messages'
		1='+ input/output messages'
	-h  show these options


TISEAN 2.0 (C) R. Hegger, H. Kantz, T. Schreiber

false_nearest: Determines the fraction of false nearest neighbors.

 Usage: false_nearest [options]
 Options:
Everything not being a valid option will be interpreted as a possible datafile.
If no datafile is given stdin is read. Just - also means stdin
	-l # of data [default: whole file]
	-x # of lines to ignore [default: 0]
	-c column to read [default: 1]
	-m minimal embedding dimension [default: 1]
	-M maximal embedding dimension [default: 5]
	-d delay [default: 1]
	-f escape factor [default: 10.0]
	-t theiler window [default: 0]
	-o output file [default: 'datafile'.fnn; without -o stdout]
	-V verbosity level [default: 3]
		0='only panic messages'
		1='+ input/output messages'
		2='+ information about the current state
	-h show these options

TISEAN 2.0 (C) R. Hegger, H. Kantz, T. Schreiber

lyap_r: Estimates the maximal Lyapunov exponent; Rosenstein et al.

 Usage: lyap_r [options]
 Options:
Everything not being a valid option will be interpreted as a possible datafile.
If no datafile is given stdin is read. Just - also means stdin
	-l # of datapoints [default is whole file]
	-x # of lines to be ignored [default is 0]
	-c column to read[default 1]
	-m embedding dimension [default 2]
	-d delay  [default 1]
	-t time window to omit [default 0]
	-r epsilon size to start with [default (data interval)/1000]
	-s # of iterations [default 10]
	-o name of output file [default 'datafile'.ros]
	-V verbosity level [default 3]
		0='only panic messages'
		1='+ input/output messages'
		2='+ give more detailed information about the length scales
	-h show these options


TISEAN 2.0 (C) R. Hegger, H. Kantz, T. Schreiber

lyap_k: Estimates the maximal Lyapunov exponent using the Kantz
	algorithm

 Usage: lyap_k [options]
 Options:
Everything not being a valid option will be interpreted as a possible datafile.
If no datafile is given stdin is read. Just - also means stdin
	-l # of data [default: whole file]
	-x # of lines to be ignored [default: 0]
	-c column to read [default: 1]
	-M maxdim [default: 2]
	-m mindim [default: 2]
	-d delay [default: 1]
	-r mineps [default: (data interval)/1000]
	-R maxeps [default: (data interval)/100]
	-# # of eps [default: 5]
	-n # of reference points [default: # of data]
	-s # of iterations [default: 50]
	-t time window [default: 0]
	-o outfile [default: 'datafile'.lyap]
	-V verbosity level [default: 3]
		0='only panic messages'
		1='+ input/output messages'
		2='+ plus statistics'
	-h show these options

TISEAN 2.0 (C) R. Hegger, H. Kantz, T. Schreiber

lyap_spec: Estimates the spectrum of Lyapunov exponents using the
	method of Sano and Sawada.

 Usage: lyap_spec [options]
 Options:
Everything not being a valid option will be interpreted as a possible datafile.
If no datafile is given stdin is read. Just - also means stdin
	-l # of datapoints [default is whole file]
	-x # of lines to be ignored [default is 0]
	-c column to read[default 1]
	-m embedding dimension [default 2]
	-d delay  [default 1]
	-r epsilon size to start with [default (data interval)/1000]
	-f factor to increase epsilon [default: 1.2]
	-k # of neighbors to use [default: 30]
	-n # of iterations [default: length]
	-I invert the time series [default: no]
	-o name of output file [default 'datafile'.lyaps]
	-V verbosity level [default: 1]
		0='only panic messages'
		1='+ input/output messages'
	-h show these options


TISEAN 2.0 (C) R. Hegger, H. Kantz, T. Schreiber

d2: Estimates the correlation sum, -dimension and -entropy

  Usage: d2 [options]
  Options:
Everything not being a valid option will be interpreted as a possible datafile.
If no datafile is given stdin is read. Just - also means stdin
	-l datapoints [default is whole file]
	-x exclude # points [default 0]
	-c columns [default 1]
	-d delay  [default 1]
	-M maxdim [default 1,10]
	-t theiler-window [default 0]
	-E max-epsilon [default: max data interval]
	-e min-epsilon [default: (max data interval)/1000]
	-# #-of-epsilons [default 100]
	-N max-#-of-pairs (0 means all) [default 1000]
	-R use rescaled data [default: not rescaled]
 	-o outfiles [without exts.! default datafile[.d2][.h2][.stat][.c2]]
	-V verbosity level [default: 1]
		0='only panic messages'
		1='+ input/output messages'
		2='+ output message each time output is done
	-h show these options


TISEAN 2.0 (C) R. Hegger, H. Kantz, T. Schreiber

av-d2: Smoothes the output of the d2 program

Usage: av-d2 [options]
Options:
Everything not being a valid option will be interpreted as a possible datafile.
Stdin does NOT work.
	-m dimension to start with [Default: 1]
	-M dimension to end with [Default: whole file]
	-a n average over (2n+1) values [Default: 1]
	-e use rescaled data for the length scales
		[Default: use units of data]
	-o name of output file [Default: stdout,
		-o without value means 'datafile'.av]
	-V verbosity level [Default: 1]
		0='only panic messages'
		1='+ input/output messages'
	-h show these options

TISEAN 2.0 (C) R. Hegger, H. Kantz, T. Schreiber

makenoise: Adds noise to a time series

 Usage: makenoise [Options]

 Options:
Everything not being a valid option will be interpreted as a possible datafile.
If no datafile is given stdin is read. Just - also means stdin
	-l # of points to be used [Default is whole file]
	-x # of lines to be ignored [Default is 0]
	-c column to read  [Default is 1]
	-% noiselevel in % [Default is 5.0e+00%]
	-r absolute noise level (or absolute variance in case
		of gaussian noise) [Default is not set]
	-g (use gaussian noise)     [Default is uniform]
	-I seed for the rnd-generator (If seed=0, the time
		command is used to set the seed) [Default is fixed]
	-o outfile [Without argument 'datafile'.noi; Without -o stdout is used]
	-V verbosity level [Default is 1]
		0='only panic messages'
		1='+ input/output messages'
  -h show these options

TISEAN 2.0 (C) R. Hegger, H. Kantz, T. Schreiber

nrlazy: Performs simple noise reduction.

 Usage: nrlazy [Options]
 Options:
Everything not being a valid option will be interpreted as a possible datafile.
If no datafile is given stdin is read. Just - also means stdin
	-l # of data to use [default: whole file]
	-x # of lines to be ignored [default: 0]
	-c column to read [default: 1]
	-m embedding dimension [default: 5]
	-d delay [default: 1]
	-i iterations [default: 1]
	-r neighborhoud size [default: (interval of data)/1000]
	-v neighborhoud size (in units of the std. dev. of the data 
		(overwrites -r) [default: not set]
	-o output file name [Default: 'datafile'.laz.n,
		where n is the number of the last iteration,
		without -o the last iteration is written to stdout.]
	-V verbosity level [Default: 3]
		0='only panic messages'
		1='+ input/output messages'
		2='+ write output of all iterations to files'
	-h show these options

TISEAN 2.0 (C) R. Hegger, H. Kantz, T. Schreiber

low121: Simple lowpass filter in the time domain

Usage: low121 [options]
Options:
Everything not being a valid option will be interpreted as a possible datafile.
If no datafile is given stdin is read. Just - also means stdin
	-l # of points to use [Default: whole file]
	-x # of lines to be ignored [Default: 0]
	-c column to read [Default: 1]
	-i # of iterations [Default: 1]
	-V verbosity level [Default: 1]
		0='only panic messages'
		1='+ input/output messages'
		2='+ print each iteration to a separate file
	-o output file name(s) [Default: 'datafile'.low.n,
		where n is the number of the iteration.
		without -o the last iteration is written to stdout.]
	-h show these options

TISEAN 2.0 (C) R. Hegger, H. Kantz, T. Schreiber

zeroth: Estimates the average forecast error for a zeroth
	order fit

 Usage: zeroth [options]
 Options:
Everything not being a valid option will be interpreted as a possible datafile.
If no datafile is given stdin is read. Just - also means stdin
	-l # of data to use [default: whole file]
	-x # of lines to be ignored [default: 0]
	-c column to read [default: 1]
	-m embedding dimension [default: 3]
	-d delay [default: 1]
	-n # of reference points [default: length]
	-S distance between reference points [default: 1]
	-k minimal number of neighbors for the fit [default: 30]
	-r neighborhoud size to start with [default: (data interval)/1000]
	-f factor to increase size [default: 1.2]
	-s steps to forecast [default: 1]
	-o output file [default: 'datafile.zer', without -o: stdout]
	-V verbosity level [default: 1]
		0='only panic messages'
		1='+ input/output messages'
	-h show these options

TISEAN 2.0 (C) R. Hegger, H. Kantz, T. Schreiber

nstep: Makes a local linear fit and iterates a trajectory

 Usage: nstep [Options]
 Options:
Everything not being a valid option will be interpreted as a possible datafile.
If no datafile is given stdin is read. Just - also means stdin
	-l # of data to be used [default whole file]
	-x # of lines to be ignored [default 0]
	-c column [default 1]
	-m dimension [default 2]
	-d delay [default 1]
	-L # of iterations [default 1000]
	-k # of neighbors  [default 30]
	-r size of initial neighborhood [ default (data interval)/1000]
	-f factor to increase size [default 1.2]
	-o output file [default 'datafile'.cast; no -o means write to stdout]
	-V verbosity level [default 1]
		0='only panic messages'
		1='+ input/output messages'
	-h  show these options

TISEAN 2.0 (C) R. Hegger, H. Kantz, T. Schreiber

onestep: Estimates the average forecast error for a local
	linear fit

 Usage: onestep [options]
 Options:
Everything not being a valid option will be interpreted as a possible datafile.
If no datafile is given stdin is read. Just - also means stdin
	-l # of data to use [default: whole file]
	-x # of lines to be ignored [default: 0]
	-c column to read [default: 1]
	-m embedding dimension [default: 2]
	-d delay [default: 1]
	-n iterations [default: length]
	-k minimal number of neighbors for the fit [default: 30]
	-r neighborhoud size to start with [default: (data interval)/1000]
	-f factor to increase size [default: 1.2]
	-s steps to forecast [default: 1]
	-V verbosity level [default: 1]
		0='only panic messages'
		1='+ input/output messages'
	-h show these options

TISEAN 2.0 (C) R. Hegger, H. Kantz, T. Schreiber

rbf: Fits a RBF-model to the data

 Usage: rbf [options]
 Options:
Everything not being a valid option will be interpreted as a possible datafile.
If no datafile is given stdin is read. Just - also means stdin
	-l # of data to use [default: all from file]
	-x # of lines to be ignored [default: 0]
	-c column to read [default: 1]
	-m embedding dimension [default: 2]
	-d delay [default: 1]
	-p number of centers [default: 10]
	-X deactivate drift [default: activated]
	-s steps to forecast [default: 1]
	-n # of points for insample [default: # of data]
	-L steps to cast [default: none]
	-o output file name [default: 'datafile'.rbf]
	-V verbosity level [default: 1]
		0='only panic messages'
		1='+ input/output messages'
	-h show these options

TISEAN 2.0 (C) R. Hegger, H. Kantz, T. Schreiber

polynom: Fits a polynomial to the data

 Usage: polynom [options]
 Options:
Everything not being a valid option will be interpreted as a possible datafile.
If no datafile is given stdin is read. Just - also means stdin
	-l # of data to use [default: whole file]
	-x # of lines to be ignored [default: 0]
	-c column to read [default: 1]
	-m embedding dimension [default: 2]
	-d delay [default: 1]
	-p order of the polynomial [default: 2]
	-n # of points for insample [default: # of data]
	-L steps to cast [default: none]
	-o output file name [default: 'datafile'.pol]
	-V verbosity level [default: 1]
		0='only panic messages'
		1='+ input/output messages'
	-h show these options

TISEAN 2.0 (C) R. Hegger, H. Kantz, T. Schreiber

polyback: Does a backward elimination for a polynomial

Usage: polyback [Options]
Options:
Everything not being a valid option will be interpreted as a possible datafile.
If no datafile is given stdin is read. Just - also means stdin
	-l # of data to use [default: whole file]
	-x # of lines to ignore [default: 0]
	-c column to read [default: 1]
	-m embedding dimension [default: 2]
	-d delay [default: 1]
	-n insample data [default: all]
	-s steps to forecast [default: 1]
	-# reduce down to # terms [default: 1]
	-p name of parameter file [default: parameter.pol]
	-o output file name [default: 'datafile'.pbe]
	-V verbosity level [default: 1]
		0='only panic messages'
		1='+ input/output messages'
	-h show these options

TISEAN 2.0 (C) R. Hegger, H. Kantz, T. Schreiber

polynomp: Fits a polynomial to the data.

Usage: polynomp [Options]
Options:
Everything not being a valid option will be interpreted as a possible datafile.
If no datafile is given stdin is read. Just - also means stdin
	-l # of data to use [default: whole file]
	-x # of lines to ignore [default: 0]
	-c column to read [default: 1]
	-m embedding dimension [default: 2]
	-d delay [default: 1]
	-n insample data [default: all]
	-L length of forecasted series [default: 1000]
	-p name of parameter file [default: parameter.pol]
	-o output file name [default: 'datafile'.pbf]
	-V verbosity level [default: 1]
		0='only panic messages'
		1='+ input/output messages'
	-h show these options

TISEAN 2.0 (C) R. Hegger, H. Kantz, T. Schreiber

polypar: Creates a parameter file containing all terms
	for a polynomial

 Usage: polypar [Options]
 Options:
	-m embedding dimension [Default: 2]
	-p order of the polynomial [Default: 3]
	-o parameter file [Default: parameter.pol]
	-V verbosity level [Default: 1]
		0='only panic messages'
		1='+ input/output messages'
	-h show these options

TISEAN 2.0 (C) R. Hegger, H. Kantz, T. Schreiber

ar-model: Makes an AR ansatz to the data and gives the coefficients
	and the residues

 Usage: ar-model [options]
 Options:
Everything not being a valid option will be interpreted as a possible datafile.
If no datafile is given stdin is read. Just - also means stdin
	-l length of file [default is whole file]
	-x # of lines to be ignored [default is 0]
	-c column to read [default is 1]
	-p #order of AR-Fit [default is 5]
	-o output file name [default is 'datafile'.ar]
	-V verbosity level [default is 1]
		0='only panic messages'
		1='+ input/output messages'
	-h show these options


TISEAN 2.0 (C) R. Hegger, H. Kantz, T. Schreiber

mem_spec: Estimates the power spectrum of the data

 Usage: mem_spec [Options]
 Options:
Everything not being a valid option will be interpreted as a possible datafile.
If no datafile is given stdin is read. Just - also means stdin
	-l length of file [default is whole file]
	-x # of lines to be ignored [default is 0]
	-c column to read [default is 1]
	-p number of poles [default is 128 or file length]
	-f number of frequences out [default is #of poles]
	-o outfile [default is 'datafile'.spec]
	-V verbosity level [default is 1]
		0='only panic messages'
		1='+ input/output messages'
		2='+ print the ar coefficients too'
	-h show these options


TISEAN 2.0 (C) R. Hegger, H. Kantz, T. Schreiber

svd: Performs a global SVD

 Usage: svd [options]
 Options:
Everything not being a valid option will be interpreted as a possible datafile.
If no datafile is given stdin is read. Just - also means stdin
	-l # of data to use [Default: whole file]
	-x # of lines to be ignore [Default: 0]
	-c column to read [Default: 1]
	-m dimension to use [Default: 2]
	-d delay to use [Default: 1]
	-q write also the vectors in the SVD basis after
		projecting onto # dimensions [Default: none]
	-o output file name 
		[Default: stdout; -o without value means 'datafile'.svd]
	-V verbosity level [Default: 1]
		0='only panic messages'
		1='+ input/output messages'
	-h show these options

TISEAN 2.0 (C) R. Hegger, H. Kantz, T. Schreiber

ghkss: Noise reduction using the GHKSS algorithm

Usage: ghkss [options]
Options:
Everything not being a valid option will be interpreted as a possible datafile.
If no datafile is given stdin is read. Just - also means stdin
	-l # of data to use [Default: whole file]
	-x # of lines to be ignored [Default: 0]
	-c column to read [Default: 1]
	-m embedding dimension [Default: 5]
	-d delay [Default: 1]
	-q dimension to project to [Default: 3]
	-k minimal number of neighbours [Default: 30]
	-r minimal neighbourhood size 
		[Default: (interval of data)/1000]
	-i # of iterations [Default: 1]
	-2 use euklidean metric [Default: non euklidean]
	-o name of output file 
		[Default: 'datafile'.opt.n, where n is the iteration.
		 If no -o is given, the last iteration is also written to stdout]
	-V verbosity level [Default: 7]
		0='only panic messages'
		1='+ input/output messages'
		2='+ average correction and trend'
		4='+ how many points for which epsilon'
	-h show these options

TISEAN 2.0 (C) R. Hegger, H. Kantz, T. Schreiber

ll-ar: Estimates the average forecast error for a local
	linear fit as a function of the neighborhood size.

 Usage: ll-ar [options]
 Options:
Everything not being a valid option will be interpreted as a possible datafile.
If no datafile is given stdin is read. Just - also means stdin
	-l # of data to use [default: whole file]
	-x # of lines to be ignored [default: 0]
	-c column to read [default: 1]
	-m embedding dimension [default: 2]
	-d delay [default: 1]
	-i iterations [default: length]
	-r neighborhood size to start with [default: (interval of data)/1000)]
	-R neighborhood size to end with [default: interval of data]
	-f factor to increase size [default: 1.2]
	-s steps to forecast [default: 1]
	-o output file name [default: 'datafile.ll']
	-V verbosity level [default: 1]
		0='only panic messages'
		1='+ input/output messages'
	-h show these options

TISEAN 2.0 (C) R. Hegger, H. Kantz, T. Schreiber

xzero: Estimates the average cross forecast error for a zeroth
	order fit between two series given as two columns of one file.

 Usage: xzero [options]
 Options:
Everything not being a valid option will be interpreted as a possible datafile.
If no datafile is given stdin is read. Just - also means stdin
	-l # of data to use [default: whole file]
	-x # of lines to be ignored [default: 0]
	-c columns to read [default: 1,2]
	-m embedding dimension [default: 3]
	-d delay [default: 1]
	-n # of reference points [default: length]
	-k minimal number of neighbors for the fit [default: 30]
	-r neighborhoud size to start with [default: (data interval)/1000]
	-f factor to increase size [default: 1.2]
	-s steps to forecast [default: 1]
	-o output file [default: 'datafile.cze', without -o: stdout]
	-V verbosity level [default: 1]
		0='only panic messages'
		1='+ input/output messages'
	-h show these options

TISEAN 2.0 (C) R. Hegger, H. Kantz, T. Schreiber

xcor: Estimates the crosscorrelations of two data sets
	given as two columns of one file.

 Usage: xcor [Options]
 Options:
Everything not being a valid option will be interpreted as a possible datafile.
If no datafile is given stdin is read. Just - also means stdin
	-l length [default is whole file]
	-x # of lines to be ignored [default 0]
	-c which columns (separated by commas) [default is 1,2]
	-D corrlength  [default is 100]
	-o output_file  [default is 'datafile'.crc; no -o means stdout]
	-V verbosity level [default is 1]
		0='only panic messages'
		1='+ input/output messages'
	-h show these options


TISEAN 2.0 (C) R. Hegger, H. Kantz, T. Schreiber

boxcount: Estimates the Renyi entropy of Qth order
	using a partition instead of the Grassberger-Procaccia scheme

Usage: boxcount [Options]
Options:
	-l # of datapoints [Default: whole file]
	-c column to read  [Default: 1]
	-x # of lines to ignore [Default: 0]
	-M maximal embedding dimension [Default: 10]
	-d delay [Default: 1]
	-Q order of the Renyi entropy [Default: 2.0]
	-e minimal epsilon (data is rescaled to [0:1]) [Default: 1.00e-03]
	-E maximal epsilon (data is rescaled to [0:1]) [Default: 1.00e+00]
	-# # of epsilons to use [Default: 20]
	-o output file name [Default: 'datafile'.box]
	-V verbosity level [Default: 1]
		0='only panic messages'
		1='+ input/output messages'
	-h show these options


TISEAN 2.0 (C) R. Hegger, H. Kantz, T. Schreiber

fsle: Estimates the finite size Lyapunov exponent; Vulpiani et al.

 Usage: fsle [options]
 Options:
Everything not being a valid option will be interpreted as a possible datafile.
If no datafile is given stdin is read. Just - also means stdin
	-l # of datapoints [default is whole file]
	-x # of lines to be ignored [default is 0]
	-c column to read[default 1]
	-m embedding dimension [default 2]
	-d delay  [default 1]
	-t time window to omit [default 0]
	-r epsilon size to start with [default (std. dev. of data)/1000]
	-o name of output file [default 'datafile'.fsl ,without -o: stdout]
	-V verbosity level [default 1]
		0='only panic messages'
		1='+ input/output messages'
	-h show these options


TISEAN 2.0 (C) R. Hegger, H. Kantz, T. Schreiber

resample: Resample the data

 Usage: resample [options]
 Options:
Everything not being a valid option will be interpreted as a possible datafile.
If no datafile is given stdin is read. Just - also means stdin
	-l length of file [default is whole file]
	-x # of lines to be ignored [default is 0]
	-c column to read [default is 1]
	-s new sampling time (in units of the old one) [default is 0.500000]
	-p order of the interpolation [default is 4]
	-o output file name [default is 'datafile'.rs]
	-V verbosity level [default is 1]
		0='only panic messages'
		1='+ input/output messages'
	-h show these options


TISEAN 2.0 (C) R. Hegger, H. Kantz, T. Schreiber

histogram: Makes a histogram of the data

 Usage: histogram [options]
 options:
Everything not being a valid option will be interpreted as a possible datafile.
If no datafile is given stdin is read.  Just - also means stdin
	-l length of file [default whole file]
	-x # of lines to ignore [default 0]
	-c column to read [default 1]
	-b # of bases [default 50]
	-e size of boxes (in rescaled ([0:1]) units)  [default 2/bases]
	-o output file [default 'datafile'.dat ; If no -o is given: stdout]
	-V verbosity level [default 1]
		0='only panic messages'
		1='+ input/output messages'
	-h show these options

TISEAN 2.0 (C) R. Hegger, H. Kantz, T. Schreiber

mzeroth: Estimates the average forecast error for a zeroth
	order fit from a multidimensional time series

 Usage: mzeroth [options]
 Options:
Everything not being a valid option will be interpreted as a possible datafile.
If no datafile is given stdin is read. Just - also means stdin
	-l # of data to use [default: whole file]
	-x # of lines to be ignored [default: 0]
	-c columns to read [default: 1,...,X]
	-m dimension and embedding dimension [default: 2,1]
	-d delay [default: 1]
	-n # of reference points [default: length]
	-k minimal number of neighbors for the fit [default: 30]
	-r neighborhoud size to start with [default: (data interval)/1000]
	-f factor to increase size [default: 1.2]
	-s steps to forecast [default: 1]
	-o output file [default: 'datafile.zer', without -o: stdout]
	-V verbosity level [default: 1]
		0='only panic messages'
		1='+ input/output messages'
	-h show these options

TISEAN 2.0 (C) R. Hegger, H. Kantz, T. Schreiber

nstat_z: Tests for nonstationarity by means of the average
	forecast error for a zeroth order fit

 Usage: nstat_z -# [other options]
 Options:
Everything not being a valid option will be interpreted as a possible datafile.
If no datafile is given stdin is read. Just - also means stdin
	-l # of data to use [default: whole file]
	-x # of lines to be ignored [default: 0]
	-c column to read [default: 1]
	-m embedding dimension [default: 3]
	-d delay [default: 1]
	-# # of pieces [no default]
	-1 which pieces for the first window [default: 1-pieces]
	-2 which pieces for the second window [default: 1-pieces]
	-n # of reference points in the window [default: all]
	-k minimal number of neighbors for the fit [default: 30]
	-r neighborhoud size to start with [default: (data interval)/1000]
	-f factor to increase size [default: 1.2]
	-S steps to forecast [default: 1]
	-o output file [default: 'datafile.nsz', without -o: stdout]
	-V verbosity level [default: 1]
		0='only panic messages'
		1='+ input/output messages'
	-h show these options

	 The -# option has to be set
