 nyr= 64  ite= 63
 ktt= 36
 composite size: 9 10 0 9 8
 naa,nbb= 42 21
 current Nino34 SST=  0.  stdv of sst=  1.26852417
 ktt= 36
 composite size: 9 10 0 8 9
 naa,nbb= 42 21
 current Nino34 SST=  0.  stdv of sst=  1.27819908
 ktt= 36
 composite size: 9 9 0 9 9
 naa,nbb= 42 21
 current Nino34 SST=  0.  stdv of sst=  1.28451788
 ktt= 36
 composite size: 9 10 0 8 9
 naa,nbb= 42 21
 current Nino34 SST=  0.  stdv of sst=  1.28123558
 ktt= 36
 composite size: 9 10 0 8 9
 naa,nbb= 42 21
 current Nino34 SST=  0.  stdv of sst=  1.27329624
 ktt= 36
 composite size: 8 10 0 9 9
 naa,nbb= 42 21
 current Nino34 SST=  0.  stdv of sst=  1.25333381
 ktt= 36
 composite size: 9 9 0 9 9
 naa,nbb= 42 21
 current Nino34 SST=  0.  stdv of sst=  1.28389406
 ktt= 36
 composite size: 9 9 0 9 9
 naa,nbb= 42 21
 current Nino34 SST=  0.  stdv of sst=  1.27899253
 ktt= 36
 composite size: 9 10 0 8 9
 naa,nbb= 42 21
 current Nino34 SST=  0.  stdv of sst=  1.28417027
 ktt= 36
 composite size: 8 10 0 9 9
 naa,nbb= 42 21
 current Nino34 SST=  0.  stdv of sst=  1.27091861
 ktt= 36
 composite size: 8 10 0 9 9
 naa,nbb= 42 21
 current Nino34 SST=  0.  stdv of sst=  1.27233338
 ktt= 36
 composite size: 9 9 0 9 9
 naa,nbb= 42 21
 current Nino34 SST=  0.  stdv of sst=  1.28503108
 ktt= 36
 composite size: 9 10 0 9 8
 naa,nbb= 42 21
 current Nino34 SST=  0.  stdv of sst=  1.27187443
 ktt= 36
 composite size: 8 10 0 9 9
 naa,nbb= 42 21
 current Nino34 SST=  0.  stdv of sst=  1.25662386
 ktt= 36
 composite size: 9 10 0 9 8
 naa,nbb= 42 21
 current Nino34 SST=  0.  stdv of sst=  1.24607408
 ktt= 36
 composite size: 9 10 0 9 8
 naa,nbb= 42 21
 current Nino34 SST=  0.  stdv of sst=  1.2617377
 ktt= 36
 composite size: 9 9 0 9 9
 naa,nbb= 42 21
 current Nino34 SST=  0.  stdv of sst=  1.28198588
 ktt= 36
 composite size: 8 10 0 9 9
 naa,nbb= 42 21
 current Nino34 SST=  0.  stdv of sst=  1.2514534
 ktt= 36
 composite size: 9 10 0 8 9
 naa,nbb= 42 21
 current Nino34 SST=  0.  stdv of sst=  1.27978885
 ktt= 36
 composite size: 9 9 0 9 9
 naa,nbb= 42 21
 current Nino34 SST=  0.  stdv of sst=  1.27429283
 ktt= 36
 composite size: 9 9 0 9 9
 naa,nbb= 42 21
 current Nino34 SST=  0.  stdv of sst=  1.2824229
 ktt= 36
 composite size: 9 10 0 9 8
 naa,nbb= 42 21
 current Nino34 SST=  0.  stdv of sst=  1.25166488
 ktt= 36
 composite size: 8 10 0 9 9
 naa,nbb= 42 21
 current Nino34 SST=  0.  stdv of sst=  1.25825191
 ktt= 36
 composite size: 8 10 0 9 9
 naa,nbb= 42 21
 current Nino34 SST=  0.  stdv of sst=  1.27132034
 ktt= 36
 composite size: 9 10 0 8 9
 naa,nbb= 42 21
 current Nino34 SST=  0.  stdv of sst=  1.28193998
 ktt= 36
 composite size: 8 10 0 9 9
 naa,nbb= 42 21
 current Nino34 SST=  0.  stdv of sst=  1.25119615
 ktt= 36
 composite size: 9 10 0 9 8
 naa,nbb= 42 21
 current Nino34 SST=  0.  stdv of sst=  1.26102912
 ktt= 36
 composite size: 9 10 0 9 8
 naa,nbb= 42 21
 current Nino34 SST=  0.  stdv of sst=  1.25706315
 ktt= 36
 composite size: 9 10 0 8 9
 naa,nbb= 42 21
 current Nino34 SST=  0.  stdv of sst=  1.27980077
 ktt= 36
 composite size: 9 9 0 9 9
 naa,nbb= 42 21
 current Nino34 SST=  0.  stdv of sst=  1.27555382
 ktt= 36
 composite size: 9 9 0 9 9
 naa,nbb= 42 21
 current Nino34 SST=  0.  stdv of sst=  1.28332067
 ktt= 36
 composite size: 9 10 0 8 9
 naa,nbb= 42 21
 current Nino34 SST=  0.  stdv of sst=  1.28298056
 ktt= 36
 composite size: 9 9 0 9 9
 naa,nbb= 42 21
 current Nino34 SST=  0.  stdv of sst=  1.28340614
 ktt= 36
 composite size: 9 10 0 9 8
 naa,nbb= 42 21
 current Nino34 SST=  0.  stdv of sst=  1.2626245
 ktt= 36
 composite size: 9 10 0 8 9
 naa,nbb= 42 21
 current Nino34 SST=  0.  stdv of sst=  1.27634633
 ktt= 36
 composite size: 8 10 0 9 9
 naa,nbb= 42 21
 current Nino34 SST=  0.  stdv of sst=  1.25961912
 ktt= 36
 composite size: 9 10 0 9 8
 naa,nbb= 42 21
 current Nino34 SST=  0.  stdv of sst=  1.26562893
